[2024-08-22T20:38:15.627+0000] {local_task_job_runner.py:123} INFO - ::group::Pre task execution logs
[2024-08-22T20:38:15.642+0000] {taskinstance.py:2603} INFO - Dependencies all met for dep_context=non-requeueable deps ti=<TaskInstance: dag_diplomski_v2.create_postgres_table manual__2024-08-22T20:38:11.919973+00:00 [queued]>
[2024-08-22T20:38:15.652+0000] {taskinstance.py:2603} INFO - Dependencies all met for dep_context=requeueable deps ti=<TaskInstance: dag_diplomski_v2.create_postgres_table manual__2024-08-22T20:38:11.919973+00:00 [queued]>
[2024-08-22T20:38:15.653+0000] {taskinstance.py:2856} INFO - Starting attempt 1 of 6
[2024-08-22T20:38:15.664+0000] {taskinstance.py:2879} INFO - Executing <Task(PostgresOperator): create_postgres_table> on 2024-08-22 20:38:11.919973+00:00
[2024-08-22T20:38:15.676+0000] {standard_task_runner.py:72} INFO - Started process 21420 to run task
[2024-08-22T20:38:15.679+0000] {standard_task_runner.py:104} INFO - Running: ['***', 'tasks', 'run', 'dag_diplomski_v2', 'create_postgres_table', 'manual__2024-08-22T20:38:11.919973+00:00', '--job-id', '352', '--raw', '--subdir', 'DAGS_FOLDER/dag_news_scrape.py', '--cfg-path', '/tmp/tmpqclfd7i2']
[2024-08-22T20:38:15.682+0000] {standard_task_runner.py:105} INFO - Job 352: Subtask create_postgres_table
[2024-08-22T20:38:15.722+0000] {task_command.py:467} INFO - Running <TaskInstance: dag_diplomski_v2.create_postgres_table manual__2024-08-22T20:38:11.919973+00:00 [running]> on host 7585e18d2106
[2024-08-22T20:38:15.796+0000] {taskinstance.py:3122} INFO - Exporting env vars: AIRFLOW_CTX_DAG_OWNER='matea' AIRFLOW_CTX_DAG_ID='dag_diplomski_v2' AIRFLOW_CTX_TASK_ID='create_postgres_table' AIRFLOW_CTX_EXECUTION_DATE='2024-08-22T20:38:11.919973+00:00' AIRFLOW_CTX_TRY_NUMBER='1' AIRFLOW_CTX_DAG_RUN_ID='manual__2024-08-22T20:38:11.919973+00:00'
[2024-08-22T20:38:15.797+0000] {taskinstance.py:731} INFO - ::endgroup::
[2024-08-22T20:38:15.799+0000] {sql.py:282} INFO - Executing: 
            create table if not exists news(
                dt date,
                news_id character varying,
                primary key (dt, news_id),
                text character varying,
                label character varying
            )
            
[2024-08-22T20:38:15.807+0000] {base.py:84} INFO - Retrieving connection 'postgres_localhost'
[2024-08-22T20:38:15.815+0000] {base.py:84} INFO - Retrieving connection 'postgres_localhost'
[2024-08-22T20:38:15.822+0000] {sql.py:509} INFO - Running statement: 
            create table if not exists news(
                dt date,
                news_id character varying,
                primary key (dt, news_id),
                text character varying,
                label character varying
            )
            , parameters: None
[2024-08-22T20:38:15.832+0000] {taskinstance.py:340} INFO - ::group::Post task execution logs
[2024-08-22T20:38:15.832+0000] {taskinstance.py:352} INFO - Marking task as SUCCESS. dag_id=dag_diplomski_v2, task_id=create_postgres_table, run_id=manual__2024-08-22T20:38:11.919973+00:00, execution_date=20240822T203811, start_date=20240822T203815, end_date=20240822T203815
[2024-08-22T20:38:15.860+0000] {local_task_job_runner.py:261} INFO - Task exited with return code 0
[2024-08-22T20:38:15.869+0000] {logging_mixin.py:190} WARNING - /home/***/.local/lib/python3.12/site-packages/***/models/baseoperator.py:1378 AirflowProviderDeprecationWarning: Call to deprecated class PostgresOperator. (Please use `***.providers.common.sql.operators.sql.SQLExecuteQueryOperator`.Also, you can provide `hook_params={'schema': <database>}`.)
[2024-08-22T20:38:15.879+0000] {taskinstance.py:3891} INFO - 0 downstream tasks scheduled from follow-on schedule check
[2024-08-22T20:38:15.880+0000] {local_task_job_runner.py:240} INFO - ::endgroup::
