[2024-08-22T20:46:54.962+0000] {local_task_job_runner.py:123} INFO - ::group::Pre task execution logs
[2024-08-22T20:46:54.979+0000] {taskinstance.py:2603} INFO - Dependencies all met for dep_context=non-requeueable deps ti=<TaskInstance: dag_diplomski_v2.insert_into_table manual__2024-08-22T20:36:08.146275+00:00 [queued]>
[2024-08-22T20:46:54.985+0000] {taskinstance.py:2603} INFO - Dependencies all met for dep_context=requeueable deps ti=<TaskInstance: dag_diplomski_v2.insert_into_table manual__2024-08-22T20:36:08.146275+00:00 [queued]>
[2024-08-22T20:46:54.986+0000] {taskinstance.py:2856} INFO - Starting attempt 6 of 6
[2024-08-22T20:46:54.995+0000] {taskinstance.py:2879} INFO - Executing <Task(PostgresOperator): insert_into_table> on 2024-08-22 20:36:08.146275+00:00
[2024-08-22T20:46:55.004+0000] {standard_task_runner.py:72} INFO - Started process 22267 to run task
[2024-08-22T20:46:55.006+0000] {standard_task_runner.py:104} INFO - Running: ['***', 'tasks', 'run', 'dag_diplomski_v2', 'insert_into_table', 'manual__2024-08-22T20:36:08.146275+00:00', '--job-id', '388', '--raw', '--subdir', 'DAGS_FOLDER/dag_news_scrape.py', '--cfg-path', '/tmp/tmpdap4_x_4']
[2024-08-22T20:46:55.008+0000] {standard_task_runner.py:105} INFO - Job 388: Subtask insert_into_table
[2024-08-22T20:46:55.044+0000] {task_command.py:467} INFO - Running <TaskInstance: dag_diplomski_v2.insert_into_table manual__2024-08-22T20:36:08.146275+00:00 [running]> on host 7585e18d2106
[2024-08-22T20:46:55.126+0000] {taskinstance.py:3122} INFO - Exporting env vars: AIRFLOW_CTX_DAG_OWNER='matea' AIRFLOW_CTX_DAG_ID='dag_diplomski_v2' AIRFLOW_CTX_TASK_ID='insert_into_table' AIRFLOW_CTX_EXECUTION_DATE='2024-08-22T20:36:08.146275+00:00' AIRFLOW_CTX_TRY_NUMBER='6' AIRFLOW_CTX_DAG_RUN_ID='manual__2024-08-22T20:36:08.146275+00:00'
[2024-08-22T20:46:55.128+0000] {taskinstance.py:731} INFO - ::endgroup::
[2024-08-22T20:46:55.130+0000] {sql.py:282} INFO - Executing: 
            insert into news(dt, news_id, text, label) values ("2024-08-22", "0", "Body of UK tech tycoon recovered but daughter still missing UK tycoon Mike Lynch's body is recovered from the wreck of the yacht Bayesian, but his daughter Hannah is still missing. ", "world"),("2024-08-22", "1", "BBC sacks One Show presenter Jermaine Jenas after complaints The ex-footballer says there are two sides to every story after he is taken off air by the BBC. ", "sport"),("2024-08-22", "2", "Rattled Trump lashes out as DNC attacks throw him off message The biggest concern for aides is keeping him focused on the issues and off controversial personal attacks, writes Katty Kay. ", "world"),("2024-08-22", "3", "Andrew Tate put under house arrest as new charges emerge The controversial influencer appeared in court in Romania as prosecutors investigate new allegations. ", "world"),("2024-08-22", "4", "Storm Lilian: 80mph winds forecast for parts of the UK Strong winds and heavy rain set to hit the UK on Friday morning which could cause some disruption ", "world"),("2024-08-22", "5", "Yemen weapons dealers selling machine-guns on X The traders operate in the capital Sana’a and other areas under control of the Houthis. ", "world"),("2024-08-22", "6", "'I never thought someone like me could become Miss South Africa' Mia le Roux is the first deaf woman to be crowned Miss South Africa. ", "world"),("2024-08-22", "7", "Tributes to 'joyful' mum and children killed in fire Bryonie Gawith's family describe her as a happy, joyful, bubbly beautiful woman. ", "world"),("2024-08-22", "8", "Hunt for two dogs suspected of killing man Two dogs have been seized but two more American bulldog types are being sought by police. ", "world"),("2024-08-22", "9", "GCSE gap between south and rest of England widens London was the highest-performing region, while the West Midlands was the lowest.  ", "world"),("2024-08-22", "10", "Suspect in woman's stabbing detained under Mental Health Act Alberta Obinim, 43, died in the attack in Manchester on Sunday while two others were seriously injured.  ", "world"),("2024-08-22", "11", "Studio pulls Megalopolis trailer over fake quotes The fantasy epic from Francis Ford Coppola received mix reviews at this year's Cannes film festival. ", "world"),("2024-08-22", "12", "Three things to look for in Harris's convention speech The BBC's Katty Kay says the vice-president is not the strongest orator so must step up on the biggest stage. ", "world"),("2024-08-22", "13", "Influencers swarm convention as Democrats' secret weapon Content creators get insider access - and the campaign's message is delivered unchallenged to hard-to-reach voters.  ", "science"),("2024-08-22", "14", "The 'blended' family behind Kamala Harris Take a look at the husband, step-children and others supporting Kamala Harris in her White House bid.  ", "world"),("2024-08-22", "15", "'Coach Walz' rallies Democrats with personal pitch to middle America The running mate of Kamala Harris told the Democratic convention that voters should back the right team and turn the page on Donald Trump. ", "world"),("2024-08-22", "16", "'UK's greatest tech entrepreneur' - tributes paid to Mike Lynch A leading figure in the UK tech scene, Mike Lynch died shortly after winning a legal battle in the US. ", "science"),("2024-08-22", "17", "Four takeaways from 2024's GCSE results These students were in Year 7 during the first Covid lockdowns - and regional disparities have grown. ", "world"),("2024-08-22", "18", "How worried should we be about mpox? As a global emergency is declared over mpox, our health and science correspondent assesses the threat. ", "science"),("2024-08-22", "19", "How many people cross the Channel in small boats? Keir Starmer has said the UK will smash the gangs bringing people to the UK in small boats. ", "world"),("2024-08-22", "20", "‘I never worked for the Russians’ - punished by Kyiv for being a collaborator Almost 2,000 people have been convicted of collaborating with Russia under a new Ukrainian law. ", "world"),("2024-08-22", "21", "World's second-largest diamond found in Botswana A 2,492-carat stone has been unearthed, in the biggest find since the Cullinan diamond in 1905.  ", "world"),("2024-08-22", "22", "Man, 81, charged after city centre protest Keith Edwards, from The Meadows, is due to appear at Nottingham Magistrates' Court on 6 September. ", "sport"),("2024-08-22", "23", "Edinburgh backs introduction of new 'tourist tax'  Visitors would be charged an additional levy on top of their hotel bill to stay in the city if plans are approved.  ", "business"),("2024-08-22", "24", "Team GB archer celebrates GCSEs - despite failing PE The Olympian says she passed all of her GCSEs apart from PE, ironically. ", "sport"),("2024-08-22", "25", "Lidl remove 'death trap' hedgehog huts from stores  A hedgehog rescue charity claimed hedgehogs could become trapped in the huts and die ", "science"),("2024-08-22", "26", "Worker's engagement ring found in customer's shopping bag Morganne Moreno says she feels 'super lucky' after the customer found the ring amongst their shopping. ", "world"),("2024-08-22", "27", "Royal Marines Band surprise veteran for his 100th birthday Jim Churm was so moved by the band's playing at a D-Day event, they decided to surprise him for his birthday. ", "world"),("2024-08-22", "28", "Download now Top stories, breaking news, live reporting, and follow news topics that match your interests ", "science"),("2024-08-22", "29", "Newscast Stevie Wonder, John Legend, and Oprah turn up at the DNC ", "business"),("2024-08-22", "30", "Is life getting easier for renters? Rents across the UK have soared in recent years. But new data shows that's changing. ", "business"),("2024-08-22", "31", "Brook and Smith edge England ahead of Sri Lanka England nudge ahead of a spirited Sri Lanka on a truncated second day of the first Test at Emirates Old Trafford. ", "sport"),("2024-08-22", "32", "Arsenal agree deal in principle to sign Merino Arsenal agree a deal in principle worth up to £32.6m to sign Spain midfielder Mikel Merino from Real Sociedad. ", "sport"),("2024-08-22", "33", "Raducanu faces Kenin in US Open first round Emma Raducanu will face fellow Grand Slam winner Sofia Kenin in the Briton's first US Open appearance for two years. ", "sport"),("2024-08-22", "34", "Brook and Smith put England in control at Old Trafford England nudge ahead of a spirited Sri Lanka on a truncated second day of the first Test at Emirates Old Trafford. ", "sport"),("2024-08-22", "35", "Asher-Smith wins Diamond League 100m in season's best Great Britain's Dina Asher-Smith runs a season's best 10.88 seconds to win the 100m at the Diamond League meeting in Lausanne. ", "sport"),("2024-08-22", "36", "Martin McCauley in court over 1982 Lurgan bombing Three RUC officers in an unmarked police car were killed in the blast at Kinnego Embankment. ", "world"),("2024-08-22", "37", "Shock over death of 'vibrant' teenager in Ibiza 'balcony fall' MSP and family friend Monica Lennon said Emma Ramsay's hometown of Hamilton is stunned following her death. ", "world"),("2024-08-22", "38", "Woman accused of killing baby after crash into pram Mabli Cariad Hall died in hospital four days after a car hit her pram outside Withybush Hospital. ", "world");
            
[2024-08-22T20:46:55.136+0000] {base.py:84} INFO - Retrieving connection 'postgres_localhost'
[2024-08-22T20:46:55.143+0000] {base.py:84} INFO - Retrieving connection 'postgres_localhost'
[2024-08-22T20:46:55.149+0000] {sql.py:509} INFO - Running statement: 
            insert into news(dt, news_id, text, label) values ("2024-08-22", "0", "Body of UK tech tycoon recovered but daughter still missing UK tycoon Mike Lynch's body is recovered from the wreck of the yacht Bayesian, but his daughter Hannah is still missing. ", "world"),("2024-08-22", "1", "BBC sacks One Show presenter Jermaine Jenas after complaints The ex-footballer says there are two sides to every story after he is taken off air by the BBC. ", "sport"),("2024-08-22", "2", "Rattled Trump lashes out as DNC attacks throw him off message The biggest concern for aides is keeping him focused on the issues and off controversial personal attacks, writes Katty Kay. ", "world"),("2024-08-22", "3", "Andrew Tate put under house arrest as new charges emerge The controversial influencer appeared in court in Romania as prosecutors investigate new allegations. ", "world"),("2024-08-22", "4", "Storm Lilian: 80mph winds forecast for parts of the UK Strong winds and heavy rain set to hit the UK on Friday morning which could cause some disruption ", "world"),("2024-08-22", "5", "Yemen weapons dealers selling machine-guns on X The traders operate in the capital Sana’a and other areas under control of the Houthis. ", "world"),("2024-08-22", "6", "'I never thought someone like me could become Miss South Africa' Mia le Roux is the first deaf woman to be crowned Miss South Africa. ", "world"),("2024-08-22", "7", "Tributes to 'joyful' mum and children killed in fire Bryonie Gawith's family describe her as a happy, joyful, bubbly beautiful woman. ", "world"),("2024-08-22", "8", "Hunt for two dogs suspected of killing man Two dogs have been seized but two more American bulldog types are being sought by police. ", "world"),("2024-08-22", "9", "GCSE gap between south and rest of England widens London was the highest-performing region, while the West Midlands was the lowest.  ", "world"),("2024-08-22", "10", "Suspect in woman's stabbing detained under Mental Health Act Alberta Obinim, 43, died in the attack in Manchester on Sunday while two others were seriously injured.  ", "world"),("2024-08-22", "11", "Studio pulls Megalopolis trailer over fake quotes The fantasy epic from Francis Ford Coppola received mix reviews at this year's Cannes film festival. ", "world"),("2024-08-22", "12", "Three things to look for in Harris's convention speech The BBC's Katty Kay says the vice-president is not the strongest orator so must step up on the biggest stage. ", "world"),("2024-08-22", "13", "Influencers swarm convention as Democrats' secret weapon Content creators get insider access - and the campaign's message is delivered unchallenged to hard-to-reach voters.  ", "science"),("2024-08-22", "14", "The 'blended' family behind Kamala Harris Take a look at the husband, step-children and others supporting Kamala Harris in her White House bid.  ", "world"),("2024-08-22", "15", "'Coach Walz' rallies Democrats with personal pitch to middle America The running mate of Kamala Harris told the Democratic convention that voters should back the right team and turn the page on Donald Trump. ", "world"),("2024-08-22", "16", "'UK's greatest tech entrepreneur' - tributes paid to Mike Lynch A leading figure in the UK tech scene, Mike Lynch died shortly after winning a legal battle in the US. ", "science"),("2024-08-22", "17", "Four takeaways from 2024's GCSE results These students were in Year 7 during the first Covid lockdowns - and regional disparities have grown. ", "world"),("2024-08-22", "18", "How worried should we be about mpox? As a global emergency is declared over mpox, our health and science correspondent assesses the threat. ", "science"),("2024-08-22", "19", "How many people cross the Channel in small boats? Keir Starmer has said the UK will smash the gangs bringing people to the UK in small boats. ", "world"),("2024-08-22", "20", "‘I never worked for the Russians’ - punished by Kyiv for being a collaborator Almost 2,000 people have been convicted of collaborating with Russia under a new Ukrainian law. ", "world"),("2024-08-22", "21", "World's second-largest diamond found in Botswana A 2,492-carat stone has been unearthed, in the biggest find since the Cullinan diamond in 1905.  ", "world"),("2024-08-22", "22", "Man, 81, charged after city centre protest Keith Edwards, from The Meadows, is due to appear at Nottingham Magistrates' Court on 6 September. ", "sport"),("2024-08-22", "23", "Edinburgh backs introduction of new 'tourist tax'  Visitors would be charged an additional levy on top of their hotel bill to stay in the city if plans are approved.  ", "business"),("2024-08-22", "24", "Team GB archer celebrates GCSEs - despite failing PE The Olympian says she passed all of her GCSEs apart from PE, ironically. ", "sport"),("2024-08-22", "25", "Lidl remove 'death trap' hedgehog huts from stores  A hedgehog rescue charity claimed hedgehogs could become trapped in the huts and die ", "science"),("2024-08-22", "26", "Worker's engagement ring found in customer's shopping bag Morganne Moreno says she feels 'super lucky' after the customer found the ring amongst their shopping. ", "world"),("2024-08-22", "27", "Royal Marines Band surprise veteran for his 100th birthday Jim Churm was so moved by the band's playing at a D-Day event, they decided to surprise him for his birthday. ", "world"),("2024-08-22", "28", "Download now Top stories, breaking news, live reporting, and follow news topics that match your interests ", "science"),("2024-08-22", "29", "Newscast Stevie Wonder, John Legend, and Oprah turn up at the DNC ", "business"),("2024-08-22", "30", "Is life getting easier for renters? Rents across the UK have soared in recent years. But new data shows that's changing. ", "business"),("2024-08-22", "31", "Brook and Smith edge England ahead of Sri Lanka England nudge ahead of a spirited Sri Lanka on a truncated second day of the first Test at Emirates Old Trafford. ", "sport"),("2024-08-22", "32", "Arsenal agree deal in principle to sign Merino Arsenal agree a deal in principle worth up to £32.6m to sign Spain midfielder Mikel Merino from Real Sociedad. ", "sport"),("2024-08-22", "33", "Raducanu faces Kenin in US Open first round Emma Raducanu will face fellow Grand Slam winner Sofia Kenin in the Briton's first US Open appearance for two years. ", "sport"),("2024-08-22", "34", "Brook and Smith put England in control at Old Trafford England nudge ahead of a spirited Sri Lanka on a truncated second day of the first Test at Emirates Old Trafford. ", "sport"),("2024-08-22", "35", "Asher-Smith wins Diamond League 100m in season's best Great Britain's Dina Asher-Smith runs a season's best 10.88 seconds to win the 100m at the Diamond League meeting in Lausanne. ", "sport"),("2024-08-22", "36", "Martin McCauley in court over 1982 Lurgan bombing Three RUC officers in an unmarked police car were killed in the blast at Kinnego Embankment. ", "world"),("2024-08-22", "37", "Shock over death of 'vibrant' teenager in Ibiza 'balcony fall' MSP and family friend Monica Lennon said Emma Ramsay's hometown of Hamilton is stunned following her death. ", "world"),("2024-08-22", "38", "Woman accused of killing baby after crash into pram Mabli Cariad Hall died in hospital four days after a car hit her pram outside Withybush Hospital. ", "world");
            , parameters: {'insert_string': '("2024-08-22", "0", "Body of UK tech tycoon recovered but daughter still missing UK tycoon Mike Lynch\'s body is recovered from the wreck of the yacht Bayesian, but his daughter Hannah is still missing. ", "world"),("2024-08-22", "1", "BBC sacks One Show presenter Jermaine Jenas after complaints The ex-footballer says there are two sides to every story after he is taken off air by the BBC. ", "sport"),("2024-08-22", "2", "Rattled Trump lashes out as DNC attacks throw him off message The biggest concern for aides is keeping him focused on the issues and off controversial personal attacks, writes Katty Kay. ", "world"),("2024-08-22", "3", "Andrew Tate put under house arrest as new charges emerge The controversial influencer appeared in court in Romania as prosecutors investigate new allegations. ", "world"),("2024-08-22", "4", "Storm Lilian: 80mph winds forecast for parts of the UK Strong winds and heavy rain set to hit the UK on Friday morning which could cause some disruption ", "world"),("2024-08-22", "5", "Yemen weapons dealers selling machine-guns on X The traders operate in the capital Sana’a and other areas under control of the Houthis. ", "world"),("2024-08-22", "6", "\'I never thought someone like me could become Miss South Africa\' Mia le Roux is the first deaf woman to be crowned Miss South Africa. ", "world"),("2024-08-22", "7", "Tributes to \'joyful\' mum and children killed in fire Bryonie Gawith\'s family describe her as a happy, joyful, bubbly beautiful woman. ", "world"),("2024-08-22", "8", "Hunt for two dogs suspected of killing man Two dogs have been seized but two more American bulldog types are being sought by police. ", "world"),("2024-08-22", "9", "GCSE gap between south and rest of England widens London was the highest-performing region, while the West Midlands was the lowest.  ", "world"),("2024-08-22", "10", "Suspect in woman\'s stabbing detained under Mental Health Act Alberta Obinim, 43, died in the attack in Manchester on Sunday while two others were seriously injured.  ", "world"),("2024-08-22", "11", "Studio pulls Megalopolis trailer over fake quotes The fantasy epic from Francis Ford Coppola received mix reviews at this year\'s Cannes film festival. ", "world"),("2024-08-22", "12", "Three things to look for in Harris\'s convention speech The BBC\'s Katty Kay says the vice-president is not the strongest orator so must step up on the biggest stage. ", "world"),("2024-08-22", "13", "Influencers swarm convention as Democrats\' secret weapon Content creators get insider access - and the campaign\'s message is delivered unchallenged to hard-to-reach voters.  ", "science"),("2024-08-22", "14", "The \'blended\' family behind Kamala Harris Take a look at the husband, step-children and others supporting Kamala Harris in her White House bid.  ", "world"),("2024-08-22", "15", "\'Coach Walz\' rallies Democrats with personal pitch to middle America The running mate of Kamala Harris told the Democratic convention that voters should back the right team and turn the page on Donald Trump. ", "world"),("2024-08-22", "16", "\'UK\'s greatest tech entrepreneur\' - tributes paid to Mike Lynch A leading figure in the UK tech scene, Mike Lynch died shortly after winning a legal battle in the US. ", "science"),("2024-08-22", "17", "Four takeaways from 2024\'s GCSE results These students were in Year 7 during the first Covid lockdowns - and regional disparities have grown. ", "world"),("2024-08-22", "18", "How worried should we be about mpox? As a global emergency is declared over mpox, our health and science correspondent assesses the threat. ", "science"),("2024-08-22", "19", "How many people cross the Channel in small boats? Keir Starmer has said the UK will smash the gangs bringing people to the UK in small boats. ", "world"),("2024-08-22", "20", "‘I never worked for the Russians’ - punished by Kyiv for being a collaborator Almost 2,000 people have been convicted of collaborating with Russia under a new Ukrainian law. ", "world"),("2024-08-22", "21", "World\'s second-largest diamond found in Botswana A 2,492-carat stone has been unearthed, in the biggest find since the Cullinan diamond in 1905.  ", "world"),("2024-08-22", "22", "Man, 81, charged after city centre protest Keith Edwards, from The Meadows, is due to appear at Nottingham Magistrates\' Court on 6 September. ", "sport"),("2024-08-22", "23", "Edinburgh backs introduction of new \'tourist tax\'  Visitors would be charged an additional levy on top of their hotel bill to stay in the city if plans are approved.  ", "business"),("2024-08-22", "24", "Team GB archer celebrates GCSEs - despite failing PE The Olympian says she passed all of her GCSEs apart from PE, ironically. ", "sport"),("2024-08-22", "25", "Lidl remove \'death trap\' hedgehog huts from stores  A hedgehog rescue charity claimed hedgehogs could become trapped in the huts and die ", "science"),("2024-08-22", "26", "Worker\'s engagement ring found in customer\'s shopping bag Morganne Moreno says she feels \'super lucky\' after the customer found the ring amongst their shopping. ", "world"),("2024-08-22", "27", "Royal Marines Band surprise veteran for his 100th birthday Jim Churm was so moved by the band\'s playing at a D-Day event, they decided to surprise him for his birthday. ", "world"),("2024-08-22", "28", "Download now Top stories, breaking news, live reporting, and follow news topics that match your interests ", "science"),("2024-08-22", "29", "Newscast Stevie Wonder, John Legend, and Oprah turn up at the DNC ", "business"),("2024-08-22", "30", "Is life getting easier for renters? Rents across the UK have soared in recent years. But new data shows that\'s changing. ", "business"),("2024-08-22", "31", "Brook and Smith edge England ahead of Sri Lanka England nudge ahead of a spirited Sri Lanka on a truncated second day of the first Test at Emirates Old Trafford. ", "sport"),("2024-08-22", "32", "Arsenal agree deal in principle to sign Merino Arsenal agree a deal in principle worth up to £32.6m to sign Spain midfielder Mikel Merino from Real Sociedad. ", "sport"),("2024-08-22", "33", "Raducanu faces Kenin in US Open first round Emma Raducanu will face fellow Grand Slam winner Sofia Kenin in the Briton\'s first US Open appearance for two years. ", "sport"),("2024-08-22", "34", "Brook and Smith put England in control at Old Trafford England nudge ahead of a spirited Sri Lanka on a truncated second day of the first Test at Emirates Old Trafford. ", "sport"),("2024-08-22", "35", "Asher-Smith wins Diamond League 100m in season\'s best Great Britain\'s Dina Asher-Smith runs a season\'s best 10.88 seconds to win the 100m at the Diamond League meeting in Lausanne. ", "sport"),("2024-08-22", "36", "Martin McCauley in court over 1982 Lurgan bombing Three RUC officers in an unmarked police car were killed in the blast at Kinnego Embankment. ", "world"),("2024-08-22", "37", "Shock over death of \'vibrant\' teenager in Ibiza \'balcony fall\' MSP and family friend Monica Lennon said Emma Ramsay\'s hometown of Hamilton is stunned following her death. ", "world"),("2024-08-22", "38", "Woman accused of killing baby after crash into pram Mabli Cariad Hall died in hospital four days after a car hit her pram outside Withybush Hospital. ", "world")'}
[2024-08-22T20:46:55.151+0000] {taskinstance.py:3301} ERROR - Task failed with exception
Traceback (most recent call last):
  File "/home/airflow/.local/lib/python3.12/site-packages/airflow/models/taskinstance.py", line 767, in _execute_task
    result = _execute_callable(context=context, **execute_callable_kwargs)
             ^^^^^^^^^^^^^^^^^^^^^^^^^^^^^^^^^^^^^^^^^^^^^^^^^^^^^^^^^^^^^
  File "/home/airflow/.local/lib/python3.12/site-packages/airflow/models/taskinstance.py", line 733, in _execute_callable
    return ExecutionCallableRunner(
           ^^^^^^^^^^^^^^^^^^^^^^^^
  File "/home/airflow/.local/lib/python3.12/site-packages/airflow/utils/operator_helpers.py", line 252, in run
    return self.func(*args, **kwargs)
           ^^^^^^^^^^^^^^^^^^^^^^^^^^
  File "/home/airflow/.local/lib/python3.12/site-packages/airflow/models/baseoperator.py", line 406, in wrapper
    return func(self, *args, **kwargs)
           ^^^^^^^^^^^^^^^^^^^^^^^^^^^
  File "/home/airflow/.local/lib/python3.12/site-packages/airflow/providers/common/sql/operators/sql.py", line 288, in execute
    output = hook.run(
             ^^^^^^^^^
  File "/home/airflow/.local/lib/python3.12/site-packages/airflow/providers/common/sql/hooks/sql.py", line 456, in run
    self._run_command(cur, sql_statement, parameters)
  File "/home/airflow/.local/lib/python3.12/site-packages/airflow/providers/common/sql/hooks/sql.py", line 512, in _run_command
    cur.execute(sql_statement, parameters)
psycopg2.errors.UndefinedColumn: column "2024-08-22" does not exist
LINE 2: ...nsert into news(dt, news_id, text, label) values ("2024-08-2...
                                                             ^

[2024-08-22T20:46:55.160+0000] {taskinstance.py:1225} INFO - Marking task as FAILED. dag_id=dag_diplomski_v2, task_id=insert_into_table, run_id=manual__2024-08-22T20:36:08.146275+00:00, execution_date=20240822T203608, start_date=20240822T204654, end_date=20240822T204655
[2024-08-22T20:46:55.168+0000] {taskinstance.py:340} INFO - ::group::Post task execution logs
[2024-08-22T20:46:55.168+0000] {standard_task_runner.py:124} ERROR - Failed to execute job 388 for task insert_into_table (column "2024-08-22" does not exist
LINE 2: ...nsert into news(dt, news_id, text, label) values ("2024-08-2...
                                                             ^
; 22267)
Traceback (most recent call last):
  File "/home/airflow/.local/lib/python3.12/site-packages/airflow/task/task_runner/standard_task_runner.py", line 117, in _start_by_fork
    ret = args.func(args, dag=self.dag)
          ^^^^^^^^^^^^^^^^^^^^^^^^^^^^^
  File "/home/airflow/.local/lib/python3.12/site-packages/airflow/cli/cli_config.py", line 49, in command
    return func(*args, **kwargs)
           ^^^^^^^^^^^^^^^^^^^^^
  File "/home/airflow/.local/lib/python3.12/site-packages/airflow/utils/cli.py", line 115, in wrapper
    return f(*args, **kwargs)
           ^^^^^^^^^^^^^^^^^^
  File "/home/airflow/.local/lib/python3.12/site-packages/airflow/cli/commands/task_command.py", line 483, in task_run
    task_return_code = _run_task_by_selected_method(args, _dag, ti)
                       ^^^^^^^^^^^^^^^^^^^^^^^^^^^^^^^^^^^^^^^^^^^^
  File "/home/airflow/.local/lib/python3.12/site-packages/airflow/cli/commands/task_command.py", line 256, in _run_task_by_selected_method
    return _run_raw_task(args, ti)
           ^^^^^^^^^^^^^^^^^^^^^^^
  File "/home/airflow/.local/lib/python3.12/site-packages/airflow/cli/commands/task_command.py", line 341, in _run_raw_task
    return ti._run_raw_task(
           ^^^^^^^^^^^^^^^^^
  File "/home/airflow/.local/lib/python3.12/site-packages/airflow/utils/session.py", line 97, in wrapper
    return func(*args, session=session, **kwargs)
           ^^^^^^^^^^^^^^^^^^^^^^^^^^^^^^^^^^^^^^
  File "/home/airflow/.local/lib/python3.12/site-packages/airflow/models/taskinstance.py", line 2995, in _run_raw_task
    return _run_raw_task(
           ^^^^^^^^^^^^^^
  File "/home/airflow/.local/lib/python3.12/site-packages/airflow/models/taskinstance.py", line 273, in _run_raw_task
    TaskInstance._execute_task_with_callbacks(
  File "/home/airflow/.local/lib/python3.12/site-packages/airflow/models/taskinstance.py", line 3149, in _execute_task_with_callbacks
    result = self._execute_task(context, task_orig)
             ^^^^^^^^^^^^^^^^^^^^^^^^^^^^^^^^^^^^^^
  File "/home/airflow/.local/lib/python3.12/site-packages/airflow/models/taskinstance.py", line 3173, in _execute_task
    return _execute_task(self, context, task_orig)
           ^^^^^^^^^^^^^^^^^^^^^^^^^^^^^^^^^^^^^^^
  File "/home/airflow/.local/lib/python3.12/site-packages/airflow/models/taskinstance.py", line 767, in _execute_task
    result = _execute_callable(context=context, **execute_callable_kwargs)
             ^^^^^^^^^^^^^^^^^^^^^^^^^^^^^^^^^^^^^^^^^^^^^^^^^^^^^^^^^^^^^
  File "/home/airflow/.local/lib/python3.12/site-packages/airflow/models/taskinstance.py", line 733, in _execute_callable
    return ExecutionCallableRunner(
           ^^^^^^^^^^^^^^^^^^^^^^^^
  File "/home/airflow/.local/lib/python3.12/site-packages/airflow/utils/operator_helpers.py", line 252, in run
    return self.func(*args, **kwargs)
           ^^^^^^^^^^^^^^^^^^^^^^^^^^
  File "/home/airflow/.local/lib/python3.12/site-packages/airflow/models/baseoperator.py", line 406, in wrapper
    return func(self, *args, **kwargs)
           ^^^^^^^^^^^^^^^^^^^^^^^^^^^
  File "/home/airflow/.local/lib/python3.12/site-packages/airflow/providers/common/sql/operators/sql.py", line 288, in execute
    output = hook.run(
             ^^^^^^^^^
  File "/home/airflow/.local/lib/python3.12/site-packages/airflow/providers/common/sql/hooks/sql.py", line 456, in run
    self._run_command(cur, sql_statement, parameters)
  File "/home/airflow/.local/lib/python3.12/site-packages/airflow/providers/common/sql/hooks/sql.py", line 512, in _run_command
    cur.execute(sql_statement, parameters)
psycopg2.errors.UndefinedColumn: column "2024-08-22" does not exist
LINE 2: ...nsert into news(dt, news_id, text, label) values ("2024-08-2...
                                                             ^

[2024-08-22T20:46:55.187+0000] {local_task_job_runner.py:261} INFO - Task exited with return code 1
[2024-08-22T20:46:55.199+0000] {taskinstance.py:3891} INFO - 0 downstream tasks scheduled from follow-on schedule check
[2024-08-22T20:46:55.200+0000] {local_task_job_runner.py:240} INFO - ::endgroup::
