[2024-08-22T17:59:50.847+0000] {local_task_job_runner.py:123} INFO - ::group::Pre task execution logs
[2024-08-22T17:59:50.868+0000] {taskinstance.py:2603} INFO - Dependencies all met for dep_context=non-requeueable deps ti=<TaskInstance: dag_diplomski_v2.create_postgres_table manual__2024-08-22T17:53:34.803710+00:00 [queued]>
[2024-08-22T17:59:50.884+0000] {taskinstance.py:2603} INFO - Dependencies all met for dep_context=requeueable deps ti=<TaskInstance: dag_diplomski_v2.create_postgres_table manual__2024-08-22T17:53:34.803710+00:00 [queued]>
[2024-08-22T17:59:50.885+0000] {taskinstance.py:2856} INFO - Starting attempt 4 of 6
[2024-08-22T17:59:50.900+0000] {taskinstance.py:2879} INFO - Executing <Task(PostgresOperator): create_postgres_table> on 2024-08-22 17:53:34.803710+00:00
[2024-08-22T17:59:50.910+0000] {standard_task_runner.py:72} INFO - Started process 14190 to run task
[2024-08-22T17:59:50.916+0000] {standard_task_runner.py:104} INFO - Running: ['***', 'tasks', 'run', 'dag_diplomski_v2', 'create_postgres_table', 'manual__2024-08-22T17:53:34.803710+00:00', '--job-id', '194', '--raw', '--subdir', 'DAGS_FOLDER/dag_news_scrape.py', '--cfg-path', '/tmp/tmpgdw3wr4z']
[2024-08-22T17:59:50.919+0000] {standard_task_runner.py:105} INFO - Job 194: Subtask create_postgres_table
[2024-08-22T17:59:50.977+0000] {task_command.py:467} INFO - Running <TaskInstance: dag_diplomski_v2.create_postgres_table manual__2024-08-22T17:53:34.803710+00:00 [running]> on host 7585e18d2106
[2024-08-22T17:59:51.080+0000] {taskinstance.py:3122} INFO - Exporting env vars: AIRFLOW_CTX_DAG_OWNER='matea' AIRFLOW_CTX_DAG_ID='dag_diplomski_v2' AIRFLOW_CTX_TASK_ID='create_postgres_table' AIRFLOW_CTX_EXECUTION_DATE='2024-08-22T17:53:34.803710+00:00' AIRFLOW_CTX_TRY_NUMBER='4' AIRFLOW_CTX_DAG_RUN_ID='manual__2024-08-22T17:53:34.803710+00:00'
[2024-08-22T17:59:51.082+0000] {taskinstance.py:731} INFO - ::endgroup::
[2024-08-22T17:59:51.085+0000] {sql.py:282} INFO - Executing: 
            create table if not exists news(
                dt date,
                news_id character varying,
                primary key (dt, news_id),
                text character varying,
                label character varying
            )
            
[2024-08-22T17:59:51.094+0000] {base.py:84} INFO - Retrieving connection 'postgres_localhost'
[2024-08-22T17:59:51.106+0000] {base.py:84} INFO - Retrieving connection 'postgres_localhost'
[2024-08-22T17:59:51.114+0000] {sql.py:509} INFO - Running statement: 
            create table if not exists news(
                dt date,
                news_id character varying,
                primary key (dt, news_id),
                text character varying,
                label character varying
            )
            , parameters: None
[2024-08-22T17:59:51.127+0000] {taskinstance.py:340} INFO - ::group::Post task execution logs
[2024-08-22T17:59:51.128+0000] {taskinstance.py:352} INFO - Marking task as SUCCESS. dag_id=dag_diplomski_v2, task_id=create_postgres_table, run_id=manual__2024-08-22T17:53:34.803710+00:00, execution_date=20240822T175334, start_date=20240822T175950, end_date=20240822T175951
[2024-08-22T17:59:51.178+0000] {local_task_job_runner.py:261} INFO - Task exited with return code 0
[2024-08-22T17:59:51.192+0000] {logging_mixin.py:190} WARNING - /home/***/.local/lib/python3.12/site-packages/***/models/baseoperator.py:1378 AirflowProviderDeprecationWarning: Call to deprecated class PostgresOperator. (Please use `***.providers.common.sql.operators.sql.SQLExecuteQueryOperator`.Also, you can provide `hook_params={'schema': <database>}`.)
[2024-08-22T17:59:51.208+0000] {taskinstance.py:3891} INFO - 0 downstream tasks scheduled from follow-on schedule check
[2024-08-22T17:59:51.211+0000] {local_task_job_runner.py:240} INFO - ::endgroup::
