[2024-08-22T12:12:39.047+0000] {processor.py:186} INFO - Started process (PID=191) to work on /opt/airflow/dags/dag_news_scrape.py
[2024-08-22T12:12:39.049+0000] {processor.py:914} INFO - Processing file /opt/airflow/dags/dag_news_scrape.py for tasks to queue
[2024-08-22T12:12:39.052+0000] {logging_mixin.py:190} INFO - [2024-08-22T12:12:39.051+0000] {dagbag.py:587} INFO - Filling up the DagBag from /opt/airflow/dags/dag_news_scrape.py
[2024-08-22T12:12:39.062+0000] {logging_mixin.py:190} INFO - [2024-08-22T12:12:39.060+0000] {dagbag.py:386} ERROR - Failed to import: /opt/airflow/dags/dag_news_scrape.py
Traceback (most recent call last):
  File "/home/airflow/.local/lib/python3.12/site-packages/airflow/models/dagbag.py", line 382, in parse
    loader.exec_module(new_module)
  File "<frozen importlib._bootstrap_external>", line 995, in exec_module
  File "<frozen importlib._bootstrap>", line 488, in _call_with_frames_removed
  File "/opt/airflow/dags/dag_news_scrape.py", line 4, in <module>
    from news import News
ModuleNotFoundError: No module named 'news'
[2024-08-22T12:12:39.063+0000] {processor.py:927} WARNING - No viable dags retrieved from /opt/airflow/dags/dag_news_scrape.py
[2024-08-22T12:12:39.084+0000] {processor.py:208} INFO - Processing /opt/airflow/dags/dag_news_scrape.py took 0.045 seconds
[2024-08-22T12:13:09.801+0000] {processor.py:186} INFO - Started process (PID=222) to work on /opt/airflow/dags/dag_news_scrape.py
[2024-08-22T12:13:09.801+0000] {processor.py:914} INFO - Processing file /opt/airflow/dags/dag_news_scrape.py for tasks to queue
[2024-08-22T12:13:09.804+0000] {logging_mixin.py:190} INFO - [2024-08-22T12:13:09.803+0000] {dagbag.py:587} INFO - Filling up the DagBag from /opt/airflow/dags/dag_news_scrape.py
[2024-08-22T12:13:09.809+0000] {logging_mixin.py:190} INFO - [2024-08-22T12:13:09.807+0000] {dagbag.py:386} ERROR - Failed to import: /opt/airflow/dags/dag_news_scrape.py
Traceback (most recent call last):
  File "/home/airflow/.local/lib/python3.12/site-packages/airflow/models/dagbag.py", line 382, in parse
    loader.exec_module(new_module)
  File "<frozen importlib._bootstrap_external>", line 995, in exec_module
  File "<frozen importlib._bootstrap>", line 488, in _call_with_frames_removed
  File "/opt/airflow/dags/dag_news_scrape.py", line 4, in <module>
    from news import News
ModuleNotFoundError: No module named 'news'
[2024-08-22T12:13:09.809+0000] {processor.py:927} WARNING - No viable dags retrieved from /opt/airflow/dags/dag_news_scrape.py
[2024-08-22T12:13:09.833+0000] {processor.py:208} INFO - Processing /opt/airflow/dags/dag_news_scrape.py took 0.038 seconds
[2024-08-22T12:13:40.247+0000] {processor.py:186} INFO - Started process (PID=252) to work on /opt/airflow/dags/dag_news_scrape.py
[2024-08-22T12:13:40.248+0000] {processor.py:914} INFO - Processing file /opt/airflow/dags/dag_news_scrape.py for tasks to queue
[2024-08-22T12:13:40.251+0000] {logging_mixin.py:190} INFO - [2024-08-22T12:13:40.251+0000] {dagbag.py:587} INFO - Filling up the DagBag from /opt/airflow/dags/dag_news_scrape.py
[2024-08-22T12:13:40.256+0000] {logging_mixin.py:190} INFO - [2024-08-22T12:13:40.254+0000] {dagbag.py:386} ERROR - Failed to import: /opt/airflow/dags/dag_news_scrape.py
Traceback (most recent call last):
  File "/home/airflow/.local/lib/python3.12/site-packages/airflow/models/dagbag.py", line 382, in parse
    loader.exec_module(new_module)
  File "<frozen importlib._bootstrap_external>", line 995, in exec_module
  File "<frozen importlib._bootstrap>", line 488, in _call_with_frames_removed
  File "/opt/airflow/dags/dag_news_scrape.py", line 4, in <module>
    from news import News
ModuleNotFoundError: No module named 'news'
[2024-08-22T12:13:40.257+0000] {processor.py:927} WARNING - No viable dags retrieved from /opt/airflow/dags/dag_news_scrape.py
[2024-08-22T12:13:40.278+0000] {processor.py:208} INFO - Processing /opt/airflow/dags/dag_news_scrape.py took 0.041 seconds
[2024-08-22T12:14:10.672+0000] {processor.py:186} INFO - Started process (PID=289) to work on /opt/airflow/dags/dag_news_scrape.py
[2024-08-22T12:14:10.673+0000] {processor.py:914} INFO - Processing file /opt/airflow/dags/dag_news_scrape.py for tasks to queue
[2024-08-22T12:14:10.676+0000] {logging_mixin.py:190} INFO - [2024-08-22T12:14:10.676+0000] {dagbag.py:587} INFO - Filling up the DagBag from /opt/airflow/dags/dag_news_scrape.py
[2024-08-22T12:14:10.683+0000] {logging_mixin.py:190} INFO - [2024-08-22T12:14:10.681+0000] {dagbag.py:386} ERROR - Failed to import: /opt/airflow/dags/dag_news_scrape.py
Traceback (most recent call last):
  File "/home/airflow/.local/lib/python3.12/site-packages/airflow/models/dagbag.py", line 382, in parse
    loader.exec_module(new_module)
  File "<frozen importlib._bootstrap_external>", line 995, in exec_module
  File "<frozen importlib._bootstrap>", line 488, in _call_with_frames_removed
  File "/opt/airflow/dags/dag_news_scrape.py", line 4, in <module>
    from news import News
ModuleNotFoundError: No module named 'news'
[2024-08-22T12:14:10.683+0000] {processor.py:927} WARNING - No viable dags retrieved from /opt/airflow/dags/dag_news_scrape.py
[2024-08-22T12:14:10.710+0000] {processor.py:208} INFO - Processing /opt/airflow/dags/dag_news_scrape.py took 0.046 seconds
[2024-08-22T12:14:41.115+0000] {processor.py:186} INFO - Started process (PID=320) to work on /opt/airflow/dags/dag_news_scrape.py
[2024-08-22T12:14:41.116+0000] {processor.py:914} INFO - Processing file /opt/airflow/dags/dag_news_scrape.py for tasks to queue
[2024-08-22T12:14:41.118+0000] {logging_mixin.py:190} INFO - [2024-08-22T12:14:41.118+0000] {dagbag.py:587} INFO - Filling up the DagBag from /opt/airflow/dags/dag_news_scrape.py
[2024-08-22T12:14:41.126+0000] {logging_mixin.py:190} INFO - [2024-08-22T12:14:41.123+0000] {dagbag.py:386} ERROR - Failed to import: /opt/airflow/dags/dag_news_scrape.py
Traceback (most recent call last):
  File "/home/airflow/.local/lib/python3.12/site-packages/airflow/models/dagbag.py", line 382, in parse
    loader.exec_module(new_module)
  File "<frozen importlib._bootstrap_external>", line 995, in exec_module
  File "<frozen importlib._bootstrap>", line 488, in _call_with_frames_removed
  File "/opt/airflow/dags/dag_news_scrape.py", line 4, in <module>
    from news import News
ModuleNotFoundError: No module named 'news'
[2024-08-22T12:14:41.127+0000] {processor.py:927} WARNING - No viable dags retrieved from /opt/airflow/dags/dag_news_scrape.py
[2024-08-22T12:14:41.142+0000] {processor.py:208} INFO - Processing /opt/airflow/dags/dag_news_scrape.py took 0.035 seconds
[2024-08-22T12:15:11.513+0000] {processor.py:186} INFO - Started process (PID=351) to work on /opt/airflow/dags/dag_news_scrape.py
[2024-08-22T12:15:11.513+0000] {processor.py:914} INFO - Processing file /opt/airflow/dags/dag_news_scrape.py for tasks to queue
[2024-08-22T12:15:11.517+0000] {logging_mixin.py:190} INFO - [2024-08-22T12:15:11.516+0000] {dagbag.py:587} INFO - Filling up the DagBag from /opt/airflow/dags/dag_news_scrape.py
[2024-08-22T12:15:11.521+0000] {logging_mixin.py:190} INFO - [2024-08-22T12:15:11.520+0000] {dagbag.py:386} ERROR - Failed to import: /opt/airflow/dags/dag_news_scrape.py
Traceback (most recent call last):
  File "/home/airflow/.local/lib/python3.12/site-packages/airflow/models/dagbag.py", line 382, in parse
    loader.exec_module(new_module)
  File "<frozen importlib._bootstrap_external>", line 995, in exec_module
  File "<frozen importlib._bootstrap>", line 488, in _call_with_frames_removed
  File "/opt/airflow/dags/dag_news_scrape.py", line 4, in <module>
    from news import News
ModuleNotFoundError: No module named 'news'
[2024-08-22T12:15:11.522+0000] {processor.py:927} WARNING - No viable dags retrieved from /opt/airflow/dags/dag_news_scrape.py
[2024-08-22T12:15:11.540+0000] {processor.py:208} INFO - Processing /opt/airflow/dags/dag_news_scrape.py took 0.034 seconds
[2024-08-22T12:15:41.942+0000] {processor.py:186} INFO - Started process (PID=381) to work on /opt/airflow/dags/dag_news_scrape.py
[2024-08-22T12:15:41.943+0000] {processor.py:914} INFO - Processing file /opt/airflow/dags/dag_news_scrape.py for tasks to queue
[2024-08-22T12:15:41.945+0000] {logging_mixin.py:190} INFO - [2024-08-22T12:15:41.945+0000] {dagbag.py:587} INFO - Filling up the DagBag from /opt/airflow/dags/dag_news_scrape.py
[2024-08-22T12:15:41.950+0000] {logging_mixin.py:190} INFO - [2024-08-22T12:15:41.948+0000] {dagbag.py:386} ERROR - Failed to import: /opt/airflow/dags/dag_news_scrape.py
Traceback (most recent call last):
  File "/home/airflow/.local/lib/python3.12/site-packages/airflow/models/dagbag.py", line 382, in parse
    loader.exec_module(new_module)
  File "<frozen importlib._bootstrap_external>", line 995, in exec_module
  File "<frozen importlib._bootstrap>", line 488, in _call_with_frames_removed
  File "/opt/airflow/dags/dag_news_scrape.py", line 4, in <module>
    from news import News
ModuleNotFoundError: No module named 'news'
[2024-08-22T12:15:41.950+0000] {processor.py:927} WARNING - No viable dags retrieved from /opt/airflow/dags/dag_news_scrape.py
[2024-08-22T12:15:41.974+0000] {processor.py:208} INFO - Processing /opt/airflow/dags/dag_news_scrape.py took 0.039 seconds
[2024-08-22T12:16:12.370+0000] {processor.py:186} INFO - Started process (PID=412) to work on /opt/airflow/dags/dag_news_scrape.py
[2024-08-22T12:16:12.371+0000] {processor.py:914} INFO - Processing file /opt/airflow/dags/dag_news_scrape.py for tasks to queue
[2024-08-22T12:16:12.373+0000] {logging_mixin.py:190} INFO - [2024-08-22T12:16:12.373+0000] {dagbag.py:587} INFO - Filling up the DagBag from /opt/airflow/dags/dag_news_scrape.py
[2024-08-22T12:16:12.379+0000] {logging_mixin.py:190} INFO - [2024-08-22T12:16:12.378+0000] {dagbag.py:386} ERROR - Failed to import: /opt/airflow/dags/dag_news_scrape.py
Traceback (most recent call last):
  File "/home/airflow/.local/lib/python3.12/site-packages/airflow/models/dagbag.py", line 382, in parse
    loader.exec_module(new_module)
  File "<frozen importlib._bootstrap_external>", line 995, in exec_module
  File "<frozen importlib._bootstrap>", line 488, in _call_with_frames_removed
  File "/opt/airflow/dags/dag_news_scrape.py", line 4, in <module>
    from custom_classes.news import News
ModuleNotFoundError: No module named 'custom_classes'
[2024-08-22T12:16:12.380+0000] {processor.py:927} WARNING - No viable dags retrieved from /opt/airflow/dags/dag_news_scrape.py
[2024-08-22T12:16:12.396+0000] {processor.py:208} INFO - Processing /opt/airflow/dags/dag_news_scrape.py took 0.031 seconds
[2024-08-22T12:16:42.802+0000] {processor.py:186} INFO - Started process (PID=443) to work on /opt/airflow/dags/dag_news_scrape.py
[2024-08-22T12:16:42.803+0000] {processor.py:914} INFO - Processing file /opt/airflow/dags/dag_news_scrape.py for tasks to queue
[2024-08-22T12:16:42.805+0000] {logging_mixin.py:190} INFO - [2024-08-22T12:16:42.805+0000] {dagbag.py:587} INFO - Filling up the DagBag from /opt/airflow/dags/dag_news_scrape.py
[2024-08-22T12:16:42.809+0000] {logging_mixin.py:190} INFO - [2024-08-22T12:16:42.808+0000] {dagbag.py:386} ERROR - Failed to import: /opt/airflow/dags/dag_news_scrape.py
Traceback (most recent call last):
  File "/home/airflow/.local/lib/python3.12/site-packages/airflow/models/dagbag.py", line 382, in parse
    loader.exec_module(new_module)
  File "<frozen importlib._bootstrap_external>", line 995, in exec_module
  File "<frozen importlib._bootstrap>", line 488, in _call_with_frames_removed
  File "/opt/airflow/dags/dag_news_scrape.py", line 4, in <module>
    from custom_classes.news import News
ModuleNotFoundError: No module named 'custom_classes'
[2024-08-22T12:16:42.810+0000] {processor.py:927} WARNING - No viable dags retrieved from /opt/airflow/dags/dag_news_scrape.py
[2024-08-22T12:16:42.837+0000] {processor.py:208} INFO - Processing /opt/airflow/dags/dag_news_scrape.py took 0.041 seconds
[2024-08-22T12:17:13.259+0000] {processor.py:186} INFO - Started process (PID=474) to work on /opt/airflow/dags/dag_news_scrape.py
[2024-08-22T12:17:13.259+0000] {processor.py:914} INFO - Processing file /opt/airflow/dags/dag_news_scrape.py for tasks to queue
[2024-08-22T12:17:13.262+0000] {logging_mixin.py:190} INFO - [2024-08-22T12:17:13.261+0000] {dagbag.py:587} INFO - Filling up the DagBag from /opt/airflow/dags/dag_news_scrape.py
[2024-08-22T12:17:13.267+0000] {logging_mixin.py:190} INFO - [2024-08-22T12:17:13.266+0000] {dagbag.py:386} ERROR - Failed to import: /opt/airflow/dags/dag_news_scrape.py
Traceback (most recent call last):
  File "/home/airflow/.local/lib/python3.12/site-packages/airflow/models/dagbag.py", line 382, in parse
    loader.exec_module(new_module)
  File "<frozen importlib._bootstrap_external>", line 995, in exec_module
  File "<frozen importlib._bootstrap>", line 488, in _call_with_frames_removed
  File "/opt/airflow/dags/dag_news_scrape.py", line 4, in <module>
    from custom_classes.news import News
ModuleNotFoundError: No module named 'custom_classes'
[2024-08-22T12:17:13.269+0000] {processor.py:927} WARNING - No viable dags retrieved from /opt/airflow/dags/dag_news_scrape.py
[2024-08-22T12:17:13.294+0000] {processor.py:208} INFO - Processing /opt/airflow/dags/dag_news_scrape.py took 0.041 seconds
[2024-08-22T12:17:43.660+0000] {processor.py:186} INFO - Started process (PID=505) to work on /opt/airflow/dags/dag_news_scrape.py
[2024-08-22T12:17:43.661+0000] {processor.py:914} INFO - Processing file /opt/airflow/dags/dag_news_scrape.py for tasks to queue
[2024-08-22T12:17:43.663+0000] {logging_mixin.py:190} INFO - [2024-08-22T12:17:43.663+0000] {dagbag.py:587} INFO - Filling up the DagBag from /opt/airflow/dags/dag_news_scrape.py
[2024-08-22T12:17:43.668+0000] {logging_mixin.py:190} INFO - [2024-08-22T12:17:43.667+0000] {dagbag.py:386} ERROR - Failed to import: /opt/airflow/dags/dag_news_scrape.py
Traceback (most recent call last):
  File "/home/airflow/.local/lib/python3.12/site-packages/airflow/models/dagbag.py", line 382, in parse
    loader.exec_module(new_module)
  File "<frozen importlib._bootstrap_external>", line 995, in exec_module
  File "<frozen importlib._bootstrap>", line 488, in _call_with_frames_removed
  File "/opt/airflow/dags/dag_news_scrape.py", line 4, in <module>
    from custom_classes.news import News
ModuleNotFoundError: No module named 'custom_classes'
[2024-08-22T12:17:43.669+0000] {processor.py:927} WARNING - No viable dags retrieved from /opt/airflow/dags/dag_news_scrape.py
[2024-08-22T12:17:43.691+0000] {processor.py:208} INFO - Processing /opt/airflow/dags/dag_news_scrape.py took 0.037 seconds
[2024-08-22T12:18:14.056+0000] {processor.py:186} INFO - Started process (PID=536) to work on /opt/airflow/dags/dag_news_scrape.py
[2024-08-22T12:18:14.057+0000] {processor.py:914} INFO - Processing file /opt/airflow/dags/dag_news_scrape.py for tasks to queue
[2024-08-22T12:18:14.059+0000] {logging_mixin.py:190} INFO - [2024-08-22T12:18:14.059+0000] {dagbag.py:587} INFO - Filling up the DagBag from /opt/airflow/dags/dag_news_scrape.py
[2024-08-22T12:18:14.063+0000] {logging_mixin.py:190} INFO - [2024-08-22T12:18:14.062+0000] {dagbag.py:386} ERROR - Failed to import: /opt/airflow/dags/dag_news_scrape.py
Traceback (most recent call last):
  File "/home/airflow/.local/lib/python3.12/site-packages/airflow/models/dagbag.py", line 382, in parse
    loader.exec_module(new_module)
  File "<frozen importlib._bootstrap_external>", line 995, in exec_module
  File "<frozen importlib._bootstrap>", line 488, in _call_with_frames_removed
  File "/opt/airflow/dags/dag_news_scrape.py", line 4, in <module>
    from custom_classes.news import News
ModuleNotFoundError: No module named 'custom_classes'
[2024-08-22T12:18:14.064+0000] {processor.py:927} WARNING - No viable dags retrieved from /opt/airflow/dags/dag_news_scrape.py
[2024-08-22T12:18:14.080+0000] {processor.py:208} INFO - Processing /opt/airflow/dags/dag_news_scrape.py took 0.031 seconds
[2024-08-22T12:18:44.510+0000] {processor.py:186} INFO - Started process (PID=566) to work on /opt/airflow/dags/dag_news_scrape.py
[2024-08-22T12:18:44.511+0000] {processor.py:914} INFO - Processing file /opt/airflow/dags/dag_news_scrape.py for tasks to queue
[2024-08-22T12:18:44.513+0000] {logging_mixin.py:190} INFO - [2024-08-22T12:18:44.513+0000] {dagbag.py:587} INFO - Filling up the DagBag from /opt/airflow/dags/dag_news_scrape.py
[2024-08-22T12:18:44.516+0000] {logging_mixin.py:190} INFO - [2024-08-22T12:18:44.515+0000] {dagbag.py:386} ERROR - Failed to import: /opt/airflow/dags/dag_news_scrape.py
Traceback (most recent call last):
  File "/home/airflow/.local/lib/python3.12/site-packages/airflow/models/dagbag.py", line 382, in parse
    loader.exec_module(new_module)
  File "<frozen importlib._bootstrap_external>", line 995, in exec_module
  File "<frozen importlib._bootstrap>", line 488, in _call_with_frames_removed
  File "/opt/airflow/dags/dag_news_scrape.py", line 4, in <module>
    from custom_classes.news import News
ModuleNotFoundError: No module named 'custom_classes'
[2024-08-22T12:18:44.517+0000] {processor.py:927} WARNING - No viable dags retrieved from /opt/airflow/dags/dag_news_scrape.py
[2024-08-22T12:18:44.542+0000] {processor.py:208} INFO - Processing /opt/airflow/dags/dag_news_scrape.py took 0.039 seconds
[2024-08-22T12:19:14.932+0000] {processor.py:186} INFO - Started process (PID=597) to work on /opt/airflow/dags/dag_news_scrape.py
[2024-08-22T12:19:14.933+0000] {processor.py:914} INFO - Processing file /opt/airflow/dags/dag_news_scrape.py for tasks to queue
[2024-08-22T12:19:14.935+0000] {logging_mixin.py:190} INFO - [2024-08-22T12:19:14.935+0000] {dagbag.py:587} INFO - Filling up the DagBag from /opt/airflow/dags/dag_news_scrape.py
[2024-08-22T12:19:14.940+0000] {logging_mixin.py:190} INFO - [2024-08-22T12:19:14.938+0000] {dagbag.py:386} ERROR - Failed to import: /opt/airflow/dags/dag_news_scrape.py
Traceback (most recent call last):
  File "/home/airflow/.local/lib/python3.12/site-packages/airflow/models/dagbag.py", line 382, in parse
    loader.exec_module(new_module)
  File "<frozen importlib._bootstrap_external>", line 995, in exec_module
  File "<frozen importlib._bootstrap>", line 488, in _call_with_frames_removed
  File "/opt/airflow/dags/dag_news_scrape.py", line 4, in <module>
    from custom_classes.news import News
ModuleNotFoundError: No module named 'custom_classes'
[2024-08-22T12:19:14.941+0000] {processor.py:927} WARNING - No viable dags retrieved from /opt/airflow/dags/dag_news_scrape.py
[2024-08-22T12:19:14.961+0000] {processor.py:208} INFO - Processing /opt/airflow/dags/dag_news_scrape.py took 0.039 seconds
[2024-08-22T12:19:45.375+0000] {processor.py:186} INFO - Started process (PID=628) to work on /opt/airflow/dags/dag_news_scrape.py
[2024-08-22T12:19:45.376+0000] {processor.py:914} INFO - Processing file /opt/airflow/dags/dag_news_scrape.py for tasks to queue
[2024-08-22T12:19:45.379+0000] {logging_mixin.py:190} INFO - [2024-08-22T12:19:45.379+0000] {dagbag.py:587} INFO - Filling up the DagBag from /opt/airflow/dags/dag_news_scrape.py
[2024-08-22T12:19:45.383+0000] {logging_mixin.py:190} INFO - [2024-08-22T12:19:45.383+0000] {dagbag.py:386} ERROR - Failed to import: /opt/airflow/dags/dag_news_scrape.py
Traceback (most recent call last):
  File "/home/airflow/.local/lib/python3.12/site-packages/airflow/models/dagbag.py", line 382, in parse
    loader.exec_module(new_module)
  File "<frozen importlib._bootstrap_external>", line 995, in exec_module
  File "<frozen importlib._bootstrap>", line 488, in _call_with_frames_removed
  File "/opt/airflow/dags/dag_news_scrape.py", line 4, in <module>
    from custom_classes.news import News
ModuleNotFoundError: No module named 'custom_classes'
[2024-08-22T12:19:45.384+0000] {processor.py:927} WARNING - No viable dags retrieved from /opt/airflow/dags/dag_news_scrape.py
[2024-08-22T12:19:45.405+0000] {processor.py:208} INFO - Processing /opt/airflow/dags/dag_news_scrape.py took 0.037 seconds
[2024-08-22T12:19:47.575+0000] {processor.py:186} INFO - Started process (PID=653) to work on /opt/airflow/dags/dag_news_scrape.py
[2024-08-22T12:19:47.576+0000] {processor.py:914} INFO - Processing file /opt/airflow/dags/dag_news_scrape.py for tasks to queue
[2024-08-22T12:19:47.578+0000] {logging_mixin.py:190} INFO - [2024-08-22T12:19:47.578+0000] {dagbag.py:587} INFO - Filling up the DagBag from /opt/airflow/dags/dag_news_scrape.py
[2024-08-22T12:19:47.582+0000] {logging_mixin.py:190} INFO - [2024-08-22T12:19:47.581+0000] {dagbag.py:386} ERROR - Failed to import: /opt/airflow/dags/dag_news_scrape.py
Traceback (most recent call last):
  File "/home/airflow/.local/lib/python3.12/site-packages/airflow/models/dagbag.py", line 382, in parse
    loader.exec_module(new_module)
  File "<frozen importlib._bootstrap_external>", line 995, in exec_module
  File "<frozen importlib._bootstrap>", line 488, in _call_with_frames_removed
  File "/opt/airflow/dags/dag_news_scrape.py", line 4, in <module>
    from custom_classes.news import News
ModuleNotFoundError: No module named 'custom_classes'
[2024-08-22T12:19:47.583+0000] {processor.py:927} WARNING - No viable dags retrieved from /opt/airflow/dags/dag_news_scrape.py
[2024-08-22T12:19:47.600+0000] {processor.py:208} INFO - Processing /opt/airflow/dags/dag_news_scrape.py took 0.029 seconds
[2024-08-22T12:20:17.990+0000] {processor.py:186} INFO - Started process (PID=684) to work on /opt/airflow/dags/dag_news_scrape.py
[2024-08-22T12:20:17.990+0000] {processor.py:914} INFO - Processing file /opt/airflow/dags/dag_news_scrape.py for tasks to queue
[2024-08-22T12:20:17.993+0000] {logging_mixin.py:190} INFO - [2024-08-22T12:20:17.993+0000] {dagbag.py:587} INFO - Filling up the DagBag from /opt/airflow/dags/dag_news_scrape.py
[2024-08-22T12:20:17.996+0000] {logging_mixin.py:190} INFO - [2024-08-22T12:20:17.995+0000] {dagbag.py:386} ERROR - Failed to import: /opt/airflow/dags/dag_news_scrape.py
Traceback (most recent call last):
  File "/home/airflow/.local/lib/python3.12/site-packages/airflow/models/dagbag.py", line 382, in parse
    loader.exec_module(new_module)
  File "<frozen importlib._bootstrap_external>", line 995, in exec_module
  File "<frozen importlib._bootstrap>", line 488, in _call_with_frames_removed
  File "/opt/airflow/dags/dag_news_scrape.py", line 4, in <module>
    from custom_classes.news import News
ModuleNotFoundError: No module named 'custom_classes'
[2024-08-22T12:20:17.997+0000] {processor.py:927} WARNING - No viable dags retrieved from /opt/airflow/dags/dag_news_scrape.py
[2024-08-22T12:20:18.012+0000] {processor.py:208} INFO - Processing /opt/airflow/dags/dag_news_scrape.py took 0.027 seconds
[2024-08-22T12:20:48.452+0000] {processor.py:186} INFO - Started process (PID=715) to work on /opt/airflow/dags/dag_news_scrape.py
[2024-08-22T12:20:48.453+0000] {processor.py:914} INFO - Processing file /opt/airflow/dags/dag_news_scrape.py for tasks to queue
[2024-08-22T12:20:48.456+0000] {logging_mixin.py:190} INFO - [2024-08-22T12:20:48.456+0000] {dagbag.py:587} INFO - Filling up the DagBag from /opt/airflow/dags/dag_news_scrape.py
[2024-08-22T12:20:48.459+0000] {logging_mixin.py:190} INFO - [2024-08-22T12:20:48.458+0000] {dagbag.py:386} ERROR - Failed to import: /opt/airflow/dags/dag_news_scrape.py
Traceback (most recent call last):
  File "/home/airflow/.local/lib/python3.12/site-packages/airflow/models/dagbag.py", line 382, in parse
    loader.exec_module(new_module)
  File "<frozen importlib._bootstrap_external>", line 995, in exec_module
  File "<frozen importlib._bootstrap>", line 488, in _call_with_frames_removed
  File "/opt/airflow/dags/dag_news_scrape.py", line 4, in <module>
    from custom_classes.news import News
ModuleNotFoundError: No module named 'custom_classes'
[2024-08-22T12:20:48.460+0000] {processor.py:927} WARNING - No viable dags retrieved from /opt/airflow/dags/dag_news_scrape.py
[2024-08-22T12:20:48.473+0000] {processor.py:208} INFO - Processing /opt/airflow/dags/dag_news_scrape.py took 0.031 seconds
[2024-08-22T12:21:18.884+0000] {processor.py:186} INFO - Started process (PID=746) to work on /opt/airflow/dags/dag_news_scrape.py
[2024-08-22T12:21:18.885+0000] {processor.py:914} INFO - Processing file /opt/airflow/dags/dag_news_scrape.py for tasks to queue
[2024-08-22T12:21:18.888+0000] {logging_mixin.py:190} INFO - [2024-08-22T12:21:18.888+0000] {dagbag.py:587} INFO - Filling up the DagBag from /opt/airflow/dags/dag_news_scrape.py
[2024-08-22T12:21:18.894+0000] {logging_mixin.py:190} INFO - [2024-08-22T12:21:18.892+0000] {dagbag.py:386} ERROR - Failed to import: /opt/airflow/dags/dag_news_scrape.py
Traceback (most recent call last):
  File "/home/airflow/.local/lib/python3.12/site-packages/airflow/models/dagbag.py", line 382, in parse
    loader.exec_module(new_module)
  File "<frozen importlib._bootstrap_external>", line 995, in exec_module
  File "<frozen importlib._bootstrap>", line 488, in _call_with_frames_removed
  File "/opt/airflow/dags/dag_news_scrape.py", line 4, in <module>
    from custom_classes.news import News
ModuleNotFoundError: No module named 'custom_classes'
[2024-08-22T12:21:18.894+0000] {processor.py:927} WARNING - No viable dags retrieved from /opt/airflow/dags/dag_news_scrape.py
[2024-08-22T12:21:18.913+0000] {processor.py:208} INFO - Processing /opt/airflow/dags/dag_news_scrape.py took 0.038 seconds
[2024-08-22T12:21:49.304+0000] {processor.py:186} INFO - Started process (PID=777) to work on /opt/airflow/dags/dag_news_scrape.py
[2024-08-22T12:21:49.305+0000] {processor.py:914} INFO - Processing file /opt/airflow/dags/dag_news_scrape.py for tasks to queue
[2024-08-22T12:21:49.308+0000] {logging_mixin.py:190} INFO - [2024-08-22T12:21:49.308+0000] {dagbag.py:587} INFO - Filling up the DagBag from /opt/airflow/dags/dag_news_scrape.py
[2024-08-22T12:21:49.311+0000] {logging_mixin.py:190} INFO - [2024-08-22T12:21:49.310+0000] {dagbag.py:386} ERROR - Failed to import: /opt/airflow/dags/dag_news_scrape.py
Traceback (most recent call last):
  File "/home/airflow/.local/lib/python3.12/site-packages/airflow/models/dagbag.py", line 382, in parse
    loader.exec_module(new_module)
  File "<frozen importlib._bootstrap_external>", line 995, in exec_module
  File "<frozen importlib._bootstrap>", line 488, in _call_with_frames_removed
  File "/opt/airflow/dags/dag_news_scrape.py", line 4, in <module>
    from custom_classes.news import News
ModuleNotFoundError: No module named 'custom_classes'
[2024-08-22T12:21:49.312+0000] {processor.py:927} WARNING - No viable dags retrieved from /opt/airflow/dags/dag_news_scrape.py
[2024-08-22T12:21:49.330+0000] {processor.py:208} INFO - Processing /opt/airflow/dags/dag_news_scrape.py took 0.038 seconds
[2024-08-22T12:22:19.725+0000] {processor.py:186} INFO - Started process (PID=808) to work on /opt/airflow/dags/dag_news_scrape.py
[2024-08-22T12:22:19.726+0000] {processor.py:914} INFO - Processing file /opt/airflow/dags/dag_news_scrape.py for tasks to queue
[2024-08-22T12:22:19.728+0000] {logging_mixin.py:190} INFO - [2024-08-22T12:22:19.727+0000] {dagbag.py:587} INFO - Filling up the DagBag from /opt/airflow/dags/dag_news_scrape.py
[2024-08-22T12:22:19.731+0000] {logging_mixin.py:190} INFO - [2024-08-22T12:22:19.730+0000] {dagbag.py:386} ERROR - Failed to import: /opt/airflow/dags/dag_news_scrape.py
Traceback (most recent call last):
  File "/home/airflow/.local/lib/python3.12/site-packages/airflow/models/dagbag.py", line 382, in parse
    loader.exec_module(new_module)
  File "<frozen importlib._bootstrap_external>", line 995, in exec_module
  File "<frozen importlib._bootstrap>", line 488, in _call_with_frames_removed
  File "/opt/airflow/dags/dag_news_scrape.py", line 4, in <module>
    from custom_classes.news import News
ModuleNotFoundError: No module named 'custom_classes'
[2024-08-22T12:22:19.731+0000] {processor.py:927} WARNING - No viable dags retrieved from /opt/airflow/dags/dag_news_scrape.py
[2024-08-22T12:22:19.750+0000] {processor.py:208} INFO - Processing /opt/airflow/dags/dag_news_scrape.py took 0.031 seconds
[2024-08-22T12:22:22.744+0000] {processor.py:186} INFO - Started process (PID=813) to work on /opt/airflow/dags/dag_news_scrape.py
[2024-08-22T12:22:22.745+0000] {processor.py:914} INFO - Processing file /opt/airflow/dags/dag_news_scrape.py for tasks to queue
[2024-08-22T12:22:22.747+0000] {logging_mixin.py:190} INFO - [2024-08-22T12:22:22.747+0000] {dagbag.py:587} INFO - Filling up the DagBag from /opt/airflow/dags/dag_news_scrape.py
[2024-08-22T12:22:22.751+0000] {logging_mixin.py:190} INFO - [2024-08-22T12:22:22.750+0000] {dagbag.py:386} ERROR - Failed to import: /opt/airflow/dags/dag_news_scrape.py
Traceback (most recent call last):
  File "/home/airflow/.local/lib/python3.12/site-packages/airflow/models/dagbag.py", line 382, in parse
    loader.exec_module(new_module)
  File "<frozen importlib._bootstrap_external>", line 995, in exec_module
  File "<frozen importlib._bootstrap>", line 488, in _call_with_frames_removed
  File "/opt/airflow/dags/dag_news_scrape.py", line 7, in <module>
    from custom_classes.news import News
ModuleNotFoundError: No module named 'custom_classes'
[2024-08-22T12:22:22.752+0000] {processor.py:927} WARNING - No viable dags retrieved from /opt/airflow/dags/dag_news_scrape.py
[2024-08-22T12:22:22.767+0000] {processor.py:208} INFO - Processing /opt/airflow/dags/dag_news_scrape.py took 0.028 seconds
[2024-08-22T12:22:53.151+0000] {processor.py:186} INFO - Started process (PID=844) to work on /opt/airflow/dags/dag_news_scrape.py
[2024-08-22T12:22:53.152+0000] {processor.py:914} INFO - Processing file /opt/airflow/dags/dag_news_scrape.py for tasks to queue
[2024-08-22T12:22:53.155+0000] {logging_mixin.py:190} INFO - [2024-08-22T12:22:53.154+0000] {dagbag.py:587} INFO - Filling up the DagBag from /opt/airflow/dags/dag_news_scrape.py
[2024-08-22T12:22:53.158+0000] {logging_mixin.py:190} INFO - [2024-08-22T12:22:53.157+0000] {dagbag.py:386} ERROR - Failed to import: /opt/airflow/dags/dag_news_scrape.py
Traceback (most recent call last):
  File "/home/airflow/.local/lib/python3.12/site-packages/airflow/models/dagbag.py", line 382, in parse
    loader.exec_module(new_module)
  File "<frozen importlib._bootstrap_external>", line 995, in exec_module
  File "<frozen importlib._bootstrap>", line 488, in _call_with_frames_removed
  File "/opt/airflow/dags/dag_news_scrape.py", line 7, in <module>
    from custom_classes.news import News
ModuleNotFoundError: No module named 'custom_classes'
[2024-08-22T12:22:53.158+0000] {processor.py:927} WARNING - No viable dags retrieved from /opt/airflow/dags/dag_news_scrape.py
[2024-08-22T12:22:53.171+0000] {processor.py:208} INFO - Processing /opt/airflow/dags/dag_news_scrape.py took 0.026 seconds
[2024-08-22T12:23:36.193+0000] {processor.py:186} INFO - Started process (PID=192) to work on /opt/airflow/dags/dag_news_scrape.py
[2024-08-22T12:23:36.197+0000] {processor.py:914} INFO - Processing file /opt/airflow/dags/dag_news_scrape.py for tasks to queue
[2024-08-22T12:23:36.200+0000] {logging_mixin.py:190} INFO - [2024-08-22T12:23:36.199+0000] {dagbag.py:587} INFO - Filling up the DagBag from /opt/airflow/dags/dag_news_scrape.py
[2024-08-22T12:23:36.216+0000] {logging_mixin.py:190} INFO - [2024-08-22T12:23:36.208+0000] {dagbag.py:386} ERROR - Failed to import: /opt/airflow/dags/dag_news_scrape.py
Traceback (most recent call last):
  File "/home/airflow/.local/lib/python3.12/site-packages/airflow/models/dagbag.py", line 382, in parse
    loader.exec_module(new_module)
  File "<frozen importlib._bootstrap_external>", line 995, in exec_module
  File "<frozen importlib._bootstrap>", line 488, in _call_with_frames_removed
  File "/opt/airflow/dags/dag_news_scrape.py", line 7, in <module>
    from custom_classes.news import News
ModuleNotFoundError: No module named 'custom_classes'
[2024-08-22T12:23:36.219+0000] {processor.py:927} WARNING - No viable dags retrieved from /opt/airflow/dags/dag_news_scrape.py
[2024-08-22T12:23:36.240+0000] {processor.py:208} INFO - Processing /opt/airflow/dags/dag_news_scrape.py took 0.054 seconds
[2024-08-22T12:24:02.968+0000] {processor.py:186} INFO - Started process (PID=223) to work on /opt/airflow/dags/dag_news_scrape.py
[2024-08-22T12:24:02.969+0000] {processor.py:914} INFO - Processing file /opt/airflow/dags/dag_news_scrape.py for tasks to queue
[2024-08-22T12:24:02.971+0000] {logging_mixin.py:190} INFO - [2024-08-22T12:24:02.970+0000] {dagbag.py:587} INFO - Filling up the DagBag from /opt/airflow/dags/dag_news_scrape.py
[2024-08-22T12:24:02.977+0000] {logging_mixin.py:190} INFO - [2024-08-22T12:24:02.975+0000] {dagbag.py:386} ERROR - Failed to import: /opt/airflow/dags/dag_news_scrape.py
Traceback (most recent call last):
  File "/home/airflow/.local/lib/python3.12/site-packages/airflow/models/dagbag.py", line 382, in parse
    loader.exec_module(new_module)
  File "<frozen importlib._bootstrap_external>", line 995, in exec_module
  File "<frozen importlib._bootstrap>", line 488, in _call_with_frames_removed
  File "/opt/airflow/dags/dag_news_scrape.py", line 7, in <module>
    from custom_classes.news import News
ModuleNotFoundError: No module named 'custom_classes'
[2024-08-22T12:24:02.978+0000] {processor.py:927} WARNING - No viable dags retrieved from /opt/airflow/dags/dag_news_scrape.py
[2024-08-22T12:24:02.991+0000] {processor.py:208} INFO - Processing /opt/airflow/dags/dag_news_scrape.py took 0.029 seconds
[2024-08-22T12:24:09.211+0000] {processor.py:186} INFO - Started process (PID=254) to work on /opt/airflow/dags/dag_news_scrape.py
[2024-08-22T12:24:09.212+0000] {processor.py:914} INFO - Processing file /opt/airflow/dags/dag_news_scrape.py for tasks to queue
[2024-08-22T12:24:09.215+0000] {logging_mixin.py:190} INFO - [2024-08-22T12:24:09.214+0000] {dagbag.py:587} INFO - Filling up the DagBag from /opt/airflow/dags/dag_news_scrape.py
[2024-08-22T12:24:09.220+0000] {logging_mixin.py:190} INFO - [2024-08-22T12:24:09.218+0000] {dagbag.py:386} ERROR - Failed to import: /opt/airflow/dags/dag_news_scrape.py
Traceback (most recent call last):
  File "/home/airflow/.local/lib/python3.12/site-packages/airflow/models/dagbag.py", line 382, in parse
    loader.exec_module(new_module)
  File "<frozen importlib._bootstrap_external>", line 995, in exec_module
  File "<frozen importlib._bootstrap>", line 488, in _call_with_frames_removed
  File "/opt/airflow/dags/dag_news_scrape.py", line 7, in <module>
    from custom_classes.news import News
ModuleNotFoundError: No module named 'custom_classes'
[2024-08-22T12:24:09.221+0000] {processor.py:927} WARNING - No viable dags retrieved from /opt/airflow/dags/dag_news_scrape.py
[2024-08-22T12:24:09.237+0000] {processor.py:208} INFO - Processing /opt/airflow/dags/dag_news_scrape.py took 0.032 seconds
[2024-08-22T12:24:39.635+0000] {processor.py:186} INFO - Started process (PID=284) to work on /opt/airflow/dags/dag_news_scrape.py
[2024-08-22T12:24:39.636+0000] {processor.py:914} INFO - Processing file /opt/airflow/dags/dag_news_scrape.py for tasks to queue
[2024-08-22T12:24:39.638+0000] {logging_mixin.py:190} INFO - [2024-08-22T12:24:39.638+0000] {dagbag.py:587} INFO - Filling up the DagBag from /opt/airflow/dags/dag_news_scrape.py
[2024-08-22T12:24:39.641+0000] {logging_mixin.py:190} INFO - [2024-08-22T12:24:39.640+0000] {dagbag.py:386} ERROR - Failed to import: /opt/airflow/dags/dag_news_scrape.py
Traceback (most recent call last):
  File "/home/airflow/.local/lib/python3.12/site-packages/airflow/models/dagbag.py", line 382, in parse
    loader.exec_module(new_module)
  File "<frozen importlib._bootstrap_external>", line 995, in exec_module
  File "<frozen importlib._bootstrap>", line 488, in _call_with_frames_removed
  File "/opt/airflow/dags/dag_news_scrape.py", line 7, in <module>
    from custom_classes.news import News
ModuleNotFoundError: No module named 'custom_classes'
[2024-08-22T12:24:39.642+0000] {processor.py:927} WARNING - No viable dags retrieved from /opt/airflow/dags/dag_news_scrape.py
[2024-08-22T12:24:39.662+0000] {processor.py:208} INFO - Processing /opt/airflow/dags/dag_news_scrape.py took 0.034 seconds
[2024-08-22T12:25:09.150+0000] {processor.py:186} INFO - Started process (PID=315) to work on /opt/airflow/dags/dag_news_scrape.py
[2024-08-22T12:25:09.151+0000] {processor.py:914} INFO - Processing file /opt/airflow/dags/dag_news_scrape.py for tasks to queue
[2024-08-22T12:25:09.153+0000] {logging_mixin.py:190} INFO - [2024-08-22T12:25:09.153+0000] {dagbag.py:587} INFO - Filling up the DagBag from /opt/airflow/dags/dag_news_scrape.py
[2024-08-22T12:25:09.157+0000] {logging_mixin.py:190} INFO - [2024-08-22T12:25:09.156+0000] {dagbag.py:386} ERROR - Failed to import: /opt/airflow/dags/dag_news_scrape.py
Traceback (most recent call last):
  File "/home/airflow/.local/lib/python3.12/site-packages/airflow/models/dagbag.py", line 382, in parse
    loader.exec_module(new_module)
  File "<frozen importlib._bootstrap_external>", line 995, in exec_module
  File "<frozen importlib._bootstrap>", line 488, in _call_with_frames_removed
  File "/opt/airflow/dags/dag_news_scrape.py", line 7, in <module>
    from custom_classes.news import News
ModuleNotFoundError: No module named 'custom_classes'
[2024-08-22T12:25:09.158+0000] {processor.py:927} WARNING - No viable dags retrieved from /opt/airflow/dags/dag_news_scrape.py
[2024-08-22T12:25:09.172+0000] {processor.py:208} INFO - Processing /opt/airflow/dags/dag_news_scrape.py took 0.026 seconds
[2024-08-22T12:25:11.186+0000] {processor.py:186} INFO - Started process (PID=320) to work on /opt/airflow/dags/dag_news_scrape.py
[2024-08-22T12:25:11.187+0000] {processor.py:914} INFO - Processing file /opt/airflow/dags/dag_news_scrape.py for tasks to queue
[2024-08-22T12:25:11.190+0000] {logging_mixin.py:190} INFO - [2024-08-22T12:25:11.189+0000] {dagbag.py:587} INFO - Filling up the DagBag from /opt/airflow/dags/dag_news_scrape.py
[2024-08-22T12:25:11.195+0000] {logging_mixin.py:190} INFO - [2024-08-22T12:25:11.194+0000] {dagbag.py:386} ERROR - Failed to import: /opt/airflow/dags/dag_news_scrape.py
Traceback (most recent call last):
  File "/home/airflow/.local/lib/python3.12/site-packages/airflow/models/dagbag.py", line 382, in parse
    loader.exec_module(new_module)
  File "<frozen importlib._bootstrap_external>", line 995, in exec_module
  File "<frozen importlib._bootstrap>", line 488, in _call_with_frames_removed
  File "/opt/airflow/dags/dag_news_scrape.py", line 7, in <module>
    from custom_classes.news import News
ModuleNotFoundError: No module named 'custom_classes'
[2024-08-22T12:25:11.195+0000] {processor.py:927} WARNING - No viable dags retrieved from /opt/airflow/dags/dag_news_scrape.py
[2024-08-22T12:25:11.209+0000] {processor.py:208} INFO - Processing /opt/airflow/dags/dag_news_scrape.py took 0.032 seconds
[2024-08-22T12:25:41.643+0000] {processor.py:186} INFO - Started process (PID=350) to work on /opt/airflow/dags/dag_news_scrape.py
[2024-08-22T12:25:41.644+0000] {processor.py:914} INFO - Processing file /opt/airflow/dags/dag_news_scrape.py for tasks to queue
[2024-08-22T12:25:41.647+0000] {logging_mixin.py:190} INFO - [2024-08-22T12:25:41.646+0000] {dagbag.py:587} INFO - Filling up the DagBag from /opt/airflow/dags/dag_news_scrape.py
[2024-08-22T12:25:41.650+0000] {logging_mixin.py:190} INFO - [2024-08-22T12:25:41.649+0000] {dagbag.py:386} ERROR - Failed to import: /opt/airflow/dags/dag_news_scrape.py
Traceback (most recent call last):
  File "/home/airflow/.local/lib/python3.12/site-packages/airflow/models/dagbag.py", line 382, in parse
    loader.exec_module(new_module)
  File "<frozen importlib._bootstrap_external>", line 995, in exec_module
  File "<frozen importlib._bootstrap>", line 488, in _call_with_frames_removed
  File "/opt/airflow/dags/dag_news_scrape.py", line 7, in <module>
    from custom_classes.news import News
ModuleNotFoundError: No module named 'custom_classes'
[2024-08-22T12:25:41.651+0000] {processor.py:927} WARNING - No viable dags retrieved from /opt/airflow/dags/dag_news_scrape.py
[2024-08-22T12:25:41.671+0000] {processor.py:208} INFO - Processing /opt/airflow/dags/dag_news_scrape.py took 0.035 seconds
[2024-08-22T12:26:12.044+0000] {processor.py:186} INFO - Started process (PID=381) to work on /opt/airflow/dags/dag_news_scrape.py
[2024-08-22T12:26:12.045+0000] {processor.py:914} INFO - Processing file /opt/airflow/dags/dag_news_scrape.py for tasks to queue
[2024-08-22T12:26:12.047+0000] {logging_mixin.py:190} INFO - [2024-08-22T12:26:12.047+0000] {dagbag.py:587} INFO - Filling up the DagBag from /opt/airflow/dags/dag_news_scrape.py
[2024-08-22T12:26:12.051+0000] {logging_mixin.py:190} INFO - [2024-08-22T12:26:12.050+0000] {dagbag.py:386} ERROR - Failed to import: /opt/airflow/dags/dag_news_scrape.py
Traceback (most recent call last):
  File "/home/airflow/.local/lib/python3.12/site-packages/airflow/models/dagbag.py", line 382, in parse
    loader.exec_module(new_module)
  File "<frozen importlib._bootstrap_external>", line 995, in exec_module
  File "<frozen importlib._bootstrap>", line 488, in _call_with_frames_removed
  File "/opt/airflow/dags/dag_news_scrape.py", line 7, in <module>
    from custom_classes.news import News
ModuleNotFoundError: No module named 'custom_classes'
[2024-08-22T12:26:12.052+0000] {processor.py:927} WARNING - No viable dags retrieved from /opt/airflow/dags/dag_news_scrape.py
[2024-08-22T12:26:12.065+0000] {processor.py:208} INFO - Processing /opt/airflow/dags/dag_news_scrape.py took 0.026 seconds
[2024-08-22T12:27:07.797+0000] {processor.py:186} INFO - Started process (PID=192) to work on /opt/airflow/dags/dag_news_scrape.py
[2024-08-22T12:27:07.798+0000] {processor.py:914} INFO - Processing file /opt/airflow/dags/dag_news_scrape.py for tasks to queue
[2024-08-22T12:27:07.800+0000] {logging_mixin.py:190} INFO - [2024-08-22T12:27:07.800+0000] {dagbag.py:587} INFO - Filling up the DagBag from /opt/airflow/dags/dag_news_scrape.py
[2024-08-22T12:27:07.822+0000] {logging_mixin.py:190} INFO - [2024-08-22T12:27:07.820+0000] {dagbag.py:386} ERROR - Failed to import: /opt/airflow/dags/dag_news_scrape.py
Traceback (most recent call last):
  File "/home/airflow/.local/lib/python3.12/site-packages/airflow/models/dagbag.py", line 382, in parse
    loader.exec_module(new_module)
  File "<frozen importlib._bootstrap_external>", line 995, in exec_module
  File "<frozen importlib._bootstrap>", line 488, in _call_with_frames_removed
  File "/opt/airflow/dags/dag_news_scrape.py", line 25, in <module>
    python_callable = News().fetch_fuel
                      ^^^^^^^^^^^^^^^^^
AttributeError: 'News' object has no attribute 'fetch_fuel'
[2024-08-22T12:27:07.824+0000] {processor.py:927} WARNING - No viable dags retrieved from /opt/airflow/dags/dag_news_scrape.py
[2024-08-22T12:27:07.841+0000] {processor.py:208} INFO - Processing /opt/airflow/dags/dag_news_scrape.py took 0.050 seconds
[2024-08-22T12:27:38.540+0000] {processor.py:186} INFO - Started process (PID=222) to work on /opt/airflow/dags/dag_news_scrape.py
[2024-08-22T12:27:38.541+0000] {processor.py:914} INFO - Processing file /opt/airflow/dags/dag_news_scrape.py for tasks to queue
[2024-08-22T12:27:38.543+0000] {logging_mixin.py:190} INFO - [2024-08-22T12:27:38.543+0000] {dagbag.py:587} INFO - Filling up the DagBag from /opt/airflow/dags/dag_news_scrape.py
[2024-08-22T12:27:38.559+0000] {logging_mixin.py:190} INFO - [2024-08-22T12:27:38.557+0000] {dagbag.py:386} ERROR - Failed to import: /opt/airflow/dags/dag_news_scrape.py
Traceback (most recent call last):
  File "/home/airflow/.local/lib/python3.12/site-packages/airflow/models/dagbag.py", line 382, in parse
    loader.exec_module(new_module)
  File "<frozen importlib._bootstrap_external>", line 995, in exec_module
  File "<frozen importlib._bootstrap>", line 488, in _call_with_frames_removed
  File "/opt/airflow/dags/dag_news_scrape.py", line 25, in <module>
    python_callable = News().fetch_fuel
                      ^^^^^^^^^^^^^^^^^
AttributeError: 'News' object has no attribute 'fetch_fuel'
[2024-08-22T12:27:38.560+0000] {processor.py:927} WARNING - No viable dags retrieved from /opt/airflow/dags/dag_news_scrape.py
[2024-08-22T12:27:38.579+0000] {processor.py:208} INFO - Processing /opt/airflow/dags/dag_news_scrape.py took 0.044 seconds
[2024-08-22T12:28:08.989+0000] {processor.py:186} INFO - Started process (PID=253) to work on /opt/airflow/dags/dag_news_scrape.py
[2024-08-22T12:28:08.990+0000] {processor.py:914} INFO - Processing file /opt/airflow/dags/dag_news_scrape.py for tasks to queue
[2024-08-22T12:28:08.992+0000] {logging_mixin.py:190} INFO - [2024-08-22T12:28:08.992+0000] {dagbag.py:587} INFO - Filling up the DagBag from /opt/airflow/dags/dag_news_scrape.py
[2024-08-22T12:28:09.005+0000] {logging_mixin.py:190} INFO - [2024-08-22T12:28:09.002+0000] {dagbag.py:386} ERROR - Failed to import: /opt/airflow/dags/dag_news_scrape.py
Traceback (most recent call last):
  File "/home/airflow/.local/lib/python3.12/site-packages/airflow/models/dagbag.py", line 382, in parse
    loader.exec_module(new_module)
  File "<frozen importlib._bootstrap_external>", line 995, in exec_module
  File "<frozen importlib._bootstrap>", line 488, in _call_with_frames_removed
  File "/opt/airflow/dags/dag_news_scrape.py", line 25, in <module>
    python_callable = News().fetch_fuel
                      ^^^^^^^^^^^^^^^^^
AttributeError: 'News' object has no attribute 'fetch_fuel'
[2024-08-22T12:28:09.006+0000] {processor.py:927} WARNING - No viable dags retrieved from /opt/airflow/dags/dag_news_scrape.py
[2024-08-22T12:28:09.020+0000] {processor.py:208} INFO - Processing /opt/airflow/dags/dag_news_scrape.py took 0.037 seconds
[2024-08-22T12:28:39.409+0000] {processor.py:186} INFO - Started process (PID=284) to work on /opt/airflow/dags/dag_news_scrape.py
[2024-08-22T12:28:39.411+0000] {processor.py:914} INFO - Processing file /opt/airflow/dags/dag_news_scrape.py for tasks to queue
[2024-08-22T12:28:39.414+0000] {logging_mixin.py:190} INFO - [2024-08-22T12:28:39.413+0000] {dagbag.py:587} INFO - Filling up the DagBag from /opt/airflow/dags/dag_news_scrape.py
[2024-08-22T12:28:39.426+0000] {logging_mixin.py:190} INFO - [2024-08-22T12:28:39.422+0000] {dagbag.py:386} ERROR - Failed to import: /opt/airflow/dags/dag_news_scrape.py
Traceback (most recent call last):
  File "/home/airflow/.local/lib/python3.12/site-packages/airflow/models/dagbag.py", line 382, in parse
    loader.exec_module(new_module)
  File "<frozen importlib._bootstrap_external>", line 995, in exec_module
  File "<frozen importlib._bootstrap>", line 488, in _call_with_frames_removed
  File "/opt/airflow/dags/dag_news_scrape.py", line 25, in <module>
    python_callable = News().fetch_fuel
                      ^^^^^^^^^^^^^^^^^
AttributeError: 'News' object has no attribute 'fetch_fuel'
[2024-08-22T12:28:39.428+0000] {processor.py:927} WARNING - No viable dags retrieved from /opt/airflow/dags/dag_news_scrape.py
[2024-08-22T12:28:39.457+0000] {processor.py:208} INFO - Processing /opt/airflow/dags/dag_news_scrape.py took 0.054 seconds
[2024-08-22T12:28:43.635+0000] {processor.py:186} INFO - Started process (PID=315) to work on /opt/airflow/dags/dag_news_scrape.py
[2024-08-22T12:28:43.636+0000] {processor.py:914} INFO - Processing file /opt/airflow/dags/dag_news_scrape.py for tasks to queue
[2024-08-22T12:28:43.638+0000] {logging_mixin.py:190} INFO - [2024-08-22T12:28:43.638+0000] {dagbag.py:587} INFO - Filling up the DagBag from /opt/airflow/dags/dag_news_scrape.py
[2024-08-22T12:28:43.649+0000] {processor.py:925} INFO - DAG(s) 'dag_with_py_dependencies_v1' retrieved from /opt/airflow/dags/dag_news_scrape.py
[2024-08-22T12:28:43.733+0000] {logging_mixin.py:190} INFO - [2024-08-22T12:28:43.733+0000] {dag.py:3211} INFO - Sync 1 DAGs
[2024-08-22T12:28:43.749+0000] {logging_mixin.py:190} INFO - [2024-08-22T12:28:43.749+0000] {dag.py:4138} INFO - Setting next_dagrun for dag_with_py_dependencies_v1 to 2024-08-22 00:00:00+00:00, run_after=2024-08-23 00:00:00+00:00
[2024-08-22T12:28:43.772+0000] {processor.py:208} INFO - Processing /opt/airflow/dags/dag_news_scrape.py took 0.142 seconds
[2024-08-22T12:29:14.073+0000] {processor.py:186} INFO - Started process (PID=346) to work on /opt/airflow/dags/dag_news_scrape.py
[2024-08-22T12:29:14.074+0000] {processor.py:914} INFO - Processing file /opt/airflow/dags/dag_news_scrape.py for tasks to queue
[2024-08-22T12:29:14.078+0000] {logging_mixin.py:190} INFO - [2024-08-22T12:29:14.077+0000] {dagbag.py:587} INFO - Filling up the DagBag from /opt/airflow/dags/dag_news_scrape.py
[2024-08-22T12:29:14.087+0000] {processor.py:925} INFO - DAG(s) 'dag_with_py_dependencies_v1' retrieved from /opt/airflow/dags/dag_news_scrape.py
[2024-08-22T12:29:14.107+0000] {logging_mixin.py:190} INFO - [2024-08-22T12:29:14.106+0000] {dag.py:3211} INFO - Sync 1 DAGs
[2024-08-22T12:29:14.123+0000] {logging_mixin.py:190} INFO - [2024-08-22T12:29:14.123+0000] {dag.py:4138} INFO - Setting next_dagrun for dag_with_py_dependencies_v1 to 2024-08-22 00:00:00+00:00, run_after=2024-08-23 00:00:00+00:00
[2024-08-22T12:29:14.141+0000] {processor.py:208} INFO - Processing /opt/airflow/dags/dag_news_scrape.py took 0.074 seconds
[2024-08-22T12:29:19.115+0000] {processor.py:186} INFO - Started process (PID=351) to work on /opt/airflow/dags/dag_news_scrape.py
[2024-08-22T12:29:19.116+0000] {processor.py:914} INFO - Processing file /opt/airflow/dags/dag_news_scrape.py for tasks to queue
[2024-08-22T12:29:19.118+0000] {logging_mixin.py:190} INFO - [2024-08-22T12:29:19.118+0000] {dagbag.py:587} INFO - Filling up the DagBag from /opt/airflow/dags/dag_news_scrape.py
[2024-08-22T12:29:19.130+0000] {processor.py:925} INFO - DAG(s) 'dag_diplomski_v1' retrieved from /opt/airflow/dags/dag_news_scrape.py
[2024-08-22T12:29:19.226+0000] {logging_mixin.py:190} INFO - [2024-08-22T12:29:19.225+0000] {override.py:1858} INFO - Created Permission View: can edit on DAG:dag_diplomski_v1
[2024-08-22T12:29:19.236+0000] {logging_mixin.py:190} INFO - [2024-08-22T12:29:19.236+0000] {override.py:1858} INFO - Created Permission View: can read on DAG:dag_diplomski_v1
[2024-08-22T12:29:19.242+0000] {logging_mixin.py:190} INFO - [2024-08-22T12:29:19.242+0000] {override.py:1858} INFO - Created Permission View: can delete on DAG:dag_diplomski_v1
[2024-08-22T12:29:19.243+0000] {logging_mixin.py:190} INFO - [2024-08-22T12:29:19.243+0000] {dag.py:3211} INFO - Sync 1 DAGs
[2024-08-22T12:29:19.257+0000] {logging_mixin.py:190} INFO - [2024-08-22T12:29:19.256+0000] {dag.py:3234} INFO - Creating ORM DAG for dag_diplomski_v1
[2024-08-22T12:29:19.268+0000] {logging_mixin.py:190} INFO - [2024-08-22T12:29:19.268+0000] {dag.py:4138} INFO - Setting next_dagrun for dag_diplomski_v1 to 2024-08-22 00:00:00+00:00, run_after=2024-08-23 00:00:00+00:00
[2024-08-22T12:29:19.291+0000] {processor.py:208} INFO - Processing /opt/airflow/dags/dag_news_scrape.py took 0.180 seconds
[2024-08-22T12:29:20.201+0000] {processor.py:186} INFO - Started process (PID=356) to work on /opt/airflow/dags/dag_news_scrape.py
[2024-08-22T12:29:20.202+0000] {processor.py:914} INFO - Processing file /opt/airflow/dags/dag_news_scrape.py for tasks to queue
[2024-08-22T12:29:20.204+0000] {logging_mixin.py:190} INFO - [2024-08-22T12:29:20.204+0000] {dagbag.py:587} INFO - Filling up the DagBag from /opt/airflow/dags/dag_news_scrape.py
[2024-08-22T12:29:20.214+0000] {processor.py:925} INFO - DAG(s) 'dag_diplomski_v1' retrieved from /opt/airflow/dags/dag_news_scrape.py
[2024-08-22T12:29:20.224+0000] {logging_mixin.py:190} INFO - [2024-08-22T12:29:20.224+0000] {dag.py:3211} INFO - Sync 1 DAGs
[2024-08-22T12:29:20.247+0000] {logging_mixin.py:190} INFO - [2024-08-22T12:29:20.247+0000] {dag.py:4138} INFO - Setting next_dagrun for dag_diplomski_v1 to 2024-08-22 00:00:00+00:00, run_after=2024-08-23 00:00:00+00:00
[2024-08-22T12:29:20.271+0000] {processor.py:208} INFO - Processing /opt/airflow/dags/dag_news_scrape.py took 0.077 seconds
[2024-08-22T12:29:50.722+0000] {processor.py:186} INFO - Started process (PID=390) to work on /opt/airflow/dags/dag_news_scrape.py
[2024-08-22T12:29:50.723+0000] {processor.py:914} INFO - Processing file /opt/airflow/dags/dag_news_scrape.py for tasks to queue
[2024-08-22T12:29:50.725+0000] {logging_mixin.py:190} INFO - [2024-08-22T12:29:50.725+0000] {dagbag.py:587} INFO - Filling up the DagBag from /opt/airflow/dags/dag_news_scrape.py
[2024-08-22T12:29:50.734+0000] {processor.py:925} INFO - DAG(s) 'dag_diplomski_v1' retrieved from /opt/airflow/dags/dag_news_scrape.py
[2024-08-22T12:29:50.754+0000] {logging_mixin.py:190} INFO - [2024-08-22T12:29:50.754+0000] {dag.py:3211} INFO - Sync 1 DAGs
[2024-08-22T12:29:50.775+0000] {logging_mixin.py:190} INFO - [2024-08-22T12:29:50.775+0000] {dag.py:4138} INFO - Setting next_dagrun for dag_diplomski_v1 to 2024-08-22 00:00:00+00:00, run_after=2024-08-23 00:00:00+00:00
[2024-08-22T12:29:50.797+0000] {processor.py:208} INFO - Processing /opt/airflow/dags/dag_news_scrape.py took 0.079 seconds
[2024-08-22T12:30:21.165+0000] {processor.py:186} INFO - Started process (PID=427) to work on /opt/airflow/dags/dag_news_scrape.py
[2024-08-22T12:30:21.166+0000] {processor.py:914} INFO - Processing file /opt/airflow/dags/dag_news_scrape.py for tasks to queue
[2024-08-22T12:30:21.168+0000] {logging_mixin.py:190} INFO - [2024-08-22T12:30:21.168+0000] {dagbag.py:587} INFO - Filling up the DagBag from /opt/airflow/dags/dag_news_scrape.py
[2024-08-22T12:30:21.178+0000] {processor.py:925} INFO - DAG(s) 'dag_diplomski_v1' retrieved from /opt/airflow/dags/dag_news_scrape.py
[2024-08-22T12:30:21.199+0000] {logging_mixin.py:190} INFO - [2024-08-22T12:30:21.198+0000] {dag.py:3211} INFO - Sync 1 DAGs
[2024-08-22T12:30:21.217+0000] {logging_mixin.py:190} INFO - [2024-08-22T12:30:21.217+0000] {dag.py:4138} INFO - Setting next_dagrun for dag_diplomski_v1 to 2024-08-22 00:00:00+00:00, run_after=2024-08-23 00:00:00+00:00
[2024-08-22T12:30:21.239+0000] {processor.py:208} INFO - Processing /opt/airflow/dags/dag_news_scrape.py took 0.078 seconds
[2024-08-22T12:30:51.502+0000] {processor.py:186} INFO - Started process (PID=458) to work on /opt/airflow/dags/dag_news_scrape.py
[2024-08-22T12:30:51.503+0000] {processor.py:914} INFO - Processing file /opt/airflow/dags/dag_news_scrape.py for tasks to queue
[2024-08-22T12:30:51.506+0000] {logging_mixin.py:190} INFO - [2024-08-22T12:30:51.506+0000] {dagbag.py:587} INFO - Filling up the DagBag from /opt/airflow/dags/dag_news_scrape.py
[2024-08-22T12:30:51.514+0000] {processor.py:925} INFO - DAG(s) 'dag_diplomski_v1' retrieved from /opt/airflow/dags/dag_news_scrape.py
[2024-08-22T12:30:51.534+0000] {logging_mixin.py:190} INFO - [2024-08-22T12:30:51.534+0000] {dag.py:3211} INFO - Sync 1 DAGs
[2024-08-22T12:30:51.551+0000] {logging_mixin.py:190} INFO - [2024-08-22T12:30:51.551+0000] {dag.py:4138} INFO - Setting next_dagrun for dag_diplomski_v1 to 2024-08-22 00:00:00+00:00, run_after=2024-08-23 00:00:00+00:00
[2024-08-22T12:30:51.570+0000] {processor.py:208} INFO - Processing /opt/airflow/dags/dag_news_scrape.py took 0.078 seconds
[2024-08-22T12:31:22.018+0000] {processor.py:186} INFO - Started process (PID=489) to work on /opt/airflow/dags/dag_news_scrape.py
[2024-08-22T12:31:22.019+0000] {processor.py:914} INFO - Processing file /opt/airflow/dags/dag_news_scrape.py for tasks to queue
[2024-08-22T12:31:22.022+0000] {logging_mixin.py:190} INFO - [2024-08-22T12:31:22.021+0000] {dagbag.py:587} INFO - Filling up the DagBag from /opt/airflow/dags/dag_news_scrape.py
[2024-08-22T12:31:22.030+0000] {processor.py:925} INFO - DAG(s) 'dag_diplomski_v1' retrieved from /opt/airflow/dags/dag_news_scrape.py
[2024-08-22T12:31:22.049+0000] {logging_mixin.py:190} INFO - [2024-08-22T12:31:22.048+0000] {dag.py:3211} INFO - Sync 1 DAGs
[2024-08-22T12:31:22.067+0000] {logging_mixin.py:190} INFO - [2024-08-22T12:31:22.066+0000] {dag.py:4138} INFO - Setting next_dagrun for dag_diplomski_v1 to 2024-08-22 00:00:00+00:00, run_after=2024-08-23 00:00:00+00:00
[2024-08-22T12:31:22.085+0000] {processor.py:208} INFO - Processing /opt/airflow/dags/dag_news_scrape.py took 0.073 seconds
[2024-08-22T12:31:52.491+0000] {processor.py:186} INFO - Started process (PID=523) to work on /opt/airflow/dags/dag_news_scrape.py
[2024-08-22T12:31:52.492+0000] {processor.py:914} INFO - Processing file /opt/airflow/dags/dag_news_scrape.py for tasks to queue
[2024-08-22T12:31:52.494+0000] {logging_mixin.py:190} INFO - [2024-08-22T12:31:52.494+0000] {dagbag.py:587} INFO - Filling up the DagBag from /opt/airflow/dags/dag_news_scrape.py
[2024-08-22T12:31:52.503+0000] {processor.py:925} INFO - DAG(s) 'dag_diplomski_v1' retrieved from /opt/airflow/dags/dag_news_scrape.py
[2024-08-22T12:31:52.522+0000] {logging_mixin.py:190} INFO - [2024-08-22T12:31:52.522+0000] {dag.py:3211} INFO - Sync 1 DAGs
[2024-08-22T12:31:52.539+0000] {logging_mixin.py:190} INFO - [2024-08-22T12:31:52.539+0000] {dag.py:4138} INFO - Setting next_dagrun for dag_diplomski_v1 to 2024-08-22 00:00:00+00:00, run_after=2024-08-23 00:00:00+00:00
[2024-08-22T12:31:52.558+0000] {processor.py:208} INFO - Processing /opt/airflow/dags/dag_news_scrape.py took 0.074 seconds
[2024-08-22T12:32:22.958+0000] {processor.py:186} INFO - Started process (PID=560) to work on /opt/airflow/dags/dag_news_scrape.py
[2024-08-22T12:32:22.959+0000] {processor.py:914} INFO - Processing file /opt/airflow/dags/dag_news_scrape.py for tasks to queue
[2024-08-22T12:32:22.962+0000] {logging_mixin.py:190} INFO - [2024-08-22T12:32:22.961+0000] {dagbag.py:587} INFO - Filling up the DagBag from /opt/airflow/dags/dag_news_scrape.py
[2024-08-22T12:32:22.970+0000] {processor.py:925} INFO - DAG(s) 'dag_diplomski_v1' retrieved from /opt/airflow/dags/dag_news_scrape.py
[2024-08-22T12:32:22.990+0000] {logging_mixin.py:190} INFO - [2024-08-22T12:32:22.989+0000] {dag.py:3211} INFO - Sync 1 DAGs
[2024-08-22T12:32:23.006+0000] {logging_mixin.py:190} INFO - [2024-08-22T12:32:23.006+0000] {dag.py:4138} INFO - Setting next_dagrun for dag_diplomski_v1 to 2024-08-22 00:00:00+00:00, run_after=2024-08-23 00:00:00+00:00
[2024-08-22T12:32:23.018+0000] {processor.py:208} INFO - Processing /opt/airflow/dags/dag_news_scrape.py took 0.070 seconds
[2024-08-22T12:32:53.717+0000] {processor.py:186} INFO - Started process (PID=591) to work on /opt/airflow/dags/dag_news_scrape.py
[2024-08-22T12:32:53.718+0000] {processor.py:914} INFO - Processing file /opt/airflow/dags/dag_news_scrape.py for tasks to queue
[2024-08-22T12:32:53.719+0000] {logging_mixin.py:190} INFO - [2024-08-22T12:32:53.719+0000] {dagbag.py:587} INFO - Filling up the DagBag from /opt/airflow/dags/dag_news_scrape.py
[2024-08-22T12:32:53.728+0000] {processor.py:925} INFO - DAG(s) 'dag_diplomski_v1' retrieved from /opt/airflow/dags/dag_news_scrape.py
[2024-08-22T12:32:53.748+0000] {logging_mixin.py:190} INFO - [2024-08-22T12:32:53.748+0000] {dag.py:3211} INFO - Sync 1 DAGs
[2024-08-22T12:32:53.770+0000] {logging_mixin.py:190} INFO - [2024-08-22T12:32:53.770+0000] {dag.py:4138} INFO - Setting next_dagrun for dag_diplomski_v1 to 2024-08-22 00:00:00+00:00, run_after=2024-08-23 00:00:00+00:00
[2024-08-22T12:32:53.790+0000] {processor.py:208} INFO - Processing /opt/airflow/dags/dag_news_scrape.py took 0.079 seconds
[2024-08-22T12:33:24.236+0000] {processor.py:186} INFO - Started process (PID=622) to work on /opt/airflow/dags/dag_news_scrape.py
[2024-08-22T12:33:24.237+0000] {processor.py:914} INFO - Processing file /opt/airflow/dags/dag_news_scrape.py for tasks to queue
[2024-08-22T12:33:24.239+0000] {logging_mixin.py:190} INFO - [2024-08-22T12:33:24.239+0000] {dagbag.py:587} INFO - Filling up the DagBag from /opt/airflow/dags/dag_news_scrape.py
[2024-08-22T12:33:24.248+0000] {processor.py:925} INFO - DAG(s) 'dag_diplomski_v1' retrieved from /opt/airflow/dags/dag_news_scrape.py
[2024-08-22T12:33:24.268+0000] {logging_mixin.py:190} INFO - [2024-08-22T12:33:24.268+0000] {dag.py:3211} INFO - Sync 1 DAGs
[2024-08-22T12:33:24.285+0000] {logging_mixin.py:190} INFO - [2024-08-22T12:33:24.284+0000] {dag.py:4138} INFO - Setting next_dagrun for dag_diplomski_v1 to 2024-08-22 00:00:00+00:00, run_after=2024-08-23 00:00:00+00:00
[2024-08-22T12:33:24.303+0000] {processor.py:208} INFO - Processing /opt/airflow/dags/dag_news_scrape.py took 0.077 seconds
[2024-08-22T12:33:54.746+0000] {processor.py:186} INFO - Started process (PID=652) to work on /opt/airflow/dags/dag_news_scrape.py
[2024-08-22T12:33:54.748+0000] {processor.py:914} INFO - Processing file /opt/airflow/dags/dag_news_scrape.py for tasks to queue
[2024-08-22T12:33:54.751+0000] {logging_mixin.py:190} INFO - [2024-08-22T12:33:54.751+0000] {dagbag.py:587} INFO - Filling up the DagBag from /opt/airflow/dags/dag_news_scrape.py
[2024-08-22T12:33:54.761+0000] {processor.py:925} INFO - DAG(s) 'dag_diplomski_v1' retrieved from /opt/airflow/dags/dag_news_scrape.py
[2024-08-22T12:33:54.780+0000] {logging_mixin.py:190} INFO - [2024-08-22T12:33:54.780+0000] {dag.py:3211} INFO - Sync 1 DAGs
[2024-08-22T12:33:54.798+0000] {logging_mixin.py:190} INFO - [2024-08-22T12:33:54.798+0000] {dag.py:4138} INFO - Setting next_dagrun for dag_diplomski_v1 to 2024-08-22 00:00:00+00:00, run_after=2024-08-23 00:00:00+00:00
[2024-08-22T12:33:54.817+0000] {processor.py:208} INFO - Processing /opt/airflow/dags/dag_news_scrape.py took 0.085 seconds
[2024-08-22T12:34:25.221+0000] {processor.py:186} INFO - Started process (PID=683) to work on /opt/airflow/dags/dag_news_scrape.py
[2024-08-22T12:34:25.222+0000] {processor.py:914} INFO - Processing file /opt/airflow/dags/dag_news_scrape.py for tasks to queue
[2024-08-22T12:34:25.224+0000] {logging_mixin.py:190} INFO - [2024-08-22T12:34:25.224+0000] {dagbag.py:587} INFO - Filling up the DagBag from /opt/airflow/dags/dag_news_scrape.py
[2024-08-22T12:34:25.236+0000] {processor.py:925} INFO - DAG(s) 'dag_diplomski_v1' retrieved from /opt/airflow/dags/dag_news_scrape.py
[2024-08-22T12:34:25.261+0000] {logging_mixin.py:190} INFO - [2024-08-22T12:34:25.261+0000] {dag.py:3211} INFO - Sync 1 DAGs
[2024-08-22T12:34:25.283+0000] {logging_mixin.py:190} INFO - [2024-08-22T12:34:25.283+0000] {dag.py:4138} INFO - Setting next_dagrun for dag_diplomski_v1 to 2024-08-22 00:00:00+00:00, run_after=2024-08-23 00:00:00+00:00
[2024-08-22T12:34:25.304+0000] {processor.py:208} INFO - Processing /opt/airflow/dags/dag_news_scrape.py took 0.089 seconds
[2024-08-22T12:34:55.746+0000] {processor.py:186} INFO - Started process (PID=714) to work on /opt/airflow/dags/dag_news_scrape.py
[2024-08-22T12:34:55.747+0000] {processor.py:914} INFO - Processing file /opt/airflow/dags/dag_news_scrape.py for tasks to queue
[2024-08-22T12:34:55.749+0000] {logging_mixin.py:190} INFO - [2024-08-22T12:34:55.749+0000] {dagbag.py:587} INFO - Filling up the DagBag from /opt/airflow/dags/dag_news_scrape.py
[2024-08-22T12:34:55.758+0000] {processor.py:925} INFO - DAG(s) 'dag_diplomski_v1' retrieved from /opt/airflow/dags/dag_news_scrape.py
[2024-08-22T12:34:55.777+0000] {logging_mixin.py:190} INFO - [2024-08-22T12:34:55.777+0000] {dag.py:3211} INFO - Sync 1 DAGs
[2024-08-22T12:34:55.794+0000] {logging_mixin.py:190} INFO - [2024-08-22T12:34:55.794+0000] {dag.py:4138} INFO - Setting next_dagrun for dag_diplomski_v1 to 2024-08-22 00:00:00+00:00, run_after=2024-08-23 00:00:00+00:00
[2024-08-22T12:34:55.813+0000] {processor.py:208} INFO - Processing /opt/airflow/dags/dag_news_scrape.py took 0.073 seconds
[2024-08-22T12:35:26.237+0000] {processor.py:186} INFO - Started process (PID=745) to work on /opt/airflow/dags/dag_news_scrape.py
[2024-08-22T12:35:26.237+0000] {processor.py:914} INFO - Processing file /opt/airflow/dags/dag_news_scrape.py for tasks to queue
[2024-08-22T12:35:26.240+0000] {logging_mixin.py:190} INFO - [2024-08-22T12:35:26.239+0000] {dagbag.py:587} INFO - Filling up the DagBag from /opt/airflow/dags/dag_news_scrape.py
[2024-08-22T12:35:26.249+0000] {processor.py:925} INFO - DAG(s) 'dag_diplomski_v1' retrieved from /opt/airflow/dags/dag_news_scrape.py
[2024-08-22T12:35:26.267+0000] {logging_mixin.py:190} INFO - [2024-08-22T12:35:26.267+0000] {dag.py:3211} INFO - Sync 1 DAGs
[2024-08-22T12:35:26.284+0000] {logging_mixin.py:190} INFO - [2024-08-22T12:35:26.284+0000] {dag.py:4138} INFO - Setting next_dagrun for dag_diplomski_v1 to 2024-08-22 00:00:00+00:00, run_after=2024-08-23 00:00:00+00:00
[2024-08-22T12:35:26.418+0000] {processor.py:208} INFO - Processing /opt/airflow/dags/dag_news_scrape.py took 0.187 seconds
[2024-08-22T12:35:56.661+0000] {processor.py:186} INFO - Started process (PID=776) to work on /opt/airflow/dags/dag_news_scrape.py
[2024-08-22T12:35:56.663+0000] {processor.py:914} INFO - Processing file /opt/airflow/dags/dag_news_scrape.py for tasks to queue
[2024-08-22T12:35:56.665+0000] {logging_mixin.py:190} INFO - [2024-08-22T12:35:56.665+0000] {dagbag.py:587} INFO - Filling up the DagBag from /opt/airflow/dags/dag_news_scrape.py
[2024-08-22T12:35:56.675+0000] {processor.py:925} INFO - DAG(s) 'dag_diplomski_v1' retrieved from /opt/airflow/dags/dag_news_scrape.py
[2024-08-22T12:35:56.696+0000] {logging_mixin.py:190} INFO - [2024-08-22T12:35:56.696+0000] {dag.py:3211} INFO - Sync 1 DAGs
[2024-08-22T12:35:56.714+0000] {logging_mixin.py:190} INFO - [2024-08-22T12:35:56.714+0000] {dag.py:4138} INFO - Setting next_dagrun for dag_diplomski_v1 to 2024-08-22 00:00:00+00:00, run_after=2024-08-23 00:00:00+00:00
[2024-08-22T12:35:56.735+0000] {processor.py:208} INFO - Processing /opt/airflow/dags/dag_news_scrape.py took 0.079 seconds
[2024-08-22T12:36:27.174+0000] {processor.py:186} INFO - Started process (PID=807) to work on /opt/airflow/dags/dag_news_scrape.py
[2024-08-22T12:36:27.175+0000] {processor.py:914} INFO - Processing file /opt/airflow/dags/dag_news_scrape.py for tasks to queue
[2024-08-22T12:36:27.177+0000] {logging_mixin.py:190} INFO - [2024-08-22T12:36:27.176+0000] {dagbag.py:587} INFO - Filling up the DagBag from /opt/airflow/dags/dag_news_scrape.py
[2024-08-22T12:36:27.185+0000] {processor.py:925} INFO - DAG(s) 'dag_diplomski_v1' retrieved from /opt/airflow/dags/dag_news_scrape.py
[2024-08-22T12:36:27.205+0000] {logging_mixin.py:190} INFO - [2024-08-22T12:36:27.204+0000] {dag.py:3211} INFO - Sync 1 DAGs
[2024-08-22T12:36:27.224+0000] {logging_mixin.py:190} INFO - [2024-08-22T12:36:27.224+0000] {dag.py:4138} INFO - Setting next_dagrun for dag_diplomski_v1 to 2024-08-22 00:00:00+00:00, run_after=2024-08-23 00:00:00+00:00
[2024-08-22T12:36:27.243+0000] {processor.py:208} INFO - Processing /opt/airflow/dags/dag_news_scrape.py took 0.075 seconds
[2024-08-22T12:36:57.679+0000] {processor.py:186} INFO - Started process (PID=846) to work on /opt/airflow/dags/dag_news_scrape.py
[2024-08-22T12:36:57.680+0000] {processor.py:914} INFO - Processing file /opt/airflow/dags/dag_news_scrape.py for tasks to queue
[2024-08-22T12:36:57.682+0000] {logging_mixin.py:190} INFO - [2024-08-22T12:36:57.682+0000] {dagbag.py:587} INFO - Filling up the DagBag from /opt/airflow/dags/dag_news_scrape.py
[2024-08-22T12:36:57.691+0000] {processor.py:925} INFO - DAG(s) 'dag_diplomski_v1' retrieved from /opt/airflow/dags/dag_news_scrape.py
[2024-08-22T12:36:57.713+0000] {logging_mixin.py:190} INFO - [2024-08-22T12:36:57.713+0000] {dag.py:3211} INFO - Sync 1 DAGs
[2024-08-22T12:36:57.731+0000] {logging_mixin.py:190} INFO - [2024-08-22T12:36:57.731+0000] {dag.py:4138} INFO - Setting next_dagrun for dag_diplomski_v1 to 2024-08-22 00:00:00+00:00, run_after=2024-08-23 00:00:00+00:00
[2024-08-22T12:36:57.748+0000] {processor.py:208} INFO - Processing /opt/airflow/dags/dag_news_scrape.py took 0.074 seconds
[2024-08-22T12:37:28.233+0000] {processor.py:186} INFO - Started process (PID=879) to work on /opt/airflow/dags/dag_news_scrape.py
[2024-08-22T12:37:28.234+0000] {processor.py:914} INFO - Processing file /opt/airflow/dags/dag_news_scrape.py for tasks to queue
[2024-08-22T12:37:28.237+0000] {logging_mixin.py:190} INFO - [2024-08-22T12:37:28.236+0000] {dagbag.py:587} INFO - Filling up the DagBag from /opt/airflow/dags/dag_news_scrape.py
[2024-08-22T12:37:28.246+0000] {processor.py:925} INFO - DAG(s) 'dag_diplomski_v1' retrieved from /opt/airflow/dags/dag_news_scrape.py
[2024-08-22T12:37:28.265+0000] {logging_mixin.py:190} INFO - [2024-08-22T12:37:28.265+0000] {dag.py:3211} INFO - Sync 1 DAGs
[2024-08-22T12:37:28.282+0000] {logging_mixin.py:190} INFO - [2024-08-22T12:37:28.282+0000] {dag.py:4138} INFO - Setting next_dagrun for dag_diplomski_v1 to 2024-08-22 00:00:00+00:00, run_after=2024-08-23 00:00:00+00:00
[2024-08-22T12:37:28.301+0000] {processor.py:208} INFO - Processing /opt/airflow/dags/dag_news_scrape.py took 0.078 seconds
[2024-08-22T12:37:58.731+0000] {processor.py:186} INFO - Started process (PID=910) to work on /opt/airflow/dags/dag_news_scrape.py
[2024-08-22T12:37:58.732+0000] {processor.py:914} INFO - Processing file /opt/airflow/dags/dag_news_scrape.py for tasks to queue
[2024-08-22T12:37:58.734+0000] {logging_mixin.py:190} INFO - [2024-08-22T12:37:58.733+0000] {dagbag.py:587} INFO - Filling up the DagBag from /opt/airflow/dags/dag_news_scrape.py
[2024-08-22T12:37:58.743+0000] {processor.py:925} INFO - DAG(s) 'dag_diplomski_v1' retrieved from /opt/airflow/dags/dag_news_scrape.py
[2024-08-22T12:37:58.764+0000] {logging_mixin.py:190} INFO - [2024-08-22T12:37:58.764+0000] {dag.py:3211} INFO - Sync 1 DAGs
[2024-08-22T12:37:58.782+0000] {logging_mixin.py:190} INFO - [2024-08-22T12:37:58.782+0000] {dag.py:4138} INFO - Setting next_dagrun for dag_diplomski_v1 to 2024-08-22 00:00:00+00:00, run_after=2024-08-23 00:00:00+00:00
[2024-08-22T12:37:58.803+0000] {processor.py:208} INFO - Processing /opt/airflow/dags/dag_news_scrape.py took 0.078 seconds
[2024-08-22T12:38:29.248+0000] {processor.py:186} INFO - Started process (PID=941) to work on /opt/airflow/dags/dag_news_scrape.py
[2024-08-22T12:38:29.249+0000] {processor.py:914} INFO - Processing file /opt/airflow/dags/dag_news_scrape.py for tasks to queue
[2024-08-22T12:38:29.251+0000] {logging_mixin.py:190} INFO - [2024-08-22T12:38:29.251+0000] {dagbag.py:587} INFO - Filling up the DagBag from /opt/airflow/dags/dag_news_scrape.py
[2024-08-22T12:38:29.260+0000] {processor.py:925} INFO - DAG(s) 'dag_diplomski_v1' retrieved from /opt/airflow/dags/dag_news_scrape.py
[2024-08-22T12:38:29.282+0000] {logging_mixin.py:190} INFO - [2024-08-22T12:38:29.281+0000] {dag.py:3211} INFO - Sync 1 DAGs
[2024-08-22T12:38:29.301+0000] {logging_mixin.py:190} INFO - [2024-08-22T12:38:29.301+0000] {dag.py:4138} INFO - Setting next_dagrun for dag_diplomski_v1 to 2024-08-22 00:00:00+00:00, run_after=2024-08-23 00:00:00+00:00
[2024-08-22T12:38:29.322+0000] {processor.py:208} INFO - Processing /opt/airflow/dags/dag_news_scrape.py took 0.079 seconds
[2024-08-22T12:38:59.770+0000] {processor.py:186} INFO - Started process (PID=972) to work on /opt/airflow/dags/dag_news_scrape.py
[2024-08-22T12:38:59.771+0000] {processor.py:914} INFO - Processing file /opt/airflow/dags/dag_news_scrape.py for tasks to queue
[2024-08-22T12:38:59.773+0000] {logging_mixin.py:190} INFO - [2024-08-22T12:38:59.773+0000] {dagbag.py:587} INFO - Filling up the DagBag from /opt/airflow/dags/dag_news_scrape.py
[2024-08-22T12:38:59.782+0000] {processor.py:925} INFO - DAG(s) 'dag_diplomski_v1' retrieved from /opt/airflow/dags/dag_news_scrape.py
[2024-08-22T12:38:59.801+0000] {logging_mixin.py:190} INFO - [2024-08-22T12:38:59.801+0000] {dag.py:3211} INFO - Sync 1 DAGs
[2024-08-22T12:38:59.820+0000] {logging_mixin.py:190} INFO - [2024-08-22T12:38:59.819+0000] {dag.py:4138} INFO - Setting next_dagrun for dag_diplomski_v1 to 2024-08-22 00:00:00+00:00, run_after=2024-08-23 00:00:00+00:00
[2024-08-22T12:38:59.840+0000] {processor.py:208} INFO - Processing /opt/airflow/dags/dag_news_scrape.py took 0.079 seconds
[2024-08-22T12:39:30.295+0000] {processor.py:186} INFO - Started process (PID=1003) to work on /opt/airflow/dags/dag_news_scrape.py
[2024-08-22T12:39:30.296+0000] {processor.py:914} INFO - Processing file /opt/airflow/dags/dag_news_scrape.py for tasks to queue
[2024-08-22T12:39:30.299+0000] {logging_mixin.py:190} INFO - [2024-08-22T12:39:30.298+0000] {dagbag.py:587} INFO - Filling up the DagBag from /opt/airflow/dags/dag_news_scrape.py
[2024-08-22T12:39:30.307+0000] {processor.py:925} INFO - DAG(s) 'dag_diplomski_v1' retrieved from /opt/airflow/dags/dag_news_scrape.py
[2024-08-22T12:39:30.327+0000] {logging_mixin.py:190} INFO - [2024-08-22T12:39:30.327+0000] {dag.py:3211} INFO - Sync 1 DAGs
[2024-08-22T12:39:30.343+0000] {logging_mixin.py:190} INFO - [2024-08-22T12:39:30.343+0000] {dag.py:4138} INFO - Setting next_dagrun for dag_diplomski_v1 to 2024-08-22 00:00:00+00:00, run_after=2024-08-23 00:00:00+00:00
[2024-08-22T12:39:30.362+0000] {processor.py:208} INFO - Processing /opt/airflow/dags/dag_news_scrape.py took 0.076 seconds
[2024-08-22T12:40:00.793+0000] {processor.py:186} INFO - Started process (PID=1034) to work on /opt/airflow/dags/dag_news_scrape.py
[2024-08-22T12:40:00.794+0000] {processor.py:914} INFO - Processing file /opt/airflow/dags/dag_news_scrape.py for tasks to queue
[2024-08-22T12:40:00.796+0000] {logging_mixin.py:190} INFO - [2024-08-22T12:40:00.796+0000] {dagbag.py:587} INFO - Filling up the DagBag from /opt/airflow/dags/dag_news_scrape.py
[2024-08-22T12:40:00.805+0000] {processor.py:925} INFO - DAG(s) 'dag_diplomski_v1' retrieved from /opt/airflow/dags/dag_news_scrape.py
[2024-08-22T12:40:00.824+0000] {logging_mixin.py:190} INFO - [2024-08-22T12:40:00.824+0000] {dag.py:3211} INFO - Sync 1 DAGs
[2024-08-22T12:40:00.841+0000] {logging_mixin.py:190} INFO - [2024-08-22T12:40:00.841+0000] {dag.py:4138} INFO - Setting next_dagrun for dag_diplomski_v1 to 2024-08-22 00:00:00+00:00, run_after=2024-08-23 00:00:00+00:00
[2024-08-22T12:40:00.861+0000] {processor.py:208} INFO - Processing /opt/airflow/dags/dag_news_scrape.py took 0.074 seconds
[2024-08-22T12:40:31.317+0000] {processor.py:186} INFO - Started process (PID=1064) to work on /opt/airflow/dags/dag_news_scrape.py
[2024-08-22T12:40:31.318+0000] {processor.py:914} INFO - Processing file /opt/airflow/dags/dag_news_scrape.py for tasks to queue
[2024-08-22T12:40:31.321+0000] {logging_mixin.py:190} INFO - [2024-08-22T12:40:31.320+0000] {dagbag.py:587} INFO - Filling up the DagBag from /opt/airflow/dags/dag_news_scrape.py
[2024-08-22T12:40:31.329+0000] {processor.py:925} INFO - DAG(s) 'dag_diplomski_v1' retrieved from /opt/airflow/dags/dag_news_scrape.py
[2024-08-22T12:40:31.349+0000] {logging_mixin.py:190} INFO - [2024-08-22T12:40:31.348+0000] {dag.py:3211} INFO - Sync 1 DAGs
[2024-08-22T12:40:31.367+0000] {logging_mixin.py:190} INFO - [2024-08-22T12:40:31.367+0000] {dag.py:4138} INFO - Setting next_dagrun for dag_diplomski_v1 to 2024-08-22 00:00:00+00:00, run_after=2024-08-23 00:00:00+00:00
[2024-08-22T12:40:31.385+0000] {processor.py:208} INFO - Processing /opt/airflow/dags/dag_news_scrape.py took 0.078 seconds
[2024-08-22T12:41:02.112+0000] {processor.py:186} INFO - Started process (PID=1094) to work on /opt/airflow/dags/dag_news_scrape.py
[2024-08-22T12:41:02.113+0000] {processor.py:914} INFO - Processing file /opt/airflow/dags/dag_news_scrape.py for tasks to queue
[2024-08-22T12:41:02.115+0000] {logging_mixin.py:190} INFO - [2024-08-22T12:41:02.114+0000] {dagbag.py:587} INFO - Filling up the DagBag from /opt/airflow/dags/dag_news_scrape.py
[2024-08-22T12:41:02.124+0000] {processor.py:925} INFO - DAG(s) 'dag_diplomski_v1' retrieved from /opt/airflow/dags/dag_news_scrape.py
[2024-08-22T12:41:02.143+0000] {logging_mixin.py:190} INFO - [2024-08-22T12:41:02.143+0000] {dag.py:3211} INFO - Sync 1 DAGs
[2024-08-22T12:41:02.160+0000] {logging_mixin.py:190} INFO - [2024-08-22T12:41:02.160+0000] {dag.py:4138} INFO - Setting next_dagrun for dag_diplomski_v1 to 2024-08-22 00:00:00+00:00, run_after=2024-08-23 00:00:00+00:00
[2024-08-22T12:41:02.300+0000] {processor.py:208} INFO - Processing /opt/airflow/dags/dag_news_scrape.py took 0.195 seconds
[2024-08-22T12:41:32.763+0000] {processor.py:186} INFO - Started process (PID=1125) to work on /opt/airflow/dags/dag_news_scrape.py
[2024-08-22T12:41:32.764+0000] {processor.py:914} INFO - Processing file /opt/airflow/dags/dag_news_scrape.py for tasks to queue
[2024-08-22T12:41:32.769+0000] {logging_mixin.py:190} INFO - [2024-08-22T12:41:32.769+0000] {dagbag.py:587} INFO - Filling up the DagBag from /opt/airflow/dags/dag_news_scrape.py
[2024-08-22T12:41:32.778+0000] {processor.py:925} INFO - DAG(s) 'dag_diplomski_v1' retrieved from /opt/airflow/dags/dag_news_scrape.py
[2024-08-22T12:41:32.799+0000] {logging_mixin.py:190} INFO - [2024-08-22T12:41:32.799+0000] {dag.py:3211} INFO - Sync 1 DAGs
[2024-08-22T12:41:32.816+0000] {logging_mixin.py:190} INFO - [2024-08-22T12:41:32.816+0000] {dag.py:4138} INFO - Setting next_dagrun for dag_diplomski_v1 to 2024-08-22 00:00:00+00:00, run_after=2024-08-23 00:00:00+00:00
[2024-08-22T12:41:32.828+0000] {processor.py:208} INFO - Processing /opt/airflow/dags/dag_news_scrape.py took 0.072 seconds
[2024-08-22T12:42:03.299+0000] {processor.py:186} INFO - Started process (PID=1156) to work on /opt/airflow/dags/dag_news_scrape.py
[2024-08-22T12:42:03.300+0000] {processor.py:914} INFO - Processing file /opt/airflow/dags/dag_news_scrape.py for tasks to queue
[2024-08-22T12:42:03.302+0000] {logging_mixin.py:190} INFO - [2024-08-22T12:42:03.302+0000] {dagbag.py:587} INFO - Filling up the DagBag from /opt/airflow/dags/dag_news_scrape.py
[2024-08-22T12:42:03.311+0000] {processor.py:925} INFO - DAG(s) 'dag_diplomski_v1' retrieved from /opt/airflow/dags/dag_news_scrape.py
[2024-08-22T12:42:03.331+0000] {logging_mixin.py:190} INFO - [2024-08-22T12:42:03.331+0000] {dag.py:3211} INFO - Sync 1 DAGs
[2024-08-22T12:42:03.348+0000] {logging_mixin.py:190} INFO - [2024-08-22T12:42:03.348+0000] {dag.py:4138} INFO - Setting next_dagrun for dag_diplomski_v1 to 2024-08-22 00:00:00+00:00, run_after=2024-08-23 00:00:00+00:00
[2024-08-22T12:42:03.360+0000] {processor.py:208} INFO - Processing /opt/airflow/dags/dag_news_scrape.py took 0.067 seconds
[2024-08-22T12:42:33.822+0000] {processor.py:186} INFO - Started process (PID=1187) to work on /opt/airflow/dags/dag_news_scrape.py
[2024-08-22T12:42:33.824+0000] {processor.py:914} INFO - Processing file /opt/airflow/dags/dag_news_scrape.py for tasks to queue
[2024-08-22T12:42:33.826+0000] {logging_mixin.py:190} INFO - [2024-08-22T12:42:33.825+0000] {dagbag.py:587} INFO - Filling up the DagBag from /opt/airflow/dags/dag_news_scrape.py
[2024-08-22T12:42:33.834+0000] {processor.py:925} INFO - DAG(s) 'dag_diplomski_v1' retrieved from /opt/airflow/dags/dag_news_scrape.py
[2024-08-22T12:42:33.854+0000] {logging_mixin.py:190} INFO - [2024-08-22T12:42:33.853+0000] {dag.py:3211} INFO - Sync 1 DAGs
[2024-08-22T12:42:33.871+0000] {logging_mixin.py:190} INFO - [2024-08-22T12:42:33.871+0000] {dag.py:4138} INFO - Setting next_dagrun for dag_diplomski_v1 to 2024-08-22 00:00:00+00:00, run_after=2024-08-23 00:00:00+00:00
[2024-08-22T12:42:33.890+0000] {processor.py:208} INFO - Processing /opt/airflow/dags/dag_news_scrape.py took 0.077 seconds
[2024-08-22T12:43:04.340+0000] {processor.py:186} INFO - Started process (PID=1218) to work on /opt/airflow/dags/dag_news_scrape.py
[2024-08-22T12:43:04.341+0000] {processor.py:914} INFO - Processing file /opt/airflow/dags/dag_news_scrape.py for tasks to queue
[2024-08-22T12:43:04.343+0000] {logging_mixin.py:190} INFO - [2024-08-22T12:43:04.343+0000] {dagbag.py:587} INFO - Filling up the DagBag from /opt/airflow/dags/dag_news_scrape.py
[2024-08-22T12:43:04.353+0000] {processor.py:925} INFO - DAG(s) 'dag_diplomski_v1' retrieved from /opt/airflow/dags/dag_news_scrape.py
[2024-08-22T12:43:04.374+0000] {logging_mixin.py:190} INFO - [2024-08-22T12:43:04.374+0000] {dag.py:3211} INFO - Sync 1 DAGs
[2024-08-22T12:43:04.394+0000] {logging_mixin.py:190} INFO - [2024-08-22T12:43:04.393+0000] {dag.py:4138} INFO - Setting next_dagrun for dag_diplomski_v1 to 2024-08-22 00:00:00+00:00, run_after=2024-08-23 00:00:00+00:00
[2024-08-22T12:43:04.415+0000] {processor.py:208} INFO - Processing /opt/airflow/dags/dag_news_scrape.py took 0.080 seconds
[2024-08-22T12:43:34.864+0000] {processor.py:186} INFO - Started process (PID=1249) to work on /opt/airflow/dags/dag_news_scrape.py
[2024-08-22T12:43:34.865+0000] {processor.py:914} INFO - Processing file /opt/airflow/dags/dag_news_scrape.py for tasks to queue
[2024-08-22T12:43:34.868+0000] {logging_mixin.py:190} INFO - [2024-08-22T12:43:34.867+0000] {dagbag.py:587} INFO - Filling up the DagBag from /opt/airflow/dags/dag_news_scrape.py
[2024-08-22T12:43:34.876+0000] {processor.py:925} INFO - DAG(s) 'dag_diplomski_v1' retrieved from /opt/airflow/dags/dag_news_scrape.py
[2024-08-22T12:43:34.898+0000] {logging_mixin.py:190} INFO - [2024-08-22T12:43:34.898+0000] {dag.py:3211} INFO - Sync 1 DAGs
[2024-08-22T12:43:34.917+0000] {logging_mixin.py:190} INFO - [2024-08-22T12:43:34.917+0000] {dag.py:4138} INFO - Setting next_dagrun for dag_diplomski_v1 to 2024-08-22 00:00:00+00:00, run_after=2024-08-23 00:00:00+00:00
[2024-08-22T12:43:35.067+0000] {processor.py:208} INFO - Processing /opt/airflow/dags/dag_news_scrape.py took 0.209 seconds
[2024-08-22T12:44:05.379+0000] {processor.py:186} INFO - Started process (PID=1280) to work on /opt/airflow/dags/dag_news_scrape.py
[2024-08-22T12:44:05.380+0000] {processor.py:914} INFO - Processing file /opt/airflow/dags/dag_news_scrape.py for tasks to queue
[2024-08-22T12:44:05.384+0000] {logging_mixin.py:190} INFO - [2024-08-22T12:44:05.384+0000] {dagbag.py:587} INFO - Filling up the DagBag from /opt/airflow/dags/dag_news_scrape.py
[2024-08-22T12:44:05.395+0000] {processor.py:925} INFO - DAG(s) 'dag_diplomski_v1' retrieved from /opt/airflow/dags/dag_news_scrape.py
[2024-08-22T12:44:05.414+0000] {logging_mixin.py:190} INFO - [2024-08-22T12:44:05.414+0000] {dag.py:3211} INFO - Sync 1 DAGs
[2024-08-22T12:44:05.432+0000] {logging_mixin.py:190} INFO - [2024-08-22T12:44:05.432+0000] {dag.py:4138} INFO - Setting next_dagrun for dag_diplomski_v1 to 2024-08-22 00:00:00+00:00, run_after=2024-08-23 00:00:00+00:00
[2024-08-22T12:44:05.445+0000] {processor.py:208} INFO - Processing /opt/airflow/dags/dag_news_scrape.py took 0.071 seconds
[2024-08-22T12:44:35.898+0000] {processor.py:186} INFO - Started process (PID=1311) to work on /opt/airflow/dags/dag_news_scrape.py
[2024-08-22T12:44:35.899+0000] {processor.py:914} INFO - Processing file /opt/airflow/dags/dag_news_scrape.py for tasks to queue
[2024-08-22T12:44:35.902+0000] {logging_mixin.py:190} INFO - [2024-08-22T12:44:35.901+0000] {dagbag.py:587} INFO - Filling up the DagBag from /opt/airflow/dags/dag_news_scrape.py
[2024-08-22T12:44:35.910+0000] {processor.py:925} INFO - DAG(s) 'dag_diplomski_v1' retrieved from /opt/airflow/dags/dag_news_scrape.py
[2024-08-22T12:44:35.930+0000] {logging_mixin.py:190} INFO - [2024-08-22T12:44:35.930+0000] {dag.py:3211} INFO - Sync 1 DAGs
[2024-08-22T12:44:35.947+0000] {logging_mixin.py:190} INFO - [2024-08-22T12:44:35.947+0000] {dag.py:4138} INFO - Setting next_dagrun for dag_diplomski_v1 to 2024-08-22 00:00:00+00:00, run_after=2024-08-23 00:00:00+00:00
[2024-08-22T12:44:35.960+0000] {processor.py:208} INFO - Processing /opt/airflow/dags/dag_news_scrape.py took 0.067 seconds
[2024-08-22T12:45:06.327+0000] {processor.py:186} INFO - Started process (PID=1341) to work on /opt/airflow/dags/dag_news_scrape.py
[2024-08-22T12:45:06.328+0000] {processor.py:914} INFO - Processing file /opt/airflow/dags/dag_news_scrape.py for tasks to queue
[2024-08-22T12:45:06.330+0000] {logging_mixin.py:190} INFO - [2024-08-22T12:45:06.329+0000] {dagbag.py:587} INFO - Filling up the DagBag from /opt/airflow/dags/dag_news_scrape.py
[2024-08-22T12:45:06.339+0000] {processor.py:925} INFO - DAG(s) 'dag_diplomski_v1' retrieved from /opt/airflow/dags/dag_news_scrape.py
[2024-08-22T12:45:06.359+0000] {logging_mixin.py:190} INFO - [2024-08-22T12:45:06.359+0000] {dag.py:3211} INFO - Sync 1 DAGs
[2024-08-22T12:45:06.378+0000] {logging_mixin.py:190} INFO - [2024-08-22T12:45:06.378+0000] {dag.py:4138} INFO - Setting next_dagrun for dag_diplomski_v1 to 2024-08-22 00:00:00+00:00, run_after=2024-08-23 00:00:00+00:00
[2024-08-22T12:45:06.391+0000] {processor.py:208} INFO - Processing /opt/airflow/dags/dag_news_scrape.py took 0.069 seconds
[2024-08-22T12:45:36.842+0000] {processor.py:186} INFO - Started process (PID=1372) to work on /opt/airflow/dags/dag_news_scrape.py
[2024-08-22T12:45:36.843+0000] {processor.py:914} INFO - Processing file /opt/airflow/dags/dag_news_scrape.py for tasks to queue
[2024-08-22T12:45:36.846+0000] {logging_mixin.py:190} INFO - [2024-08-22T12:45:36.845+0000] {dagbag.py:587} INFO - Filling up the DagBag from /opt/airflow/dags/dag_news_scrape.py
[2024-08-22T12:45:36.854+0000] {processor.py:925} INFO - DAG(s) 'dag_diplomski_v1' retrieved from /opt/airflow/dags/dag_news_scrape.py
[2024-08-22T12:45:36.873+0000] {logging_mixin.py:190} INFO - [2024-08-22T12:45:36.873+0000] {dag.py:3211} INFO - Sync 1 DAGs
[2024-08-22T12:45:36.892+0000] {logging_mixin.py:190} INFO - [2024-08-22T12:45:36.892+0000] {dag.py:4138} INFO - Setting next_dagrun for dag_diplomski_v1 to 2024-08-22 00:00:00+00:00, run_after=2024-08-23 00:00:00+00:00
[2024-08-22T12:45:36.911+0000] {processor.py:208} INFO - Processing /opt/airflow/dags/dag_news_scrape.py took 0.074 seconds
[2024-08-22T12:46:07.346+0000] {processor.py:186} INFO - Started process (PID=1403) to work on /opt/airflow/dags/dag_news_scrape.py
[2024-08-22T12:46:07.347+0000] {processor.py:914} INFO - Processing file /opt/airflow/dags/dag_news_scrape.py for tasks to queue
[2024-08-22T12:46:07.350+0000] {logging_mixin.py:190} INFO - [2024-08-22T12:46:07.350+0000] {dagbag.py:587} INFO - Filling up the DagBag from /opt/airflow/dags/dag_news_scrape.py
[2024-08-22T12:46:07.359+0000] {processor.py:925} INFO - DAG(s) 'dag_diplomski_v1' retrieved from /opt/airflow/dags/dag_news_scrape.py
[2024-08-22T12:46:07.378+0000] {logging_mixin.py:190} INFO - [2024-08-22T12:46:07.378+0000] {dag.py:3211} INFO - Sync 1 DAGs
[2024-08-22T12:46:07.395+0000] {logging_mixin.py:190} INFO - [2024-08-22T12:46:07.395+0000] {dag.py:4138} INFO - Setting next_dagrun for dag_diplomski_v1 to 2024-08-22 00:00:00+00:00, run_after=2024-08-23 00:00:00+00:00
[2024-08-22T12:46:07.415+0000] {processor.py:208} INFO - Processing /opt/airflow/dags/dag_news_scrape.py took 0.078 seconds
[2024-08-22T12:46:38.123+0000] {processor.py:186} INFO - Started process (PID=1433) to work on /opt/airflow/dags/dag_news_scrape.py
[2024-08-22T12:46:38.124+0000] {processor.py:914} INFO - Processing file /opt/airflow/dags/dag_news_scrape.py for tasks to queue
[2024-08-22T12:46:38.126+0000] {logging_mixin.py:190} INFO - [2024-08-22T12:46:38.126+0000] {dagbag.py:587} INFO - Filling up the DagBag from /opt/airflow/dags/dag_news_scrape.py
[2024-08-22T12:46:38.135+0000] {processor.py:925} INFO - DAG(s) 'dag_diplomski_v1' retrieved from /opt/airflow/dags/dag_news_scrape.py
[2024-08-22T12:46:38.154+0000] {logging_mixin.py:190} INFO - [2024-08-22T12:46:38.154+0000] {dag.py:3211} INFO - Sync 1 DAGs
[2024-08-22T12:46:38.174+0000] {logging_mixin.py:190} INFO - [2024-08-22T12:46:38.174+0000] {dag.py:4138} INFO - Setting next_dagrun for dag_diplomski_v1 to 2024-08-22 00:00:00+00:00, run_after=2024-08-23 00:00:00+00:00
[2024-08-22T12:46:38.186+0000] {processor.py:208} INFO - Processing /opt/airflow/dags/dag_news_scrape.py took 0.070 seconds
[2024-08-22T12:47:08.581+0000] {processor.py:186} INFO - Started process (PID=1464) to work on /opt/airflow/dags/dag_news_scrape.py
[2024-08-22T12:47:08.582+0000] {processor.py:914} INFO - Processing file /opt/airflow/dags/dag_news_scrape.py for tasks to queue
[2024-08-22T12:47:08.585+0000] {logging_mixin.py:190} INFO - [2024-08-22T12:47:08.584+0000] {dagbag.py:587} INFO - Filling up the DagBag from /opt/airflow/dags/dag_news_scrape.py
[2024-08-22T12:47:08.596+0000] {processor.py:925} INFO - DAG(s) 'dag_diplomski_v1' retrieved from /opt/airflow/dags/dag_news_scrape.py
[2024-08-22T12:47:08.621+0000] {logging_mixin.py:190} INFO - [2024-08-22T12:47:08.620+0000] {dag.py:3211} INFO - Sync 1 DAGs
[2024-08-22T12:47:08.638+0000] {logging_mixin.py:190} INFO - [2024-08-22T12:47:08.638+0000] {dag.py:4138} INFO - Setting next_dagrun for dag_diplomski_v1 to 2024-08-22 00:00:00+00:00, run_after=2024-08-23 00:00:00+00:00
[2024-08-22T12:47:08.653+0000] {processor.py:208} INFO - Processing /opt/airflow/dags/dag_news_scrape.py took 0.076 seconds
[2024-08-22T12:47:39.091+0000] {processor.py:186} INFO - Started process (PID=1495) to work on /opt/airflow/dags/dag_news_scrape.py
[2024-08-22T12:47:39.092+0000] {processor.py:914} INFO - Processing file /opt/airflow/dags/dag_news_scrape.py for tasks to queue
[2024-08-22T12:47:39.095+0000] {logging_mixin.py:190} INFO - [2024-08-22T12:47:39.094+0000] {dagbag.py:587} INFO - Filling up the DagBag from /opt/airflow/dags/dag_news_scrape.py
[2024-08-22T12:47:39.103+0000] {processor.py:925} INFO - DAG(s) 'dag_diplomski_v1' retrieved from /opt/airflow/dags/dag_news_scrape.py
[2024-08-22T12:47:39.123+0000] {logging_mixin.py:190} INFO - [2024-08-22T12:47:39.123+0000] {dag.py:3211} INFO - Sync 1 DAGs
[2024-08-22T12:47:39.140+0000] {logging_mixin.py:190} INFO - [2024-08-22T12:47:39.140+0000] {dag.py:4138} INFO - Setting next_dagrun for dag_diplomski_v1 to 2024-08-22 00:00:00+00:00, run_after=2024-08-23 00:00:00+00:00
[2024-08-22T12:47:39.159+0000] {processor.py:208} INFO - Processing /opt/airflow/dags/dag_news_scrape.py took 0.072 seconds
[2024-08-22T12:48:09.617+0000] {processor.py:186} INFO - Started process (PID=1526) to work on /opt/airflow/dags/dag_news_scrape.py
[2024-08-22T12:48:09.618+0000] {processor.py:914} INFO - Processing file /opt/airflow/dags/dag_news_scrape.py for tasks to queue
[2024-08-22T12:48:09.620+0000] {logging_mixin.py:190} INFO - [2024-08-22T12:48:09.620+0000] {dagbag.py:587} INFO - Filling up the DagBag from /opt/airflow/dags/dag_news_scrape.py
[2024-08-22T12:48:09.629+0000] {processor.py:925} INFO - DAG(s) 'dag_diplomski_v1' retrieved from /opt/airflow/dags/dag_news_scrape.py
[2024-08-22T12:48:09.648+0000] {logging_mixin.py:190} INFO - [2024-08-22T12:48:09.648+0000] {dag.py:3211} INFO - Sync 1 DAGs
[2024-08-22T12:48:09.665+0000] {logging_mixin.py:190} INFO - [2024-08-22T12:48:09.665+0000] {dag.py:4138} INFO - Setting next_dagrun for dag_diplomski_v1 to 2024-08-22 00:00:00+00:00, run_after=2024-08-23 00:00:00+00:00
[2024-08-22T12:48:09.684+0000] {processor.py:208} INFO - Processing /opt/airflow/dags/dag_news_scrape.py took 0.076 seconds
[2024-08-22T12:48:40.109+0000] {processor.py:186} INFO - Started process (PID=1557) to work on /opt/airflow/dags/dag_news_scrape.py
[2024-08-22T12:48:40.110+0000] {processor.py:914} INFO - Processing file /opt/airflow/dags/dag_news_scrape.py for tasks to queue
[2024-08-22T12:48:40.113+0000] {logging_mixin.py:190} INFO - [2024-08-22T12:48:40.112+0000] {dagbag.py:587} INFO - Filling up the DagBag from /opt/airflow/dags/dag_news_scrape.py
[2024-08-22T12:48:40.122+0000] {processor.py:925} INFO - DAG(s) 'dag_diplomski_v1' retrieved from /opt/airflow/dags/dag_news_scrape.py
[2024-08-22T12:48:40.141+0000] {logging_mixin.py:190} INFO - [2024-08-22T12:48:40.141+0000] {dag.py:3211} INFO - Sync 1 DAGs
[2024-08-22T12:48:40.159+0000] {logging_mixin.py:190} INFO - [2024-08-22T12:48:40.159+0000] {dag.py:4138} INFO - Setting next_dagrun for dag_diplomski_v1 to 2024-08-22 00:00:00+00:00, run_after=2024-08-23 00:00:00+00:00
[2024-08-22T12:48:40.178+0000] {processor.py:208} INFO - Processing /opt/airflow/dags/dag_news_scrape.py took 0.078 seconds
[2024-08-22T12:49:10.800+0000] {processor.py:186} INFO - Started process (PID=1588) to work on /opt/airflow/dags/dag_news_scrape.py
[2024-08-22T12:49:10.801+0000] {processor.py:914} INFO - Processing file /opt/airflow/dags/dag_news_scrape.py for tasks to queue
[2024-08-22T12:49:10.803+0000] {logging_mixin.py:190} INFO - [2024-08-22T12:49:10.803+0000] {dagbag.py:587} INFO - Filling up the DagBag from /opt/airflow/dags/dag_news_scrape.py
[2024-08-22T12:49:10.812+0000] {processor.py:925} INFO - DAG(s) 'dag_diplomski_v1' retrieved from /opt/airflow/dags/dag_news_scrape.py
[2024-08-22T12:49:10.831+0000] {logging_mixin.py:190} INFO - [2024-08-22T12:49:10.831+0000] {dag.py:3211} INFO - Sync 1 DAGs
[2024-08-22T12:49:10.849+0000] {logging_mixin.py:190} INFO - [2024-08-22T12:49:10.849+0000] {dag.py:4138} INFO - Setting next_dagrun for dag_diplomski_v1 to 2024-08-22 00:00:00+00:00, run_after=2024-08-23 00:00:00+00:00
[2024-08-22T12:49:10.995+0000] {processor.py:208} INFO - Processing /opt/airflow/dags/dag_news_scrape.py took 0.203 seconds
[2024-08-22T12:49:41.418+0000] {processor.py:186} INFO - Started process (PID=1619) to work on /opt/airflow/dags/dag_news_scrape.py
[2024-08-22T12:49:41.421+0000] {processor.py:914} INFO - Processing file /opt/airflow/dags/dag_news_scrape.py for tasks to queue
[2024-08-22T12:49:41.428+0000] {logging_mixin.py:190} INFO - [2024-08-22T12:49:41.427+0000] {dagbag.py:587} INFO - Filling up the DagBag from /opt/airflow/dags/dag_news_scrape.py
[2024-08-22T12:49:41.454+0000] {processor.py:925} INFO - DAG(s) 'dag_diplomski_v1' retrieved from /opt/airflow/dags/dag_news_scrape.py
[2024-08-22T12:49:41.494+0000] {logging_mixin.py:190} INFO - [2024-08-22T12:49:41.493+0000] {dag.py:3211} INFO - Sync 1 DAGs
[2024-08-22T12:49:41.532+0000] {logging_mixin.py:190} INFO - [2024-08-22T12:49:41.532+0000] {dag.py:4138} INFO - Setting next_dagrun for dag_diplomski_v1 to 2024-08-22 00:00:00+00:00, run_after=2024-08-23 00:00:00+00:00
[2024-08-22T12:49:41.569+0000] {processor.py:208} INFO - Processing /opt/airflow/dags/dag_news_scrape.py took 0.164 seconds
[2024-08-22T12:50:11.933+0000] {processor.py:186} INFO - Started process (PID=1650) to work on /opt/airflow/dags/dag_news_scrape.py
[2024-08-22T12:50:11.934+0000] {processor.py:914} INFO - Processing file /opt/airflow/dags/dag_news_scrape.py for tasks to queue
[2024-08-22T12:50:11.936+0000] {logging_mixin.py:190} INFO - [2024-08-22T12:50:11.936+0000] {dagbag.py:587} INFO - Filling up the DagBag from /opt/airflow/dags/dag_news_scrape.py
[2024-08-22T12:50:11.945+0000] {processor.py:925} INFO - DAG(s) 'dag_diplomski_v1' retrieved from /opt/airflow/dags/dag_news_scrape.py
[2024-08-22T12:50:11.966+0000] {logging_mixin.py:190} INFO - [2024-08-22T12:50:11.965+0000] {dag.py:3211} INFO - Sync 1 DAGs
[2024-08-22T12:50:11.985+0000] {logging_mixin.py:190} INFO - [2024-08-22T12:50:11.985+0000] {dag.py:4138} INFO - Setting next_dagrun for dag_diplomski_v1 to 2024-08-22 00:00:00+00:00, run_after=2024-08-23 00:00:00+00:00
[2024-08-22T12:50:11.998+0000] {processor.py:208} INFO - Processing /opt/airflow/dags/dag_news_scrape.py took 0.071 seconds
