[2024-08-22T20:18:03.086+0000] {local_task_job_runner.py:123} INFO - ::group::Pre task execution logs
[2024-08-22T20:18:03.099+0000] {taskinstance.py:2603} INFO - Dependencies all met for dep_context=non-requeueable deps ti=<TaskInstance: dag_diplomski_v2.create_postgres_table manual__2024-08-22T20:17:59.332602+00:00 [queued]>
[2024-08-22T20:18:03.106+0000] {taskinstance.py:2603} INFO - Dependencies all met for dep_context=requeueable deps ti=<TaskInstance: dag_diplomski_v2.create_postgres_table manual__2024-08-22T20:17:59.332602+00:00 [queued]>
[2024-08-22T20:18:03.106+0000] {taskinstance.py:2856} INFO - Starting attempt 1 of 6
[2024-08-22T20:18:03.117+0000] {taskinstance.py:2879} INFO - Executing <Task(PostgresOperator): create_postgres_table> on 2024-08-22 20:17:59.332602+00:00
[2024-08-22T20:18:03.127+0000] {standard_task_runner.py:72} INFO - Started process 19229 to run task
[2024-08-22T20:18:03.130+0000] {standard_task_runner.py:104} INFO - Running: ['***', 'tasks', 'run', 'dag_diplomski_v2', 'create_postgres_table', 'manual__2024-08-22T20:17:59.332602+00:00', '--job-id', '281', '--raw', '--subdir', 'DAGS_FOLDER/dag_news_scrape.py', '--cfg-path', '/tmp/tmp3y84z7bi']
[2024-08-22T20:18:03.133+0000] {standard_task_runner.py:105} INFO - Job 281: Subtask create_postgres_table
[2024-08-22T20:18:03.173+0000] {task_command.py:467} INFO - Running <TaskInstance: dag_diplomski_v2.create_postgres_table manual__2024-08-22T20:17:59.332602+00:00 [running]> on host 7585e18d2106
[2024-08-22T20:18:03.243+0000] {taskinstance.py:3122} INFO - Exporting env vars: AIRFLOW_CTX_DAG_OWNER='matea' AIRFLOW_CTX_DAG_ID='dag_diplomski_v2' AIRFLOW_CTX_TASK_ID='create_postgres_table' AIRFLOW_CTX_EXECUTION_DATE='2024-08-22T20:17:59.332602+00:00' AIRFLOW_CTX_TRY_NUMBER='1' AIRFLOW_CTX_DAG_RUN_ID='manual__2024-08-22T20:17:59.332602+00:00'
[2024-08-22T20:18:03.244+0000] {taskinstance.py:731} INFO - ::endgroup::
[2024-08-22T20:18:03.246+0000] {sql.py:282} INFO - Executing: 
            create table if not exists news(
                dt date,
                news_id character varying,
                primary key (dt, news_id),
                text character varying,
                label character varying
            )
            
[2024-08-22T20:18:03.253+0000] {base.py:84} INFO - Retrieving connection 'postgres_localhost'
[2024-08-22T20:18:03.261+0000] {base.py:84} INFO - Retrieving connection 'postgres_localhost'
[2024-08-22T20:18:03.267+0000] {sql.py:509} INFO - Running statement: 
            create table if not exists news(
                dt date,
                news_id character varying,
                primary key (dt, news_id),
                text character varying,
                label character varying
            )
            , parameters: None
[2024-08-22T20:18:03.275+0000] {taskinstance.py:340} INFO - ::group::Post task execution logs
[2024-08-22T20:18:03.276+0000] {taskinstance.py:352} INFO - Marking task as SUCCESS. dag_id=dag_diplomski_v2, task_id=create_postgres_table, run_id=manual__2024-08-22T20:17:59.332602+00:00, execution_date=20240822T201759, start_date=20240822T201803, end_date=20240822T201803
[2024-08-22T20:18:03.309+0000] {local_task_job_runner.py:261} INFO - Task exited with return code 0
[2024-08-22T20:18:03.319+0000] {logging_mixin.py:190} WARNING - /home/***/.local/lib/python3.12/site-packages/***/models/baseoperator.py:1378 AirflowProviderDeprecationWarning: Call to deprecated class PostgresOperator. (Please use `***.providers.common.sql.operators.sql.SQLExecuteQueryOperator`.Also, you can provide `hook_params={'schema': <database>}`.)
[2024-08-22T20:18:03.328+0000] {taskinstance.py:3891} INFO - 0 downstream tasks scheduled from follow-on schedule check
[2024-08-22T20:18:03.330+0000] {local_task_job_runner.py:240} INFO - ::endgroup::
