[2024-08-22T20:35:07.010+0000] {local_task_job_runner.py:123} INFO - ::group::Pre task execution logs
[2024-08-22T20:35:07.021+0000] {taskinstance.py:2603} INFO - Dependencies all met for dep_context=non-requeueable deps ti=<TaskInstance: dag_diplomski_v2.get_soup manual__2024-08-22T20:34:59.055012+00:00 [queued]>
[2024-08-22T20:35:07.027+0000] {taskinstance.py:2603} INFO - Dependencies all met for dep_context=requeueable deps ti=<TaskInstance: dag_diplomski_v2.get_soup manual__2024-08-22T20:34:59.055012+00:00 [queued]>
[2024-08-22T20:35:07.027+0000] {taskinstance.py:2856} INFO - Starting attempt 1 of 6
[2024-08-22T20:35:07.036+0000] {taskinstance.py:2879} INFO - Executing <Task(_PythonDecoratedOperator): get_soup> on 2024-08-22 20:34:59.055012+00:00
[2024-08-22T20:35:07.044+0000] {standard_task_runner.py:72} INFO - Started process 20955 to run task
[2024-08-22T20:35:07.047+0000] {standard_task_runner.py:104} INFO - Running: ['***', 'tasks', 'run', 'dag_diplomski_v2', 'get_soup', 'manual__2024-08-22T20:34:59.055012+00:00', '--job-id', '331', '--raw', '--subdir', 'DAGS_FOLDER/dag_news_scrape.py', '--cfg-path', '/tmp/tmpccvkwefs']
[2024-08-22T20:35:07.049+0000] {standard_task_runner.py:105} INFO - Job 331: Subtask get_soup
[2024-08-22T20:35:07.082+0000] {task_command.py:467} INFO - Running <TaskInstance: dag_diplomski_v2.get_soup manual__2024-08-22T20:34:59.055012+00:00 [running]> on host 7585e18d2106
[2024-08-22T20:35:07.158+0000] {taskinstance.py:3122} INFO - Exporting env vars: AIRFLOW_CTX_DAG_OWNER='matea' AIRFLOW_CTX_DAG_ID='dag_diplomski_v2' AIRFLOW_CTX_TASK_ID='get_soup' AIRFLOW_CTX_EXECUTION_DATE='2024-08-22T20:34:59.055012+00:00' AIRFLOW_CTX_TRY_NUMBER='1' AIRFLOW_CTX_DAG_RUN_ID='manual__2024-08-22T20:34:59.055012+00:00'
[2024-08-22T20:35:07.159+0000] {taskinstance.py:731} INFO - ::endgroup::
[2024-08-22T20:35:07.167+0000] {python.py:240} INFO - Done. Returned value was: <?xml version="1.0" encoding="utf-8"?>
<rss version="2.0" xmlns:atom="http://www.w3.org/2005/Atom" xmlns:content="http://purl.org/rss/1.0/modules/content/" xmlns:dc="http://purl.org/dc/elements/1.1/" xmlns:media="http://search.yahoo.com/mrss/">
<channel>
<title>BBC News</title>
<description>BBC News - News Front Page</description>
<link>https://www.bbc.co.uk/news</link>
<image>
<url>https://news.bbcimg.co.uk/nol/shared/img/bbc_news_120x60.gif</url>
<title>BBC News</title>
<link>https://www.bbc.co.uk/news</link>
</image>
<generator>RSS for Node</generator>
<lastBuildDate>Thu, 22 Aug 2024 20:34:51 GMT</lastBuildDate>
<atom:link href="https://feeds.bbci.co.uk/news/rss.xml" rel="self" type="application/rss+xml"/>
<copyright>Copyright: (C) British Broadcasting Corporation, see https://www.bbc.co.uk/usingthebbc/terms-of-use/#15metadataandrssfeeds for terms and conditions of reuse.</copyright>
<language>en-gb</language>
<ttl>15</ttl>
<item>
<title>Body of UK tech tycoon recovered but daughter still missing</title>
<description>UK tycoon Mike Lynch's body is recovered from the wreck of the yacht Bayesian, but his daughter Hannah is still missing.</description>
<link>https://www.bbc.com/news/articles/c3w65egn42no</link>
<guid isPermaLink="false">https://www.bbc.com/news/articles/c3w65egn42no#0</guid>
<pubDate>Thu, 22 Aug 2024 18:33:12 GMT</pubDate>
<media:thumbnail height="135" url="https://ichef.bbci.co.uk/ace/standard/240/cpsprodpb/c03a/live/06a306c0-60b1-11ef-b76f-f1f593af629e.jpg" width="240"/>
</item>
<item>
<title>BBC sacks One Show presenter Jermaine Jenas after complaints</title>
<description>The ex-footballer says there are "two sides to every story" after he is taken off air by the BBC.</description>
<link>https://www.bbc.com/news/articles/cy76pdz5152o</link>
<guid isPermaLink="false">https://www.bbc.com/news/articles/cy76pdz5152o#0</guid>
<pubDate>Thu, 22 Aug 2024 20:01:34 GMT</pubDate>
<media:thumbnail height="134" url="https://ichef.bbci.co.uk/ace/standard/240/cpsprodpb/e33d/live/05406eb0-609f-11ef-ac2e-0dde5f4fd683.jpg" width="240"/>
</item>
<item>
<title>Rattled Trump lashes out as DNC attacks throw him off message</title>
<description>The biggest concern for aides is keeping him focused on the issues and off controversial personal attacks, writes Katty Kay.</description>
<link>https://www.bbc.com/news/articles/czrgp30j6z1o</link>
<guid isPermaLink="false">https://www.bbc.com/news/articles/czrgp30j6z1o#0</guid>
<pubDate>Thu, 22 Aug 2024 18:55:00 GMT</pubDate>
<media:thumbnail height="135" url="https://ichef.bbci.co.uk/ace/standard/240/cpsprodpb/c498/live/1ac3f6f0-60a7-11ef-9d73-31ccba881c4e.jpg" width="240"/>
</item>
<item>
<title>Andrew Tate put under house arrest as new charges emerge</title>
<description>The controversial influencer appeared in court in Romania as prosecutors investigate new allegations.</description>
<link>https://www.bbc.com/news/articles/clyglgy8j3eo</link>
<guid isPermaLink="false">https://www.bbc.com/news/articles/clyglgy8j3eo#0</guid>
<pubDate>Thu, 22 Aug 2024 16:59:55 GMT</pubDate>
<media:thumbnail height="135" url="https://ichef.bbci.co.uk/ace/standard/240/cpsprodpb/516c/live/a68313e0-6090-11ef-8c32-f3c2bc7494c6.jpg" width="240"/>
</item>
<item>
<title>Storm Lilian: 80mph winds forecast for parts of the UK</title>
<description>Strong winds and heavy rain set to hit the UK on Friday morning which could cause some disruption</description>
<link>https://www.bbc.com/weather/articles/cje2yelp227o</link>
<guid isPermaLink="false">https://www.bbc.com/weather/articles/cje2yelp227o#0</guid>
<pubDate>Thu, 22 Aug 2024 15:38:25 GMT</pubDate>
<media:thumbnail height="135" url="https://ichef.bbci.co.uk/ace/standard/240/cpsprodpb/c925/live/232654d0-608b-11ef-8c32-f3c2bc7494c6.jpg" width="240"/>
</item>
<item>
<title>Yemen weapons dealers selling machine-guns on X</title>
<description>The traders operate in the capital Sana’a and other areas under control of the Houthis.</description>
<link>https://www.bbc.com/news/articles/c86l4pl6072o</link>
<guid isPermaLink="false">https://www.bbc.com/news/articles/c86l4pl6072o#0</guid>
<pubDate>Thu, 22 Aug 2024 20:01:20 GMT</pubDate>
<media:thumbnail height="134" url="https://ichef.bbci.co.uk/ace/standard/240/cpsprodpb/14c6/live/05dbd340-60be-11ef-8c32-f3c2bc7494c6.jpg" width="240"/>
</item>
<item>
<title>'I never thought someone like me could become Miss South Africa'</title>
<description>Mia le Roux is the first deaf woman to be crowned Miss South Africa.</description>
<link>https://www.bbc.com/news/videos/cly87r4659do</link>
<guid isPermaLink="false">https://www.bbc.com/news/videos/cly87r4659do#0</guid>
<pubDate>Thu, 22 Aug 2024 16:18:42 GMT</pubDate>
<media:thumbnail height="135" url="https://ichef.bbci.co.uk/ace/standard/240/cpsprodpb/a489/live/5d5d6160-6091-11ef-8c32-f3c2bc7494c6.jpg" width="240"/>
</item>
<item>
<title>Tributes to 'joyful' mum and children killed in fire</title>
<description>Bryonie Gawith's family describe her as a "happy, joyful, bubbly beautiful woman".</description>
<link>https://www.bbc.com/news/articles/c0qe711n4j2o</link>
<guid isPermaLink="false">https://www.bbc.com/news/articles/c0qe711n4j2o#0</guid>
<pubDate>Thu, 22 Aug 2024 20:24:36 GMT</pubDate>
<media:thumbnail height="135" url="https://ichef.bbci.co.uk/ace/standard/240/cpsprodpb/dbf0/live/6ab9a9e0-60be-11ef-b43e-6916dcba5cbf.jpg" width="240"/>
</item>
<item>
<title>Hunt for two dogs suspected of killing man</title>
<description>Two dogs have been seized but two more American bulldog types are being sought by police.</description>
<link>https://www.bbc.com/news/articles/c80egr50vmmo</link>
<guid isPermaLink="false">https://www.bbc.com/news/articles/c80egr50vmmo#0</guid>
<pubDate>Thu, 22 Aug 2024 17:00:18 GMT</pubDate>
<media:thumbnail height="135" url="https://ichef.bbci.co.uk/ace/standard/240/cpsprodpb/f59a/live/8ede39a0-6085-11ef-a25b-91637a4fecda.png" width="240"/>
</item>
<item>
<title>GCSE gap between south and rest of England widens</title>
<description>London was the highest-performing region, while the West Midlands was the lowest. </description>
<link>https://www.bbc.com/news/articles/c8erl06w4dno</link>
<guid isPermaLink="false">https://www.bbc.com/news/articles/c8erl06w4dno#0</guid>
<pubDate>Thu, 22 Aug 2024 18:49:29 GMT</pubDate>
<media:thumbnail height="134" url="https://ichef.bbci.co.uk/ace/standard/240/cpsprodpb/3f2d/live/0b6e2130-60a2-11ef-ac2e-0dde5f4fd683.jpg" width="240"/>
</item>
<item>
<title>Suspect in woman's stabbing detained under Mental Health Act</title>
<description>Alberta Obinim, 43, died in the attack in Manchester on Sunday while two others were seriously injured.
</description>
<link>https://www.bbc.com/news/articles/cn02x8elrwqo</link>
<guid isPermaLink="false">https://www.bbc.com/news/articles/cn02x8elrwqo#0</guid>
<pubDate>Thu, 22 Aug 2024 16:30:18 GMT</pubDate>
<media:thumbnail height="135" url="https://ichef.bbci.co.uk/ace/standard/240/cpsprodpb/3eb1/live/ee811f30-60a3-11ef-b76f-f1f593af629e.jpg" width="240"/>
</item>
<item>
<title>Studio pulls Megalopolis trailer over fake quotes</title>
<description>The fantasy epic from Francis Ford Coppola received mix reviews at this year's Cannes film festival.</description>
<link>https://www.bbc.com/news/articles/cwywdppv9n3o</link>
<guid isPermaLink="false">https://www.bbc.com/news/articles/cwywdppv9n3o#0</guid>
<pubDate>Thu, 22 Aug 2024 20:28:24 GMT</pubDate>
<media:thumbnail height="135" url="https://ichef.bbci.co.uk/ace/standard/240/cpsprodpb/983d/live/7a5b9a40-60b7-11ef-b8ec-5b8c0b30ca84.jpg" width="240"/>
</item>
<item>
<title>Three things to look for in Harris's convention speech</title>
<description>The BBC's Katty Kay says the vice-president is not the strongest orator so must step up on the biggest stage.</description>
<link>https://www.bbc.com/news/videos/c990gy47g10o</link>
<guid isPermaLink="false">https://www.bbc.com/news/videos/c990gy47g10o#1</guid>
<pubDate>Thu, 22 Aug 2024 18:27:32 GMT</pubDate>
<media:thumbnail height="135" url="https://ichef.bbci.co.uk/ace/standard/240/cpsprodpb/3590/live/7bf36000-60b1-11ef-8c32-f3c2bc7494c6.jpg" width="240"/>
</item>
<item>
<title>Influencers swarm convention as Democrats' secret weapon</title>
<description>Content creators get insider access - and the campaign's message is delivered unchallenged to hard-to-reach voters.
</description>
<link>https://www.bbc.com/news/videos/c9v8d2dxmwgo</link>
<guid isPermaLink="false">https://www.bbc.com/news/videos/c9v8d2dxmwgo#1</guid>
<pubDate>Thu, 22 Aug 2024 16:57:59 GMT</pubDate>
<media:thumbnail height="135" url="https://ichef.bbci.co.uk/ace/standard/240/cpsprodpb/b912/live/8b9986a0-601c-11ef-8c32-f3c2bc7494c6.jpg" width="240"/>
</item>
<item>
<title>The 'blended' family behind Kamala Harris</title>
<description>Take a look at the husband, step-children and others supporting Kamala Harris in her White House bid. </description>
<link>https://www.bbc.com/news/articles/clylqv3g4rwo</link>
<guid isPermaLink="false">https://www.bbc.com/news/articles/clylqv3g4rwo#1</guid>
<pubDate>Thu, 22 Aug 2024 16:55:30 GMT</pubDate>
<media:thumbnail height="135" url="https://ichef.bbci.co.uk/ace/standard/240/cpsprodpb/8757/live/1e9c4600-5b3f-11ef-8f60-79d5d8e2d012.jpg" width="240"/>
</item>
<item>
<title>'Coach Walz' rallies Democrats with personal pitch to middle America</title>
<description>The running mate of Kamala Harris told the Democratic convention that voters should back "the right team" and "turn the page on Donald Trump".</description>
<link>https://www.bbc.com/news/articles/cd9dj4vdx2jo</link>
<guid isPermaLink="false">https://www.bbc.com/news/articles/cd9dj4vdx2jo#1</guid>
<pubDate>Thu, 22 Aug 2024 05:02:08 GMT</pubDate>
<media:thumbnail height="135" url="https://ichef.bbci.co.uk/ace/standard/240/cpsprodpb/6668/live/3c1d8b60-6064-11ef-8c32-f3c2bc7494c6.jpg" width="240"/>
</item>
<item>
<title>'UK's greatest tech entrepreneur' - tributes paid to Mike Lynch</title>
<description>A leading figure in the UK tech scene, Mike Lynch died shortly after winning a legal battle in the US.</description>
<link>https://www.bbc.com/news/articles/cdxl5kpvrg9o</link>
<guid isPermaLink="false">https://www.bbc.com/news/articles/cdxl5kpvrg9o#2</guid>
<pubDate>Thu, 22 Aug 2024 17:52:44 GMT</pubDate>
<media:thumbnail height="135" url="https://ichef.bbci.co.uk/ace/standard/240/cpsprodpb/31d9/live/3f7c44f0-609f-11ef-b970-9f202720b57a.jpg" width="240"/>
</item>
<item>
<title>Four takeaways from 2024's GCSE results</title>
<description>These students were in Year 7 during the first Covid lockdowns - and regional disparities have grown.</description>
<link>https://www.bbc.com/news/articles/c33nvg1zj11o</link>
<guid isPermaLink="false">https://www.bbc.com/news/articles/c33nvg1zj11o#2</guid>
<pubDate>Thu, 22 Aug 2024 16:32:02 GMT</pubDate>
<media:thumbnail height="135" url="https://ichef.bbci.co.uk/ace/standard/240/cpsprodpb/3efd/live/42203240-6093-11ef-ac2e-0dde5f4fd683.jpg" width="240"/>
</item>
<item>
<title>How worried should we be about mpox?</title>
<description>As a global emergency is declared over mpox, our health and science correspondent assesses the threat.</description>
<link>https://www.bbc.com/news/articles/c4glqzerw3no</link>
<guid isPermaLink="false">https://www.bbc.com/news/articles/c4glqzerw3no#2</guid>
<pubDate>Thu, 22 Aug 2024 01:23:31 GMT</pubDate>
<media:thumbnail height="135" url="https://ichef.bbci.co.uk/ace/standard/240/cpsprodpb/3db8/live/1b1c4660-6076-11ef-b43e-6916dcba5cbf.jpg" width="240"/>
</item>
<item>
<title>How many people cross the Channel in small boats?</title>
<description>Keir Starmer has said the UK will "smash the gangs" bringing people to the UK in small boats.</description>
<link>https://www.bbc.co.uk/news/uk-53699511</link>
<guid isPermaLink="false">https://www.bbc.co.uk/news/uk-53699511#2</guid>
<pubDate>Thu, 22 Aug 2024 15:44:01 GMT</pubDate>
<media:thumbnail height="135" url="https://ichef.bbci.co.uk/ace/standard/240/cpsprodpb/C36D/production/_127992005_migrants-index-gettyimages-1228293226.jpg" width="240"/>
</item>
<item>
<title>‘I never worked for the Russians’ - punished by Kyiv for being a collaborator</title>
<description>Almost 2,000 people have been convicted of collaborating with Russia under a new Ukrainian law.</description>
<link>https://www.bbc.com/news/articles/c0473y0p0ego</link>
<guid isPermaLink="false">https://www.bbc.com/news/articles/c0473y0p0ego#2</guid>
<pubDate>Thu, 22 Aug 2024 04:31:37 GMT</pubDate>
<media:thumbnail height="135" url="https://ichef.bbci.co.uk/ace/standard/240/cpsprodpb/1844/live/4c5d7830-6057-11ef-b43e-6916dcba5cbf.jpg" width="240"/>
</item>
<item>
<title>World's second-largest diamond found in Botswana</title>
<description>A 2,492-carat stone has been unearthed, in the biggest find since the Cullinan diamond in 1905. </description>
<link>https://www.bbc.com/news/articles/c1w78rwlqvxo</link>
<guid isPermaLink="false">https://www.bbc.com/news/articles/c1w78rwlqvxo#4</guid>
<pubDate>Thu, 22 Aug 2024 17:49:43 GMT</pubDate>
<media:thumbnail height="134" url="https://ichef.bbci.co.uk/ace/standard/240/cpsprodpb/3c8b/live/1afcf830-606e-11ef-aea1-e764981585c4.jpg" width="240"/>
</item>
<item>
<title>Man, 81, charged after city centre protest</title>
<description>Keith Edwards, from The Meadows, is due to appear at Nottingham Magistrates' Court on 6 September.</description>
<link>https://www.bbc.com/news/articles/c5y84jz33pyo</link>
<guid isPermaLink="false">https://www.bbc.com/news/articles/c5y84jz33pyo#4</guid>
<pubDate>Thu, 22 Aug 2024 14:34:25 GMT</pubDate>
<media:thumbnail height="134" url="https://ichef.bbci.co.uk/ace/standard/240/cpsprodpb/24bd/live/b3b292c0-608b-11ef-8c32-f3c2bc7494c6.jpg" width="240"/>
</item>
<item>
<title>Edinburgh backs introduction of new 'tourist tax' </title>
<description>Visitors would be charged an additional levy on top of their hotel bill to stay in the city if plans are approved. </description>
<link>https://www.bbc.com/news/articles/c7v5l29q2dvo</link>
<guid isPermaLink="false">https://www.bbc.com/news/articles/c7v5l29q2dvo#4</guid>
<pubDate>Thu, 22 Aug 2024 15:44:28 GMT</pubDate>
<media:thumbnail height="135" url="https://ichef.bbci.co.uk/ace/standard/240/cpsprodpb/1d3b/live/5647e060-6061-11ef-b3ab-d92ed8dd7357.jpg" width="240"/>
</item>
<item>
<title>Team GB archer celebrates GCSEs - despite failing PE</title>
<description>The Olympian says she passed all of her GCSEs apart from PE, "ironically".</description>
<link>https://www.bbc.com/news/articles/clyn6n1e623o</link>
<guid isPermaLink="false">https://www.bbc.com/news/articles/clyn6n1e623o#4</guid>
<pubDate>Thu, 22 Aug 2024 16:18:37 GMT</pubDate>
<media:thumbnail height="134" url="https://ichef.bbci.co.uk/ace/standard/240/cpsprodpb/a68d/live/faabe2a0-607a-11ef-a5bf-b7797a792e63.jpg" width="240"/>
</item>
<item>
<title>Lidl remove 'death trap' hedgehog huts from stores </title>
<description>A hedgehog rescue charity claimed hedgehogs could become trapped in the huts and die</description>
<link>https://www.bbc.com/news/articles/c2edj7l3lymo</link>
<guid isPermaLink="false">https://www.bbc.com/news/articles/c2edj7l3lymo#4</guid>
<pubDate>Thu, 22 Aug 2024 17:44:16 GMT</pubDate>
<media:thumbnail height="135" url="https://ichef.bbci.co.uk/ace/standard/240/cpsprodpb/7186/live/b5bf9dd0-60ac-11ef-b76f-f1f593af629e.jpg" width="240"/>
</item>
<item>
<title>Worker's engagement ring found in customer's shopping bag</title>
<description>Morganne Moreno says she feels 'super lucky' after the customer found the ring amongst their shopping.</description>
<link>https://www.bbc.com/news/articles/cwy5eyxn5w0o</link>
<guid isPermaLink="false">https://www.bbc.com/news/articles/cwy5eyxn5w0o#4</guid>
<pubDate>Thu, 22 Aug 2024 11:59:30 GMT</pubDate>
<media:thumbnail height="135" url="https://ichef.bbci.co.uk/ace/standard/240/cpsprodpb/c2e8/live/1cc7e670-6069-11ef-89d9-cf0afdbdfcb1.jpg" width="240"/>
</item>
<item>
<title>Royal Marines Band surprise veteran for his 100th birthday</title>
<description>Jim Churm was so moved by the band's playing at a D-Day event, they decided to surprise him for his birthday.</description>
<link>https://www.bbc.com/news/articles/ckg53nyqx3jo</link>
<guid isPermaLink="false">https://www.bbc.com/news/articles/ckg53nyqx3jo#4</guid>
<pubDate>Thu, 22 Aug 2024 17:22:54 GMT</pubDate>
<media:thumbnail height="135" url="https://ichef.bbci.co.uk/ace/standard/240/cpsprodpb/8e1c/live/b58a0780-60af-11ef-b43e-6916dcba5cbf.jpg" width="240"/>
</item>
<item>
<title>Download now</title>
<description>Top stories, breaking news, live reporting, and follow news topics that match your interests</description>
<link>https://www.bbc.co.uk/news/10628994</link>
<guid isPermaLink="false">https://www.bbc.co.uk/news/10628994#5</guid>
<pubDate>Tue, 20 Aug 2024 11:35:33 GMT</pubDate>
<media:thumbnail height="135" url="https://ichef.bbci.co.uk/ace/standard/240/cpsprodpb/2cf6/live/d1e71250-9509-11ee-8df3-1d2983d8814f.png" width="240"/>
</item>
<item>
<title>Newscast</title>
<description>Stevie Wonder, John Legend, and Oprah turn up at the DNC</description>
<link>https://www.bbc.co.uk/sounds/play/p0jl2mtn</link>
<guid isPermaLink="false">https://www.bbc.co.uk/sounds/play/p0jl2mtn#6</guid>
<pubDate>Thu, 22 Aug 2024 17:16:00 GMT</pubDate>
<media:thumbnail height="135" url="https://ichef.bbci.co.uk/images/ic/240x135/p0jl2mx3.jpg" width="240"/>
</item>
<item>
<title>Is life getting easier for renters?</title>
<description>Rents across the UK have soared in recent years. But new data shows that's changing.</description>
<link>https://www.bbc.co.uk/sounds/play/p0jkkb4z</link>
<guid isPermaLink="false">https://www.bbc.co.uk/sounds/play/p0jkkb4z#6</guid>
<pubDate>Wed, 21 Aug 2024 03:58:00 GMT</pubDate>
<media:thumbnail height="135" url="https://ichef.bbci.co.uk/images/ic/240x135/p0jkkb6n.jpg" width="240"/>
</item>
<item>
<title>Brook and Smith edge England ahead of Sri Lanka</title>
<description>England nudge ahead of a spirited Sri Lanka on a truncated second day of the first Test at Emirates Old Trafford.</description>
<link>https://www.bbc.com/sport/cricket/articles/cj087rq7456o</link>
<guid isPermaLink="false">https://www.bbc.com/sport/cricket/articles/cj087rq7456o#8</guid>
<pubDate>Thu, 22 Aug 2024 17:32:19 GMT</pubDate>
<media:thumbnail height="134" url="https://ichef.bbci.co.uk/ace/standard/240/cpsprodpb/b2e4/live/af644ba0-60a9-11ef-b970-9f202720b57a.jpg" width="240"/>
</item>
<item>
<title>Arsenal agree deal in principle to sign Merino</title>
<description>Arsenal agree a deal in principle worth up to £32.6m to sign Spain midfielder Mikel Merino from Real Sociedad.</description>
<link>https://www.bbc.com/sport/football/articles/c0qe71e9079o</link>
<guid isPermaLink="false">https://www.bbc.com/sport/football/articles/c0qe71e9079o#8</guid>
<pubDate>Thu, 22 Aug 2024 19:30:15 GMT</pubDate>
<media:thumbnail height="135" url="https://ichef.bbci.co.uk/ace/standard/240/cpsprodpb/585a/live/e343d8c0-60bb-11ef-a9af-c378c997591a.jpg" width="240"/>
</item>
<item>
<title>Raducanu faces Kenin in US Open first round</title>
<description>Emma Raducanu will face fellow Grand Slam winner Sofia Kenin in the Briton's first US Open appearance for two years.</description>
<link>https://www.bbc.com/sport/tennis/articles/cp8nwe650y0o</link>
<guid isPermaLink="false">https://www.bbc.com/sport/tennis/articles/cp8nwe650y0o#8</guid>
<pubDate>Thu, 22 Aug 2024 16:32:59 GMT</pubDate>
<media:thumbnail height="134" url="https://ichef.bbci.co.uk/ace/standard/240/cpsprodpb/1977/live/8bdade80-60a2-11ef-b76f-f1f593af629e.jpg" width="240"/>
</item>
<item>
<title>Brook and Smith put England in control at Old Trafford</title>
<description>England nudge ahead of a spirited Sri Lanka on a truncated second day of the first Test at Emirates Old Trafford.</description>
<link>https://www.bbc.com/sport/cricket/videos/c4gx2z7p8kdo</link>
<guid isPermaLink="false">https://www.bbc.com/sport/cricket/videos/c4gx2z7p8kdo#8</guid>
<pubDate>Thu, 22 Aug 2024 18:07:48 GMT</pubDate>
<media:thumbnail height="135" url="https://ichef.bbci.co.uk/ace/standard/240/cpsprodpb/7c79/live/9a769cf0-60b0-11ef-8c32-f3c2bc7494c6.jpg" width="240"/>
</item>
<item>
<title>Asher-Smith wins Diamond League 100m in season's best</title>
<description>Great Britain's Dina Asher-Smith runs a season's best 10.88 seconds to win the 100m at the Diamond League meeting in Lausanne.</description>
<link>https://www.bbc.com/sport/athletics/videos/c623n6ed7p3o</link>
<guid isPermaLink="false">https://www.bbc.com/sport/athletics/videos/c623n6ed7p3o#8</guid>
<pubDate>Thu, 22 Aug 2024 19:04:59 GMT</pubDate>
<media:thumbnail height="135" url="https://ichef.bbci.co.uk/ace/standard/240/cpsprodpb/bd59/live/ba5b76a0-60b8-11ef-b43e-6916dcba5cbf.jpg" width="240"/>
</item>
<item>
<title>Hunt for two dogs suspected of killing man</title>
<description>Two dogs have been seized but two more American bulldog types are being sought by police.</description>
<link>https://www.bbc.com/news/articles/c80egr50vmmo</link>
<guid isPermaLink="false">https://www.bbc.com/news/articles/c80egr50vmmo#9</guid>
<pubDate>Thu, 22 Aug 2024 17:00:18 GMT</pubDate>
<media:thumbnail height="135" url="https://ichef.bbci.co.uk/ace/standard/240/cpsprodpb/f59a/live/8ede39a0-6085-11ef-a25b-91637a4fecda.png" width="240"/>
</item>
<item>
<title>Martin McCauley in court over 1982 Lurgan bombing</title>
<description>Three RUC officers in an unmarked police car were killed in the blast at Kinnego Embankment.</description>
<link>https://www.bbc.com/news/articles/c624npqz0pvo</link>
<guid isPermaLink="false">https://www.bbc.com/news/articles/c624npqz0pvo#9</guid>
<pubDate>Thu, 22 Aug 2024 16:38:33 GMT</pubDate>
<media:thumbnail height="134" url="https://ichef.bbci.co.uk/ace/standard/240/cpsprodpb/44c3/live/a4c0aac0-608d-11ef-a25b-91637a4fecda.jpg" width="240"/>
</item>
<item>
<title>Shock over death of 'vibrant' teenager in Ibiza 'balcony fall'</title>
<description>MSP and family friend Monica Lennon said Emma Ramsay's hometown of Hamilton is "stunned" following her death.</description>
<link>https://www.bbc.com/news/articles/c204vn59w2go</link>
<guid isPermaLink="false">https://www.bbc.com/news/articles/c204vn59w2go#9</guid>
<pubDate>Thu, 22 Aug 2024 17:46:20 GMT</pubDate>
<media:thumbnail height="135" url="https://ichef.bbci.co.uk/ace/standard/240/cpsprodpb/19a7/live/97d52900-60ae-11ef-b76f-f1f593af629e.jpg" width="240"/>
</item>
<item>
<title>Woman accused of killing baby after crash into pram</title>
<description>Mabli Cariad Hall died in hospital four days after a car hit her pram outside Withybush Hospital.</description>
<link>https://www.bbc.com/news/articles/cm2nvm5jlleo</link>
<guid isPermaLink="false">https://www.bbc.com/news/articles/cm2nvm5jlleo#9</guid>
<pubDate>Thu, 22 Aug 2024 09:53:42 GMT</pubDate>
<media:thumbnail height="134" url="https://ichef.bbci.co.uk/ace/standard/240/cpsprodpb/5cc9/live/8ec02c80-6094-11ef-a25b-91637a4fecda.jpg" width="240"/>
</item>
</channel>
</rss>
[2024-08-22T20:35:07.195+0000] {taskinstance.py:340} INFO - ::group::Post task execution logs
[2024-08-22T20:35:07.196+0000] {taskinstance.py:352} INFO - Marking task as SUCCESS. dag_id=dag_diplomski_v2, task_id=get_soup, run_id=manual__2024-08-22T20:34:59.055012+00:00, execution_date=20240822T203459, start_date=20240822T203507, end_date=20240822T203507
[2024-08-22T20:35:07.226+0000] {local_task_job_runner.py:261} INFO - Task exited with return code 0
[2024-08-22T20:35:07.236+0000] {logging_mixin.py:190} WARNING - /home/***/.local/lib/python3.12/site-packages/***/models/baseoperator.py:1378 AirflowProviderDeprecationWarning: Call to deprecated class PostgresOperator. (Please use `***.providers.common.sql.operators.sql.SQLExecuteQueryOperator`.Also, you can provide `hook_params={'schema': <database>}`.)
[2024-08-22T20:35:07.248+0000] {taskinstance.py:3891} INFO - 1 downstream tasks scheduled from follow-on schedule check
[2024-08-22T20:35:07.249+0000] {local_task_job_runner.py:240} INFO - ::endgroup::
