[2024-08-22T17:59:39.174+0000] {local_task_job_runner.py:123} INFO - ::group::Pre task execution logs
[2024-08-22T17:59:39.200+0000] {taskinstance.py:2603} INFO - Dependencies all met for dep_context=non-requeueable deps ti=<TaskInstance: dag_diplomski_v2.create_postgres_table manual__2024-08-22T17:57:26.456265+00:00 [queued]>
[2024-08-22T17:59:39.212+0000] {taskinstance.py:2603} INFO - Dependencies all met for dep_context=requeueable deps ti=<TaskInstance: dag_diplomski_v2.create_postgres_table manual__2024-08-22T17:57:26.456265+00:00 [queued]>
[2024-08-22T17:59:39.213+0000] {taskinstance.py:2856} INFO - Starting attempt 2 of 6
[2024-08-22T17:59:39.235+0000] {taskinstance.py:2879} INFO - Executing <Task(PostgresOperator): create_postgres_table> on 2024-08-22 17:57:26.456265+00:00
[2024-08-22T17:59:39.253+0000] {standard_task_runner.py:72} INFO - Started process 14128 to run task
[2024-08-22T17:59:39.259+0000] {standard_task_runner.py:104} INFO - Running: ['***', 'tasks', 'run', 'dag_diplomski_v2', 'create_postgres_table', 'manual__2024-08-22T17:57:26.456265+00:00', '--job-id', '190', '--raw', '--subdir', 'DAGS_FOLDER/dag_news_scrape.py', '--cfg-path', '/tmp/tmpvw7e7e9p']
[2024-08-22T17:59:39.263+0000] {standard_task_runner.py:105} INFO - Job 190: Subtask create_postgres_table
[2024-08-22T17:59:39.332+0000] {task_command.py:467} INFO - Running <TaskInstance: dag_diplomski_v2.create_postgres_table manual__2024-08-22T17:57:26.456265+00:00 [running]> on host 7585e18d2106
[2024-08-22T17:59:39.476+0000] {taskinstance.py:3122} INFO - Exporting env vars: AIRFLOW_CTX_DAG_OWNER='matea' AIRFLOW_CTX_DAG_ID='dag_diplomski_v2' AIRFLOW_CTX_TASK_ID='create_postgres_table' AIRFLOW_CTX_EXECUTION_DATE='2024-08-22T17:57:26.456265+00:00' AIRFLOW_CTX_TRY_NUMBER='2' AIRFLOW_CTX_DAG_RUN_ID='manual__2024-08-22T17:57:26.456265+00:00'
[2024-08-22T17:59:39.479+0000] {taskinstance.py:731} INFO - ::endgroup::
[2024-08-22T17:59:39.485+0000] {sql.py:282} INFO - Executing: 
            create table if not exists news(
                dt date,
                news_id character varying,
                primary key (dt, news_id),
                text character varying,
                label character varying
            )
            
[2024-08-22T17:59:39.497+0000] {base.py:84} INFO - Retrieving connection 'postgres_localhost'
[2024-08-22T17:59:39.514+0000] {base.py:84} INFO - Retrieving connection 'postgres_localhost'
[2024-08-22T17:59:39.537+0000] {sql.py:509} INFO - Running statement: 
            create table if not exists news(
                dt date,
                news_id character varying,
                primary key (dt, news_id),
                text character varying,
                label character varying
            )
            , parameters: None
[2024-08-22T17:59:39.559+0000] {taskinstance.py:340} INFO - ::group::Post task execution logs
[2024-08-22T17:59:39.561+0000] {taskinstance.py:352} INFO - Marking task as SUCCESS. dag_id=dag_diplomski_v2, task_id=create_postgres_table, run_id=manual__2024-08-22T17:57:26.456265+00:00, execution_date=20240822T175726, start_date=20240822T175939, end_date=20240822T175939
[2024-08-22T17:59:39.603+0000] {local_task_job_runner.py:261} INFO - Task exited with return code 0
[2024-08-22T17:59:39.619+0000] {logging_mixin.py:190} WARNING - /home/***/.local/lib/python3.12/site-packages/***/models/baseoperator.py:1378 AirflowProviderDeprecationWarning: Call to deprecated class PostgresOperator. (Please use `***.providers.common.sql.operators.sql.SQLExecuteQueryOperator`.Also, you can provide `hook_params={'schema': <database>}`.)
[2024-08-22T17:59:39.637+0000] {taskinstance.py:3891} INFO - 0 downstream tasks scheduled from follow-on schedule check
[2024-08-22T17:59:39.639+0000] {local_task_job_runner.py:240} INFO - ::endgroup::
