[2024-08-21T16:21:22.237+0000] {processor.py:186} INFO - Started process (PID=504) to work on /opt/airflow/dags/dag_with_postgres_operator.py
[2024-08-21T16:21:22.238+0000] {processor.py:914} INFO - Processing file /opt/airflow/dags/dag_with_postgres_operator.py for tasks to queue
[2024-08-21T16:21:22.241+0000] {logging_mixin.py:190} INFO - [2024-08-21T16:21:22.241+0000] {dagbag.py:587} INFO - Filling up the DagBag from /opt/airflow/dags/dag_with_postgres_operator.py
[2024-08-21T16:21:22.252+0000] {processor.py:925} INFO - DAG(s) 'our_first_dag_v3' retrieved from /opt/airflow/dags/dag_with_postgres_operator.py
[2024-08-21T16:21:22.345+0000] {logging_mixin.py:190} INFO - [2024-08-21T16:21:22.345+0000] {dag.py:3211} INFO - Sync 1 DAGs
[2024-08-21T16:21:22.367+0000] {logging_mixin.py:190} INFO - [2024-08-21T16:21:22.366+0000] {dag.py:4138} INFO - Setting next_dagrun for our_first_dag_v3 to 2024-08-22 00:00:00+00:00, run_after=2024-08-23 00:00:00+00:00
[2024-08-21T16:21:22.386+0000] {processor.py:208} INFO - Processing /opt/airflow/dags/dag_with_postgres_operator.py took 0.156 seconds
[2024-08-21T16:21:52.674+0000] {processor.py:186} INFO - Started process (PID=525) to work on /opt/airflow/dags/dag_with_postgres_operator.py
[2024-08-21T16:21:52.675+0000] {processor.py:914} INFO - Processing file /opt/airflow/dags/dag_with_postgres_operator.py for tasks to queue
[2024-08-21T16:21:52.679+0000] {logging_mixin.py:190} INFO - [2024-08-21T16:21:52.678+0000] {dagbag.py:587} INFO - Filling up the DagBag from /opt/airflow/dags/dag_with_postgres_operator.py
[2024-08-21T16:21:52.694+0000] {processor.py:925} INFO - DAG(s) 'our_first_dag_v3' retrieved from /opt/airflow/dags/dag_with_postgres_operator.py
[2024-08-21T16:21:52.720+0000] {logging_mixin.py:190} INFO - [2024-08-21T16:21:52.719+0000] {dag.py:3211} INFO - Sync 1 DAGs
[2024-08-21T16:21:52.762+0000] {logging_mixin.py:190} INFO - [2024-08-21T16:21:52.762+0000] {dag.py:4138} INFO - Setting next_dagrun for our_first_dag_v3 to 2024-08-22 00:00:00+00:00, run_after=2024-08-23 00:00:00+00:00
[2024-08-21T16:21:52.799+0000] {processor.py:208} INFO - Processing /opt/airflow/dags/dag_with_postgres_operator.py took 0.132 seconds
[2024-08-21T16:22:23.075+0000] {processor.py:186} INFO - Started process (PID=546) to work on /opt/airflow/dags/dag_with_postgres_operator.py
[2024-08-21T16:22:23.077+0000] {processor.py:914} INFO - Processing file /opt/airflow/dags/dag_with_postgres_operator.py for tasks to queue
[2024-08-21T16:22:23.081+0000] {logging_mixin.py:190} INFO - [2024-08-21T16:22:23.080+0000] {dagbag.py:587} INFO - Filling up the DagBag from /opt/airflow/dags/dag_with_postgres_operator.py
[2024-08-21T16:22:23.098+0000] {processor.py:925} INFO - DAG(s) 'our_first_dag_v3' retrieved from /opt/airflow/dags/dag_with_postgres_operator.py
[2024-08-21T16:22:23.115+0000] {logging_mixin.py:190} INFO - [2024-08-21T16:22:23.115+0000] {dag.py:3211} INFO - Sync 1 DAGs
[2024-08-21T16:22:23.154+0000] {logging_mixin.py:190} INFO - [2024-08-21T16:22:23.154+0000] {dag.py:4138} INFO - Setting next_dagrun for our_first_dag_v3 to 2024-08-22 00:00:00+00:00, run_after=2024-08-23 00:00:00+00:00
[2024-08-21T16:22:23.188+0000] {processor.py:208} INFO - Processing /opt/airflow/dags/dag_with_postgres_operator.py took 0.123 seconds
[2024-08-21T16:22:26.108+0000] {processor.py:186} INFO - Started process (PID=557) to work on /opt/airflow/dags/dag_with_postgres_operator.py
[2024-08-21T16:22:26.110+0000] {processor.py:914} INFO - Processing file /opt/airflow/dags/dag_with_postgres_operator.py for tasks to queue
[2024-08-21T16:22:26.113+0000] {logging_mixin.py:190} INFO - [2024-08-21T16:22:26.113+0000] {dagbag.py:587} INFO - Filling up the DagBag from /opt/airflow/dags/dag_with_postgres_operator.py
[2024-08-21T16:22:26.124+0000] {logging_mixin.py:190} INFO - [2024-08-21T16:22:26.122+0000] {dagbag.py:386} ERROR - Failed to import: /opt/airflow/dags/dag_with_postgres_operator.py
Traceback (most recent call last):
  File "/home/airflow/.local/lib/python3.12/site-packages/airflow/models/dagbag.py", line 382, in parse
    loader.exec_module(new_module)
  File "<frozen importlib._bootstrap_external>", line 995, in exec_module
  File "<frozen importlib._bootstrap>", line 488, in _call_with_frames_removed
  File "/opt/airflow/dags/dag_with_postgres_operator.py", line 19, in <module>
    task1 = PostgresOperator(
            ^^^^^^^^^^^^^^^^^
  File "/home/airflow/.local/lib/python3.12/site-packages/airflow/models/baseoperator.py", line 490, in apply_defaults
    result = func(self, **kwargs, default_args=default_args)
             ^^^^^^^^^^^^^^^^^^^^^^^^^^^^^^^^^^^^^^^^^^^^^^^
  File "/home/airflow/.local/lib/python3.12/site-packages/airflow/providers/postgres/operators/postgres.py", line 84, in __init__
    super().__init__(conn_id=postgres_conn_id, **kwargs)
  File "/home/airflow/.local/lib/python3.12/site-packages/airflow/models/baseoperator.py", line 473, in apply_defaults
    raise AirflowException(f"missing keyword argument {missing_args.pop()!r}")
airflow.exceptions.AirflowException: missing keyword argument 'sql'
[2024-08-21T16:22:26.125+0000] {processor.py:927} WARNING - No viable dags retrieved from /opt/airflow/dags/dag_with_postgres_operator.py
[2024-08-21T16:22:26.146+0000] {processor.py:208} INFO - Processing /opt/airflow/dags/dag_with_postgres_operator.py took 0.048 seconds
[2024-08-21T16:22:56.428+0000] {processor.py:186} INFO - Started process (PID=578) to work on /opt/airflow/dags/dag_with_postgres_operator.py
[2024-08-21T16:22:56.429+0000] {processor.py:914} INFO - Processing file /opt/airflow/dags/dag_with_postgres_operator.py for tasks to queue
[2024-08-21T16:22:56.434+0000] {logging_mixin.py:190} INFO - [2024-08-21T16:22:56.433+0000] {dagbag.py:587} INFO - Filling up the DagBag from /opt/airflow/dags/dag_with_postgres_operator.py
[2024-08-21T16:22:56.443+0000] {logging_mixin.py:190} INFO - [2024-08-21T16:22:56.440+0000] {dagbag.py:386} ERROR - Failed to import: /opt/airflow/dags/dag_with_postgres_operator.py
Traceback (most recent call last):
  File "/home/airflow/.local/lib/python3.12/site-packages/airflow/models/dagbag.py", line 382, in parse
    loader.exec_module(new_module)
  File "<frozen importlib._bootstrap_external>", line 995, in exec_module
  File "<frozen importlib._bootstrap>", line 488, in _call_with_frames_removed
  File "/opt/airflow/dags/dag_with_postgres_operator.py", line 19, in <module>
    task1 = PostgresOperator(
            ^^^^^^^^^^^^^^^^^
  File "/home/airflow/.local/lib/python3.12/site-packages/airflow/models/baseoperator.py", line 490, in apply_defaults
    result = func(self, **kwargs, default_args=default_args)
             ^^^^^^^^^^^^^^^^^^^^^^^^^^^^^^^^^^^^^^^^^^^^^^^
  File "/home/airflow/.local/lib/python3.12/site-packages/airflow/providers/postgres/operators/postgres.py", line 84, in __init__
    super().__init__(conn_id=postgres_conn_id, **kwargs)
  File "/home/airflow/.local/lib/python3.12/site-packages/airflow/models/baseoperator.py", line 473, in apply_defaults
    raise AirflowException(f"missing keyword argument {missing_args.pop()!r}")
airflow.exceptions.AirflowException: missing keyword argument 'sql'
[2024-08-21T16:22:56.444+0000] {processor.py:927} WARNING - No viable dags retrieved from /opt/airflow/dags/dag_with_postgres_operator.py
[2024-08-21T16:22:56.469+0000] {processor.py:208} INFO - Processing /opt/airflow/dags/dag_with_postgres_operator.py took 0.051 seconds
[2024-08-21T16:23:26.787+0000] {processor.py:186} INFO - Started process (PID=599) to work on /opt/airflow/dags/dag_with_postgres_operator.py
[2024-08-21T16:23:26.789+0000] {processor.py:914} INFO - Processing file /opt/airflow/dags/dag_with_postgres_operator.py for tasks to queue
[2024-08-21T16:23:26.792+0000] {logging_mixin.py:190} INFO - [2024-08-21T16:23:26.792+0000] {dagbag.py:587} INFO - Filling up the DagBag from /opt/airflow/dags/dag_with_postgres_operator.py
[2024-08-21T16:23:26.801+0000] {logging_mixin.py:190} INFO - [2024-08-21T16:23:26.799+0000] {dagbag.py:386} ERROR - Failed to import: /opt/airflow/dags/dag_with_postgres_operator.py
Traceback (most recent call last):
  File "/home/airflow/.local/lib/python3.12/site-packages/airflow/models/dagbag.py", line 382, in parse
    loader.exec_module(new_module)
  File "<frozen importlib._bootstrap_external>", line 995, in exec_module
  File "<frozen importlib._bootstrap>", line 488, in _call_with_frames_removed
  File "/opt/airflow/dags/dag_with_postgres_operator.py", line 19, in <module>
    task1 = PostgresOperator(
            ^^^^^^^^^^^^^^^^^
  File "/home/airflow/.local/lib/python3.12/site-packages/airflow/models/baseoperator.py", line 490, in apply_defaults
    result = func(self, **kwargs, default_args=default_args)
             ^^^^^^^^^^^^^^^^^^^^^^^^^^^^^^^^^^^^^^^^^^^^^^^
  File "/home/airflow/.local/lib/python3.12/site-packages/airflow/providers/postgres/operators/postgres.py", line 84, in __init__
    super().__init__(conn_id=postgres_conn_id, **kwargs)
  File "/home/airflow/.local/lib/python3.12/site-packages/airflow/models/baseoperator.py", line 473, in apply_defaults
    raise AirflowException(f"missing keyword argument {missing_args.pop()!r}")
airflow.exceptions.AirflowException: missing keyword argument 'sql'
[2024-08-21T16:23:26.803+0000] {processor.py:927} WARNING - No viable dags retrieved from /opt/airflow/dags/dag_with_postgres_operator.py
[2024-08-21T16:23:26.828+0000] {processor.py:208} INFO - Processing /opt/airflow/dags/dag_with_postgres_operator.py took 0.050 seconds
[2024-08-21T16:23:57.117+0000] {processor.py:186} INFO - Started process (PID=620) to work on /opt/airflow/dags/dag_with_postgres_operator.py
[2024-08-21T16:23:57.119+0000] {processor.py:914} INFO - Processing file /opt/airflow/dags/dag_with_postgres_operator.py for tasks to queue
[2024-08-21T16:23:57.124+0000] {logging_mixin.py:190} INFO - [2024-08-21T16:23:57.123+0000] {dagbag.py:587} INFO - Filling up the DagBag from /opt/airflow/dags/dag_with_postgres_operator.py
[2024-08-21T16:23:57.133+0000] {logging_mixin.py:190} INFO - [2024-08-21T16:23:57.130+0000] {dagbag.py:386} ERROR - Failed to import: /opt/airflow/dags/dag_with_postgres_operator.py
Traceback (most recent call last):
  File "/home/airflow/.local/lib/python3.12/site-packages/airflow/models/dagbag.py", line 382, in parse
    loader.exec_module(new_module)
  File "<frozen importlib._bootstrap_external>", line 995, in exec_module
  File "<frozen importlib._bootstrap>", line 488, in _call_with_frames_removed
  File "/opt/airflow/dags/dag_with_postgres_operator.py", line 19, in <module>
    task1 = PostgresOperator(
            ^^^^^^^^^^^^^^^^^
  File "/home/airflow/.local/lib/python3.12/site-packages/airflow/models/baseoperator.py", line 490, in apply_defaults
    result = func(self, **kwargs, default_args=default_args)
             ^^^^^^^^^^^^^^^^^^^^^^^^^^^^^^^^^^^^^^^^^^^^^^^
  File "/home/airflow/.local/lib/python3.12/site-packages/airflow/providers/postgres/operators/postgres.py", line 84, in __init__
    super().__init__(conn_id=postgres_conn_id, **kwargs)
  File "/home/airflow/.local/lib/python3.12/site-packages/airflow/models/baseoperator.py", line 473, in apply_defaults
    raise AirflowException(f"missing keyword argument {missing_args.pop()!r}")
airflow.exceptions.AirflowException: missing keyword argument 'sql'
[2024-08-21T16:23:57.134+0000] {processor.py:927} WARNING - No viable dags retrieved from /opt/airflow/dags/dag_with_postgres_operator.py
[2024-08-21T16:23:57.154+0000] {processor.py:208} INFO - Processing /opt/airflow/dags/dag_with_postgres_operator.py took 0.047 seconds
[2024-08-21T16:24:27.449+0000] {processor.py:186} INFO - Started process (PID=641) to work on /opt/airflow/dags/dag_with_postgres_operator.py
[2024-08-21T16:24:27.451+0000] {processor.py:914} INFO - Processing file /opt/airflow/dags/dag_with_postgres_operator.py for tasks to queue
[2024-08-21T16:24:27.454+0000] {logging_mixin.py:190} INFO - [2024-08-21T16:24:27.453+0000] {dagbag.py:587} INFO - Filling up the DagBag from /opt/airflow/dags/dag_with_postgres_operator.py
[2024-08-21T16:24:27.462+0000] {logging_mixin.py:190} INFO - [2024-08-21T16:24:27.459+0000] {dagbag.py:386} ERROR - Failed to import: /opt/airflow/dags/dag_with_postgres_operator.py
Traceback (most recent call last):
  File "/home/airflow/.local/lib/python3.12/site-packages/airflow/models/dagbag.py", line 382, in parse
    loader.exec_module(new_module)
  File "<frozen importlib._bootstrap_external>", line 995, in exec_module
  File "<frozen importlib._bootstrap>", line 488, in _call_with_frames_removed
  File "/opt/airflow/dags/dag_with_postgres_operator.py", line 19, in <module>
    task1 = PostgresOperator(
            ^^^^^^^^^^^^^^^^^
  File "/home/airflow/.local/lib/python3.12/site-packages/airflow/models/baseoperator.py", line 490, in apply_defaults
    result = func(self, **kwargs, default_args=default_args)
             ^^^^^^^^^^^^^^^^^^^^^^^^^^^^^^^^^^^^^^^^^^^^^^^
  File "/home/airflow/.local/lib/python3.12/site-packages/airflow/providers/postgres/operators/postgres.py", line 84, in __init__
    super().__init__(conn_id=postgres_conn_id, **kwargs)
  File "/home/airflow/.local/lib/python3.12/site-packages/airflow/models/baseoperator.py", line 473, in apply_defaults
    raise AirflowException(f"missing keyword argument {missing_args.pop()!r}")
airflow.exceptions.AirflowException: missing keyword argument 'sql'
[2024-08-21T16:24:27.463+0000] {processor.py:927} WARNING - No viable dags retrieved from /opt/airflow/dags/dag_with_postgres_operator.py
[2024-08-21T16:24:27.487+0000] {processor.py:208} INFO - Processing /opt/airflow/dags/dag_with_postgres_operator.py took 0.050 seconds
[2024-08-21T16:24:57.757+0000] {processor.py:186} INFO - Started process (PID=662) to work on /opt/airflow/dags/dag_with_postgres_operator.py
[2024-08-21T16:24:57.758+0000] {processor.py:914} INFO - Processing file /opt/airflow/dags/dag_with_postgres_operator.py for tasks to queue
[2024-08-21T16:24:57.761+0000] {logging_mixin.py:190} INFO - [2024-08-21T16:24:57.761+0000] {dagbag.py:587} INFO - Filling up the DagBag from /opt/airflow/dags/dag_with_postgres_operator.py
[2024-08-21T16:24:57.770+0000] {logging_mixin.py:190} INFO - [2024-08-21T16:24:57.768+0000] {dagbag.py:386} ERROR - Failed to import: /opt/airflow/dags/dag_with_postgres_operator.py
Traceback (most recent call last):
  File "/home/airflow/.local/lib/python3.12/site-packages/airflow/models/dagbag.py", line 382, in parse
    loader.exec_module(new_module)
  File "<frozen importlib._bootstrap_external>", line 995, in exec_module
  File "<frozen importlib._bootstrap>", line 488, in _call_with_frames_removed
  File "/opt/airflow/dags/dag_with_postgres_operator.py", line 19, in <module>
    task1 = PostgresOperator(
            ^^^^^^^^^^^^^^^^^
  File "/home/airflow/.local/lib/python3.12/site-packages/airflow/models/baseoperator.py", line 490, in apply_defaults
    result = func(self, **kwargs, default_args=default_args)
             ^^^^^^^^^^^^^^^^^^^^^^^^^^^^^^^^^^^^^^^^^^^^^^^
  File "/home/airflow/.local/lib/python3.12/site-packages/airflow/providers/postgres/operators/postgres.py", line 84, in __init__
    super().__init__(conn_id=postgres_conn_id, **kwargs)
  File "/home/airflow/.local/lib/python3.12/site-packages/airflow/models/baseoperator.py", line 473, in apply_defaults
    raise AirflowException(f"missing keyword argument {missing_args.pop()!r}")
airflow.exceptions.AirflowException: missing keyword argument 'sql'
[2024-08-21T16:24:57.771+0000] {processor.py:927} WARNING - No viable dags retrieved from /opt/airflow/dags/dag_with_postgres_operator.py
[2024-08-21T16:24:57.798+0000] {processor.py:208} INFO - Processing /opt/airflow/dags/dag_with_postgres_operator.py took 0.049 seconds
[2024-08-21T16:25:28.112+0000] {processor.py:186} INFO - Started process (PID=683) to work on /opt/airflow/dags/dag_with_postgres_operator.py
[2024-08-21T16:25:28.113+0000] {processor.py:914} INFO - Processing file /opt/airflow/dags/dag_with_postgres_operator.py for tasks to queue
[2024-08-21T16:25:28.116+0000] {logging_mixin.py:190} INFO - [2024-08-21T16:25:28.115+0000] {dagbag.py:587} INFO - Filling up the DagBag from /opt/airflow/dags/dag_with_postgres_operator.py
[2024-08-21T16:25:28.124+0000] {logging_mixin.py:190} INFO - [2024-08-21T16:25:28.122+0000] {dagbag.py:386} ERROR - Failed to import: /opt/airflow/dags/dag_with_postgres_operator.py
Traceback (most recent call last):
  File "/home/airflow/.local/lib/python3.12/site-packages/airflow/models/dagbag.py", line 382, in parse
    loader.exec_module(new_module)
  File "<frozen importlib._bootstrap_external>", line 995, in exec_module
  File "<frozen importlib._bootstrap>", line 488, in _call_with_frames_removed
  File "/opt/airflow/dags/dag_with_postgres_operator.py", line 19, in <module>
    task1 = PostgresOperator(
            ^^^^^^^^^^^^^^^^^
  File "/home/airflow/.local/lib/python3.12/site-packages/airflow/models/baseoperator.py", line 490, in apply_defaults
    result = func(self, **kwargs, default_args=default_args)
             ^^^^^^^^^^^^^^^^^^^^^^^^^^^^^^^^^^^^^^^^^^^^^^^
  File "/home/airflow/.local/lib/python3.12/site-packages/airflow/providers/postgres/operators/postgres.py", line 84, in __init__
    super().__init__(conn_id=postgres_conn_id, **kwargs)
  File "/home/airflow/.local/lib/python3.12/site-packages/airflow/models/baseoperator.py", line 473, in apply_defaults
    raise AirflowException(f"missing keyword argument {missing_args.pop()!r}")
airflow.exceptions.AirflowException: missing keyword argument 'sql'
[2024-08-21T16:25:28.126+0000] {processor.py:927} WARNING - No viable dags retrieved from /opt/airflow/dags/dag_with_postgres_operator.py
[2024-08-21T16:25:28.150+0000] {processor.py:208} INFO - Processing /opt/airflow/dags/dag_with_postgres_operator.py took 0.046 seconds
[2024-08-21T16:25:58.433+0000] {processor.py:186} INFO - Started process (PID=704) to work on /opt/airflow/dags/dag_with_postgres_operator.py
[2024-08-21T16:25:58.434+0000] {processor.py:914} INFO - Processing file /opt/airflow/dags/dag_with_postgres_operator.py for tasks to queue
[2024-08-21T16:25:58.440+0000] {logging_mixin.py:190} INFO - [2024-08-21T16:25:58.439+0000] {dagbag.py:587} INFO - Filling up the DagBag from /opt/airflow/dags/dag_with_postgres_operator.py
[2024-08-21T16:25:58.455+0000] {logging_mixin.py:190} INFO - [2024-08-21T16:25:58.450+0000] {dagbag.py:386} ERROR - Failed to import: /opt/airflow/dags/dag_with_postgres_operator.py
Traceback (most recent call last):
  File "/home/airflow/.local/lib/python3.12/site-packages/airflow/models/dagbag.py", line 382, in parse
    loader.exec_module(new_module)
  File "<frozen importlib._bootstrap_external>", line 995, in exec_module
  File "<frozen importlib._bootstrap>", line 488, in _call_with_frames_removed
  File "/opt/airflow/dags/dag_with_postgres_operator.py", line 19, in <module>
    task1 = PostgresOperator(
            ^^^^^^^^^^^^^^^^^
  File "/home/airflow/.local/lib/python3.12/site-packages/airflow/models/baseoperator.py", line 490, in apply_defaults
    result = func(self, **kwargs, default_args=default_args)
             ^^^^^^^^^^^^^^^^^^^^^^^^^^^^^^^^^^^^^^^^^^^^^^^
  File "/home/airflow/.local/lib/python3.12/site-packages/airflow/providers/postgres/operators/postgres.py", line 84, in __init__
    super().__init__(conn_id=postgres_conn_id, **kwargs)
  File "/home/airflow/.local/lib/python3.12/site-packages/airflow/models/baseoperator.py", line 473, in apply_defaults
    raise AirflowException(f"missing keyword argument {missing_args.pop()!r}")
airflow.exceptions.AirflowException: missing keyword argument 'sql'
[2024-08-21T16:25:58.457+0000] {processor.py:927} WARNING - No viable dags retrieved from /opt/airflow/dags/dag_with_postgres_operator.py
[2024-08-21T16:25:58.492+0000] {processor.py:208} INFO - Processing /opt/airflow/dags/dag_with_postgres_operator.py took 0.068 seconds
[2024-08-21T16:26:28.804+0000] {processor.py:186} INFO - Started process (PID=725) to work on /opt/airflow/dags/dag_with_postgres_operator.py
[2024-08-21T16:26:28.806+0000] {processor.py:914} INFO - Processing file /opt/airflow/dags/dag_with_postgres_operator.py for tasks to queue
[2024-08-21T16:26:28.810+0000] {logging_mixin.py:190} INFO - [2024-08-21T16:26:28.809+0000] {dagbag.py:587} INFO - Filling up the DagBag from /opt/airflow/dags/dag_with_postgres_operator.py
[2024-08-21T16:26:28.817+0000] {logging_mixin.py:190} INFO - [2024-08-21T16:26:28.815+0000] {dagbag.py:386} ERROR - Failed to import: /opt/airflow/dags/dag_with_postgres_operator.py
Traceback (most recent call last):
  File "/home/airflow/.local/lib/python3.12/site-packages/airflow/models/dagbag.py", line 382, in parse
    loader.exec_module(new_module)
  File "<frozen importlib._bootstrap_external>", line 995, in exec_module
  File "<frozen importlib._bootstrap>", line 488, in _call_with_frames_removed
  File "/opt/airflow/dags/dag_with_postgres_operator.py", line 19, in <module>
    task1 = PostgresOperator(
            ^^^^^^^^^^^^^^^^^
  File "/home/airflow/.local/lib/python3.12/site-packages/airflow/models/baseoperator.py", line 490, in apply_defaults
    result = func(self, **kwargs, default_args=default_args)
             ^^^^^^^^^^^^^^^^^^^^^^^^^^^^^^^^^^^^^^^^^^^^^^^
  File "/home/airflow/.local/lib/python3.12/site-packages/airflow/providers/postgres/operators/postgres.py", line 84, in __init__
    super().__init__(conn_id=postgres_conn_id, **kwargs)
  File "/home/airflow/.local/lib/python3.12/site-packages/airflow/models/baseoperator.py", line 473, in apply_defaults
    raise AirflowException(f"missing keyword argument {missing_args.pop()!r}")
airflow.exceptions.AirflowException: missing keyword argument 'sql'
[2024-08-21T16:26:28.819+0000] {processor.py:927} WARNING - No viable dags retrieved from /opt/airflow/dags/dag_with_postgres_operator.py
[2024-08-21T16:26:28.847+0000] {processor.py:208} INFO - Processing /opt/airflow/dags/dag_with_postgres_operator.py took 0.053 seconds
[2024-08-21T16:26:53.086+0000] {processor.py:186} INFO - Started process (PID=740) to work on /opt/airflow/dags/dag_with_postgres_operator.py
[2024-08-21T16:26:53.087+0000] {processor.py:914} INFO - Processing file /opt/airflow/dags/dag_with_postgres_operator.py for tasks to queue
[2024-08-21T16:26:53.091+0000] {logging_mixin.py:190} INFO - [2024-08-21T16:26:53.091+0000] {dagbag.py:587} INFO - Filling up the DagBag from /opt/airflow/dags/dag_with_postgres_operator.py
[2024-08-21T16:26:53.105+0000] {processor.py:925} INFO - DAG(s) 'dag_with_postgres_v1' retrieved from /opt/airflow/dags/dag_with_postgres_operator.py
[2024-08-21T16:26:53.231+0000] {logging_mixin.py:190} INFO - [2024-08-21T16:26:53.231+0000] {override.py:1858} INFO - Created Permission View: can edit on DAG:dag_with_postgres_v1
[2024-08-21T16:26:53.242+0000] {logging_mixin.py:190} INFO - [2024-08-21T16:26:53.241+0000] {override.py:1858} INFO - Created Permission View: can delete on DAG:dag_with_postgres_v1
[2024-08-21T16:26:53.248+0000] {logging_mixin.py:190} INFO - [2024-08-21T16:26:53.248+0000] {override.py:1858} INFO - Created Permission View: can read on DAG:dag_with_postgres_v1
[2024-08-21T16:26:53.249+0000] {logging_mixin.py:190} INFO - [2024-08-21T16:26:53.248+0000] {dag.py:3211} INFO - Sync 1 DAGs
[2024-08-21T16:26:53.262+0000] {logging_mixin.py:190} INFO - [2024-08-21T16:26:53.262+0000] {dag.py:3234} INFO - Creating ORM DAG for dag_with_postgres_v1
[2024-08-21T16:26:53.273+0000] {logging_mixin.py:190} INFO - [2024-08-21T16:26:53.272+0000] {dag.py:4138} INFO - Setting next_dagrun for dag_with_postgres_v1 to 2024-08-22 00:00:00+00:00, run_after=2024-08-23 00:00:00+00:00
[2024-08-21T16:26:53.291+0000] {processor.py:208} INFO - Processing /opt/airflow/dags/dag_with_postgres_operator.py took 0.217 seconds
[2024-08-21T16:26:58.367+0000] {processor.py:186} INFO - Started process (PID=751) to work on /opt/airflow/dags/dag_with_postgres_operator.py
[2024-08-21T16:26:58.368+0000] {processor.py:914} INFO - Processing file /opt/airflow/dags/dag_with_postgres_operator.py for tasks to queue
[2024-08-21T16:26:58.372+0000] {logging_mixin.py:190} INFO - [2024-08-21T16:26:58.372+0000] {dagbag.py:587} INFO - Filling up the DagBag from /opt/airflow/dags/dag_with_postgres_operator.py
[2024-08-21T16:26:58.386+0000] {processor.py:925} INFO - DAG(s) 'dag_with_postgres_v1' retrieved from /opt/airflow/dags/dag_with_postgres_operator.py
[2024-08-21T16:26:58.400+0000] {logging_mixin.py:190} INFO - [2024-08-21T16:26:58.399+0000] {dag.py:3211} INFO - Sync 1 DAGs
[2024-08-21T16:26:58.425+0000] {logging_mixin.py:190} INFO - [2024-08-21T16:26:58.424+0000] {dag.py:4138} INFO - Setting next_dagrun for dag_with_postgres_v1 to 2024-08-22 00:00:00+00:00, run_after=2024-08-23 00:00:00+00:00
[2024-08-21T16:26:58.448+0000] {processor.py:208} INFO - Processing /opt/airflow/dags/dag_with_postgres_operator.py took 0.092 seconds
[2024-08-21T16:27:28.703+0000] {processor.py:186} INFO - Started process (PID=775) to work on /opt/airflow/dags/dag_with_postgres_operator.py
[2024-08-21T16:27:28.705+0000] {processor.py:914} INFO - Processing file /opt/airflow/dags/dag_with_postgres_operator.py for tasks to queue
[2024-08-21T16:27:28.708+0000] {logging_mixin.py:190} INFO - [2024-08-21T16:27:28.708+0000] {dagbag.py:587} INFO - Filling up the DagBag from /opt/airflow/dags/dag_with_postgres_operator.py
[2024-08-21T16:27:28.722+0000] {processor.py:925} INFO - DAG(s) 'dag_with_postgres_v1' retrieved from /opt/airflow/dags/dag_with_postgres_operator.py
[2024-08-21T16:27:28.755+0000] {logging_mixin.py:190} INFO - [2024-08-21T16:27:28.754+0000] {dag.py:3211} INFO - Sync 1 DAGs
[2024-08-21T16:27:28.787+0000] {logging_mixin.py:190} INFO - [2024-08-21T16:27:28.787+0000] {dag.py:4138} INFO - Setting next_dagrun for dag_with_postgres_v1 to 2024-08-22 00:00:00+00:00, run_after=2024-08-23 00:00:00+00:00
[2024-08-21T16:27:28.813+0000] {processor.py:208} INFO - Processing /opt/airflow/dags/dag_with_postgres_operator.py took 0.117 seconds
[2024-08-21T16:27:59.256+0000] {processor.py:186} INFO - Started process (PID=796) to work on /opt/airflow/dags/dag_with_postgres_operator.py
[2024-08-21T16:27:59.257+0000] {processor.py:914} INFO - Processing file /opt/airflow/dags/dag_with_postgres_operator.py for tasks to queue
[2024-08-21T16:27:59.260+0000] {logging_mixin.py:190} INFO - [2024-08-21T16:27:59.260+0000] {dagbag.py:587} INFO - Filling up the DagBag from /opt/airflow/dags/dag_with_postgres_operator.py
[2024-08-21T16:27:59.274+0000] {processor.py:925} INFO - DAG(s) 'dag_with_postgres_v1' retrieved from /opt/airflow/dags/dag_with_postgres_operator.py
[2024-08-21T16:27:59.306+0000] {logging_mixin.py:190} INFO - [2024-08-21T16:27:59.306+0000] {dag.py:3211} INFO - Sync 1 DAGs
[2024-08-21T16:27:59.341+0000] {logging_mixin.py:190} INFO - [2024-08-21T16:27:59.340+0000] {dag.py:4138} INFO - Setting next_dagrun for dag_with_postgres_v1 to 2024-08-22 00:00:00+00:00, run_after=2024-08-23 00:00:00+00:00
[2024-08-21T16:27:59.372+0000] {processor.py:208} INFO - Processing /opt/airflow/dags/dag_with_postgres_operator.py took 0.122 seconds
[2024-08-21T16:28:29.655+0000] {processor.py:186} INFO - Started process (PID=817) to work on /opt/airflow/dags/dag_with_postgres_operator.py
[2024-08-21T16:28:29.656+0000] {processor.py:914} INFO - Processing file /opt/airflow/dags/dag_with_postgres_operator.py for tasks to queue
[2024-08-21T16:28:29.660+0000] {logging_mixin.py:190} INFO - [2024-08-21T16:28:29.659+0000] {dagbag.py:587} INFO - Filling up the DagBag from /opt/airflow/dags/dag_with_postgres_operator.py
[2024-08-21T16:28:29.673+0000] {processor.py:925} INFO - DAG(s) 'dag_with_postgres_v1' retrieved from /opt/airflow/dags/dag_with_postgres_operator.py
[2024-08-21T16:28:29.705+0000] {logging_mixin.py:190} INFO - [2024-08-21T16:28:29.705+0000] {dag.py:3211} INFO - Sync 1 DAGs
[2024-08-21T16:28:29.734+0000] {logging_mixin.py:190} INFO - [2024-08-21T16:28:29.734+0000] {dag.py:4138} INFO - Setting next_dagrun for dag_with_postgres_v1 to 2024-08-22 00:00:00+00:00, run_after=2024-08-23 00:00:00+00:00
[2024-08-21T16:28:29.753+0000] {processor.py:208} INFO - Processing /opt/airflow/dags/dag_with_postgres_operator.py took 0.106 seconds
[2024-08-21T16:29:00.025+0000] {processor.py:186} INFO - Started process (PID=838) to work on /opt/airflow/dags/dag_with_postgres_operator.py
[2024-08-21T16:29:00.027+0000] {processor.py:914} INFO - Processing file /opt/airflow/dags/dag_with_postgres_operator.py for tasks to queue
[2024-08-21T16:29:00.030+0000] {logging_mixin.py:190} INFO - [2024-08-21T16:29:00.029+0000] {dagbag.py:587} INFO - Filling up the DagBag from /opt/airflow/dags/dag_with_postgres_operator.py
[2024-08-21T16:29:00.041+0000] {processor.py:925} INFO - DAG(s) 'dag_with_postgres_v1' retrieved from /opt/airflow/dags/dag_with_postgres_operator.py
[2024-08-21T16:29:00.067+0000] {logging_mixin.py:190} INFO - [2024-08-21T16:29:00.067+0000] {dag.py:3211} INFO - Sync 1 DAGs
[2024-08-21T16:29:00.092+0000] {logging_mixin.py:190} INFO - [2024-08-21T16:29:00.091+0000] {dag.py:4138} INFO - Setting next_dagrun for dag_with_postgres_v1 to 2024-08-22 00:00:00+00:00, run_after=2024-08-23 00:00:00+00:00
[2024-08-21T16:29:00.117+0000] {processor.py:208} INFO - Processing /opt/airflow/dags/dag_with_postgres_operator.py took 0.099 seconds
[2024-08-21T16:29:30.382+0000] {processor.py:186} INFO - Started process (PID=862) to work on /opt/airflow/dags/dag_with_postgres_operator.py
[2024-08-21T16:29:30.383+0000] {processor.py:914} INFO - Processing file /opt/airflow/dags/dag_with_postgres_operator.py for tasks to queue
[2024-08-21T16:29:30.386+0000] {logging_mixin.py:190} INFO - [2024-08-21T16:29:30.386+0000] {dagbag.py:587} INFO - Filling up the DagBag from /opt/airflow/dags/dag_with_postgres_operator.py
[2024-08-21T16:29:30.398+0000] {processor.py:925} INFO - DAG(s) 'dag_with_postgres_v1' retrieved from /opt/airflow/dags/dag_with_postgres_operator.py
[2024-08-21T16:29:30.425+0000] {logging_mixin.py:190} INFO - [2024-08-21T16:29:30.424+0000] {dag.py:3211} INFO - Sync 1 DAGs
[2024-08-21T16:29:30.450+0000] {logging_mixin.py:190} INFO - [2024-08-21T16:29:30.450+0000] {dag.py:4138} INFO - Setting next_dagrun for dag_with_postgres_v1 to 2024-08-22 00:00:00+00:00, run_after=2024-08-23 00:00:00+00:00
[2024-08-21T16:29:30.468+0000] {processor.py:208} INFO - Processing /opt/airflow/dags/dag_with_postgres_operator.py took 0.096 seconds
[2024-08-21T16:30:00.745+0000] {processor.py:186} INFO - Started process (PID=883) to work on /opt/airflow/dags/dag_with_postgres_operator.py
[2024-08-21T16:30:00.747+0000] {processor.py:914} INFO - Processing file /opt/airflow/dags/dag_with_postgres_operator.py for tasks to queue
[2024-08-21T16:30:00.751+0000] {logging_mixin.py:190} INFO - [2024-08-21T16:30:00.750+0000] {dagbag.py:587} INFO - Filling up the DagBag from /opt/airflow/dags/dag_with_postgres_operator.py
[2024-08-21T16:30:00.763+0000] {processor.py:925} INFO - DAG(s) 'dag_with_postgres_v1' retrieved from /opt/airflow/dags/dag_with_postgres_operator.py
[2024-08-21T16:30:00.792+0000] {logging_mixin.py:190} INFO - [2024-08-21T16:30:00.791+0000] {dag.py:3211} INFO - Sync 1 DAGs
[2024-08-21T16:30:00.954+0000] {logging_mixin.py:190} INFO - [2024-08-21T16:30:00.953+0000] {dag.py:4138} INFO - Setting next_dagrun for dag_with_postgres_v1 to 2024-08-22 00:00:00+00:00, run_after=2024-08-23 00:00:00+00:00
[2024-08-21T16:30:00.977+0000] {processor.py:208} INFO - Processing /opt/airflow/dags/dag_with_postgres_operator.py took 0.239 seconds
[2024-08-21T16:30:31.064+0000] {processor.py:186} INFO - Started process (PID=904) to work on /opt/airflow/dags/dag_with_postgres_operator.py
[2024-08-21T16:30:31.065+0000] {processor.py:914} INFO - Processing file /opt/airflow/dags/dag_with_postgres_operator.py for tasks to queue
[2024-08-21T16:30:31.069+0000] {logging_mixin.py:190} INFO - [2024-08-21T16:30:31.069+0000] {dagbag.py:587} INFO - Filling up the DagBag from /opt/airflow/dags/dag_with_postgres_operator.py
[2024-08-21T16:30:31.080+0000] {processor.py:925} INFO - DAG(s) 'dag_with_postgres_v1' retrieved from /opt/airflow/dags/dag_with_postgres_operator.py
[2024-08-21T16:30:31.107+0000] {logging_mixin.py:190} INFO - [2024-08-21T16:30:31.107+0000] {dag.py:3211} INFO - Sync 1 DAGs
[2024-08-21T16:30:31.134+0000] {logging_mixin.py:190} INFO - [2024-08-21T16:30:31.133+0000] {dag.py:4138} INFO - Setting next_dagrun for dag_with_postgres_v1 to 2024-08-22 00:00:00+00:00, run_after=2024-08-23 00:00:00+00:00
[2024-08-21T16:30:31.158+0000] {processor.py:208} INFO - Processing /opt/airflow/dags/dag_with_postgres_operator.py took 0.103 seconds
[2024-08-21T16:31:01.427+0000] {processor.py:186} INFO - Started process (PID=924) to work on /opt/airflow/dags/dag_with_postgres_operator.py
[2024-08-21T16:31:01.428+0000] {processor.py:914} INFO - Processing file /opt/airflow/dags/dag_with_postgres_operator.py for tasks to queue
[2024-08-21T16:31:01.432+0000] {logging_mixin.py:190} INFO - [2024-08-21T16:31:01.431+0000] {dagbag.py:587} INFO - Filling up the DagBag from /opt/airflow/dags/dag_with_postgres_operator.py
[2024-08-21T16:31:01.443+0000] {processor.py:925} INFO - DAG(s) 'dag_with_postgres_v1' retrieved from /opt/airflow/dags/dag_with_postgres_operator.py
[2024-08-21T16:31:01.470+0000] {logging_mixin.py:190} INFO - [2024-08-21T16:31:01.470+0000] {dag.py:3211} INFO - Sync 1 DAGs
[2024-08-21T16:31:01.494+0000] {logging_mixin.py:190} INFO - [2024-08-21T16:31:01.494+0000] {dag.py:4138} INFO - Setting next_dagrun for dag_with_postgres_v1 to 2024-08-22 00:00:00+00:00, run_after=2024-08-23 00:00:00+00:00
[2024-08-21T16:31:01.513+0000] {processor.py:208} INFO - Processing /opt/airflow/dags/dag_with_postgres_operator.py took 0.093 seconds
[2024-08-21T16:31:31.778+0000] {processor.py:186} INFO - Started process (PID=948) to work on /opt/airflow/dags/dag_with_postgres_operator.py
[2024-08-21T16:31:31.779+0000] {processor.py:914} INFO - Processing file /opt/airflow/dags/dag_with_postgres_operator.py for tasks to queue
[2024-08-21T16:31:31.782+0000] {logging_mixin.py:190} INFO - [2024-08-21T16:31:31.781+0000] {dagbag.py:587} INFO - Filling up the DagBag from /opt/airflow/dags/dag_with_postgres_operator.py
[2024-08-21T16:31:31.793+0000] {processor.py:925} INFO - DAG(s) 'dag_with_postgres_v1' retrieved from /opt/airflow/dags/dag_with_postgres_operator.py
[2024-08-21T16:31:31.819+0000] {logging_mixin.py:190} INFO - [2024-08-21T16:31:31.819+0000] {dag.py:3211} INFO - Sync 1 DAGs
[2024-08-21T16:31:31.844+0000] {logging_mixin.py:190} INFO - [2024-08-21T16:31:31.844+0000] {dag.py:4138} INFO - Setting next_dagrun for dag_with_postgres_v1 to 2024-08-22 00:00:00+00:00, run_after=2024-08-23 00:00:00+00:00
[2024-08-21T16:31:31.869+0000] {processor.py:208} INFO - Processing /opt/airflow/dags/dag_with_postgres_operator.py took 0.097 seconds
[2024-08-21T16:32:02.176+0000] {processor.py:186} INFO - Started process (PID=969) to work on /opt/airflow/dags/dag_with_postgres_operator.py
[2024-08-21T16:32:02.177+0000] {processor.py:914} INFO - Processing file /opt/airflow/dags/dag_with_postgres_operator.py for tasks to queue
[2024-08-21T16:32:02.181+0000] {logging_mixin.py:190} INFO - [2024-08-21T16:32:02.181+0000] {dagbag.py:587} INFO - Filling up the DagBag from /opt/airflow/dags/dag_with_postgres_operator.py
[2024-08-21T16:32:02.198+0000] {processor.py:925} INFO - DAG(s) 'dag_with_postgres_v1' retrieved from /opt/airflow/dags/dag_with_postgres_operator.py
[2024-08-21T16:32:02.232+0000] {logging_mixin.py:190} INFO - [2024-08-21T16:32:02.232+0000] {dag.py:3211} INFO - Sync 1 DAGs
[2024-08-21T16:32:02.262+0000] {logging_mixin.py:190} INFO - [2024-08-21T16:32:02.261+0000] {dag.py:4138} INFO - Setting next_dagrun for dag_with_postgres_v1 to 2024-08-22 00:00:00+00:00, run_after=2024-08-23 00:00:00+00:00
[2024-08-21T16:32:02.289+0000] {processor.py:208} INFO - Processing /opt/airflow/dags/dag_with_postgres_operator.py took 0.119 seconds
[2024-08-21T16:32:32.542+0000] {processor.py:186} INFO - Started process (PID=990) to work on /opt/airflow/dags/dag_with_postgres_operator.py
[2024-08-21T16:32:32.543+0000] {processor.py:914} INFO - Processing file /opt/airflow/dags/dag_with_postgres_operator.py for tasks to queue
[2024-08-21T16:32:32.547+0000] {logging_mixin.py:190} INFO - [2024-08-21T16:32:32.547+0000] {dagbag.py:587} INFO - Filling up the DagBag from /opt/airflow/dags/dag_with_postgres_operator.py
[2024-08-21T16:32:32.559+0000] {processor.py:925} INFO - DAG(s) 'dag_with_postgres_v1' retrieved from /opt/airflow/dags/dag_with_postgres_operator.py
[2024-08-21T16:32:32.595+0000] {logging_mixin.py:190} INFO - [2024-08-21T16:32:32.594+0000] {dag.py:3211} INFO - Sync 1 DAGs
[2024-08-21T16:32:32.636+0000] {logging_mixin.py:190} INFO - [2024-08-21T16:32:32.636+0000] {dag.py:4138} INFO - Setting next_dagrun for dag_with_postgres_v1 to 2024-08-22 00:00:00+00:00, run_after=2024-08-23 00:00:00+00:00
[2024-08-21T16:32:32.669+0000] {processor.py:208} INFO - Processing /opt/airflow/dags/dag_with_postgres_operator.py took 0.132 seconds
[2024-08-21T16:33:02.923+0000] {processor.py:186} INFO - Started process (PID=1011) to work on /opt/airflow/dags/dag_with_postgres_operator.py
[2024-08-21T16:33:02.925+0000] {processor.py:914} INFO - Processing file /opt/airflow/dags/dag_with_postgres_operator.py for tasks to queue
[2024-08-21T16:33:02.931+0000] {logging_mixin.py:190} INFO - [2024-08-21T16:33:02.930+0000] {dagbag.py:587} INFO - Filling up the DagBag from /opt/airflow/dags/dag_with_postgres_operator.py
[2024-08-21T16:33:02.945+0000] {processor.py:925} INFO - DAG(s) 'dag_with_postgres_v1' retrieved from /opt/airflow/dags/dag_with_postgres_operator.py
[2024-08-21T16:33:02.981+0000] {logging_mixin.py:190} INFO - [2024-08-21T16:33:02.981+0000] {dag.py:3211} INFO - Sync 1 DAGs
[2024-08-21T16:33:03.019+0000] {logging_mixin.py:190} INFO - [2024-08-21T16:33:03.019+0000] {dag.py:4138} INFO - Setting next_dagrun for dag_with_postgres_v1 to 2024-08-22 00:00:00+00:00, run_after=2024-08-23 00:00:00+00:00
[2024-08-21T16:33:03.053+0000] {processor.py:208} INFO - Processing /opt/airflow/dags/dag_with_postgres_operator.py took 0.137 seconds
[2024-08-21T16:33:33.178+0000] {processor.py:186} INFO - Started process (PID=1038) to work on /opt/airflow/dags/dag_with_postgres_operator.py
[2024-08-21T16:33:33.179+0000] {processor.py:914} INFO - Processing file /opt/airflow/dags/dag_with_postgres_operator.py for tasks to queue
[2024-08-21T16:33:33.184+0000] {logging_mixin.py:190} INFO - [2024-08-21T16:33:33.183+0000] {dagbag.py:587} INFO - Filling up the DagBag from /opt/airflow/dags/dag_with_postgres_operator.py
[2024-08-21T16:33:33.201+0000] {processor.py:925} INFO - DAG(s) 'dag_with_postgres_v1' retrieved from /opt/airflow/dags/dag_with_postgres_operator.py
[2024-08-21T16:33:33.248+0000] {logging_mixin.py:190} INFO - [2024-08-21T16:33:33.248+0000] {dag.py:3211} INFO - Sync 1 DAGs
[2024-08-21T16:33:33.279+0000] {logging_mixin.py:190} INFO - [2024-08-21T16:33:33.279+0000] {dag.py:4138} INFO - Setting next_dagrun for dag_with_postgres_v1 to 2024-08-22 00:00:00+00:00, run_after=2024-08-23 00:00:00+00:00
[2024-08-21T16:33:33.308+0000] {processor.py:208} INFO - Processing /opt/airflow/dags/dag_with_postgres_operator.py took 0.139 seconds
[2024-08-21T16:34:03.591+0000] {processor.py:186} INFO - Started process (PID=1059) to work on /opt/airflow/dags/dag_with_postgres_operator.py
[2024-08-21T16:34:03.592+0000] {processor.py:914} INFO - Processing file /opt/airflow/dags/dag_with_postgres_operator.py for tasks to queue
[2024-08-21T16:34:03.596+0000] {logging_mixin.py:190} INFO - [2024-08-21T16:34:03.595+0000] {dagbag.py:587} INFO - Filling up the DagBag from /opt/airflow/dags/dag_with_postgres_operator.py
[2024-08-21T16:34:03.608+0000] {processor.py:925} INFO - DAG(s) 'dag_with_postgres_v1' retrieved from /opt/airflow/dags/dag_with_postgres_operator.py
[2024-08-21T16:34:03.641+0000] {logging_mixin.py:190} INFO - [2024-08-21T16:34:03.641+0000] {dag.py:3211} INFO - Sync 1 DAGs
[2024-08-21T16:34:03.670+0000] {logging_mixin.py:190} INFO - [2024-08-21T16:34:03.669+0000] {dag.py:4138} INFO - Setting next_dagrun for dag_with_postgres_v1 to 2024-08-22 00:00:00+00:00, run_after=2024-08-23 00:00:00+00:00
[2024-08-21T16:34:03.698+0000] {processor.py:208} INFO - Processing /opt/airflow/dags/dag_with_postgres_operator.py took 0.115 seconds
[2024-08-21T16:34:33.983+0000] {processor.py:186} INFO - Started process (PID=1080) to work on /opt/airflow/dags/dag_with_postgres_operator.py
[2024-08-21T16:34:33.985+0000] {processor.py:914} INFO - Processing file /opt/airflow/dags/dag_with_postgres_operator.py for tasks to queue
[2024-08-21T16:34:33.990+0000] {logging_mixin.py:190} INFO - [2024-08-21T16:34:33.989+0000] {dagbag.py:587} INFO - Filling up the DagBag from /opt/airflow/dags/dag_with_postgres_operator.py
[2024-08-21T16:34:34.002+0000] {processor.py:925} INFO - DAG(s) 'dag_with_postgres_v1' retrieved from /opt/airflow/dags/dag_with_postgres_operator.py
[2024-08-21T16:34:34.030+0000] {logging_mixin.py:190} INFO - [2024-08-21T16:34:34.030+0000] {dag.py:3211} INFO - Sync 1 DAGs
[2024-08-21T16:34:34.059+0000] {logging_mixin.py:190} INFO - [2024-08-21T16:34:34.058+0000] {dag.py:4138} INFO - Setting next_dagrun for dag_with_postgres_v1 to 2024-08-22 00:00:00+00:00, run_after=2024-08-23 00:00:00+00:00
[2024-08-21T16:34:34.087+0000] {processor.py:208} INFO - Processing /opt/airflow/dags/dag_with_postgres_operator.py took 0.111 seconds
[2024-08-21T16:35:04.357+0000] {processor.py:186} INFO - Started process (PID=1101) to work on /opt/airflow/dags/dag_with_postgres_operator.py
[2024-08-21T16:35:04.359+0000] {processor.py:914} INFO - Processing file /opt/airflow/dags/dag_with_postgres_operator.py for tasks to queue
[2024-08-21T16:35:04.362+0000] {logging_mixin.py:190} INFO - [2024-08-21T16:35:04.361+0000] {dagbag.py:587} INFO - Filling up the DagBag from /opt/airflow/dags/dag_with_postgres_operator.py
[2024-08-21T16:35:04.373+0000] {processor.py:925} INFO - DAG(s) 'dag_with_postgres_v1' retrieved from /opt/airflow/dags/dag_with_postgres_operator.py
[2024-08-21T16:35:04.399+0000] {logging_mixin.py:190} INFO - [2024-08-21T16:35:04.399+0000] {dag.py:3211} INFO - Sync 1 DAGs
[2024-08-21T16:35:04.423+0000] {logging_mixin.py:190} INFO - [2024-08-21T16:35:04.422+0000] {dag.py:4138} INFO - Setting next_dagrun for dag_with_postgres_v1 to 2024-08-22 00:00:00+00:00, run_after=2024-08-23 00:00:00+00:00
[2024-08-21T16:35:04.447+0000] {processor.py:208} INFO - Processing /opt/airflow/dags/dag_with_postgres_operator.py took 0.096 seconds
[2024-08-21T16:35:34.751+0000] {processor.py:186} INFO - Started process (PID=1122) to work on /opt/airflow/dags/dag_with_postgres_operator.py
[2024-08-21T16:35:34.752+0000] {processor.py:914} INFO - Processing file /opt/airflow/dags/dag_with_postgres_operator.py for tasks to queue
[2024-08-21T16:35:34.755+0000] {logging_mixin.py:190} INFO - [2024-08-21T16:35:34.755+0000] {dagbag.py:587} INFO - Filling up the DagBag from /opt/airflow/dags/dag_with_postgres_operator.py
[2024-08-21T16:35:34.766+0000] {processor.py:925} INFO - DAG(s) 'dag_with_postgres_v1' retrieved from /opt/airflow/dags/dag_with_postgres_operator.py
[2024-08-21T16:35:34.793+0000] {logging_mixin.py:190} INFO - [2024-08-21T16:35:34.792+0000] {dag.py:3211} INFO - Sync 1 DAGs
[2024-08-21T16:35:34.818+0000] {logging_mixin.py:190} INFO - [2024-08-21T16:35:34.818+0000] {dag.py:4138} INFO - Setting next_dagrun for dag_with_postgres_v1 to 2024-08-22 00:00:00+00:00, run_after=2024-08-23 00:00:00+00:00
[2024-08-21T16:35:34.970+0000] {processor.py:208} INFO - Processing /opt/airflow/dags/dag_with_postgres_operator.py took 0.229 seconds
[2024-08-21T16:36:05.250+0000] {processor.py:186} INFO - Started process (PID=1143) to work on /opt/airflow/dags/dag_with_postgres_operator.py
[2024-08-21T16:36:05.252+0000] {processor.py:914} INFO - Processing file /opt/airflow/dags/dag_with_postgres_operator.py for tasks to queue
[2024-08-21T16:36:05.255+0000] {logging_mixin.py:190} INFO - [2024-08-21T16:36:05.255+0000] {dagbag.py:587} INFO - Filling up the DagBag from /opt/airflow/dags/dag_with_postgres_operator.py
[2024-08-21T16:36:05.266+0000] {processor.py:925} INFO - DAG(s) 'dag_with_postgres_v1' retrieved from /opt/airflow/dags/dag_with_postgres_operator.py
[2024-08-21T16:36:05.291+0000] {logging_mixin.py:190} INFO - [2024-08-21T16:36:05.291+0000] {dag.py:3211} INFO - Sync 1 DAGs
[2024-08-21T16:36:05.315+0000] {logging_mixin.py:190} INFO - [2024-08-21T16:36:05.315+0000] {dag.py:4138} INFO - Setting next_dagrun for dag_with_postgres_v1 to 2024-08-22 00:00:00+00:00, run_after=2024-08-23 00:00:00+00:00
[2024-08-21T16:36:05.340+0000] {processor.py:208} INFO - Processing /opt/airflow/dags/dag_with_postgres_operator.py took 0.100 seconds
[2024-08-21T16:36:25.556+0000] {processor.py:186} INFO - Started process (PID=1158) to work on /opt/airflow/dags/dag_with_postgres_operator.py
[2024-08-21T16:36:25.557+0000] {processor.py:914} INFO - Processing file /opt/airflow/dags/dag_with_postgres_operator.py for tasks to queue
[2024-08-21T16:36:25.560+0000] {logging_mixin.py:190} INFO - [2024-08-21T16:36:25.560+0000] {dagbag.py:587} INFO - Filling up the DagBag from /opt/airflow/dags/dag_with_postgres_operator.py
[2024-08-21T16:36:25.573+0000] {processor.py:925} INFO - DAG(s) 'dag_with_postgres_v1' retrieved from /opt/airflow/dags/dag_with_postgres_operator.py
[2024-08-21T16:36:25.699+0000] {logging_mixin.py:190} INFO - [2024-08-21T16:36:25.699+0000] {dag.py:3211} INFO - Sync 1 DAGs
[2024-08-21T16:36:25.850+0000] {logging_mixin.py:190} INFO - [2024-08-21T16:36:25.849+0000] {dag.py:4138} INFO - Setting next_dagrun for dag_with_postgres_v1 to 2024-08-22 00:00:00+00:00, run_after=2024-08-23 00:00:00+00:00
[2024-08-21T16:36:25.875+0000] {processor.py:208} INFO - Processing /opt/airflow/dags/dag_with_postgres_operator.py took 0.325 seconds
[2024-08-21T16:36:55.957+0000] {processor.py:186} INFO - Started process (PID=1179) to work on /opt/airflow/dags/dag_with_postgres_operator.py
[2024-08-21T16:36:55.959+0000] {processor.py:914} INFO - Processing file /opt/airflow/dags/dag_with_postgres_operator.py for tasks to queue
[2024-08-21T16:36:55.963+0000] {logging_mixin.py:190} INFO - [2024-08-21T16:36:55.963+0000] {dagbag.py:587} INFO - Filling up the DagBag from /opt/airflow/dags/dag_with_postgres_operator.py
[2024-08-21T16:36:55.979+0000] {processor.py:925} INFO - DAG(s) 'dag_with_postgres_v1' retrieved from /opt/airflow/dags/dag_with_postgres_operator.py
[2024-08-21T16:36:56.015+0000] {logging_mixin.py:190} INFO - [2024-08-21T16:36:56.014+0000] {dag.py:3211} INFO - Sync 1 DAGs
[2024-08-21T16:36:56.048+0000] {logging_mixin.py:190} INFO - [2024-08-21T16:36:56.048+0000] {dag.py:4138} INFO - Setting next_dagrun for dag_with_postgres_v1 to 2024-08-22 00:00:00+00:00, run_after=2024-08-23 00:00:00+00:00
[2024-08-21T16:36:56.071+0000] {processor.py:208} INFO - Processing /opt/airflow/dags/dag_with_postgres_operator.py took 0.122 seconds
[2024-08-21T16:37:26.331+0000] {processor.py:186} INFO - Started process (PID=1206) to work on /opt/airflow/dags/dag_with_postgres_operator.py
[2024-08-21T16:37:26.333+0000] {processor.py:914} INFO - Processing file /opt/airflow/dags/dag_with_postgres_operator.py for tasks to queue
[2024-08-21T16:37:26.336+0000] {logging_mixin.py:190} INFO - [2024-08-21T16:37:26.336+0000] {dagbag.py:587} INFO - Filling up the DagBag from /opt/airflow/dags/dag_with_postgres_operator.py
[2024-08-21T16:37:26.347+0000] {processor.py:925} INFO - DAG(s) 'dag_with_postgres_v1' retrieved from /opt/airflow/dags/dag_with_postgres_operator.py
[2024-08-21T16:37:26.376+0000] {logging_mixin.py:190} INFO - [2024-08-21T16:37:26.376+0000] {dag.py:3211} INFO - Sync 1 DAGs
[2024-08-21T16:37:26.400+0000] {logging_mixin.py:190} INFO - [2024-08-21T16:37:26.400+0000] {dag.py:4138} INFO - Setting next_dagrun for dag_with_postgres_v1 to 2024-08-22 00:00:00+00:00, run_after=2024-08-23 00:00:00+00:00
[2024-08-21T16:37:26.419+0000] {processor.py:208} INFO - Processing /opt/airflow/dags/dag_with_postgres_operator.py took 0.094 seconds
[2024-08-21T16:37:56.703+0000] {processor.py:186} INFO - Started process (PID=1227) to work on /opt/airflow/dags/dag_with_postgres_operator.py
[2024-08-21T16:37:56.704+0000] {processor.py:914} INFO - Processing file /opt/airflow/dags/dag_with_postgres_operator.py for tasks to queue
[2024-08-21T16:37:56.708+0000] {logging_mixin.py:190} INFO - [2024-08-21T16:37:56.708+0000] {dagbag.py:587} INFO - Filling up the DagBag from /opt/airflow/dags/dag_with_postgres_operator.py
[2024-08-21T16:37:56.720+0000] {processor.py:925} INFO - DAG(s) 'dag_with_postgres_v1' retrieved from /opt/airflow/dags/dag_with_postgres_operator.py
[2024-08-21T16:37:56.748+0000] {logging_mixin.py:190} INFO - [2024-08-21T16:37:56.747+0000] {dag.py:3211} INFO - Sync 1 DAGs
[2024-08-21T16:37:56.771+0000] {logging_mixin.py:190} INFO - [2024-08-21T16:37:56.770+0000] {dag.py:4138} INFO - Setting next_dagrun for dag_with_postgres_v1 to 2024-08-22 00:00:00+00:00, run_after=2024-08-23 00:00:00+00:00
[2024-08-21T16:37:56.796+0000] {processor.py:208} INFO - Processing /opt/airflow/dags/dag_with_postgres_operator.py took 0.104 seconds
[2024-08-21T16:38:27.155+0000] {processor.py:186} INFO - Started process (PID=1248) to work on /opt/airflow/dags/dag_with_postgres_operator.py
[2024-08-21T16:38:27.156+0000] {processor.py:914} INFO - Processing file /opt/airflow/dags/dag_with_postgres_operator.py for tasks to queue
[2024-08-21T16:38:27.160+0000] {logging_mixin.py:190} INFO - [2024-08-21T16:38:27.160+0000] {dagbag.py:587} INFO - Filling up the DagBag from /opt/airflow/dags/dag_with_postgres_operator.py
[2024-08-21T16:38:27.172+0000] {processor.py:925} INFO - DAG(s) 'dag_with_postgres_v1' retrieved from /opt/airflow/dags/dag_with_postgres_operator.py
[2024-08-21T16:38:27.200+0000] {logging_mixin.py:190} INFO - [2024-08-21T16:38:27.200+0000] {dag.py:3211} INFO - Sync 1 DAGs
[2024-08-21T16:38:27.363+0000] {logging_mixin.py:190} INFO - [2024-08-21T16:38:27.362+0000] {dag.py:4138} INFO - Setting next_dagrun for dag_with_postgres_v1 to 2024-08-22 00:00:00+00:00, run_after=2024-08-23 00:00:00+00:00
[2024-08-21T16:38:27.386+0000] {processor.py:208} INFO - Processing /opt/airflow/dags/dag_with_postgres_operator.py took 0.239 seconds
[2024-08-21T16:38:57.678+0000] {processor.py:186} INFO - Started process (PID=1269) to work on /opt/airflow/dags/dag_with_postgres_operator.py
[2024-08-21T16:38:57.679+0000] {processor.py:914} INFO - Processing file /opt/airflow/dags/dag_with_postgres_operator.py for tasks to queue
[2024-08-21T16:38:57.682+0000] {logging_mixin.py:190} INFO - [2024-08-21T16:38:57.682+0000] {dagbag.py:587} INFO - Filling up the DagBag from /opt/airflow/dags/dag_with_postgres_operator.py
[2024-08-21T16:38:57.693+0000] {processor.py:925} INFO - DAG(s) 'dag_with_postgres_v1' retrieved from /opt/airflow/dags/dag_with_postgres_operator.py
[2024-08-21T16:38:57.722+0000] {logging_mixin.py:190} INFO - [2024-08-21T16:38:57.722+0000] {dag.py:3211} INFO - Sync 1 DAGs
[2024-08-21T16:38:57.747+0000] {logging_mixin.py:190} INFO - [2024-08-21T16:38:57.747+0000] {dag.py:4138} INFO - Setting next_dagrun for dag_with_postgres_v1 to 2024-08-22 00:00:00+00:00, run_after=2024-08-23 00:00:00+00:00
[2024-08-21T16:38:57.768+0000] {processor.py:208} INFO - Processing /opt/airflow/dags/dag_with_postgres_operator.py took 0.097 seconds
[2024-08-21T16:39:28.016+0000] {processor.py:186} INFO - Started process (PID=1289) to work on /opt/airflow/dags/dag_with_postgres_operator.py
[2024-08-21T16:39:28.017+0000] {processor.py:914} INFO - Processing file /opt/airflow/dags/dag_with_postgres_operator.py for tasks to queue
[2024-08-21T16:39:28.021+0000] {logging_mixin.py:190} INFO - [2024-08-21T16:39:28.021+0000] {dagbag.py:587} INFO - Filling up the DagBag from /opt/airflow/dags/dag_with_postgres_operator.py
[2024-08-21T16:39:28.036+0000] {processor.py:925} INFO - DAG(s) 'dag_with_postgres_v1' retrieved from /opt/airflow/dags/dag_with_postgres_operator.py
[2024-08-21T16:39:28.064+0000] {logging_mixin.py:190} INFO - [2024-08-21T16:39:28.064+0000] {dag.py:3211} INFO - Sync 1 DAGs
[2024-08-21T16:39:28.098+0000] {logging_mixin.py:190} INFO - [2024-08-21T16:39:28.097+0000] {dag.py:4138} INFO - Setting next_dagrun for dag_with_postgres_v1 to 2024-08-22 00:00:00+00:00, run_after=2024-08-23 00:00:00+00:00
[2024-08-21T16:39:28.124+0000] {processor.py:208} INFO - Processing /opt/airflow/dags/dag_with_postgres_operator.py took 0.115 seconds
[2024-08-21T16:39:34.136+0000] {processor.py:186} INFO - Started process (PID=1294) to work on /opt/airflow/dags/dag_with_postgres_operator.py
[2024-08-21T16:39:34.137+0000] {processor.py:914} INFO - Processing file /opt/airflow/dags/dag_with_postgres_operator.py for tasks to queue
[2024-08-21T16:39:34.140+0000] {logging_mixin.py:190} INFO - [2024-08-21T16:39:34.140+0000] {dagbag.py:587} INFO - Filling up the DagBag from /opt/airflow/dags/dag_with_postgres_operator.py
[2024-08-21T16:39:34.153+0000] {processor.py:925} INFO - DAG(s) 'dag_with_postgres_v1' retrieved from /opt/airflow/dags/dag_with_postgres_operator.py
[2024-08-21T16:39:34.427+0000] {logging_mixin.py:190} INFO - [2024-08-21T16:39:34.427+0000] {dag.py:3211} INFO - Sync 1 DAGs
[2024-08-21T16:39:34.447+0000] {logging_mixin.py:190} INFO - [2024-08-21T16:39:34.446+0000] {dag.py:4138} INFO - Setting next_dagrun for dag_with_postgres_v1 to 2024-08-22 00:00:00+00:00, run_after=2024-08-23 00:00:00+00:00
[2024-08-21T16:39:34.465+0000] {processor.py:208} INFO - Processing /opt/airflow/dags/dag_with_postgres_operator.py took 0.341 seconds
[2024-08-21T16:40:04.593+0000] {processor.py:186} INFO - Started process (PID=1315) to work on /opt/airflow/dags/dag_with_postgres_operator.py
[2024-08-21T16:40:04.595+0000] {processor.py:914} INFO - Processing file /opt/airflow/dags/dag_with_postgres_operator.py for tasks to queue
[2024-08-21T16:40:04.599+0000] {logging_mixin.py:190} INFO - [2024-08-21T16:40:04.598+0000] {dagbag.py:587} INFO - Filling up the DagBag from /opt/airflow/dags/dag_with_postgres_operator.py
[2024-08-21T16:40:04.611+0000] {processor.py:925} INFO - DAG(s) 'dag_with_postgres_v1' retrieved from /opt/airflow/dags/dag_with_postgres_operator.py
[2024-08-21T16:40:04.639+0000] {logging_mixin.py:190} INFO - [2024-08-21T16:40:04.639+0000] {dag.py:3211} INFO - Sync 1 DAGs
[2024-08-21T16:40:04.663+0000] {logging_mixin.py:190} INFO - [2024-08-21T16:40:04.662+0000] {dag.py:4138} INFO - Setting next_dagrun for dag_with_postgres_v1 to 2024-08-22 00:00:00+00:00, run_after=2024-08-23 00:00:00+00:00
[2024-08-21T16:40:04.682+0000] {processor.py:208} INFO - Processing /opt/airflow/dags/dag_with_postgres_operator.py took 0.099 seconds
[2024-08-21T16:40:13.903+0000] {processor.py:186} INFO - Started process (PID=1330) to work on /opt/airflow/dags/dag_with_postgres_operator.py
[2024-08-21T16:40:13.904+0000] {processor.py:914} INFO - Processing file /opt/airflow/dags/dag_with_postgres_operator.py for tasks to queue
[2024-08-21T16:40:13.908+0000] {logging_mixin.py:190} INFO - [2024-08-21T16:40:13.908+0000] {dagbag.py:587} INFO - Filling up the DagBag from /opt/airflow/dags/dag_with_postgres_operator.py
[2024-08-21T16:40:13.927+0000] {processor.py:925} INFO - DAG(s) 'dag_with_postgres_v2' retrieved from /opt/airflow/dags/dag_with_postgres_operator.py
[2024-08-21T16:40:14.221+0000] {logging_mixin.py:190} INFO - [2024-08-21T16:40:14.220+0000] {override.py:1858} INFO - Created Permission View: can edit on DAG:dag_with_postgres_v2
[2024-08-21T16:40:14.231+0000] {logging_mixin.py:190} INFO - [2024-08-21T16:40:14.231+0000] {override.py:1858} INFO - Created Permission View: can delete on DAG:dag_with_postgres_v2
[2024-08-21T16:40:14.237+0000] {logging_mixin.py:190} INFO - [2024-08-21T16:40:14.236+0000] {override.py:1858} INFO - Created Permission View: can read on DAG:dag_with_postgres_v2
[2024-08-21T16:40:14.237+0000] {logging_mixin.py:190} INFO - [2024-08-21T16:40:14.237+0000] {dag.py:3211} INFO - Sync 1 DAGs
[2024-08-21T16:40:14.249+0000] {logging_mixin.py:190} INFO - [2024-08-21T16:40:14.248+0000] {dag.py:3234} INFO - Creating ORM DAG for dag_with_postgres_v2
[2024-08-21T16:40:14.258+0000] {logging_mixin.py:190} INFO - [2024-08-21T16:40:14.258+0000] {dag.py:4138} INFO - Setting next_dagrun for dag_with_postgres_v2 to 2024-08-22 00:00:00+00:00, run_after=2024-08-23 00:00:00+00:00
[2024-08-21T16:40:14.272+0000] {processor.py:208} INFO - Processing /opt/airflow/dags/dag_with_postgres_operator.py took 0.379 seconds
[2024-08-21T16:40:14.920+0000] {processor.py:186} INFO - Started process (PID=1335) to work on /opt/airflow/dags/dag_with_postgres_operator.py
[2024-08-21T16:40:14.922+0000] {processor.py:914} INFO - Processing file /opt/airflow/dags/dag_with_postgres_operator.py for tasks to queue
[2024-08-21T16:40:14.925+0000] {logging_mixin.py:190} INFO - [2024-08-21T16:40:14.925+0000] {dagbag.py:587} INFO - Filling up the DagBag from /opt/airflow/dags/dag_with_postgres_operator.py
[2024-08-21T16:40:14.938+0000] {processor.py:925} INFO - DAG(s) 'dag_with_postgres_v2' retrieved from /opt/airflow/dags/dag_with_postgres_operator.py
[2024-08-21T16:40:14.950+0000] {logging_mixin.py:190} INFO - [2024-08-21T16:40:14.950+0000] {dag.py:3211} INFO - Sync 1 DAGs
[2024-08-21T16:40:14.980+0000] {logging_mixin.py:190} INFO - [2024-08-21T16:40:14.980+0000] {dag.py:4138} INFO - Setting next_dagrun for dag_with_postgres_v2 to 2024-08-22 00:00:00+00:00, run_after=2024-08-23 00:00:00+00:00
[2024-08-21T16:40:15.003+0000] {processor.py:208} INFO - Processing /opt/airflow/dags/dag_with_postgres_operator.py took 0.089 seconds
[2024-08-21T16:40:45.363+0000] {processor.py:186} INFO - Started process (PID=1362) to work on /opt/airflow/dags/dag_with_postgres_operator.py
[2024-08-21T16:40:45.364+0000] {processor.py:914} INFO - Processing file /opt/airflow/dags/dag_with_postgres_operator.py for tasks to queue
[2024-08-21T16:40:45.368+0000] {logging_mixin.py:190} INFO - [2024-08-21T16:40:45.367+0000] {dagbag.py:587} INFO - Filling up the DagBag from /opt/airflow/dags/dag_with_postgres_operator.py
[2024-08-21T16:40:45.382+0000] {processor.py:925} INFO - DAG(s) 'dag_with_postgres_v2' retrieved from /opt/airflow/dags/dag_with_postgres_operator.py
[2024-08-21T16:40:45.415+0000] {logging_mixin.py:190} INFO - [2024-08-21T16:40:45.415+0000] {dag.py:3211} INFO - Sync 1 DAGs
[2024-08-21T16:40:45.445+0000] {logging_mixin.py:190} INFO - [2024-08-21T16:40:45.445+0000] {dag.py:4138} INFO - Setting next_dagrun for dag_with_postgres_v2 to 2024-08-22 00:00:00+00:00, run_after=2024-08-23 00:00:00+00:00
[2024-08-21T16:40:45.480+0000] {processor.py:208} INFO - Processing /opt/airflow/dags/dag_with_postgres_operator.py took 0.125 seconds
[2024-08-21T16:41:15.974+0000] {processor.py:186} INFO - Started process (PID=1383) to work on /opt/airflow/dags/dag_with_postgres_operator.py
[2024-08-21T16:41:15.976+0000] {processor.py:914} INFO - Processing file /opt/airflow/dags/dag_with_postgres_operator.py for tasks to queue
[2024-08-21T16:41:15.979+0000] {logging_mixin.py:190} INFO - [2024-08-21T16:41:15.979+0000] {dagbag.py:587} INFO - Filling up the DagBag from /opt/airflow/dags/dag_with_postgres_operator.py
[2024-08-21T16:41:15.989+0000] {processor.py:925} INFO - DAG(s) 'dag_with_postgres_v2' retrieved from /opt/airflow/dags/dag_with_postgres_operator.py
[2024-08-21T16:41:16.015+0000] {logging_mixin.py:190} INFO - [2024-08-21T16:41:16.015+0000] {dag.py:3211} INFO - Sync 1 DAGs
[2024-08-21T16:41:16.169+0000] {logging_mixin.py:190} INFO - [2024-08-21T16:41:16.168+0000] {dag.py:4138} INFO - Setting next_dagrun for dag_with_postgres_v2 to 2024-08-22 00:00:00+00:00, run_after=2024-08-23 00:00:00+00:00
[2024-08-21T16:41:16.186+0000] {processor.py:208} INFO - Processing /opt/airflow/dags/dag_with_postgres_operator.py took 0.219 seconds
[2024-08-21T16:41:23.049+0000] {processor.py:186} INFO - Started process (PID=1388) to work on /opt/airflow/dags/dag_with_postgres_operator.py
[2024-08-21T16:41:23.051+0000] {processor.py:914} INFO - Processing file /opt/airflow/dags/dag_with_postgres_operator.py for tasks to queue
[2024-08-21T16:41:23.054+0000] {logging_mixin.py:190} INFO - [2024-08-21T16:41:23.053+0000] {dagbag.py:587} INFO - Filling up the DagBag from /opt/airflow/dags/dag_with_postgres_operator.py
[2024-08-21T16:41:23.066+0000] {processor.py:925} INFO - DAG(s) 'dag_with_postgres_v2' retrieved from /opt/airflow/dags/dag_with_postgres_operator.py
[2024-08-21T16:41:23.174+0000] {logging_mixin.py:190} INFO - [2024-08-21T16:41:23.174+0000] {dag.py:3211} INFO - Sync 1 DAGs
[2024-08-21T16:41:23.205+0000] {logging_mixin.py:190} INFO - [2024-08-21T16:41:23.205+0000] {dag.py:4138} INFO - Setting next_dagrun for dag_with_postgres_v2 to 2024-08-22 00:00:00+00:00, run_after=2024-08-23 00:00:00+00:00
[2024-08-21T16:41:23.388+0000] {processor.py:208} INFO - Processing /opt/airflow/dags/dag_with_postgres_operator.py took 0.344 seconds
[2024-08-21T16:41:53.662+0000] {processor.py:186} INFO - Started process (PID=1418) to work on /opt/airflow/dags/dag_with_postgres_operator.py
[2024-08-21T16:41:53.663+0000] {processor.py:914} INFO - Processing file /opt/airflow/dags/dag_with_postgres_operator.py for tasks to queue
[2024-08-21T16:41:53.666+0000] {logging_mixin.py:190} INFO - [2024-08-21T16:41:53.665+0000] {dagbag.py:587} INFO - Filling up the DagBag from /opt/airflow/dags/dag_with_postgres_operator.py
[2024-08-21T16:41:53.678+0000] {processor.py:925} INFO - DAG(s) 'dag_with_postgres_v2' retrieved from /opt/airflow/dags/dag_with_postgres_operator.py
[2024-08-21T16:41:53.711+0000] {logging_mixin.py:190} INFO - [2024-08-21T16:41:53.711+0000] {dag.py:3211} INFO - Sync 1 DAGs
[2024-08-21T16:41:53.741+0000] {logging_mixin.py:190} INFO - [2024-08-21T16:41:53.741+0000] {dag.py:4138} INFO - Setting next_dagrun for dag_with_postgres_v2 to 2024-08-22 00:00:00+00:00, run_after=2024-08-23 00:00:00+00:00
[2024-08-21T16:41:53.772+0000] {processor.py:208} INFO - Processing /opt/airflow/dags/dag_with_postgres_operator.py took 0.117 seconds
[2024-08-21T16:42:24.041+0000] {processor.py:186} INFO - Started process (PID=1439) to work on /opt/airflow/dags/dag_with_postgres_operator.py
[2024-08-21T16:42:24.042+0000] {processor.py:914} INFO - Processing file /opt/airflow/dags/dag_with_postgres_operator.py for tasks to queue
[2024-08-21T16:42:24.044+0000] {logging_mixin.py:190} INFO - [2024-08-21T16:42:24.044+0000] {dagbag.py:587} INFO - Filling up the DagBag from /opt/airflow/dags/dag_with_postgres_operator.py
[2024-08-21T16:42:24.057+0000] {processor.py:925} INFO - DAG(s) 'dag_with_postgres_v2' retrieved from /opt/airflow/dags/dag_with_postgres_operator.py
[2024-08-21T16:42:24.091+0000] {logging_mixin.py:190} INFO - [2024-08-21T16:42:24.090+0000] {dag.py:3211} INFO - Sync 1 DAGs
[2024-08-21T16:42:24.122+0000] {logging_mixin.py:190} INFO - [2024-08-21T16:42:24.122+0000] {dag.py:4138} INFO - Setting next_dagrun for dag_with_postgres_v2 to 2024-08-22 00:00:00+00:00, run_after=2024-08-23 00:00:00+00:00
[2024-08-21T16:42:24.152+0000] {processor.py:208} INFO - Processing /opt/airflow/dags/dag_with_postgres_operator.py took 0.118 seconds
[2024-08-21T16:42:54.450+0000] {processor.py:186} INFO - Started process (PID=1460) to work on /opt/airflow/dags/dag_with_postgres_operator.py
[2024-08-21T16:42:54.452+0000] {processor.py:914} INFO - Processing file /opt/airflow/dags/dag_with_postgres_operator.py for tasks to queue
[2024-08-21T16:42:54.454+0000] {logging_mixin.py:190} INFO - [2024-08-21T16:42:54.453+0000] {dagbag.py:587} INFO - Filling up the DagBag from /opt/airflow/dags/dag_with_postgres_operator.py
[2024-08-21T16:42:54.467+0000] {processor.py:925} INFO - DAG(s) 'dag_with_postgres_v2' retrieved from /opt/airflow/dags/dag_with_postgres_operator.py
[2024-08-21T16:42:54.497+0000] {logging_mixin.py:190} INFO - [2024-08-21T16:42:54.497+0000] {dag.py:3211} INFO - Sync 1 DAGs
[2024-08-21T16:42:54.523+0000] {logging_mixin.py:190} INFO - [2024-08-21T16:42:54.523+0000] {dag.py:4138} INFO - Setting next_dagrun for dag_with_postgres_v2 to 2024-08-22 00:00:00+00:00, run_after=2024-08-23 00:00:00+00:00
[2024-08-21T16:42:54.554+0000] {processor.py:208} INFO - Processing /opt/airflow/dags/dag_with_postgres_operator.py took 0.112 seconds
[2024-08-21T16:43:25.425+0000] {processor.py:186} INFO - Started process (PID=1481) to work on /opt/airflow/dags/dag_with_postgres_operator.py
[2024-08-21T16:43:25.427+0000] {processor.py:914} INFO - Processing file /opt/airflow/dags/dag_with_postgres_operator.py for tasks to queue
[2024-08-21T16:43:25.429+0000] {logging_mixin.py:190} INFO - [2024-08-21T16:43:25.428+0000] {dagbag.py:587} INFO - Filling up the DagBag from /opt/airflow/dags/dag_with_postgres_operator.py
[2024-08-21T16:43:25.441+0000] {processor.py:925} INFO - DAG(s) 'dag_with_postgres_v2' retrieved from /opt/airflow/dags/dag_with_postgres_operator.py
[2024-08-21T16:43:25.470+0000] {logging_mixin.py:190} INFO - [2024-08-21T16:43:25.470+0000] {dag.py:3211} INFO - Sync 1 DAGs
[2024-08-21T16:43:25.496+0000] {logging_mixin.py:190} INFO - [2024-08-21T16:43:25.496+0000] {dag.py:4138} INFO - Setting next_dagrun for dag_with_postgres_v2 to 2024-08-22 00:00:00+00:00, run_after=2024-08-23 00:00:00+00:00
[2024-08-21T16:43:25.525+0000] {processor.py:208} INFO - Processing /opt/airflow/dags/dag_with_postgres_operator.py took 0.110 seconds
[2024-08-21T16:43:55.826+0000] {processor.py:186} INFO - Started process (PID=1505) to work on /opt/airflow/dags/dag_with_postgres_operator.py
[2024-08-21T16:43:55.828+0000] {processor.py:914} INFO - Processing file /opt/airflow/dags/dag_with_postgres_operator.py for tasks to queue
[2024-08-21T16:43:55.829+0000] {logging_mixin.py:190} INFO - [2024-08-21T16:43:55.829+0000] {dagbag.py:587} INFO - Filling up the DagBag from /opt/airflow/dags/dag_with_postgres_operator.py
[2024-08-21T16:43:55.843+0000] {processor.py:925} INFO - DAG(s) 'dag_with_postgres_v2' retrieved from /opt/airflow/dags/dag_with_postgres_operator.py
[2024-08-21T16:43:55.875+0000] {logging_mixin.py:190} INFO - [2024-08-21T16:43:55.875+0000] {dag.py:3211} INFO - Sync 1 DAGs
[2024-08-21T16:43:55.903+0000] {logging_mixin.py:190} INFO - [2024-08-21T16:43:55.903+0000] {dag.py:4138} INFO - Setting next_dagrun for dag_with_postgres_v2 to 2024-08-22 00:00:00+00:00, run_after=2024-08-23 00:00:00+00:00
[2024-08-21T16:43:56.082+0000] {processor.py:208} INFO - Processing /opt/airflow/dags/dag_with_postgres_operator.py took 0.266 seconds
