[2024-08-21T12:57:39.295+0000] {processor.py:186} INFO - Started process (PID=247) to work on /home/airflow/.local/lib/python3.12/site-packages/airflow/example_dags/example_datasets.py
[2024-08-21T12:57:39.296+0000] {processor.py:914} INFO - Processing file /home/airflow/.local/lib/python3.12/site-packages/airflow/example_dags/example_datasets.py for tasks to queue
[2024-08-21T12:57:39.299+0000] {logging_mixin.py:190} INFO - [2024-08-21T12:57:39.299+0000] {dagbag.py:587} INFO - Filling up the DagBag from /home/airflow/.local/lib/python3.12/site-packages/airflow/example_dags/example_datasets.py
[2024-08-21T12:57:39.429+0000] {processor.py:925} INFO - DAG(s) 'dataset_consumes_unknown_never_scheduled', 'consume_1_and_2_with_dataset_expressions', 'consume_1_or_both_2_and_3_with_dataset_expressions', 'conditional_dataset_and_time_based_timetable', 'dataset_consumes_1_never_scheduled', 'dataset_consumes_1', 'consume_1_or_2_with_dataset_expressions', 'dataset_produces_2', 'dataset_consumes_1_and_2', 'dataset_produces_1' retrieved from /home/airflow/.local/lib/python3.12/site-packages/airflow/example_dags/example_datasets.py
[2024-08-21T12:57:39.567+0000] {logging_mixin.py:190} INFO - [2024-08-21T12:57:39.566+0000] {override.py:1858} INFO - Created Permission View: can delete on DAG:dataset_consumes_unknown_never_scheduled
[2024-08-21T12:57:39.580+0000] {logging_mixin.py:190} INFO - [2024-08-21T12:57:39.579+0000] {override.py:1858} INFO - Created Permission View: can edit on DAG:dataset_consumes_unknown_never_scheduled
[2024-08-21T12:57:39.587+0000] {logging_mixin.py:190} INFO - [2024-08-21T12:57:39.586+0000] {override.py:1858} INFO - Created Permission View: can read on DAG:dataset_consumes_unknown_never_scheduled
[2024-08-21T12:57:39.605+0000] {logging_mixin.py:190} INFO - [2024-08-21T12:57:39.604+0000] {override.py:1858} INFO - Created Permission View: can delete on DAG:consume_1_and_2_with_dataset_expressions
[2024-08-21T12:57:39.612+0000] {logging_mixin.py:190} INFO - [2024-08-21T12:57:39.612+0000] {override.py:1858} INFO - Created Permission View: can edit on DAG:consume_1_and_2_with_dataset_expressions
[2024-08-21T12:57:39.619+0000] {logging_mixin.py:190} INFO - [2024-08-21T12:57:39.618+0000] {override.py:1858} INFO - Created Permission View: can read on DAG:consume_1_and_2_with_dataset_expressions
[2024-08-21T12:57:39.628+0000] {logging_mixin.py:190} INFO - [2024-08-21T12:57:39.628+0000] {override.py:1858} INFO - Created Permission View: can delete on DAG:consume_1_or_both_2_and_3_with_dataset_expressions
[2024-08-21T12:57:39.637+0000] {logging_mixin.py:190} INFO - [2024-08-21T12:57:39.636+0000] {override.py:1858} INFO - Created Permission View: can edit on DAG:consume_1_or_both_2_and_3_with_dataset_expressions
[2024-08-21T12:57:39.644+0000] {logging_mixin.py:190} INFO - [2024-08-21T12:57:39.643+0000] {override.py:1858} INFO - Created Permission View: can read on DAG:consume_1_or_both_2_and_3_with_dataset_expressions
[2024-08-21T12:57:39.657+0000] {logging_mixin.py:190} INFO - [2024-08-21T12:57:39.657+0000] {override.py:1858} INFO - Created Permission View: can delete on DAG:conditional_dataset_and_time_based_timetable
[2024-08-21T12:57:39.669+0000] {logging_mixin.py:190} INFO - [2024-08-21T12:57:39.669+0000] {override.py:1858} INFO - Created Permission View: can edit on DAG:conditional_dataset_and_time_based_timetable
[2024-08-21T12:57:39.676+0000] {logging_mixin.py:190} INFO - [2024-08-21T12:57:39.676+0000] {override.py:1858} INFO - Created Permission View: can read on DAG:conditional_dataset_and_time_based_timetable
[2024-08-21T12:57:39.691+0000] {logging_mixin.py:190} INFO - [2024-08-21T12:57:39.691+0000] {override.py:1858} INFO - Created Permission View: can delete on DAG:dataset_consumes_1_never_scheduled
[2024-08-21T12:57:39.697+0000] {logging_mixin.py:190} INFO - [2024-08-21T12:57:39.697+0000] {override.py:1858} INFO - Created Permission View: can edit on DAG:dataset_consumes_1_never_scheduled
[2024-08-21T12:57:39.703+0000] {logging_mixin.py:190} INFO - [2024-08-21T12:57:39.703+0000] {override.py:1858} INFO - Created Permission View: can read on DAG:dataset_consumes_1_never_scheduled
[2024-08-21T12:57:39.713+0000] {logging_mixin.py:190} INFO - [2024-08-21T12:57:39.713+0000] {override.py:1858} INFO - Created Permission View: can delete on DAG:dataset_consumes_1
[2024-08-21T12:57:39.720+0000] {logging_mixin.py:190} INFO - [2024-08-21T12:57:39.720+0000] {override.py:1858} INFO - Created Permission View: can edit on DAG:dataset_consumes_1
[2024-08-21T12:57:39.727+0000] {logging_mixin.py:190} INFO - [2024-08-21T12:57:39.726+0000] {override.py:1858} INFO - Created Permission View: can read on DAG:dataset_consumes_1
[2024-08-21T12:57:39.741+0000] {logging_mixin.py:190} INFO - [2024-08-21T12:57:39.740+0000] {override.py:1858} INFO - Created Permission View: can delete on DAG:consume_1_or_2_with_dataset_expressions
[2024-08-21T12:57:39.748+0000] {logging_mixin.py:190} INFO - [2024-08-21T12:57:39.747+0000] {override.py:1858} INFO - Created Permission View: can edit on DAG:consume_1_or_2_with_dataset_expressions
[2024-08-21T12:57:39.822+0000] {logging_mixin.py:190} INFO - [2024-08-21T12:57:39.822+0000] {override.py:1858} INFO - Created Permission View: can read on DAG:consume_1_or_2_with_dataset_expressions
[2024-08-21T12:57:39.865+0000] {logging_mixin.py:190} INFO - [2024-08-21T12:57:39.865+0000] {override.py:1858} INFO - Created Permission View: can delete on DAG:dataset_produces_2
[2024-08-21T12:57:39.873+0000] {logging_mixin.py:190} INFO - [2024-08-21T12:57:39.873+0000] {override.py:1858} INFO - Created Permission View: can edit on DAG:dataset_produces_2
[2024-08-21T12:57:39.880+0000] {logging_mixin.py:190} INFO - [2024-08-21T12:57:39.880+0000] {override.py:1858} INFO - Created Permission View: can read on DAG:dataset_produces_2
[2024-08-21T12:57:39.895+0000] {logging_mixin.py:190} INFO - [2024-08-21T12:57:39.895+0000] {override.py:1858} INFO - Created Permission View: can delete on DAG:dataset_consumes_1_and_2
[2024-08-21T12:57:39.903+0000] {logging_mixin.py:190} INFO - [2024-08-21T12:57:39.902+0000] {override.py:1858} INFO - Created Permission View: can edit on DAG:dataset_consumes_1_and_2
[2024-08-21T12:57:39.908+0000] {logging_mixin.py:190} INFO - [2024-08-21T12:57:39.908+0000] {override.py:1858} INFO - Created Permission View: can read on DAG:dataset_consumes_1_and_2
[2024-08-21T12:57:39.922+0000] {logging_mixin.py:190} INFO - [2024-08-21T12:57:39.921+0000] {override.py:1858} INFO - Created Permission View: can delete on DAG:dataset_produces_1
[2024-08-21T12:57:39.928+0000] {logging_mixin.py:190} INFO - [2024-08-21T12:57:39.928+0000] {override.py:1858} INFO - Created Permission View: can edit on DAG:dataset_produces_1
[2024-08-21T12:57:39.936+0000] {logging_mixin.py:190} INFO - [2024-08-21T12:57:39.936+0000] {override.py:1858} INFO - Created Permission View: can read on DAG:dataset_produces_1
[2024-08-21T12:57:39.937+0000] {logging_mixin.py:190} INFO - [2024-08-21T12:57:39.937+0000] {dag.py:3211} INFO - Sync 10 DAGs
[2024-08-21T12:57:39.949+0000] {logging_mixin.py:190} INFO - [2024-08-21T12:57:39.949+0000] {dag.py:3234} INFO - Creating ORM DAG for dataset_consumes_1
[2024-08-21T12:57:39.953+0000] {logging_mixin.py:190} INFO - [2024-08-21T12:57:39.953+0000] {dag.py:3234} INFO - Creating ORM DAG for dataset_produces_2
[2024-08-21T12:57:39.954+0000] {logging_mixin.py:190} INFO - [2024-08-21T12:57:39.954+0000] {dag.py:3234} INFO - Creating ORM DAG for dataset_consumes_1_never_scheduled
[2024-08-21T12:57:39.955+0000] {logging_mixin.py:190} INFO - [2024-08-21T12:57:39.955+0000] {dag.py:3234} INFO - Creating ORM DAG for consume_1_and_2_with_dataset_expressions
[2024-08-21T12:57:39.956+0000] {logging_mixin.py:190} INFO - [2024-08-21T12:57:39.955+0000] {dag.py:3234} INFO - Creating ORM DAG for dataset_produces_1
[2024-08-21T12:57:39.962+0000] {logging_mixin.py:190} INFO - [2024-08-21T12:57:39.962+0000] {dag.py:3234} INFO - Creating ORM DAG for conditional_dataset_and_time_based_timetable
[2024-08-21T12:57:39.963+0000] {logging_mixin.py:190} INFO - [2024-08-21T12:57:39.963+0000] {dag.py:3234} INFO - Creating ORM DAG for consume_1_or_2_with_dataset_expressions
[2024-08-21T12:57:39.964+0000] {logging_mixin.py:190} INFO - [2024-08-21T12:57:39.963+0000] {dag.py:3234} INFO - Creating ORM DAG for consume_1_or_both_2_and_3_with_dataset_expressions
[2024-08-21T12:57:39.964+0000] {logging_mixin.py:190} INFO - [2024-08-21T12:57:39.964+0000] {dag.py:3234} INFO - Creating ORM DAG for dataset_consumes_unknown_never_scheduled
[2024-08-21T12:57:39.965+0000] {logging_mixin.py:190} INFO - [2024-08-21T12:57:39.965+0000] {dag.py:3234} INFO - Creating ORM DAG for dataset_consumes_1_and_2
[2024-08-21T12:57:39.978+0000] {logging_mixin.py:190} INFO - [2024-08-21T12:57:39.978+0000] {dag.py:4138} INFO - Setting next_dagrun for conditional_dataset_and_time_based_timetable to 2024-08-21 01:00:00+00:00, run_after=2024-08-21 01:00:00+00:00
[2024-08-21T12:57:39.980+0000] {logging_mixin.py:190} INFO - [2024-08-21T12:57:39.980+0000] {dag.py:4138} INFO - Setting next_dagrun for consume_1_and_2_with_dataset_expressions to None, run_after=None
[2024-08-21T12:57:39.981+0000] {logging_mixin.py:190} INFO - [2024-08-21T12:57:39.981+0000] {dag.py:4138} INFO - Setting next_dagrun for consume_1_or_2_with_dataset_expressions to None, run_after=None
[2024-08-21T12:57:39.981+0000] {logging_mixin.py:190} INFO - [2024-08-21T12:57:39.981+0000] {dag.py:4138} INFO - Setting next_dagrun for consume_1_or_both_2_and_3_with_dataset_expressions to None, run_after=None
[2024-08-21T12:57:39.982+0000] {logging_mixin.py:190} INFO - [2024-08-21T12:57:39.982+0000] {dag.py:4138} INFO - Setting next_dagrun for dataset_consumes_1 to None, run_after=None
[2024-08-21T12:57:39.983+0000] {logging_mixin.py:190} INFO - [2024-08-21T12:57:39.982+0000] {dag.py:4138} INFO - Setting next_dagrun for dataset_consumes_1_and_2 to None, run_after=None
[2024-08-21T12:57:39.983+0000] {logging_mixin.py:190} INFO - [2024-08-21T12:57:39.983+0000] {dag.py:4138} INFO - Setting next_dagrun for dataset_consumes_1_never_scheduled to None, run_after=None
[2024-08-21T12:57:39.984+0000] {logging_mixin.py:190} INFO - [2024-08-21T12:57:39.984+0000] {dag.py:4138} INFO - Setting next_dagrun for dataset_consumes_unknown_never_scheduled to None, run_after=None
[2024-08-21T12:57:39.985+0000] {logging_mixin.py:190} INFO - [2024-08-21T12:57:39.985+0000] {dag.py:4138} INFO - Setting next_dagrun for dataset_produces_1 to 2024-08-20 00:00:00+00:00, run_after=2024-08-21 00:00:00+00:00
[2024-08-21T12:57:39.986+0000] {logging_mixin.py:190} INFO - [2024-08-21T12:57:39.986+0000] {dag.py:4138} INFO - Setting next_dagrun for dataset_produces_2 to None, run_after=None
[2024-08-21T12:57:40.031+0000] {processor.py:208} INFO - Processing /home/airflow/.local/lib/python3.12/site-packages/airflow/example_dags/example_datasets.py took 0.741 seconds
[2024-08-21T12:58:10.748+0000] {processor.py:186} INFO - Started process (PID=546) to work on /home/airflow/.local/lib/python3.12/site-packages/airflow/example_dags/example_datasets.py
[2024-08-21T12:58:10.749+0000] {processor.py:914} INFO - Processing file /home/airflow/.local/lib/python3.12/site-packages/airflow/example_dags/example_datasets.py for tasks to queue
[2024-08-21T12:58:10.752+0000] {logging_mixin.py:190} INFO - [2024-08-21T12:58:10.751+0000] {dagbag.py:587} INFO - Filling up the DagBag from /home/airflow/.local/lib/python3.12/site-packages/airflow/example_dags/example_datasets.py
[2024-08-21T12:58:10.863+0000] {processor.py:925} INFO - DAG(s) 'dataset_consumes_1', 'consume_1_and_2_with_dataset_expressions', 'dataset_consumes_1_and_2', 'dataset_produces_1', 'dataset_produces_2', 'conditional_dataset_and_time_based_timetable', 'dataset_consumes_1_never_scheduled', 'consume_1_or_2_with_dataset_expressions', 'consume_1_or_both_2_and_3_with_dataset_expressions', 'dataset_consumes_unknown_never_scheduled' retrieved from /home/airflow/.local/lib/python3.12/site-packages/airflow/example_dags/example_datasets.py
[2024-08-21T12:58:10.903+0000] {logging_mixin.py:190} INFO - [2024-08-21T12:58:10.903+0000] {dag.py:3211} INFO - Sync 10 DAGs
[2024-08-21T12:58:10.926+0000] {logging_mixin.py:190} INFO - [2024-08-21T12:58:10.926+0000] {dag.py:4138} INFO - Setting next_dagrun for conditional_dataset_and_time_based_timetable to 2024-08-21 01:00:00+00:00, run_after=2024-08-21 01:00:00+00:00
[2024-08-21T12:58:10.929+0000] {logging_mixin.py:190} INFO - [2024-08-21T12:58:10.929+0000] {dag.py:4138} INFO - Setting next_dagrun for consume_1_and_2_with_dataset_expressions to None, run_after=None
[2024-08-21T12:58:10.932+0000] {logging_mixin.py:190} INFO - [2024-08-21T12:58:10.932+0000] {dag.py:4138} INFO - Setting next_dagrun for consume_1_or_2_with_dataset_expressions to None, run_after=None
[2024-08-21T12:58:10.934+0000] {logging_mixin.py:190} INFO - [2024-08-21T12:58:10.934+0000] {dag.py:4138} INFO - Setting next_dagrun for consume_1_or_both_2_and_3_with_dataset_expressions to None, run_after=None
[2024-08-21T12:58:10.935+0000] {logging_mixin.py:190} INFO - [2024-08-21T12:58:10.935+0000] {dag.py:4138} INFO - Setting next_dagrun for dataset_consumes_1 to None, run_after=None
[2024-08-21T12:58:10.937+0000] {logging_mixin.py:190} INFO - [2024-08-21T12:58:10.936+0000] {dag.py:4138} INFO - Setting next_dagrun for dataset_consumes_1_and_2 to None, run_after=None
[2024-08-21T12:58:10.938+0000] {logging_mixin.py:190} INFO - [2024-08-21T12:58:10.938+0000] {dag.py:4138} INFO - Setting next_dagrun for dataset_consumes_1_never_scheduled to None, run_after=None
[2024-08-21T12:58:10.939+0000] {logging_mixin.py:190} INFO - [2024-08-21T12:58:10.939+0000] {dag.py:4138} INFO - Setting next_dagrun for dataset_consumes_unknown_never_scheduled to None, run_after=None
[2024-08-21T12:58:10.941+0000] {logging_mixin.py:190} INFO - [2024-08-21T12:58:10.941+0000] {dag.py:4138} INFO - Setting next_dagrun for dataset_produces_1 to 2024-08-20 00:00:00+00:00, run_after=2024-08-21 00:00:00+00:00
[2024-08-21T12:58:10.942+0000] {logging_mixin.py:190} INFO - [2024-08-21T12:58:10.942+0000] {dag.py:4138} INFO - Setting next_dagrun for dataset_produces_2 to None, run_after=None
[2024-08-21T12:58:10.966+0000] {processor.py:208} INFO - Processing /home/airflow/.local/lib/python3.12/site-packages/airflow/example_dags/example_datasets.py took 0.223 seconds
[2024-08-21T12:58:41.826+0000] {processor.py:186} INFO - Started process (PID=832) to work on /home/airflow/.local/lib/python3.12/site-packages/airflow/example_dags/example_datasets.py
[2024-08-21T12:58:41.827+0000] {processor.py:914} INFO - Processing file /home/airflow/.local/lib/python3.12/site-packages/airflow/example_dags/example_datasets.py for tasks to queue
[2024-08-21T12:58:41.829+0000] {logging_mixin.py:190} INFO - [2024-08-21T12:58:41.829+0000] {dagbag.py:587} INFO - Filling up the DagBag from /home/airflow/.local/lib/python3.12/site-packages/airflow/example_dags/example_datasets.py
[2024-08-21T12:58:41.925+0000] {processor.py:925} INFO - DAG(s) 'dataset_consumes_1_and_2', 'consume_1_or_2_with_dataset_expressions', 'dataset_produces_2', 'conditional_dataset_and_time_based_timetable', 'consume_1_or_both_2_and_3_with_dataset_expressions', 'consume_1_and_2_with_dataset_expressions', 'dataset_consumes_unknown_never_scheduled', 'dataset_produces_1', 'dataset_consumes_1', 'dataset_consumes_1_never_scheduled' retrieved from /home/airflow/.local/lib/python3.12/site-packages/airflow/example_dags/example_datasets.py
[2024-08-21T12:58:41.962+0000] {logging_mixin.py:190} INFO - [2024-08-21T12:58:41.962+0000] {dag.py:3211} INFO - Sync 10 DAGs
[2024-08-21T12:58:41.986+0000] {logging_mixin.py:190} INFO - [2024-08-21T12:58:41.986+0000] {dag.py:4138} INFO - Setting next_dagrun for conditional_dataset_and_time_based_timetable to 2024-08-21 01:00:00+00:00, run_after=2024-08-21 01:00:00+00:00
[2024-08-21T12:58:41.990+0000] {logging_mixin.py:190} INFO - [2024-08-21T12:58:41.990+0000] {dag.py:4138} INFO - Setting next_dagrun for consume_1_and_2_with_dataset_expressions to None, run_after=None
[2024-08-21T12:58:41.992+0000] {logging_mixin.py:190} INFO - [2024-08-21T12:58:41.992+0000] {dag.py:4138} INFO - Setting next_dagrun for consume_1_or_2_with_dataset_expressions to None, run_after=None
[2024-08-21T12:58:41.993+0000] {logging_mixin.py:190} INFO - [2024-08-21T12:58:41.993+0000] {dag.py:4138} INFO - Setting next_dagrun for consume_1_or_both_2_and_3_with_dataset_expressions to None, run_after=None
[2024-08-21T12:58:41.994+0000] {logging_mixin.py:190} INFO - [2024-08-21T12:58:41.994+0000] {dag.py:4138} INFO - Setting next_dagrun for dataset_consumes_1 to None, run_after=None
[2024-08-21T12:58:41.995+0000] {logging_mixin.py:190} INFO - [2024-08-21T12:58:41.995+0000] {dag.py:4138} INFO - Setting next_dagrun for dataset_consumes_1_and_2 to None, run_after=None
[2024-08-21T12:58:41.996+0000] {logging_mixin.py:190} INFO - [2024-08-21T12:58:41.996+0000] {dag.py:4138} INFO - Setting next_dagrun for dataset_consumes_1_never_scheduled to None, run_after=None
[2024-08-21T12:58:41.999+0000] {logging_mixin.py:190} INFO - [2024-08-21T12:58:41.999+0000] {dag.py:4138} INFO - Setting next_dagrun for dataset_consumes_unknown_never_scheduled to None, run_after=None
[2024-08-21T12:58:42.001+0000] {logging_mixin.py:190} INFO - [2024-08-21T12:58:42.001+0000] {dag.py:4138} INFO - Setting next_dagrun for dataset_produces_1 to 2024-08-20 00:00:00+00:00, run_after=2024-08-21 00:00:00+00:00
[2024-08-21T12:58:42.002+0000] {logging_mixin.py:190} INFO - [2024-08-21T12:58:42.002+0000] {dag.py:4138} INFO - Setting next_dagrun for dataset_produces_2 to None, run_after=None
[2024-08-21T12:58:42.024+0000] {processor.py:208} INFO - Processing /home/airflow/.local/lib/python3.12/site-packages/airflow/example_dags/example_datasets.py took 0.205 seconds
[2024-08-21T12:59:12.160+0000] {processor.py:186} INFO - Started process (PID=1128) to work on /home/airflow/.local/lib/python3.12/site-packages/airflow/example_dags/example_datasets.py
[2024-08-21T12:59:12.161+0000] {processor.py:914} INFO - Processing file /home/airflow/.local/lib/python3.12/site-packages/airflow/example_dags/example_datasets.py for tasks to queue
[2024-08-21T12:59:12.163+0000] {logging_mixin.py:190} INFO - [2024-08-21T12:59:12.163+0000] {dagbag.py:587} INFO - Filling up the DagBag from /home/airflow/.local/lib/python3.12/site-packages/airflow/example_dags/example_datasets.py
[2024-08-21T12:59:12.258+0000] {processor.py:925} INFO - DAG(s) 'dataset_produces_1', 'dataset_consumes_1', 'consume_1_or_both_2_and_3_with_dataset_expressions', 'conditional_dataset_and_time_based_timetable', 'dataset_consumes_1_never_scheduled', 'consume_1_or_2_with_dataset_expressions', 'consume_1_and_2_with_dataset_expressions', 'dataset_consumes_1_and_2', 'dataset_consumes_unknown_never_scheduled', 'dataset_produces_2' retrieved from /home/airflow/.local/lib/python3.12/site-packages/airflow/example_dags/example_datasets.py
[2024-08-21T12:59:12.290+0000] {logging_mixin.py:190} INFO - [2024-08-21T12:59:12.289+0000] {dag.py:3211} INFO - Sync 10 DAGs
[2024-08-21T12:59:12.311+0000] {logging_mixin.py:190} INFO - [2024-08-21T12:59:12.311+0000] {dag.py:4138} INFO - Setting next_dagrun for conditional_dataset_and_time_based_timetable to 2024-08-21 01:00:00+00:00, run_after=2024-08-21 01:00:00+00:00
[2024-08-21T12:59:12.315+0000] {logging_mixin.py:190} INFO - [2024-08-21T12:59:12.314+0000] {dag.py:4138} INFO - Setting next_dagrun for consume_1_and_2_with_dataset_expressions to None, run_after=None
[2024-08-21T12:59:12.316+0000] {logging_mixin.py:190} INFO - [2024-08-21T12:59:12.316+0000] {dag.py:4138} INFO - Setting next_dagrun for consume_1_or_2_with_dataset_expressions to None, run_after=None
[2024-08-21T12:59:12.317+0000] {logging_mixin.py:190} INFO - [2024-08-21T12:59:12.316+0000] {dag.py:4138} INFO - Setting next_dagrun for consume_1_or_both_2_and_3_with_dataset_expressions to None, run_after=None
[2024-08-21T12:59:12.317+0000] {logging_mixin.py:190} INFO - [2024-08-21T12:59:12.317+0000] {dag.py:4138} INFO - Setting next_dagrun for dataset_consumes_1 to None, run_after=None
[2024-08-21T12:59:12.318+0000] {logging_mixin.py:190} INFO - [2024-08-21T12:59:12.318+0000] {dag.py:4138} INFO - Setting next_dagrun for dataset_consumes_1_and_2 to None, run_after=None
[2024-08-21T12:59:12.319+0000] {logging_mixin.py:190} INFO - [2024-08-21T12:59:12.319+0000] {dag.py:4138} INFO - Setting next_dagrun for dataset_consumes_1_never_scheduled to None, run_after=None
[2024-08-21T12:59:12.320+0000] {logging_mixin.py:190} INFO - [2024-08-21T12:59:12.320+0000] {dag.py:4138} INFO - Setting next_dagrun for dataset_consumes_unknown_never_scheduled to None, run_after=None
[2024-08-21T12:59:12.321+0000] {logging_mixin.py:190} INFO - [2024-08-21T12:59:12.321+0000] {dag.py:4138} INFO - Setting next_dagrun for dataset_produces_1 to 2024-08-20 00:00:00+00:00, run_after=2024-08-21 00:00:00+00:00
[2024-08-21T12:59:12.322+0000] {logging_mixin.py:190} INFO - [2024-08-21T12:59:12.322+0000] {dag.py:4138} INFO - Setting next_dagrun for dataset_produces_2 to None, run_after=None
[2024-08-21T12:59:12.343+0000] {processor.py:208} INFO - Processing /home/airflow/.local/lib/python3.12/site-packages/airflow/example_dags/example_datasets.py took 0.189 seconds
[2024-08-21T12:59:42.451+0000] {processor.py:186} INFO - Started process (PID=1404) to work on /home/airflow/.local/lib/python3.12/site-packages/airflow/example_dags/example_datasets.py
[2024-08-21T12:59:42.453+0000] {processor.py:914} INFO - Processing file /home/airflow/.local/lib/python3.12/site-packages/airflow/example_dags/example_datasets.py for tasks to queue
[2024-08-21T12:59:42.455+0000] {logging_mixin.py:190} INFO - [2024-08-21T12:59:42.455+0000] {dagbag.py:587} INFO - Filling up the DagBag from /home/airflow/.local/lib/python3.12/site-packages/airflow/example_dags/example_datasets.py
[2024-08-21T12:59:42.575+0000] {processor.py:925} INFO - DAG(s) 'consume_1_or_both_2_and_3_with_dataset_expressions', 'dataset_consumes_1_and_2', 'dataset_produces_1', 'conditional_dataset_and_time_based_timetable', 'dataset_produces_2', 'dataset_consumes_1_never_scheduled', 'dataset_consumes_1', 'dataset_consumes_unknown_never_scheduled', 'consume_1_or_2_with_dataset_expressions', 'consume_1_and_2_with_dataset_expressions' retrieved from /home/airflow/.local/lib/python3.12/site-packages/airflow/example_dags/example_datasets.py
[2024-08-21T12:59:42.613+0000] {logging_mixin.py:190} INFO - [2024-08-21T12:59:42.612+0000] {dag.py:3211} INFO - Sync 10 DAGs
[2024-08-21T12:59:42.637+0000] {logging_mixin.py:190} INFO - [2024-08-21T12:59:42.636+0000] {dag.py:4138} INFO - Setting next_dagrun for conditional_dataset_and_time_based_timetable to 2024-08-21 01:00:00+00:00, run_after=2024-08-21 01:00:00+00:00
[2024-08-21T12:59:42.640+0000] {logging_mixin.py:190} INFO - [2024-08-21T12:59:42.640+0000] {dag.py:4138} INFO - Setting next_dagrun for consume_1_and_2_with_dataset_expressions to None, run_after=None
[2024-08-21T12:59:42.644+0000] {logging_mixin.py:190} INFO - [2024-08-21T12:59:42.644+0000] {dag.py:4138} INFO - Setting next_dagrun for consume_1_or_2_with_dataset_expressions to None, run_after=None
[2024-08-21T12:59:42.646+0000] {logging_mixin.py:190} INFO - [2024-08-21T12:59:42.645+0000] {dag.py:4138} INFO - Setting next_dagrun for consume_1_or_both_2_and_3_with_dataset_expressions to None, run_after=None
[2024-08-21T12:59:42.647+0000] {logging_mixin.py:190} INFO - [2024-08-21T12:59:42.647+0000] {dag.py:4138} INFO - Setting next_dagrun for dataset_consumes_1 to None, run_after=None
[2024-08-21T12:59:42.648+0000] {logging_mixin.py:190} INFO - [2024-08-21T12:59:42.648+0000] {dag.py:4138} INFO - Setting next_dagrun for dataset_consumes_1_and_2 to None, run_after=None
[2024-08-21T12:59:42.649+0000] {logging_mixin.py:190} INFO - [2024-08-21T12:59:42.649+0000] {dag.py:4138} INFO - Setting next_dagrun for dataset_consumes_1_never_scheduled to None, run_after=None
[2024-08-21T12:59:42.650+0000] {logging_mixin.py:190} INFO - [2024-08-21T12:59:42.650+0000] {dag.py:4138} INFO - Setting next_dagrun for dataset_consumes_unknown_never_scheduled to None, run_after=None
[2024-08-21T12:59:42.651+0000] {logging_mixin.py:190} INFO - [2024-08-21T12:59:42.651+0000] {dag.py:4138} INFO - Setting next_dagrun for dataset_produces_1 to 2024-08-20 00:00:00+00:00, run_after=2024-08-21 00:00:00+00:00
[2024-08-21T12:59:42.653+0000] {logging_mixin.py:190} INFO - [2024-08-21T12:59:42.653+0000] {dag.py:4138} INFO - Setting next_dagrun for dataset_produces_2 to None, run_after=None
[2024-08-21T12:59:42.677+0000] {processor.py:208} INFO - Processing /home/airflow/.local/lib/python3.12/site-packages/airflow/example_dags/example_datasets.py took 0.233 seconds
[2024-08-21T13:00:12.765+0000] {processor.py:186} INFO - Started process (PID=1700) to work on /home/airflow/.local/lib/python3.12/site-packages/airflow/example_dags/example_datasets.py
[2024-08-21T13:00:12.766+0000] {processor.py:914} INFO - Processing file /home/airflow/.local/lib/python3.12/site-packages/airflow/example_dags/example_datasets.py for tasks to queue
[2024-08-21T13:00:12.768+0000] {logging_mixin.py:190} INFO - [2024-08-21T13:00:12.768+0000] {dagbag.py:587} INFO - Filling up the DagBag from /home/airflow/.local/lib/python3.12/site-packages/airflow/example_dags/example_datasets.py
[2024-08-21T13:00:12.875+0000] {processor.py:925} INFO - DAG(s) 'dataset_consumes_1_never_scheduled', 'dataset_produces_1', 'consume_1_or_2_with_dataset_expressions', 'consume_1_and_2_with_dataset_expressions', 'dataset_consumes_unknown_never_scheduled', 'conditional_dataset_and_time_based_timetable', 'dataset_produces_2', 'consume_1_or_both_2_and_3_with_dataset_expressions', 'dataset_consumes_1_and_2', 'dataset_consumes_1' retrieved from /home/airflow/.local/lib/python3.12/site-packages/airflow/example_dags/example_datasets.py
[2024-08-21T13:00:12.912+0000] {logging_mixin.py:190} INFO - [2024-08-21T13:00:12.911+0000] {dag.py:3211} INFO - Sync 10 DAGs
[2024-08-21T13:00:12.934+0000] {logging_mixin.py:190} INFO - [2024-08-21T13:00:12.934+0000] {dag.py:4138} INFO - Setting next_dagrun for conditional_dataset_and_time_based_timetable to 2024-08-21 01:00:00+00:00, run_after=2024-08-21 01:00:00+00:00
[2024-08-21T13:00:12.937+0000] {logging_mixin.py:190} INFO - [2024-08-21T13:00:12.937+0000] {dag.py:4138} INFO - Setting next_dagrun for consume_1_and_2_with_dataset_expressions to None, run_after=None
[2024-08-21T13:00:12.939+0000] {logging_mixin.py:190} INFO - [2024-08-21T13:00:12.938+0000] {dag.py:4138} INFO - Setting next_dagrun for consume_1_or_2_with_dataset_expressions to None, run_after=None
[2024-08-21T13:00:12.940+0000] {logging_mixin.py:190} INFO - [2024-08-21T13:00:12.940+0000] {dag.py:4138} INFO - Setting next_dagrun for consume_1_or_both_2_and_3_with_dataset_expressions to None, run_after=None
[2024-08-21T13:00:12.941+0000] {logging_mixin.py:190} INFO - [2024-08-21T13:00:12.940+0000] {dag.py:4138} INFO - Setting next_dagrun for dataset_consumes_1 to None, run_after=None
[2024-08-21T13:00:12.941+0000] {logging_mixin.py:190} INFO - [2024-08-21T13:00:12.941+0000] {dag.py:4138} INFO - Setting next_dagrun for dataset_consumes_1_and_2 to None, run_after=None
[2024-08-21T13:00:12.942+0000] {logging_mixin.py:190} INFO - [2024-08-21T13:00:12.942+0000] {dag.py:4138} INFO - Setting next_dagrun for dataset_consumes_1_never_scheduled to None, run_after=None
[2024-08-21T13:00:12.943+0000] {logging_mixin.py:190} INFO - [2024-08-21T13:00:12.943+0000] {dag.py:4138} INFO - Setting next_dagrun for dataset_consumes_unknown_never_scheduled to None, run_after=None
[2024-08-21T13:00:12.945+0000] {logging_mixin.py:190} INFO - [2024-08-21T13:00:12.945+0000] {dag.py:4138} INFO - Setting next_dagrun for dataset_produces_1 to 2024-08-20 00:00:00+00:00, run_after=2024-08-21 00:00:00+00:00
[2024-08-21T13:00:12.946+0000] {logging_mixin.py:190} INFO - [2024-08-21T13:00:12.946+0000] {dag.py:4138} INFO - Setting next_dagrun for dataset_produces_2 to None, run_after=None
[2024-08-21T13:00:12.976+0000] {processor.py:208} INFO - Processing /home/airflow/.local/lib/python3.12/site-packages/airflow/example_dags/example_datasets.py took 0.216 seconds
[2024-08-21T13:00:43.054+0000] {processor.py:186} INFO - Started process (PID=1996) to work on /home/airflow/.local/lib/python3.12/site-packages/airflow/example_dags/example_datasets.py
[2024-08-21T13:00:43.054+0000] {processor.py:914} INFO - Processing file /home/airflow/.local/lib/python3.12/site-packages/airflow/example_dags/example_datasets.py for tasks to queue
[2024-08-21T13:00:43.056+0000] {logging_mixin.py:190} INFO - [2024-08-21T13:00:43.056+0000] {dagbag.py:587} INFO - Filling up the DagBag from /home/airflow/.local/lib/python3.12/site-packages/airflow/example_dags/example_datasets.py
[2024-08-21T13:00:43.181+0000] {processor.py:925} INFO - DAG(s) 'conditional_dataset_and_time_based_timetable', 'consume_1_and_2_with_dataset_expressions', 'dataset_consumes_1_never_scheduled', 'consume_1_or_2_with_dataset_expressions', 'dataset_consumes_1_and_2', 'dataset_consumes_1', 'consume_1_or_both_2_and_3_with_dataset_expressions', 'dataset_consumes_unknown_never_scheduled', 'dataset_produces_2', 'dataset_produces_1' retrieved from /home/airflow/.local/lib/python3.12/site-packages/airflow/example_dags/example_datasets.py
[2024-08-21T13:00:43.217+0000] {logging_mixin.py:190} INFO - [2024-08-21T13:00:43.216+0000] {dag.py:3211} INFO - Sync 10 DAGs
[2024-08-21T13:00:43.238+0000] {logging_mixin.py:190} INFO - [2024-08-21T13:00:43.237+0000] {dag.py:4138} INFO - Setting next_dagrun for conditional_dataset_and_time_based_timetable to 2024-08-21 01:00:00+00:00, run_after=2024-08-21 01:00:00+00:00
[2024-08-21T13:00:43.242+0000] {logging_mixin.py:190} INFO - [2024-08-21T13:00:43.242+0000] {dag.py:4138} INFO - Setting next_dagrun for consume_1_and_2_with_dataset_expressions to None, run_after=None
[2024-08-21T13:00:43.244+0000] {logging_mixin.py:190} INFO - [2024-08-21T13:00:43.243+0000] {dag.py:4138} INFO - Setting next_dagrun for consume_1_or_2_with_dataset_expressions to None, run_after=None
[2024-08-21T13:00:43.245+0000] {logging_mixin.py:190} INFO - [2024-08-21T13:00:43.244+0000] {dag.py:4138} INFO - Setting next_dagrun for consume_1_or_both_2_and_3_with_dataset_expressions to None, run_after=None
[2024-08-21T13:00:43.246+0000] {logging_mixin.py:190} INFO - [2024-08-21T13:00:43.245+0000] {dag.py:4138} INFO - Setting next_dagrun for dataset_consumes_1 to None, run_after=None
[2024-08-21T13:00:43.246+0000] {logging_mixin.py:190} INFO - [2024-08-21T13:00:43.246+0000] {dag.py:4138} INFO - Setting next_dagrun for dataset_consumes_1_and_2 to None, run_after=None
[2024-08-21T13:00:43.247+0000] {logging_mixin.py:190} INFO - [2024-08-21T13:00:43.247+0000] {dag.py:4138} INFO - Setting next_dagrun for dataset_consumes_1_never_scheduled to None, run_after=None
[2024-08-21T13:00:43.248+0000] {logging_mixin.py:190} INFO - [2024-08-21T13:00:43.248+0000] {dag.py:4138} INFO - Setting next_dagrun for dataset_consumes_unknown_never_scheduled to None, run_after=None
[2024-08-21T13:00:43.250+0000] {logging_mixin.py:190} INFO - [2024-08-21T13:00:43.250+0000] {dag.py:4138} INFO - Setting next_dagrun for dataset_produces_1 to 2024-08-20 00:00:00+00:00, run_after=2024-08-21 00:00:00+00:00
[2024-08-21T13:00:43.251+0000] {logging_mixin.py:190} INFO - [2024-08-21T13:00:43.251+0000] {dag.py:4138} INFO - Setting next_dagrun for dataset_produces_2 to None, run_after=None
[2024-08-21T13:00:43.279+0000] {processor.py:208} INFO - Processing /home/airflow/.local/lib/python3.12/site-packages/airflow/example_dags/example_datasets.py took 0.231 seconds
[2024-08-21T13:01:13.374+0000] {processor.py:186} INFO - Started process (PID=2290) to work on /home/airflow/.local/lib/python3.12/site-packages/airflow/example_dags/example_datasets.py
[2024-08-21T13:01:13.375+0000] {processor.py:914} INFO - Processing file /home/airflow/.local/lib/python3.12/site-packages/airflow/example_dags/example_datasets.py for tasks to queue
[2024-08-21T13:01:13.377+0000] {logging_mixin.py:190} INFO - [2024-08-21T13:01:13.376+0000] {dagbag.py:587} INFO - Filling up the DagBag from /home/airflow/.local/lib/python3.12/site-packages/airflow/example_dags/example_datasets.py
[2024-08-21T13:01:13.481+0000] {processor.py:925} INFO - DAG(s) 'dataset_produces_2', 'conditional_dataset_and_time_based_timetable', 'dataset_consumes_1', 'consume_1_and_2_with_dataset_expressions', 'consume_1_or_2_with_dataset_expressions', 'dataset_consumes_unknown_never_scheduled', 'dataset_consumes_1_and_2', 'dataset_produces_1', 'dataset_consumes_1_never_scheduled', 'consume_1_or_both_2_and_3_with_dataset_expressions' retrieved from /home/airflow/.local/lib/python3.12/site-packages/airflow/example_dags/example_datasets.py
[2024-08-21T13:01:13.518+0000] {logging_mixin.py:190} INFO - [2024-08-21T13:01:13.518+0000] {dag.py:3211} INFO - Sync 10 DAGs
[2024-08-21T13:01:13.539+0000] {logging_mixin.py:190} INFO - [2024-08-21T13:01:13.539+0000] {dag.py:4138} INFO - Setting next_dagrun for conditional_dataset_and_time_based_timetable to 2024-08-21 01:00:00+00:00, run_after=2024-08-21 01:00:00+00:00
[2024-08-21T13:01:13.542+0000] {logging_mixin.py:190} INFO - [2024-08-21T13:01:13.542+0000] {dag.py:4138} INFO - Setting next_dagrun for consume_1_and_2_with_dataset_expressions to None, run_after=None
[2024-08-21T13:01:13.543+0000] {logging_mixin.py:190} INFO - [2024-08-21T13:01:13.543+0000] {dag.py:4138} INFO - Setting next_dagrun for consume_1_or_2_with_dataset_expressions to None, run_after=None
[2024-08-21T13:01:13.544+0000] {logging_mixin.py:190} INFO - [2024-08-21T13:01:13.544+0000] {dag.py:4138} INFO - Setting next_dagrun for consume_1_or_both_2_and_3_with_dataset_expressions to None, run_after=None
[2024-08-21T13:01:13.545+0000] {logging_mixin.py:190} INFO - [2024-08-21T13:01:13.545+0000] {dag.py:4138} INFO - Setting next_dagrun for dataset_consumes_1 to None, run_after=None
[2024-08-21T13:01:13.546+0000] {logging_mixin.py:190} INFO - [2024-08-21T13:01:13.546+0000] {dag.py:4138} INFO - Setting next_dagrun for dataset_consumes_1_and_2 to None, run_after=None
[2024-08-21T13:01:13.547+0000] {logging_mixin.py:190} INFO - [2024-08-21T13:01:13.547+0000] {dag.py:4138} INFO - Setting next_dagrun for dataset_consumes_1_never_scheduled to None, run_after=None
[2024-08-21T13:01:13.549+0000] {logging_mixin.py:190} INFO - [2024-08-21T13:01:13.548+0000] {dag.py:4138} INFO - Setting next_dagrun for dataset_consumes_unknown_never_scheduled to None, run_after=None
[2024-08-21T13:01:13.550+0000] {logging_mixin.py:190} INFO - [2024-08-21T13:01:13.550+0000] {dag.py:4138} INFO - Setting next_dagrun for dataset_produces_1 to 2024-08-20 00:00:00+00:00, run_after=2024-08-21 00:00:00+00:00
[2024-08-21T13:01:13.552+0000] {logging_mixin.py:190} INFO - [2024-08-21T13:01:13.551+0000] {dag.py:4138} INFO - Setting next_dagrun for dataset_produces_2 to None, run_after=None
[2024-08-21T13:01:13.579+0000] {processor.py:208} INFO - Processing /home/airflow/.local/lib/python3.12/site-packages/airflow/example_dags/example_datasets.py took 0.210 seconds
