[2024-08-21T12:57:41.590+0000] {processor.py:186} INFO - Started process (PID=343) to work on /home/airflow/.local/lib/python3.12/site-packages/airflow/example_dags/example_params_ui_tutorial.py
[2024-08-21T12:57:41.592+0000] {processor.py:914} INFO - Processing file /home/airflow/.local/lib/python3.12/site-packages/airflow/example_dags/example_params_ui_tutorial.py for tasks to queue
[2024-08-21T12:57:41.594+0000] {logging_mixin.py:190} INFO - [2024-08-21T12:57:41.594+0000] {dagbag.py:587} INFO - Filling up the DagBag from /home/airflow/.local/lib/python3.12/site-packages/airflow/example_dags/example_params_ui_tutorial.py
[2024-08-21T12:57:41.603+0000] {processor.py:925} INFO - DAG(s) 'example_params_ui_tutorial' retrieved from /home/airflow/.local/lib/python3.12/site-packages/airflow/example_dags/example_params_ui_tutorial.py
[2024-08-21T12:57:41.714+0000] {logging_mixin.py:190} INFO - [2024-08-21T12:57:41.714+0000] {override.py:1858} INFO - Created Permission View: can delete on DAG:example_params_ui_tutorial
[2024-08-21T12:57:41.724+0000] {logging_mixin.py:190} INFO - [2024-08-21T12:57:41.723+0000] {override.py:1858} INFO - Created Permission View: can edit on DAG:example_params_ui_tutorial
[2024-08-21T12:57:41.731+0000] {logging_mixin.py:190} INFO - [2024-08-21T12:57:41.730+0000] {override.py:1858} INFO - Created Permission View: can read on DAG:example_params_ui_tutorial
[2024-08-21T12:57:41.732+0000] {logging_mixin.py:190} INFO - [2024-08-21T12:57:41.732+0000] {dag.py:3211} INFO - Sync 1 DAGs
[2024-08-21T12:57:41.745+0000] {logging_mixin.py:190} INFO - [2024-08-21T12:57:41.744+0000] {dag.py:3234} INFO - Creating ORM DAG for example_params_ui_tutorial
[2024-08-21T12:57:41.746+0000] {logging_mixin.py:190} INFO - [2024-08-21T12:57:41.745+0000] {dag.py:4138} INFO - Setting next_dagrun for example_params_ui_tutorial to None, run_after=None
[2024-08-21T12:57:41.760+0000] {processor.py:208} INFO - Processing /home/airflow/.local/lib/python3.12/site-packages/airflow/example_dags/example_params_ui_tutorial.py took 0.175 seconds
[2024-08-21T12:58:12.729+0000] {processor.py:186} INFO - Started process (PID=631) to work on /home/airflow/.local/lib/python3.12/site-packages/airflow/example_dags/example_params_ui_tutorial.py
[2024-08-21T12:58:12.730+0000] {processor.py:914} INFO - Processing file /home/airflow/.local/lib/python3.12/site-packages/airflow/example_dags/example_params_ui_tutorial.py for tasks to queue
[2024-08-21T12:58:12.732+0000] {logging_mixin.py:190} INFO - [2024-08-21T12:58:12.732+0000] {dagbag.py:587} INFO - Filling up the DagBag from /home/airflow/.local/lib/python3.12/site-packages/airflow/example_dags/example_params_ui_tutorial.py
[2024-08-21T12:58:12.742+0000] {processor.py:925} INFO - DAG(s) 'example_params_ui_tutorial' retrieved from /home/airflow/.local/lib/python3.12/site-packages/airflow/example_dags/example_params_ui_tutorial.py
[2024-08-21T12:58:12.774+0000] {logging_mixin.py:190} INFO - [2024-08-21T12:58:12.774+0000] {dag.py:3211} INFO - Sync 1 DAGs
[2024-08-21T12:58:12.787+0000] {logging_mixin.py:190} INFO - [2024-08-21T12:58:12.787+0000] {dag.py:4138} INFO - Setting next_dagrun for example_params_ui_tutorial to None, run_after=None
[2024-08-21T12:58:12.806+0000] {processor.py:208} INFO - Processing /home/airflow/.local/lib/python3.12/site-packages/airflow/example_dags/example_params_ui_tutorial.py took 0.081 seconds
[2024-08-21T12:58:42.830+0000] {processor.py:186} INFO - Started process (PID=917) to work on /home/airflow/.local/lib/python3.12/site-packages/airflow/example_dags/example_params_ui_tutorial.py
[2024-08-21T12:58:42.830+0000] {processor.py:914} INFO - Processing file /home/airflow/.local/lib/python3.12/site-packages/airflow/example_dags/example_params_ui_tutorial.py for tasks to queue
[2024-08-21T12:58:42.833+0000] {logging_mixin.py:190} INFO - [2024-08-21T12:58:42.833+0000] {dagbag.py:587} INFO - Filling up the DagBag from /home/airflow/.local/lib/python3.12/site-packages/airflow/example_dags/example_params_ui_tutorial.py
[2024-08-21T12:58:42.843+0000] {processor.py:925} INFO - DAG(s) 'example_params_ui_tutorial' retrieved from /home/airflow/.local/lib/python3.12/site-packages/airflow/example_dags/example_params_ui_tutorial.py
[2024-08-21T12:58:42.877+0000] {logging_mixin.py:190} INFO - [2024-08-21T12:58:42.876+0000] {dag.py:3211} INFO - Sync 1 DAGs
[2024-08-21T12:58:42.890+0000] {logging_mixin.py:190} INFO - [2024-08-21T12:58:42.890+0000] {dag.py:4138} INFO - Setting next_dagrun for example_params_ui_tutorial to None, run_after=None
[2024-08-21T12:58:42.908+0000] {processor.py:208} INFO - Processing /home/airflow/.local/lib/python3.12/site-packages/airflow/example_dags/example_params_ui_tutorial.py took 0.083 seconds
[2024-08-21T12:59:13.071+0000] {processor.py:186} INFO - Started process (PID=1201) to work on /home/airflow/.local/lib/python3.12/site-packages/airflow/example_dags/example_params_ui_tutorial.py
[2024-08-21T12:59:13.072+0000] {processor.py:914} INFO - Processing file /home/airflow/.local/lib/python3.12/site-packages/airflow/example_dags/example_params_ui_tutorial.py for tasks to queue
[2024-08-21T12:59:13.074+0000] {logging_mixin.py:190} INFO - [2024-08-21T12:59:13.074+0000] {dagbag.py:587} INFO - Filling up the DagBag from /home/airflow/.local/lib/python3.12/site-packages/airflow/example_dags/example_params_ui_tutorial.py
[2024-08-21T12:59:13.082+0000] {processor.py:925} INFO - DAG(s) 'example_params_ui_tutorial' retrieved from /home/airflow/.local/lib/python3.12/site-packages/airflow/example_dags/example_params_ui_tutorial.py
[2024-08-21T12:59:13.120+0000] {logging_mixin.py:190} INFO - [2024-08-21T12:59:13.120+0000] {dag.py:3211} INFO - Sync 1 DAGs
[2024-08-21T12:59:13.133+0000] {logging_mixin.py:190} INFO - [2024-08-21T12:59:13.133+0000] {dag.py:4138} INFO - Setting next_dagrun for example_params_ui_tutorial to None, run_after=None
[2024-08-21T12:59:13.149+0000] {processor.py:208} INFO - Processing /home/airflow/.local/lib/python3.12/site-packages/airflow/example_dags/example_params_ui_tutorial.py took 0.083 seconds
[2024-08-21T12:59:43.394+0000] {processor.py:186} INFO - Started process (PID=1489) to work on /home/airflow/.local/lib/python3.12/site-packages/airflow/example_dags/example_params_ui_tutorial.py
[2024-08-21T12:59:43.396+0000] {processor.py:914} INFO - Processing file /home/airflow/.local/lib/python3.12/site-packages/airflow/example_dags/example_params_ui_tutorial.py for tasks to queue
[2024-08-21T12:59:43.398+0000] {logging_mixin.py:190} INFO - [2024-08-21T12:59:43.398+0000] {dagbag.py:587} INFO - Filling up the DagBag from /home/airflow/.local/lib/python3.12/site-packages/airflow/example_dags/example_params_ui_tutorial.py
[2024-08-21T12:59:43.406+0000] {processor.py:925} INFO - DAG(s) 'example_params_ui_tutorial' retrieved from /home/airflow/.local/lib/python3.12/site-packages/airflow/example_dags/example_params_ui_tutorial.py
[2024-08-21T12:59:43.443+0000] {logging_mixin.py:190} INFO - [2024-08-21T12:59:43.443+0000] {dag.py:3211} INFO - Sync 1 DAGs
[2024-08-21T12:59:43.458+0000] {logging_mixin.py:190} INFO - [2024-08-21T12:59:43.458+0000] {dag.py:4138} INFO - Setting next_dagrun for example_params_ui_tutorial to None, run_after=None
[2024-08-21T12:59:43.472+0000] {processor.py:208} INFO - Processing /home/airflow/.local/lib/python3.12/site-packages/airflow/example_dags/example_params_ui_tutorial.py took 0.084 seconds
[2024-08-21T13:00:13.556+0000] {processor.py:186} INFO - Started process (PID=1773) to work on /home/airflow/.local/lib/python3.12/site-packages/airflow/example_dags/example_params_ui_tutorial.py
[2024-08-21T13:00:13.556+0000] {processor.py:914} INFO - Processing file /home/airflow/.local/lib/python3.12/site-packages/airflow/example_dags/example_params_ui_tutorial.py for tasks to queue
[2024-08-21T13:00:13.559+0000] {logging_mixin.py:190} INFO - [2024-08-21T13:00:13.558+0000] {dagbag.py:587} INFO - Filling up the DagBag from /home/airflow/.local/lib/python3.12/site-packages/airflow/example_dags/example_params_ui_tutorial.py
[2024-08-21T13:00:13.566+0000] {processor.py:925} INFO - DAG(s) 'example_params_ui_tutorial' retrieved from /home/airflow/.local/lib/python3.12/site-packages/airflow/example_dags/example_params_ui_tutorial.py
[2024-08-21T13:00:13.600+0000] {logging_mixin.py:190} INFO - [2024-08-21T13:00:13.600+0000] {dag.py:3211} INFO - Sync 1 DAGs
[2024-08-21T13:00:13.611+0000] {logging_mixin.py:190} INFO - [2024-08-21T13:00:13.611+0000] {dag.py:4138} INFO - Setting next_dagrun for example_params_ui_tutorial to None, run_after=None
[2024-08-21T13:00:13.627+0000] {processor.py:208} INFO - Processing /home/airflow/.local/lib/python3.12/site-packages/airflow/example_dags/example_params_ui_tutorial.py took 0.076 seconds
[2024-08-21T13:00:43.806+0000] {processor.py:186} INFO - Started process (PID=2061) to work on /home/airflow/.local/lib/python3.12/site-packages/airflow/example_dags/example_params_ui_tutorial.py
[2024-08-21T13:00:43.807+0000] {processor.py:914} INFO - Processing file /home/airflow/.local/lib/python3.12/site-packages/airflow/example_dags/example_params_ui_tutorial.py for tasks to queue
[2024-08-21T13:00:43.809+0000] {logging_mixin.py:190} INFO - [2024-08-21T13:00:43.809+0000] {dagbag.py:587} INFO - Filling up the DagBag from /home/airflow/.local/lib/python3.12/site-packages/airflow/example_dags/example_params_ui_tutorial.py
[2024-08-21T13:00:43.816+0000] {processor.py:925} INFO - DAG(s) 'example_params_ui_tutorial' retrieved from /home/airflow/.local/lib/python3.12/site-packages/airflow/example_dags/example_params_ui_tutorial.py
[2024-08-21T13:00:43.849+0000] {logging_mixin.py:190} INFO - [2024-08-21T13:00:43.849+0000] {dag.py:3211} INFO - Sync 1 DAGs
[2024-08-21T13:00:43.861+0000] {logging_mixin.py:190} INFO - [2024-08-21T13:00:43.861+0000] {dag.py:4138} INFO - Setting next_dagrun for example_params_ui_tutorial to None, run_after=None
[2024-08-21T13:00:43.877+0000] {processor.py:208} INFO - Processing /home/airflow/.local/lib/python3.12/site-packages/airflow/example_dags/example_params_ui_tutorial.py took 0.076 seconds
[2024-08-21T13:01:14.029+0000] {processor.py:186} INFO - Started process (PID=2345) to work on /home/airflow/.local/lib/python3.12/site-packages/airflow/example_dags/example_params_ui_tutorial.py
[2024-08-21T13:01:14.030+0000] {processor.py:914} INFO - Processing file /home/airflow/.local/lib/python3.12/site-packages/airflow/example_dags/example_params_ui_tutorial.py for tasks to queue
[2024-08-21T13:01:14.032+0000] {logging_mixin.py:190} INFO - [2024-08-21T13:01:14.032+0000] {dagbag.py:587} INFO - Filling up the DagBag from /home/airflow/.local/lib/python3.12/site-packages/airflow/example_dags/example_params_ui_tutorial.py
[2024-08-21T13:01:14.040+0000] {processor.py:925} INFO - DAG(s) 'example_params_ui_tutorial' retrieved from /home/airflow/.local/lib/python3.12/site-packages/airflow/example_dags/example_params_ui_tutorial.py
[2024-08-21T13:01:14.073+0000] {logging_mixin.py:190} INFO - [2024-08-21T13:01:14.073+0000] {dag.py:3211} INFO - Sync 1 DAGs
[2024-08-21T13:01:14.085+0000] {logging_mixin.py:190} INFO - [2024-08-21T13:01:14.085+0000] {dag.py:4138} INFO - Setting next_dagrun for example_params_ui_tutorial to None, run_after=None
[2024-08-21T13:01:14.104+0000] {processor.py:208} INFO - Processing /home/airflow/.local/lib/python3.12/site-packages/airflow/example_dags/example_params_ui_tutorial.py took 0.080 seconds
