[2024-08-21T12:57:40.620+0000] {processor.py:186} INFO - Started process (PID=298) to work on /home/airflow/.local/lib/python3.12/site-packages/airflow/example_dags/example_python_operator.py
[2024-08-21T12:57:40.620+0000] {processor.py:914} INFO - Processing file /home/airflow/.local/lib/python3.12/site-packages/airflow/example_dags/example_python_operator.py for tasks to queue
[2024-08-21T12:57:40.623+0000] {logging_mixin.py:190} INFO - [2024-08-21T12:57:40.623+0000] {dagbag.py:587} INFO - Filling up the DagBag from /home/airflow/.local/lib/python3.12/site-packages/airflow/example_dags/example_python_operator.py
[2024-08-21T12:57:40.639+0000] {processor.py:925} INFO - DAG(s) 'example_python_operator' retrieved from /home/airflow/.local/lib/python3.12/site-packages/airflow/example_dags/example_python_operator.py
[2024-08-21T12:57:40.733+0000] {logging_mixin.py:190} INFO - [2024-08-21T12:57:40.732+0000] {override.py:1858} INFO - Created Permission View: can delete on DAG:example_python_operator
[2024-08-21T12:57:40.743+0000] {logging_mixin.py:190} INFO - [2024-08-21T12:57:40.743+0000] {override.py:1858} INFO - Created Permission View: can edit on DAG:example_python_operator
[2024-08-21T12:57:40.750+0000] {logging_mixin.py:190} INFO - [2024-08-21T12:57:40.750+0000] {override.py:1858} INFO - Created Permission View: can read on DAG:example_python_operator
[2024-08-21T12:57:40.750+0000] {logging_mixin.py:190} INFO - [2024-08-21T12:57:40.750+0000] {dag.py:3211} INFO - Sync 1 DAGs
[2024-08-21T12:57:40.764+0000] {logging_mixin.py:190} INFO - [2024-08-21T12:57:40.763+0000] {dag.py:3234} INFO - Creating ORM DAG for example_python_operator
[2024-08-21T12:57:40.764+0000] {logging_mixin.py:190} INFO - [2024-08-21T12:57:40.764+0000] {dag.py:4138} INFO - Setting next_dagrun for example_python_operator to None, run_after=None
[2024-08-21T12:57:40.786+0000] {processor.py:208} INFO - Processing /home/airflow/.local/lib/python3.12/site-packages/airflow/example_dags/example_python_operator.py took 0.172 seconds
[2024-08-21T12:58:11.227+0000] {processor.py:186} INFO - Started process (PID=584) to work on /home/airflow/.local/lib/python3.12/site-packages/airflow/example_dags/example_python_operator.py
[2024-08-21T12:58:11.228+0000] {processor.py:914} INFO - Processing file /home/airflow/.local/lib/python3.12/site-packages/airflow/example_dags/example_python_operator.py for tasks to queue
[2024-08-21T12:58:11.230+0000] {logging_mixin.py:190} INFO - [2024-08-21T12:58:11.230+0000] {dagbag.py:587} INFO - Filling up the DagBag from /home/airflow/.local/lib/python3.12/site-packages/airflow/example_dags/example_python_operator.py
[2024-08-21T12:58:11.240+0000] {processor.py:925} INFO - DAG(s) 'example_python_operator' retrieved from /home/airflow/.local/lib/python3.12/site-packages/airflow/example_dags/example_python_operator.py
[2024-08-21T12:58:11.260+0000] {logging_mixin.py:190} INFO - [2024-08-21T12:58:11.260+0000] {dag.py:3211} INFO - Sync 1 DAGs
[2024-08-21T12:58:11.274+0000] {logging_mixin.py:190} INFO - [2024-08-21T12:58:11.274+0000] {dag.py:4138} INFO - Setting next_dagrun for example_python_operator to None, run_after=None
[2024-08-21T12:58:11.291+0000] {processor.py:208} INFO - Processing /home/airflow/.local/lib/python3.12/site-packages/airflow/example_dags/example_python_operator.py took 0.070 seconds
[2024-08-21T12:58:42.272+0000] {processor.py:186} INFO - Started process (PID=870) to work on /home/airflow/.local/lib/python3.12/site-packages/airflow/example_dags/example_python_operator.py
[2024-08-21T12:58:42.273+0000] {processor.py:914} INFO - Processing file /home/airflow/.local/lib/python3.12/site-packages/airflow/example_dags/example_python_operator.py for tasks to queue
[2024-08-21T12:58:42.276+0000] {logging_mixin.py:190} INFO - [2024-08-21T12:58:42.275+0000] {dagbag.py:587} INFO - Filling up the DagBag from /home/airflow/.local/lib/python3.12/site-packages/airflow/example_dags/example_python_operator.py
[2024-08-21T12:58:42.289+0000] {processor.py:925} INFO - DAG(s) 'example_python_operator' retrieved from /home/airflow/.local/lib/python3.12/site-packages/airflow/example_dags/example_python_operator.py
[2024-08-21T12:58:42.308+0000] {logging_mixin.py:190} INFO - [2024-08-21T12:58:42.308+0000] {dag.py:3211} INFO - Sync 1 DAGs
[2024-08-21T12:58:42.323+0000] {logging_mixin.py:190} INFO - [2024-08-21T12:58:42.322+0000] {dag.py:4138} INFO - Setting next_dagrun for example_python_operator to None, run_after=None
[2024-08-21T12:58:42.341+0000] {processor.py:208} INFO - Processing /home/airflow/.local/lib/python3.12/site-packages/airflow/example_dags/example_python_operator.py took 0.074 seconds
[2024-08-21T12:59:12.536+0000] {processor.py:186} INFO - Started process (PID=1151) to work on /home/airflow/.local/lib/python3.12/site-packages/airflow/example_dags/example_python_operator.py
[2024-08-21T12:59:12.537+0000] {processor.py:914} INFO - Processing file /home/airflow/.local/lib/python3.12/site-packages/airflow/example_dags/example_python_operator.py for tasks to queue
[2024-08-21T12:59:12.540+0000] {logging_mixin.py:190} INFO - [2024-08-21T12:59:12.539+0000] {dagbag.py:587} INFO - Filling up the DagBag from /home/airflow/.local/lib/python3.12/site-packages/airflow/example_dags/example_python_operator.py
[2024-08-21T12:59:12.551+0000] {processor.py:925} INFO - DAG(s) 'example_python_operator' retrieved from /home/airflow/.local/lib/python3.12/site-packages/airflow/example_dags/example_python_operator.py
[2024-08-21T12:59:12.569+0000] {logging_mixin.py:190} INFO - [2024-08-21T12:59:12.568+0000] {dag.py:3211} INFO - Sync 1 DAGs
[2024-08-21T12:59:12.581+0000] {logging_mixin.py:190} INFO - [2024-08-21T12:59:12.580+0000] {dag.py:4138} INFO - Setting next_dagrun for example_python_operator to None, run_after=None
[2024-08-21T12:59:12.595+0000] {processor.py:208} INFO - Processing /home/airflow/.local/lib/python3.12/site-packages/airflow/example_dags/example_python_operator.py took 0.064 seconds
[2024-08-21T12:59:42.840+0000] {processor.py:186} INFO - Started process (PID=1437) to work on /home/airflow/.local/lib/python3.12/site-packages/airflow/example_dags/example_python_operator.py
[2024-08-21T12:59:42.840+0000] {processor.py:914} INFO - Processing file /home/airflow/.local/lib/python3.12/site-packages/airflow/example_dags/example_python_operator.py for tasks to queue
[2024-08-21T12:59:42.843+0000] {logging_mixin.py:190} INFO - [2024-08-21T12:59:42.842+0000] {dagbag.py:587} INFO - Filling up the DagBag from /home/airflow/.local/lib/python3.12/site-packages/airflow/example_dags/example_python_operator.py
[2024-08-21T12:59:42.852+0000] {processor.py:925} INFO - DAG(s) 'example_python_operator' retrieved from /home/airflow/.local/lib/python3.12/site-packages/airflow/example_dags/example_python_operator.py
[2024-08-21T12:59:42.871+0000] {logging_mixin.py:190} INFO - [2024-08-21T12:59:42.871+0000] {dag.py:3211} INFO - Sync 1 DAGs
[2024-08-21T12:59:42.883+0000] {logging_mixin.py:190} INFO - [2024-08-21T12:59:42.883+0000] {dag.py:4138} INFO - Setting next_dagrun for example_python_operator to None, run_after=None
[2024-08-21T12:59:42.899+0000] {processor.py:208} INFO - Processing /home/airflow/.local/lib/python3.12/site-packages/airflow/example_dags/example_python_operator.py took 0.064 seconds
[2024-08-21T13:00:13.040+0000] {processor.py:186} INFO - Started process (PID=1723) to work on /home/airflow/.local/lib/python3.12/site-packages/airflow/example_dags/example_python_operator.py
[2024-08-21T13:00:13.041+0000] {processor.py:914} INFO - Processing file /home/airflow/.local/lib/python3.12/site-packages/airflow/example_dags/example_python_operator.py for tasks to queue
[2024-08-21T13:00:13.043+0000] {logging_mixin.py:190} INFO - [2024-08-21T13:00:13.043+0000] {dagbag.py:587} INFO - Filling up the DagBag from /home/airflow/.local/lib/python3.12/site-packages/airflow/example_dags/example_python_operator.py
[2024-08-21T13:00:13.054+0000] {processor.py:925} INFO - DAG(s) 'example_python_operator' retrieved from /home/airflow/.local/lib/python3.12/site-packages/airflow/example_dags/example_python_operator.py
[2024-08-21T13:00:13.074+0000] {logging_mixin.py:190} INFO - [2024-08-21T13:00:13.074+0000] {dag.py:3211} INFO - Sync 1 DAGs
[2024-08-21T13:00:13.086+0000] {logging_mixin.py:190} INFO - [2024-08-21T13:00:13.086+0000] {dag.py:4138} INFO - Setting next_dagrun for example_python_operator to None, run_after=None
[2024-08-21T13:00:13.100+0000] {processor.py:208} INFO - Processing /home/airflow/.local/lib/python3.12/site-packages/airflow/example_dags/example_python_operator.py took 0.064 seconds
[2024-08-21T13:00:43.261+0000] {processor.py:186} INFO - Started process (PID=2009) to work on /home/airflow/.local/lib/python3.12/site-packages/airflow/example_dags/example_python_operator.py
[2024-08-21T13:00:43.262+0000] {processor.py:914} INFO - Processing file /home/airflow/.local/lib/python3.12/site-packages/airflow/example_dags/example_python_operator.py for tasks to queue
[2024-08-21T13:00:43.264+0000] {logging_mixin.py:190} INFO - [2024-08-21T13:00:43.264+0000] {dagbag.py:587} INFO - Filling up the DagBag from /home/airflow/.local/lib/python3.12/site-packages/airflow/example_dags/example_python_operator.py
[2024-08-21T13:00:43.275+0000] {processor.py:925} INFO - DAG(s) 'example_python_operator' retrieved from /home/airflow/.local/lib/python3.12/site-packages/airflow/example_dags/example_python_operator.py
[2024-08-21T13:00:43.299+0000] {logging_mixin.py:190} INFO - [2024-08-21T13:00:43.298+0000] {dag.py:3211} INFO - Sync 1 DAGs
[2024-08-21T13:00:43.310+0000] {logging_mixin.py:190} INFO - [2024-08-21T13:00:43.310+0000] {dag.py:4138} INFO - Setting next_dagrun for example_python_operator to None, run_after=None
[2024-08-21T13:00:43.327+0000] {processor.py:208} INFO - Processing /home/airflow/.local/lib/python3.12/site-packages/airflow/example_dags/example_python_operator.py took 0.071 seconds
[2024-08-21T13:01:13.402+0000] {processor.py:186} INFO - Started process (PID=2295) to work on /home/airflow/.local/lib/python3.12/site-packages/airflow/example_dags/example_python_operator.py
[2024-08-21T13:01:13.403+0000] {processor.py:914} INFO - Processing file /home/airflow/.local/lib/python3.12/site-packages/airflow/example_dags/example_python_operator.py for tasks to queue
[2024-08-21T13:01:13.405+0000] {logging_mixin.py:190} INFO - [2024-08-21T13:01:13.405+0000] {dagbag.py:587} INFO - Filling up the DagBag from /home/airflow/.local/lib/python3.12/site-packages/airflow/example_dags/example_python_operator.py
[2024-08-21T13:01:13.415+0000] {processor.py:925} INFO - DAG(s) 'example_python_operator' retrieved from /home/airflow/.local/lib/python3.12/site-packages/airflow/example_dags/example_python_operator.py
[2024-08-21T13:01:13.433+0000] {logging_mixin.py:190} INFO - [2024-08-21T13:01:13.433+0000] {dag.py:3211} INFO - Sync 1 DAGs
[2024-08-21T13:01:13.444+0000] {logging_mixin.py:190} INFO - [2024-08-21T13:01:13.444+0000] {dag.py:4138} INFO - Setting next_dagrun for example_python_operator to None, run_after=None
[2024-08-21T13:01:13.458+0000] {processor.py:208} INFO - Processing /home/airflow/.local/lib/python3.12/site-packages/airflow/example_dags/example_python_operator.py took 0.061 seconds
