[2024-08-21T12:57:40.174+0000] {processor.py:186} INFO - Started process (PID=278) to work on /home/airflow/.local/lib/python3.12/site-packages/airflow/example_dags/example_branch_operator.py
[2024-08-21T12:57:40.175+0000] {processor.py:914} INFO - Processing file /home/airflow/.local/lib/python3.12/site-packages/airflow/example_dags/example_branch_operator.py for tasks to queue
[2024-08-21T12:57:40.177+0000] {logging_mixin.py:190} INFO - [2024-08-21T12:57:40.177+0000] {dagbag.py:587} INFO - Filling up the DagBag from /home/airflow/.local/lib/python3.12/site-packages/airflow/example_dags/example_branch_operator.py
[2024-08-21T12:57:40.193+0000] {processor.py:925} INFO - DAG(s) 'example_branch_operator' retrieved from /home/airflow/.local/lib/python3.12/site-packages/airflow/example_dags/example_branch_operator.py
[2024-08-21T12:57:40.287+0000] {logging_mixin.py:190} INFO - [2024-08-21T12:57:40.287+0000] {override.py:1858} INFO - Created Permission View: can delete on DAG:example_branch_operator
[2024-08-21T12:57:40.297+0000] {logging_mixin.py:190} INFO - [2024-08-21T12:57:40.296+0000] {override.py:1858} INFO - Created Permission View: can edit on DAG:example_branch_operator
[2024-08-21T12:57:40.303+0000] {logging_mixin.py:190} INFO - [2024-08-21T12:57:40.303+0000] {override.py:1858} INFO - Created Permission View: can read on DAG:example_branch_operator
[2024-08-21T12:57:40.304+0000] {logging_mixin.py:190} INFO - [2024-08-21T12:57:40.303+0000] {dag.py:3211} INFO - Sync 1 DAGs
[2024-08-21T12:57:40.318+0000] {logging_mixin.py:190} INFO - [2024-08-21T12:57:40.318+0000] {dag.py:3234} INFO - Creating ORM DAG for example_branch_operator
[2024-08-21T12:57:40.332+0000] {logging_mixin.py:190} INFO - [2024-08-21T12:57:40.331+0000] {dag.py:4138} INFO - Setting next_dagrun for example_branch_operator to 2024-08-20 00:00:00+00:00, run_after=2024-08-21 00:00:00+00:00
[2024-08-21T12:57:40.351+0000] {processor.py:208} INFO - Processing /home/airflow/.local/lib/python3.12/site-packages/airflow/example_dags/example_branch_operator.py took 0.184 seconds
[2024-08-21T12:58:10.998+0000] {processor.py:186} INFO - Started process (PID=564) to work on /home/airflow/.local/lib/python3.12/site-packages/airflow/example_dags/example_branch_operator.py
[2024-08-21T12:58:10.999+0000] {processor.py:914} INFO - Processing file /home/airflow/.local/lib/python3.12/site-packages/airflow/example_dags/example_branch_operator.py for tasks to queue
[2024-08-21T12:58:11.001+0000] {logging_mixin.py:190} INFO - [2024-08-21T12:58:11.001+0000] {dagbag.py:587} INFO - Filling up the DagBag from /home/airflow/.local/lib/python3.12/site-packages/airflow/example_dags/example_branch_operator.py
[2024-08-21T12:58:11.017+0000] {processor.py:925} INFO - DAG(s) 'example_branch_operator' retrieved from /home/airflow/.local/lib/python3.12/site-packages/airflow/example_dags/example_branch_operator.py
[2024-08-21T12:58:11.039+0000] {logging_mixin.py:190} INFO - [2024-08-21T12:58:11.039+0000] {dag.py:3211} INFO - Sync 1 DAGs
[2024-08-21T12:58:11.058+0000] {logging_mixin.py:190} INFO - [2024-08-21T12:58:11.057+0000] {dag.py:4138} INFO - Setting next_dagrun for example_branch_operator to 2024-08-20 00:00:00+00:00, run_after=2024-08-21 00:00:00+00:00
[2024-08-21T12:58:11.075+0000] {processor.py:208} INFO - Processing /home/airflow/.local/lib/python3.12/site-packages/airflow/example_dags/example_branch_operator.py took 0.082 seconds
[2024-08-21T12:58:42.050+0000] {processor.py:186} INFO - Started process (PID=850) to work on /home/airflow/.local/lib/python3.12/site-packages/airflow/example_dags/example_branch_operator.py
[2024-08-21T12:58:42.051+0000] {processor.py:914} INFO - Processing file /home/airflow/.local/lib/python3.12/site-packages/airflow/example_dags/example_branch_operator.py for tasks to queue
[2024-08-21T12:58:42.053+0000] {logging_mixin.py:190} INFO - [2024-08-21T12:58:42.053+0000] {dagbag.py:587} INFO - Filling up the DagBag from /home/airflow/.local/lib/python3.12/site-packages/airflow/example_dags/example_branch_operator.py
[2024-08-21T12:58:42.067+0000] {processor.py:925} INFO - DAG(s) 'example_branch_operator' retrieved from /home/airflow/.local/lib/python3.12/site-packages/airflow/example_dags/example_branch_operator.py
[2024-08-21T12:58:42.090+0000] {logging_mixin.py:190} INFO - [2024-08-21T12:58:42.090+0000] {dag.py:3211} INFO - Sync 1 DAGs
[2024-08-21T12:58:42.114+0000] {logging_mixin.py:190} INFO - [2024-08-21T12:58:42.114+0000] {dag.py:4138} INFO - Setting next_dagrun for example_branch_operator to 2024-08-20 00:00:00+00:00, run_after=2024-08-21 00:00:00+00:00
[2024-08-21T12:58:42.130+0000] {processor.py:208} INFO - Processing /home/airflow/.local/lib/python3.12/site-packages/airflow/example_dags/example_branch_operator.py took 0.085 seconds
[2024-08-21T12:59:12.374+0000] {processor.py:186} INFO - Started process (PID=1136) to work on /home/airflow/.local/lib/python3.12/site-packages/airflow/example_dags/example_branch_operator.py
[2024-08-21T12:59:12.375+0000] {processor.py:914} INFO - Processing file /home/airflow/.local/lib/python3.12/site-packages/airflow/example_dags/example_branch_operator.py for tasks to queue
[2024-08-21T12:59:12.377+0000] {logging_mixin.py:190} INFO - [2024-08-21T12:59:12.377+0000] {dagbag.py:587} INFO - Filling up the DagBag from /home/airflow/.local/lib/python3.12/site-packages/airflow/example_dags/example_branch_operator.py
[2024-08-21T12:59:12.391+0000] {processor.py:925} INFO - DAG(s) 'example_branch_operator' retrieved from /home/airflow/.local/lib/python3.12/site-packages/airflow/example_dags/example_branch_operator.py
[2024-08-21T12:59:12.413+0000] {logging_mixin.py:190} INFO - [2024-08-21T12:59:12.413+0000] {dag.py:3211} INFO - Sync 1 DAGs
[2024-08-21T12:59:12.434+0000] {logging_mixin.py:190} INFO - [2024-08-21T12:59:12.434+0000] {dag.py:4138} INFO - Setting next_dagrun for example_branch_operator to 2024-08-20 00:00:00+00:00, run_after=2024-08-21 00:00:00+00:00
[2024-08-21T12:59:12.451+0000] {processor.py:208} INFO - Processing /home/airflow/.local/lib/python3.12/site-packages/airflow/example_dags/example_branch_operator.py took 0.083 seconds
[2024-08-21T12:59:42.702+0000] {processor.py:186} INFO - Started process (PID=1422) to work on /home/airflow/.local/lib/python3.12/site-packages/airflow/example_dags/example_branch_operator.py
[2024-08-21T12:59:42.703+0000] {processor.py:914} INFO - Processing file /home/airflow/.local/lib/python3.12/site-packages/airflow/example_dags/example_branch_operator.py for tasks to queue
[2024-08-21T12:59:42.706+0000] {logging_mixin.py:190} INFO - [2024-08-21T12:59:42.706+0000] {dagbag.py:587} INFO - Filling up the DagBag from /home/airflow/.local/lib/python3.12/site-packages/airflow/example_dags/example_branch_operator.py
[2024-08-21T12:59:42.725+0000] {processor.py:925} INFO - DAG(s) 'example_branch_operator' retrieved from /home/airflow/.local/lib/python3.12/site-packages/airflow/example_dags/example_branch_operator.py
[2024-08-21T12:59:42.752+0000] {logging_mixin.py:190} INFO - [2024-08-21T12:59:42.752+0000] {dag.py:3211} INFO - Sync 1 DAGs
[2024-08-21T12:59:42.776+0000] {logging_mixin.py:190} INFO - [2024-08-21T12:59:42.776+0000] {dag.py:4138} INFO - Setting next_dagrun for example_branch_operator to 2024-08-20 00:00:00+00:00, run_after=2024-08-21 00:00:00+00:00
[2024-08-21T12:59:42.792+0000] {processor.py:208} INFO - Processing /home/airflow/.local/lib/python3.12/site-packages/airflow/example_dags/example_branch_operator.py took 0.095 seconds
[2024-08-21T13:00:12.849+0000] {processor.py:186} INFO - Started process (PID=1708) to work on /home/airflow/.local/lib/python3.12/site-packages/airflow/example_dags/example_branch_operator.py
[2024-08-21T13:00:12.850+0000] {processor.py:914} INFO - Processing file /home/airflow/.local/lib/python3.12/site-packages/airflow/example_dags/example_branch_operator.py for tasks to queue
[2024-08-21T13:00:12.852+0000] {logging_mixin.py:190} INFO - [2024-08-21T13:00:12.851+0000] {dagbag.py:587} INFO - Filling up the DagBag from /home/airflow/.local/lib/python3.12/site-packages/airflow/example_dags/example_branch_operator.py
[2024-08-21T13:00:12.865+0000] {processor.py:925} INFO - DAG(s) 'example_branch_operator' retrieved from /home/airflow/.local/lib/python3.12/site-packages/airflow/example_dags/example_branch_operator.py
[2024-08-21T13:00:12.891+0000] {logging_mixin.py:190} INFO - [2024-08-21T13:00:12.891+0000] {dag.py:3211} INFO - Sync 1 DAGs
[2024-08-21T13:00:12.910+0000] {logging_mixin.py:190} INFO - [2024-08-21T13:00:12.910+0000] {dag.py:4138} INFO - Setting next_dagrun for example_branch_operator to 2024-08-20 00:00:00+00:00, run_after=2024-08-21 00:00:00+00:00
[2024-08-21T13:00:12.927+0000] {processor.py:208} INFO - Processing /home/airflow/.local/lib/python3.12/site-packages/airflow/example_dags/example_branch_operator.py took 0.082 seconds
[2024-08-21T13:00:42.957+0000] {processor.py:186} INFO - Started process (PID=1991) to work on /home/airflow/.local/lib/python3.12/site-packages/airflow/example_dags/example_branch_operator.py
[2024-08-21T13:00:42.958+0000] {processor.py:914} INFO - Processing file /home/airflow/.local/lib/python3.12/site-packages/airflow/example_dags/example_branch_operator.py for tasks to queue
[2024-08-21T13:00:42.960+0000] {logging_mixin.py:190} INFO - [2024-08-21T13:00:42.960+0000] {dagbag.py:587} INFO - Filling up the DagBag from /home/airflow/.local/lib/python3.12/site-packages/airflow/example_dags/example_branch_operator.py
[2024-08-21T13:00:42.973+0000] {processor.py:925} INFO - DAG(s) 'example_branch_operator' retrieved from /home/airflow/.local/lib/python3.12/site-packages/airflow/example_dags/example_branch_operator.py
[2024-08-21T13:00:42.993+0000] {logging_mixin.py:190} INFO - [2024-08-21T13:00:42.993+0000] {dag.py:3211} INFO - Sync 1 DAGs
[2024-08-21T13:00:43.011+0000] {logging_mixin.py:190} INFO - [2024-08-21T13:00:43.011+0000] {dag.py:4138} INFO - Setting next_dagrun for example_branch_operator to 2024-08-20 00:00:00+00:00, run_after=2024-08-21 00:00:00+00:00
[2024-08-21T13:00:43.025+0000] {processor.py:208} INFO - Processing /home/airflow/.local/lib/python3.12/site-packages/airflow/example_dags/example_branch_operator.py took 0.073 seconds
[2024-08-21T13:01:13.209+0000] {processor.py:186} INFO - Started process (PID=2275) to work on /home/airflow/.local/lib/python3.12/site-packages/airflow/example_dags/example_branch_operator.py
[2024-08-21T13:01:13.210+0000] {processor.py:914} INFO - Processing file /home/airflow/.local/lib/python3.12/site-packages/airflow/example_dags/example_branch_operator.py for tasks to queue
[2024-08-21T13:01:13.212+0000] {logging_mixin.py:190} INFO - [2024-08-21T13:01:13.211+0000] {dagbag.py:587} INFO - Filling up the DagBag from /home/airflow/.local/lib/python3.12/site-packages/airflow/example_dags/example_branch_operator.py
[2024-08-21T13:01:13.228+0000] {processor.py:925} INFO - DAG(s) 'example_branch_operator' retrieved from /home/airflow/.local/lib/python3.12/site-packages/airflow/example_dags/example_branch_operator.py
[2024-08-21T13:01:13.250+0000] {logging_mixin.py:190} INFO - [2024-08-21T13:01:13.250+0000] {dag.py:3211} INFO - Sync 1 DAGs
[2024-08-21T13:01:13.272+0000] {logging_mixin.py:190} INFO - [2024-08-21T13:01:13.272+0000] {dag.py:4138} INFO - Setting next_dagrun for example_branch_operator to 2024-08-20 00:00:00+00:00, run_after=2024-08-21 00:00:00+00:00
[2024-08-21T13:01:13.288+0000] {processor.py:208} INFO - Processing /home/airflow/.local/lib/python3.12/site-packages/airflow/example_dags/example_branch_operator.py took 0.085 seconds
