[2024-08-21T12:57:40.233+0000] {processor.py:186} INFO - Started process (PID=283) to work on /home/airflow/.local/lib/python3.12/site-packages/airflow/example_dags/example_sensors.py
[2024-08-21T12:57:40.234+0000] {processor.py:914} INFO - Processing file /home/airflow/.local/lib/python3.12/site-packages/airflow/example_dags/example_sensors.py for tasks to queue
[2024-08-21T12:57:40.236+0000] {logging_mixin.py:190} INFO - [2024-08-21T12:57:40.236+0000] {dagbag.py:587} INFO - Filling up the DagBag from /home/airflow/.local/lib/python3.12/site-packages/airflow/example_dags/example_sensors.py
[2024-08-21T12:57:40.246+0000] {processor.py:925} INFO - DAG(s) 'example_sensors' retrieved from /home/airflow/.local/lib/python3.12/site-packages/airflow/example_dags/example_sensors.py
[2024-08-21T12:57:40.359+0000] {logging_mixin.py:190} INFO - [2024-08-21T12:57:40.358+0000] {override.py:1858} INFO - Created Permission View: can delete on DAG:example_sensors
[2024-08-21T12:57:40.367+0000] {logging_mixin.py:190} INFO - [2024-08-21T12:57:40.367+0000] {override.py:1858} INFO - Created Permission View: can edit on DAG:example_sensors
[2024-08-21T12:57:40.372+0000] {logging_mixin.py:190} INFO - [2024-08-21T12:57:40.372+0000] {override.py:1858} INFO - Created Permission View: can read on DAG:example_sensors
[2024-08-21T12:57:40.373+0000] {logging_mixin.py:190} INFO - [2024-08-21T12:57:40.373+0000] {dag.py:3211} INFO - Sync 1 DAGs
[2024-08-21T12:57:40.383+0000] {logging_mixin.py:190} INFO - [2024-08-21T12:57:40.383+0000] {dag.py:3234} INFO - Creating ORM DAG for example_sensors
[2024-08-21T12:57:40.384+0000] {logging_mixin.py:190} INFO - [2024-08-21T12:57:40.384+0000] {dag.py:4138} INFO - Setting next_dagrun for example_sensors to None, run_after=None
[2024-08-21T12:57:40.402+0000] {processor.py:208} INFO - Processing /home/airflow/.local/lib/python3.12/site-packages/airflow/example_dags/example_sensors.py took 0.174 seconds
[2024-08-21T12:58:11.041+0000] {processor.py:186} INFO - Started process (PID=569) to work on /home/airflow/.local/lib/python3.12/site-packages/airflow/example_dags/example_sensors.py
[2024-08-21T12:58:11.042+0000] {processor.py:914} INFO - Processing file /home/airflow/.local/lib/python3.12/site-packages/airflow/example_dags/example_sensors.py for tasks to queue
[2024-08-21T12:58:11.045+0000] {logging_mixin.py:190} INFO - [2024-08-21T12:58:11.044+0000] {dagbag.py:587} INFO - Filling up the DagBag from /home/airflow/.local/lib/python3.12/site-packages/airflow/example_dags/example_sensors.py
[2024-08-21T12:58:11.057+0000] {processor.py:925} INFO - DAG(s) 'example_sensors' retrieved from /home/airflow/.local/lib/python3.12/site-packages/airflow/example_dags/example_sensors.py
[2024-08-21T12:58:11.080+0000] {logging_mixin.py:190} INFO - [2024-08-21T12:58:11.079+0000] {dag.py:3211} INFO - Sync 1 DAGs
[2024-08-21T12:58:11.098+0000] {logging_mixin.py:190} INFO - [2024-08-21T12:58:11.097+0000] {dag.py:4138} INFO - Setting next_dagrun for example_sensors to None, run_after=None
[2024-08-21T12:58:11.119+0000] {processor.py:208} INFO - Processing /home/airflow/.local/lib/python3.12/site-packages/airflow/example_dags/example_sensors.py took 0.085 seconds
[2024-08-21T12:58:42.094+0000] {processor.py:186} INFO - Started process (PID=855) to work on /home/airflow/.local/lib/python3.12/site-packages/airflow/example_dags/example_sensors.py
[2024-08-21T12:58:42.095+0000] {processor.py:914} INFO - Processing file /home/airflow/.local/lib/python3.12/site-packages/airflow/example_dags/example_sensors.py for tasks to queue
[2024-08-21T12:58:42.098+0000] {logging_mixin.py:190} INFO - [2024-08-21T12:58:42.097+0000] {dagbag.py:587} INFO - Filling up the DagBag from /home/airflow/.local/lib/python3.12/site-packages/airflow/example_dags/example_sensors.py
[2024-08-21T12:58:42.109+0000] {processor.py:925} INFO - DAG(s) 'example_sensors' retrieved from /home/airflow/.local/lib/python3.12/site-packages/airflow/example_dags/example_sensors.py
[2024-08-21T12:58:42.130+0000] {logging_mixin.py:190} INFO - [2024-08-21T12:58:42.130+0000] {dag.py:3211} INFO - Sync 1 DAGs
[2024-08-21T12:58:42.143+0000] {logging_mixin.py:190} INFO - [2024-08-21T12:58:42.143+0000] {dag.py:4138} INFO - Setting next_dagrun for example_sensors to None, run_after=None
[2024-08-21T12:58:42.158+0000] {processor.py:208} INFO - Processing /home/airflow/.local/lib/python3.12/site-packages/airflow/example_dags/example_sensors.py took 0.069 seconds
[2024-08-21T12:59:12.447+0000] {processor.py:186} INFO - Started process (PID=1141) to work on /home/airflow/.local/lib/python3.12/site-packages/airflow/example_dags/example_sensors.py
[2024-08-21T12:59:12.448+0000] {processor.py:914} INFO - Processing file /home/airflow/.local/lib/python3.12/site-packages/airflow/example_dags/example_sensors.py for tasks to queue
[2024-08-21T12:59:12.451+0000] {logging_mixin.py:190} INFO - [2024-08-21T12:59:12.450+0000] {dagbag.py:587} INFO - Filling up the DagBag from /home/airflow/.local/lib/python3.12/site-packages/airflow/example_dags/example_sensors.py
[2024-08-21T12:59:12.460+0000] {processor.py:925} INFO - DAG(s) 'example_sensors' retrieved from /home/airflow/.local/lib/python3.12/site-packages/airflow/example_dags/example_sensors.py
[2024-08-21T12:59:12.486+0000] {logging_mixin.py:190} INFO - [2024-08-21T12:59:12.486+0000] {dag.py:3211} INFO - Sync 1 DAGs
[2024-08-21T12:59:12.498+0000] {logging_mixin.py:190} INFO - [2024-08-21T12:59:12.498+0000] {dag.py:4138} INFO - Setting next_dagrun for example_sensors to None, run_after=None
[2024-08-21T12:59:12.513+0000] {processor.py:208} INFO - Processing /home/airflow/.local/lib/python3.12/site-packages/airflow/example_dags/example_sensors.py took 0.071 seconds
[2024-08-21T12:59:42.747+0000] {processor.py:186} INFO - Started process (PID=1427) to work on /home/airflow/.local/lib/python3.12/site-packages/airflow/example_dags/example_sensors.py
[2024-08-21T12:59:42.748+0000] {processor.py:914} INFO - Processing file /home/airflow/.local/lib/python3.12/site-packages/airflow/example_dags/example_sensors.py for tasks to queue
[2024-08-21T12:59:42.751+0000] {logging_mixin.py:190} INFO - [2024-08-21T12:59:42.750+0000] {dagbag.py:587} INFO - Filling up the DagBag from /home/airflow/.local/lib/python3.12/site-packages/airflow/example_dags/example_sensors.py
[2024-08-21T12:59:42.762+0000] {processor.py:925} INFO - DAG(s) 'example_sensors' retrieved from /home/airflow/.local/lib/python3.12/site-packages/airflow/example_dags/example_sensors.py
[2024-08-21T12:59:42.787+0000] {logging_mixin.py:190} INFO - [2024-08-21T12:59:42.787+0000] {dag.py:3211} INFO - Sync 1 DAGs
[2024-08-21T12:59:42.799+0000] {logging_mixin.py:190} INFO - [2024-08-21T12:59:42.799+0000] {dag.py:4138} INFO - Setting next_dagrun for example_sensors to None, run_after=None
[2024-08-21T12:59:42.813+0000] {processor.py:208} INFO - Processing /home/airflow/.local/lib/python3.12/site-packages/airflow/example_dags/example_sensors.py took 0.072 seconds
[2024-08-21T13:00:12.953+0000] {processor.py:186} INFO - Started process (PID=1713) to work on /home/airflow/.local/lib/python3.12/site-packages/airflow/example_dags/example_sensors.py
[2024-08-21T13:00:12.954+0000] {processor.py:914} INFO - Processing file /home/airflow/.local/lib/python3.12/site-packages/airflow/example_dags/example_sensors.py for tasks to queue
[2024-08-21T13:00:12.957+0000] {logging_mixin.py:190} INFO - [2024-08-21T13:00:12.956+0000] {dagbag.py:587} INFO - Filling up the DagBag from /home/airflow/.local/lib/python3.12/site-packages/airflow/example_dags/example_sensors.py
[2024-08-21T13:00:12.965+0000] {processor.py:925} INFO - DAG(s) 'example_sensors' retrieved from /home/airflow/.local/lib/python3.12/site-packages/airflow/example_dags/example_sensors.py
[2024-08-21T13:00:12.989+0000] {logging_mixin.py:190} INFO - [2024-08-21T13:00:12.989+0000] {dag.py:3211} INFO - Sync 1 DAGs
[2024-08-21T13:00:13.001+0000] {logging_mixin.py:190} INFO - [2024-08-21T13:00:13.001+0000] {dag.py:4138} INFO - Setting next_dagrun for example_sensors to None, run_after=None
[2024-08-21T13:00:13.015+0000] {processor.py:208} INFO - Processing /home/airflow/.local/lib/python3.12/site-packages/airflow/example_dags/example_sensors.py took 0.069 seconds
[2024-08-21T13:00:43.060+0000] {processor.py:186} INFO - Started process (PID=1999) to work on /home/airflow/.local/lib/python3.12/site-packages/airflow/example_dags/example_sensors.py
[2024-08-21T13:00:43.061+0000] {processor.py:914} INFO - Processing file /home/airflow/.local/lib/python3.12/site-packages/airflow/example_dags/example_sensors.py for tasks to queue
[2024-08-21T13:00:43.064+0000] {logging_mixin.py:190} INFO - [2024-08-21T13:00:43.063+0000] {dagbag.py:587} INFO - Filling up the DagBag from /home/airflow/.local/lib/python3.12/site-packages/airflow/example_dags/example_sensors.py
[2024-08-21T13:00:43.074+0000] {processor.py:925} INFO - DAG(s) 'example_sensors' retrieved from /home/airflow/.local/lib/python3.12/site-packages/airflow/example_dags/example_sensors.py
[2024-08-21T13:00:43.101+0000] {logging_mixin.py:190} INFO - [2024-08-21T13:00:43.100+0000] {dag.py:3211} INFO - Sync 1 DAGs
[2024-08-21T13:00:43.114+0000] {logging_mixin.py:190} INFO - [2024-08-21T13:00:43.114+0000] {dag.py:4138} INFO - Setting next_dagrun for example_sensors to None, run_after=None
[2024-08-21T13:00:43.138+0000] {processor.py:208} INFO - Processing /home/airflow/.local/lib/python3.12/site-packages/airflow/example_dags/example_sensors.py took 0.084 seconds
[2024-08-21T13:01:13.288+0000] {processor.py:186} INFO - Started process (PID=2280) to work on /home/airflow/.local/lib/python3.12/site-packages/airflow/example_dags/example_sensors.py
[2024-08-21T13:01:13.289+0000] {processor.py:914} INFO - Processing file /home/airflow/.local/lib/python3.12/site-packages/airflow/example_dags/example_sensors.py for tasks to queue
[2024-08-21T13:01:13.291+0000] {logging_mixin.py:190} INFO - [2024-08-21T13:01:13.291+0000] {dagbag.py:587} INFO - Filling up the DagBag from /home/airflow/.local/lib/python3.12/site-packages/airflow/example_dags/example_sensors.py
[2024-08-21T13:01:13.300+0000] {processor.py:925} INFO - DAG(s) 'example_sensors' retrieved from /home/airflow/.local/lib/python3.12/site-packages/airflow/example_dags/example_sensors.py
[2024-08-21T13:01:13.322+0000] {logging_mixin.py:190} INFO - [2024-08-21T13:01:13.322+0000] {dag.py:3211} INFO - Sync 1 DAGs
[2024-08-21T13:01:13.334+0000] {logging_mixin.py:190} INFO - [2024-08-21T13:01:13.334+0000] {dag.py:4138} INFO - Setting next_dagrun for example_sensors to None, run_after=None
[2024-08-21T13:01:13.349+0000] {processor.py:208} INFO - Processing /home/airflow/.local/lib/python3.12/site-packages/airflow/example_dags/example_sensors.py took 0.066 seconds
