[2024-08-21T12:57:42.974+0000] {processor.py:186} INFO - Started process (PID=408) to work on /home/airflow/.local/lib/python3.12/site-packages/airflow/example_dags/example_python_decorator.py
[2024-08-21T12:57:42.974+0000] {processor.py:914} INFO - Processing file /home/airflow/.local/lib/python3.12/site-packages/airflow/example_dags/example_python_decorator.py for tasks to queue
[2024-08-21T12:57:42.976+0000] {logging_mixin.py:190} INFO - [2024-08-21T12:57:42.976+0000] {dagbag.py:587} INFO - Filling up the DagBag from /home/airflow/.local/lib/python3.12/site-packages/airflow/example_dags/example_python_decorator.py
[2024-08-21T12:57:42.991+0000] {processor.py:925} INFO - DAG(s) 'example_python_decorator' retrieved from /home/airflow/.local/lib/python3.12/site-packages/airflow/example_dags/example_python_decorator.py
[2024-08-21T12:57:43.114+0000] {logging_mixin.py:190} INFO - [2024-08-21T12:57:43.113+0000] {override.py:1858} INFO - Created Permission View: can delete on DAG:example_python_decorator
[2024-08-21T12:57:43.128+0000] {logging_mixin.py:190} INFO - [2024-08-21T12:57:43.127+0000] {override.py:1858} INFO - Created Permission View: can edit on DAG:example_python_decorator
[2024-08-21T12:57:43.135+0000] {logging_mixin.py:190} INFO - [2024-08-21T12:57:43.134+0000] {override.py:1858} INFO - Created Permission View: can read on DAG:example_python_decorator
[2024-08-21T12:57:43.135+0000] {logging_mixin.py:190} INFO - [2024-08-21T12:57:43.135+0000] {dag.py:3211} INFO - Sync 1 DAGs
[2024-08-21T12:57:43.149+0000] {logging_mixin.py:190} INFO - [2024-08-21T12:57:43.149+0000] {dag.py:3234} INFO - Creating ORM DAG for example_python_decorator
[2024-08-21T12:57:43.150+0000] {logging_mixin.py:190} INFO - [2024-08-21T12:57:43.150+0000] {dag.py:4138} INFO - Setting next_dagrun for example_python_decorator to None, run_after=None
[2024-08-21T12:57:43.165+0000] {processor.py:208} INFO - Processing /home/airflow/.local/lib/python3.12/site-packages/airflow/example_dags/example_python_decorator.py took 0.197 seconds
[2024-08-21T12:58:13.408+0000] {processor.py:186} INFO - Started process (PID=694) to work on /home/airflow/.local/lib/python3.12/site-packages/airflow/example_dags/example_python_decorator.py
[2024-08-21T12:58:13.408+0000] {processor.py:914} INFO - Processing file /home/airflow/.local/lib/python3.12/site-packages/airflow/example_dags/example_python_decorator.py for tasks to queue
[2024-08-21T12:58:13.411+0000] {logging_mixin.py:190} INFO - [2024-08-21T12:58:13.411+0000] {dagbag.py:587} INFO - Filling up the DagBag from /home/airflow/.local/lib/python3.12/site-packages/airflow/example_dags/example_python_decorator.py
[2024-08-21T12:58:13.426+0000] {processor.py:925} INFO - DAG(s) 'example_python_decorator' retrieved from /home/airflow/.local/lib/python3.12/site-packages/airflow/example_dags/example_python_decorator.py
[2024-08-21T12:58:13.443+0000] {logging_mixin.py:190} INFO - [2024-08-21T12:58:13.442+0000] {dag.py:3211} INFO - Sync 1 DAGs
[2024-08-21T12:58:13.454+0000] {logging_mixin.py:190} INFO - [2024-08-21T12:58:13.453+0000] {dag.py:4138} INFO - Setting next_dagrun for example_python_decorator to None, run_after=None
[2024-08-21T12:58:13.470+0000] {processor.py:208} INFO - Processing /home/airflow/.local/lib/python3.12/site-packages/airflow/example_dags/example_python_decorator.py took 0.067 seconds
[2024-08-21T12:58:43.603+0000] {processor.py:186} INFO - Started process (PID=980) to work on /home/airflow/.local/lib/python3.12/site-packages/airflow/example_dags/example_python_decorator.py
[2024-08-21T12:58:43.606+0000] {processor.py:914} INFO - Processing file /home/airflow/.local/lib/python3.12/site-packages/airflow/example_dags/example_python_decorator.py for tasks to queue
[2024-08-21T12:58:43.609+0000] {logging_mixin.py:190} INFO - [2024-08-21T12:58:43.608+0000] {dagbag.py:587} INFO - Filling up the DagBag from /home/airflow/.local/lib/python3.12/site-packages/airflow/example_dags/example_python_decorator.py
[2024-08-21T12:58:43.622+0000] {processor.py:925} INFO - DAG(s) 'example_python_decorator' retrieved from /home/airflow/.local/lib/python3.12/site-packages/airflow/example_dags/example_python_decorator.py
[2024-08-21T12:58:43.644+0000] {logging_mixin.py:190} INFO - [2024-08-21T12:58:43.644+0000] {dag.py:3211} INFO - Sync 1 DAGs
[2024-08-21T12:58:43.662+0000] {logging_mixin.py:190} INFO - [2024-08-21T12:58:43.661+0000] {dag.py:4138} INFO - Setting next_dagrun for example_python_decorator to None, run_after=None
[2024-08-21T12:58:43.683+0000] {processor.py:208} INFO - Processing /home/airflow/.local/lib/python3.12/site-packages/airflow/example_dags/example_python_decorator.py took 0.085 seconds
[2024-08-21T12:59:13.808+0000] {processor.py:186} INFO - Started process (PID=1268) to work on /home/airflow/.local/lib/python3.12/site-packages/airflow/example_dags/example_python_decorator.py
[2024-08-21T12:59:13.809+0000] {processor.py:914} INFO - Processing file /home/airflow/.local/lib/python3.12/site-packages/airflow/example_dags/example_python_decorator.py for tasks to queue
[2024-08-21T12:59:13.811+0000] {logging_mixin.py:190} INFO - [2024-08-21T12:59:13.811+0000] {dagbag.py:587} INFO - Filling up the DagBag from /home/airflow/.local/lib/python3.12/site-packages/airflow/example_dags/example_python_decorator.py
[2024-08-21T12:59:13.822+0000] {processor.py:925} INFO - DAG(s) 'example_python_decorator' retrieved from /home/airflow/.local/lib/python3.12/site-packages/airflow/example_dags/example_python_decorator.py
[2024-08-21T12:59:13.839+0000] {logging_mixin.py:190} INFO - [2024-08-21T12:59:13.839+0000] {dag.py:3211} INFO - Sync 1 DAGs
[2024-08-21T12:59:13.850+0000] {logging_mixin.py:190} INFO - [2024-08-21T12:59:13.850+0000] {dag.py:4138} INFO - Setting next_dagrun for example_python_decorator to None, run_after=None
[2024-08-21T12:59:13.863+0000] {processor.py:208} INFO - Processing /home/airflow/.local/lib/python3.12/site-packages/airflow/example_dags/example_python_decorator.py took 0.060 seconds
[2024-08-21T12:59:44.127+0000] {processor.py:186} INFO - Started process (PID=1552) to work on /home/airflow/.local/lib/python3.12/site-packages/airflow/example_dags/example_python_decorator.py
[2024-08-21T12:59:44.128+0000] {processor.py:914} INFO - Processing file /home/airflow/.local/lib/python3.12/site-packages/airflow/example_dags/example_python_decorator.py for tasks to queue
[2024-08-21T12:59:44.130+0000] {logging_mixin.py:190} INFO - [2024-08-21T12:59:44.130+0000] {dagbag.py:587} INFO - Filling up the DagBag from /home/airflow/.local/lib/python3.12/site-packages/airflow/example_dags/example_python_decorator.py
[2024-08-21T12:59:44.143+0000] {processor.py:925} INFO - DAG(s) 'example_python_decorator' retrieved from /home/airflow/.local/lib/python3.12/site-packages/airflow/example_dags/example_python_decorator.py
[2024-08-21T12:59:44.162+0000] {logging_mixin.py:190} INFO - [2024-08-21T12:59:44.162+0000] {dag.py:3211} INFO - Sync 1 DAGs
[2024-08-21T12:59:44.176+0000] {logging_mixin.py:190} INFO - [2024-08-21T12:59:44.176+0000] {dag.py:4138} INFO - Setting next_dagrun for example_python_decorator to None, run_after=None
[2024-08-21T12:59:44.193+0000] {processor.py:208} INFO - Processing /home/airflow/.local/lib/python3.12/site-packages/airflow/example_dags/example_python_decorator.py took 0.071 seconds
[2024-08-21T13:00:14.365+0000] {processor.py:186} INFO - Started process (PID=1840) to work on /home/airflow/.local/lib/python3.12/site-packages/airflow/example_dags/example_python_decorator.py
[2024-08-21T13:00:14.366+0000] {processor.py:914} INFO - Processing file /home/airflow/.local/lib/python3.12/site-packages/airflow/example_dags/example_python_decorator.py for tasks to queue
[2024-08-21T13:00:14.368+0000] {logging_mixin.py:190} INFO - [2024-08-21T13:00:14.368+0000] {dagbag.py:587} INFO - Filling up the DagBag from /home/airflow/.local/lib/python3.12/site-packages/airflow/example_dags/example_python_decorator.py
[2024-08-21T13:00:14.380+0000] {processor.py:925} INFO - DAG(s) 'example_python_decorator' retrieved from /home/airflow/.local/lib/python3.12/site-packages/airflow/example_dags/example_python_decorator.py
[2024-08-21T13:00:14.402+0000] {logging_mixin.py:190} INFO - [2024-08-21T13:00:14.402+0000] {dag.py:3211} INFO - Sync 1 DAGs
[2024-08-21T13:00:14.417+0000] {logging_mixin.py:190} INFO - [2024-08-21T13:00:14.417+0000] {dag.py:4138} INFO - Setting next_dagrun for example_python_decorator to None, run_after=None
[2024-08-21T13:00:14.431+0000] {processor.py:208} INFO - Processing /home/airflow/.local/lib/python3.12/site-packages/airflow/example_dags/example_python_decorator.py took 0.071 seconds
[2024-08-21T13:00:44.521+0000] {processor.py:186} INFO - Started process (PID=2124) to work on /home/airflow/.local/lib/python3.12/site-packages/airflow/example_dags/example_python_decorator.py
[2024-08-21T13:00:44.522+0000] {processor.py:914} INFO - Processing file /home/airflow/.local/lib/python3.12/site-packages/airflow/example_dags/example_python_decorator.py for tasks to queue
[2024-08-21T13:00:44.524+0000] {logging_mixin.py:190} INFO - [2024-08-21T13:00:44.524+0000] {dagbag.py:587} INFO - Filling up the DagBag from /home/airflow/.local/lib/python3.12/site-packages/airflow/example_dags/example_python_decorator.py
[2024-08-21T13:00:44.537+0000] {processor.py:925} INFO - DAG(s) 'example_python_decorator' retrieved from /home/airflow/.local/lib/python3.12/site-packages/airflow/example_dags/example_python_decorator.py
[2024-08-21T13:00:44.557+0000] {logging_mixin.py:190} INFO - [2024-08-21T13:00:44.557+0000] {dag.py:3211} INFO - Sync 1 DAGs
[2024-08-21T13:00:44.571+0000] {logging_mixin.py:190} INFO - [2024-08-21T13:00:44.571+0000] {dag.py:4138} INFO - Setting next_dagrun for example_python_decorator to None, run_after=None
[2024-08-21T13:00:44.585+0000] {processor.py:208} INFO - Processing /home/airflow/.local/lib/python3.12/site-packages/airflow/example_dags/example_python_decorator.py took 0.070 seconds
[2024-08-21T13:01:14.711+0000] {processor.py:186} INFO - Started process (PID=2410) to work on /home/airflow/.local/lib/python3.12/site-packages/airflow/example_dags/example_python_decorator.py
[2024-08-21T13:01:14.713+0000] {processor.py:914} INFO - Processing file /home/airflow/.local/lib/python3.12/site-packages/airflow/example_dags/example_python_decorator.py for tasks to queue
[2024-08-21T13:01:14.715+0000] {logging_mixin.py:190} INFO - [2024-08-21T13:01:14.715+0000] {dagbag.py:587} INFO - Filling up the DagBag from /home/airflow/.local/lib/python3.12/site-packages/airflow/example_dags/example_python_decorator.py
[2024-08-21T13:01:14.727+0000] {processor.py:925} INFO - DAG(s) 'example_python_decorator' retrieved from /home/airflow/.local/lib/python3.12/site-packages/airflow/example_dags/example_python_decorator.py
[2024-08-21T13:01:14.749+0000] {logging_mixin.py:190} INFO - [2024-08-21T13:01:14.749+0000] {dag.py:3211} INFO - Sync 1 DAGs
[2024-08-21T13:01:14.761+0000] {logging_mixin.py:190} INFO - [2024-08-21T13:01:14.761+0000] {dag.py:4138} INFO - Setting next_dagrun for example_python_decorator to None, run_after=None
[2024-08-21T13:01:14.780+0000] {processor.py:208} INFO - Processing /home/airflow/.local/lib/python3.12/site-packages/airflow/example_dags/example_python_decorator.py took 0.075 seconds
