[2024-08-21T12:57:41.968+0000] {processor.py:186} INFO - Started process (PID=363) to work on /home/airflow/.local/lib/python3.12/site-packages/airflow/example_dags/example_nested_branch_dag.py
[2024-08-21T12:57:41.969+0000] {processor.py:914} INFO - Processing file /home/airflow/.local/lib/python3.12/site-packages/airflow/example_dags/example_nested_branch_dag.py for tasks to queue
[2024-08-21T12:57:41.971+0000] {logging_mixin.py:190} INFO - [2024-08-21T12:57:41.971+0000] {dagbag.py:587} INFO - Filling up the DagBag from /home/airflow/.local/lib/python3.12/site-packages/airflow/example_dags/example_nested_branch_dag.py
[2024-08-21T12:57:41.983+0000] {processor.py:925} INFO - DAG(s) 'example_nested_branch_dag' retrieved from /home/airflow/.local/lib/python3.12/site-packages/airflow/example_dags/example_nested_branch_dag.py
[2024-08-21T12:57:42.098+0000] {logging_mixin.py:190} INFO - [2024-08-21T12:57:42.098+0000] {override.py:1858} INFO - Created Permission View: can delete on DAG:example_nested_branch_dag
[2024-08-21T12:57:42.106+0000] {logging_mixin.py:190} INFO - [2024-08-21T12:57:42.106+0000] {override.py:1858} INFO - Created Permission View: can edit on DAG:example_nested_branch_dag
[2024-08-21T12:57:42.111+0000] {logging_mixin.py:190} INFO - [2024-08-21T12:57:42.111+0000] {override.py:1858} INFO - Created Permission View: can read on DAG:example_nested_branch_dag
[2024-08-21T12:57:42.112+0000] {logging_mixin.py:190} INFO - [2024-08-21T12:57:42.112+0000] {dag.py:3211} INFO - Sync 1 DAGs
[2024-08-21T12:57:42.123+0000] {logging_mixin.py:190} INFO - [2024-08-21T12:57:42.123+0000] {dag.py:3234} INFO - Creating ORM DAG for example_nested_branch_dag
[2024-08-21T12:57:42.132+0000] {logging_mixin.py:190} INFO - [2024-08-21T12:57:42.132+0000] {dag.py:4138} INFO - Setting next_dagrun for example_nested_branch_dag to 2024-08-20 00:00:00+00:00, run_after=2024-08-21 00:00:00+00:00
[2024-08-21T12:57:42.148+0000] {processor.py:208} INFO - Processing /home/airflow/.local/lib/python3.12/site-packages/airflow/example_dags/example_nested_branch_dag.py took 0.187 seconds
[2024-08-21T12:58:12.916+0000] {processor.py:186} INFO - Started process (PID=649) to work on /home/airflow/.local/lib/python3.12/site-packages/airflow/example_dags/example_nested_branch_dag.py
[2024-08-21T12:58:12.917+0000] {processor.py:914} INFO - Processing file /home/airflow/.local/lib/python3.12/site-packages/airflow/example_dags/example_nested_branch_dag.py for tasks to queue
[2024-08-21T12:58:12.919+0000] {logging_mixin.py:190} INFO - [2024-08-21T12:58:12.919+0000] {dagbag.py:587} INFO - Filling up the DagBag from /home/airflow/.local/lib/python3.12/site-packages/airflow/example_dags/example_nested_branch_dag.py
[2024-08-21T12:58:12.929+0000] {processor.py:925} INFO - DAG(s) 'example_nested_branch_dag' retrieved from /home/airflow/.local/lib/python3.12/site-packages/airflow/example_dags/example_nested_branch_dag.py
[2024-08-21T12:58:12.947+0000] {logging_mixin.py:190} INFO - [2024-08-21T12:58:12.946+0000] {dag.py:3211} INFO - Sync 1 DAGs
[2024-08-21T12:58:12.965+0000] {logging_mixin.py:190} INFO - [2024-08-21T12:58:12.965+0000] {dag.py:4138} INFO - Setting next_dagrun for example_nested_branch_dag to 2024-08-20 00:00:00+00:00, run_after=2024-08-21 00:00:00+00:00
[2024-08-21T12:58:12.983+0000] {processor.py:208} INFO - Processing /home/airflow/.local/lib/python3.12/site-packages/airflow/example_dags/example_nested_branch_dag.py took 0.072 seconds
[2024-08-21T12:58:43.020+0000] {processor.py:186} INFO - Started process (PID=935) to work on /home/airflow/.local/lib/python3.12/site-packages/airflow/example_dags/example_nested_branch_dag.py
[2024-08-21T12:58:43.021+0000] {processor.py:914} INFO - Processing file /home/airflow/.local/lib/python3.12/site-packages/airflow/example_dags/example_nested_branch_dag.py for tasks to queue
[2024-08-21T12:58:43.023+0000] {logging_mixin.py:190} INFO - [2024-08-21T12:58:43.023+0000] {dagbag.py:587} INFO - Filling up the DagBag from /home/airflow/.local/lib/python3.12/site-packages/airflow/example_dags/example_nested_branch_dag.py
[2024-08-21T12:58:43.032+0000] {processor.py:925} INFO - DAG(s) 'example_nested_branch_dag' retrieved from /home/airflow/.local/lib/python3.12/site-packages/airflow/example_dags/example_nested_branch_dag.py
[2024-08-21T12:58:43.053+0000] {logging_mixin.py:190} INFO - [2024-08-21T12:58:43.053+0000] {dag.py:3211} INFO - Sync 1 DAGs
[2024-08-21T12:58:43.075+0000] {logging_mixin.py:190} INFO - [2024-08-21T12:58:43.075+0000] {dag.py:4138} INFO - Setting next_dagrun for example_nested_branch_dag to 2024-08-20 00:00:00+00:00, run_after=2024-08-21 00:00:00+00:00
[2024-08-21T12:58:43.092+0000] {processor.py:208} INFO - Processing /home/airflow/.local/lib/python3.12/site-packages/airflow/example_dags/example_nested_branch_dag.py took 0.077 seconds
[2024-08-21T12:59:13.266+0000] {processor.py:186} INFO - Started process (PID=1221) to work on /home/airflow/.local/lib/python3.12/site-packages/airflow/example_dags/example_nested_branch_dag.py
[2024-08-21T12:59:13.267+0000] {processor.py:914} INFO - Processing file /home/airflow/.local/lib/python3.12/site-packages/airflow/example_dags/example_nested_branch_dag.py for tasks to queue
[2024-08-21T12:59:13.269+0000] {logging_mixin.py:190} INFO - [2024-08-21T12:59:13.268+0000] {dagbag.py:587} INFO - Filling up the DagBag from /home/airflow/.local/lib/python3.12/site-packages/airflow/example_dags/example_nested_branch_dag.py
[2024-08-21T12:59:13.279+0000] {processor.py:925} INFO - DAG(s) 'example_nested_branch_dag' retrieved from /home/airflow/.local/lib/python3.12/site-packages/airflow/example_dags/example_nested_branch_dag.py
[2024-08-21T12:59:13.301+0000] {logging_mixin.py:190} INFO - [2024-08-21T12:59:13.301+0000] {dag.py:3211} INFO - Sync 1 DAGs
[2024-08-21T12:59:13.326+0000] {logging_mixin.py:190} INFO - [2024-08-21T12:59:13.325+0000] {dag.py:4138} INFO - Setting next_dagrun for example_nested_branch_dag to 2024-08-20 00:00:00+00:00, run_after=2024-08-21 00:00:00+00:00
[2024-08-21T12:59:13.344+0000] {processor.py:208} INFO - Processing /home/airflow/.local/lib/python3.12/site-packages/airflow/example_dags/example_nested_branch_dag.py took 0.083 seconds
[2024-08-21T12:59:43.577+0000] {processor.py:186} INFO - Started process (PID=1507) to work on /home/airflow/.local/lib/python3.12/site-packages/airflow/example_dags/example_nested_branch_dag.py
[2024-08-21T12:59:43.578+0000] {processor.py:914} INFO - Processing file /home/airflow/.local/lib/python3.12/site-packages/airflow/example_dags/example_nested_branch_dag.py for tasks to queue
[2024-08-21T12:59:43.580+0000] {logging_mixin.py:190} INFO - [2024-08-21T12:59:43.580+0000] {dagbag.py:587} INFO - Filling up the DagBag from /home/airflow/.local/lib/python3.12/site-packages/airflow/example_dags/example_nested_branch_dag.py
[2024-08-21T12:59:43.590+0000] {processor.py:925} INFO - DAG(s) 'example_nested_branch_dag' retrieved from /home/airflow/.local/lib/python3.12/site-packages/airflow/example_dags/example_nested_branch_dag.py
[2024-08-21T12:59:43.609+0000] {logging_mixin.py:190} INFO - [2024-08-21T12:59:43.609+0000] {dag.py:3211} INFO - Sync 1 DAGs
[2024-08-21T12:59:43.628+0000] {logging_mixin.py:190} INFO - [2024-08-21T12:59:43.628+0000] {dag.py:4138} INFO - Setting next_dagrun for example_nested_branch_dag to 2024-08-20 00:00:00+00:00, run_after=2024-08-21 00:00:00+00:00
[2024-08-21T12:59:43.644+0000] {processor.py:208} INFO - Processing /home/airflow/.local/lib/python3.12/site-packages/airflow/example_dags/example_nested_branch_dag.py took 0.073 seconds
[2024-08-21T13:00:13.679+0000] {processor.py:186} INFO - Started process (PID=1788) to work on /home/airflow/.local/lib/python3.12/site-packages/airflow/example_dags/example_nested_branch_dag.py
[2024-08-21T13:00:13.680+0000] {processor.py:914} INFO - Processing file /home/airflow/.local/lib/python3.12/site-packages/airflow/example_dags/example_nested_branch_dag.py for tasks to queue
[2024-08-21T13:00:13.683+0000] {logging_mixin.py:190} INFO - [2024-08-21T13:00:13.682+0000] {dagbag.py:587} INFO - Filling up the DagBag from /home/airflow/.local/lib/python3.12/site-packages/airflow/example_dags/example_nested_branch_dag.py
[2024-08-21T13:00:13.695+0000] {processor.py:925} INFO - DAG(s) 'example_nested_branch_dag' retrieved from /home/airflow/.local/lib/python3.12/site-packages/airflow/example_dags/example_nested_branch_dag.py
[2024-08-21T13:00:13.715+0000] {logging_mixin.py:190} INFO - [2024-08-21T13:00:13.714+0000] {dag.py:3211} INFO - Sync 1 DAGs
[2024-08-21T13:00:13.737+0000] {logging_mixin.py:190} INFO - [2024-08-21T13:00:13.737+0000] {dag.py:4138} INFO - Setting next_dagrun for example_nested_branch_dag to 2024-08-20 00:00:00+00:00, run_after=2024-08-21 00:00:00+00:00
[2024-08-21T13:00:13.752+0000] {processor.py:208} INFO - Processing /home/airflow/.local/lib/python3.12/site-packages/airflow/example_dags/example_nested_branch_dag.py took 0.079 seconds
[2024-08-21T13:00:43.978+0000] {processor.py:186} INFO - Started process (PID=2076) to work on /home/airflow/.local/lib/python3.12/site-packages/airflow/example_dags/example_nested_branch_dag.py
[2024-08-21T13:00:43.979+0000] {processor.py:914} INFO - Processing file /home/airflow/.local/lib/python3.12/site-packages/airflow/example_dags/example_nested_branch_dag.py for tasks to queue
[2024-08-21T13:00:43.981+0000] {logging_mixin.py:190} INFO - [2024-08-21T13:00:43.981+0000] {dagbag.py:587} INFO - Filling up the DagBag from /home/airflow/.local/lib/python3.12/site-packages/airflow/example_dags/example_nested_branch_dag.py
[2024-08-21T13:00:43.990+0000] {processor.py:925} INFO - DAG(s) 'example_nested_branch_dag' retrieved from /home/airflow/.local/lib/python3.12/site-packages/airflow/example_dags/example_nested_branch_dag.py
[2024-08-21T13:00:44.006+0000] {logging_mixin.py:190} INFO - [2024-08-21T13:00:44.005+0000] {dag.py:3211} INFO - Sync 1 DAGs
[2024-08-21T13:00:44.023+0000] {logging_mixin.py:190} INFO - [2024-08-21T13:00:44.023+0000] {dag.py:4138} INFO - Setting next_dagrun for example_nested_branch_dag to 2024-08-20 00:00:00+00:00, run_after=2024-08-21 00:00:00+00:00
[2024-08-21T13:00:44.035+0000] {processor.py:208} INFO - Processing /home/airflow/.local/lib/python3.12/site-packages/airflow/example_dags/example_nested_branch_dag.py took 0.062 seconds
[2024-08-21T13:01:14.156+0000] {processor.py:186} INFO - Started process (PID=2360) to work on /home/airflow/.local/lib/python3.12/site-packages/airflow/example_dags/example_nested_branch_dag.py
[2024-08-21T13:01:14.157+0000] {processor.py:914} INFO - Processing file /home/airflow/.local/lib/python3.12/site-packages/airflow/example_dags/example_nested_branch_dag.py for tasks to queue
[2024-08-21T13:01:14.162+0000] {logging_mixin.py:190} INFO - [2024-08-21T13:01:14.162+0000] {dagbag.py:587} INFO - Filling up the DagBag from /home/airflow/.local/lib/python3.12/site-packages/airflow/example_dags/example_nested_branch_dag.py
[2024-08-21T13:01:14.172+0000] {processor.py:925} INFO - DAG(s) 'example_nested_branch_dag' retrieved from /home/airflow/.local/lib/python3.12/site-packages/airflow/example_dags/example_nested_branch_dag.py
[2024-08-21T13:01:14.191+0000] {logging_mixin.py:190} INFO - [2024-08-21T13:01:14.191+0000] {dag.py:3211} INFO - Sync 1 DAGs
[2024-08-21T13:01:14.214+0000] {logging_mixin.py:190} INFO - [2024-08-21T13:01:14.214+0000] {dag.py:4138} INFO - Setting next_dagrun for example_nested_branch_dag to 2024-08-20 00:00:00+00:00, run_after=2024-08-21 00:00:00+00:00
[2024-08-21T13:01:14.227+0000] {processor.py:208} INFO - Processing /home/airflow/.local/lib/python3.12/site-packages/airflow/example_dags/example_nested_branch_dag.py took 0.076 seconds
