[2024-08-21T12:57:37.475+0000] {processor.py:186} INFO - Started process (PID=182) to work on /home/airflow/.local/lib/python3.12/site-packages/airflow/example_dags/example_task_group.py
[2024-08-21T12:57:37.475+0000] {processor.py:914} INFO - Processing file /home/airflow/.local/lib/python3.12/site-packages/airflow/example_dags/example_task_group.py for tasks to queue
[2024-08-21T12:57:37.478+0000] {logging_mixin.py:190} INFO - [2024-08-21T12:57:37.477+0000] {dagbag.py:587} INFO - Filling up the DagBag from /home/airflow/.local/lib/python3.12/site-packages/airflow/example_dags/example_task_group.py
[2024-08-21T12:57:37.490+0000] {processor.py:925} INFO - DAG(s) 'example_task_group' retrieved from /home/airflow/.local/lib/python3.12/site-packages/airflow/example_dags/example_task_group.py
[2024-08-21T12:57:37.710+0000] {logging_mixin.py:190} INFO - [2024-08-21T12:57:37.710+0000] {override.py:1858} INFO - Created Permission View: can delete on DAG:example_task_group
[2024-08-21T12:57:37.721+0000] {logging_mixin.py:190} INFO - [2024-08-21T12:57:37.720+0000] {override.py:1858} INFO - Created Permission View: can edit on DAG:example_task_group
[2024-08-21T12:57:37.728+0000] {logging_mixin.py:190} INFO - [2024-08-21T12:57:37.728+0000] {override.py:1858} INFO - Created Permission View: can read on DAG:example_task_group
[2024-08-21T12:57:37.729+0000] {logging_mixin.py:190} INFO - [2024-08-21T12:57:37.729+0000] {dag.py:3211} INFO - Sync 1 DAGs
[2024-08-21T12:57:37.742+0000] {logging_mixin.py:190} INFO - [2024-08-21T12:57:37.742+0000] {dag.py:3234} INFO - Creating ORM DAG for example_task_group
[2024-08-21T12:57:37.758+0000] {logging_mixin.py:190} INFO - [2024-08-21T12:57:37.757+0000] {dag.py:4138} INFO - Setting next_dagrun for example_task_group to 2024-08-20 00:00:00+00:00, run_after=2024-08-21 00:00:00+00:00
[2024-08-21T12:57:37.781+0000] {processor.py:208} INFO - Processing /home/airflow/.local/lib/python3.12/site-packages/airflow/example_dags/example_task_group.py took 0.313 seconds
[2024-08-21T12:58:07.991+0000] {processor.py:186} INFO - Started process (PID=468) to work on /home/airflow/.local/lib/python3.12/site-packages/airflow/example_dags/example_task_group.py
[2024-08-21T12:58:07.992+0000] {processor.py:914} INFO - Processing file /home/airflow/.local/lib/python3.12/site-packages/airflow/example_dags/example_task_group.py for tasks to queue
[2024-08-21T12:58:07.994+0000] {logging_mixin.py:190} INFO - [2024-08-21T12:58:07.994+0000] {dagbag.py:587} INFO - Filling up the DagBag from /home/airflow/.local/lib/python3.12/site-packages/airflow/example_dags/example_task_group.py
[2024-08-21T12:58:08.001+0000] {processor.py:925} INFO - DAG(s) 'example_task_group' retrieved from /home/airflow/.local/lib/python3.12/site-packages/airflow/example_dags/example_task_group.py
[2024-08-21T12:58:08.017+0000] {logging_mixin.py:190} INFO - [2024-08-21T12:58:08.017+0000] {dag.py:3211} INFO - Sync 1 DAGs
[2024-08-21T12:58:08.037+0000] {logging_mixin.py:190} INFO - [2024-08-21T12:58:08.037+0000] {dag.py:4138} INFO - Setting next_dagrun for example_task_group to 2024-08-20 00:00:00+00:00, run_after=2024-08-21 00:00:00+00:00
[2024-08-21T12:58:08.052+0000] {processor.py:208} INFO - Processing /home/airflow/.local/lib/python3.12/site-packages/airflow/example_dags/example_task_group.py took 0.067 seconds
[2024-08-21T12:58:39.033+0000] {processor.py:186} INFO - Started process (PID=754) to work on /home/airflow/.local/lib/python3.12/site-packages/airflow/example_dags/example_task_group.py
[2024-08-21T12:58:39.034+0000] {processor.py:914} INFO - Processing file /home/airflow/.local/lib/python3.12/site-packages/airflow/example_dags/example_task_group.py for tasks to queue
[2024-08-21T12:58:39.036+0000] {logging_mixin.py:190} INFO - [2024-08-21T12:58:39.036+0000] {dagbag.py:587} INFO - Filling up the DagBag from /home/airflow/.local/lib/python3.12/site-packages/airflow/example_dags/example_task_group.py
[2024-08-21T12:58:39.045+0000] {processor.py:925} INFO - DAG(s) 'example_task_group' retrieved from /home/airflow/.local/lib/python3.12/site-packages/airflow/example_dags/example_task_group.py
[2024-08-21T12:58:39.064+0000] {logging_mixin.py:190} INFO - [2024-08-21T12:58:39.064+0000] {dag.py:3211} INFO - Sync 1 DAGs
[2024-08-21T12:58:39.086+0000] {logging_mixin.py:190} INFO - [2024-08-21T12:58:39.086+0000] {dag.py:4138} INFO - Setting next_dagrun for example_task_group to 2024-08-20 00:00:00+00:00, run_after=2024-08-21 00:00:00+00:00
[2024-08-21T12:58:39.102+0000] {processor.py:208} INFO - Processing /home/airflow/.local/lib/python3.12/site-packages/airflow/example_dags/example_task_group.py took 0.073 seconds
[2024-08-21T12:59:09.210+0000] {processor.py:186} INFO - Started process (PID=1040) to work on /home/airflow/.local/lib/python3.12/site-packages/airflow/example_dags/example_task_group.py
[2024-08-21T12:59:09.211+0000] {processor.py:914} INFO - Processing file /home/airflow/.local/lib/python3.12/site-packages/airflow/example_dags/example_task_group.py for tasks to queue
[2024-08-21T12:59:09.213+0000] {logging_mixin.py:190} INFO - [2024-08-21T12:59:09.213+0000] {dagbag.py:587} INFO - Filling up the DagBag from /home/airflow/.local/lib/python3.12/site-packages/airflow/example_dags/example_task_group.py
[2024-08-21T12:59:09.222+0000] {processor.py:925} INFO - DAG(s) 'example_task_group' retrieved from /home/airflow/.local/lib/python3.12/site-packages/airflow/example_dags/example_task_group.py
[2024-08-21T12:59:09.241+0000] {logging_mixin.py:190} INFO - [2024-08-21T12:59:09.240+0000] {dag.py:3211} INFO - Sync 1 DAGs
[2024-08-21T12:59:09.262+0000] {logging_mixin.py:190} INFO - [2024-08-21T12:59:09.262+0000] {dag.py:4138} INFO - Setting next_dagrun for example_task_group to 2024-08-20 00:00:00+00:00, run_after=2024-08-21 00:00:00+00:00
[2024-08-21T12:59:09.276+0000] {processor.py:208} INFO - Processing /home/airflow/.local/lib/python3.12/site-packages/airflow/example_dags/example_task_group.py took 0.071 seconds
[2024-08-21T12:59:39.448+0000] {processor.py:186} INFO - Started process (PID=1326) to work on /home/airflow/.local/lib/python3.12/site-packages/airflow/example_dags/example_task_group.py
[2024-08-21T12:59:39.449+0000] {processor.py:914} INFO - Processing file /home/airflow/.local/lib/python3.12/site-packages/airflow/example_dags/example_task_group.py for tasks to queue
[2024-08-21T12:59:39.451+0000] {logging_mixin.py:190} INFO - [2024-08-21T12:59:39.451+0000] {dagbag.py:587} INFO - Filling up the DagBag from /home/airflow/.local/lib/python3.12/site-packages/airflow/example_dags/example_task_group.py
[2024-08-21T12:59:39.459+0000] {processor.py:925} INFO - DAG(s) 'example_task_group' retrieved from /home/airflow/.local/lib/python3.12/site-packages/airflow/example_dags/example_task_group.py
[2024-08-21T12:59:39.478+0000] {logging_mixin.py:190} INFO - [2024-08-21T12:59:39.478+0000] {dag.py:3211} INFO - Sync 1 DAGs
[2024-08-21T12:59:39.496+0000] {logging_mixin.py:190} INFO - [2024-08-21T12:59:39.496+0000] {dag.py:4138} INFO - Setting next_dagrun for example_task_group to 2024-08-20 00:00:00+00:00, run_after=2024-08-21 00:00:00+00:00
[2024-08-21T12:59:39.513+0000] {processor.py:208} INFO - Processing /home/airflow/.local/lib/python3.12/site-packages/airflow/example_dags/example_task_group.py took 0.070 seconds
[2024-08-21T13:00:09.706+0000] {processor.py:186} INFO - Started process (PID=1618) to work on /home/airflow/.local/lib/python3.12/site-packages/airflow/example_dags/example_task_group.py
[2024-08-21T13:00:09.707+0000] {processor.py:914} INFO - Processing file /home/airflow/.local/lib/python3.12/site-packages/airflow/example_dags/example_task_group.py for tasks to queue
[2024-08-21T13:00:09.709+0000] {logging_mixin.py:190} INFO - [2024-08-21T13:00:09.709+0000] {dagbag.py:587} INFO - Filling up the DagBag from /home/airflow/.local/lib/python3.12/site-packages/airflow/example_dags/example_task_group.py
[2024-08-21T13:00:09.716+0000] {processor.py:925} INFO - DAG(s) 'example_task_group' retrieved from /home/airflow/.local/lib/python3.12/site-packages/airflow/example_dags/example_task_group.py
[2024-08-21T13:00:09.734+0000] {logging_mixin.py:190} INFO - [2024-08-21T13:00:09.734+0000] {dag.py:3211} INFO - Sync 1 DAGs
[2024-08-21T13:00:09.752+0000] {logging_mixin.py:190} INFO - [2024-08-21T13:00:09.752+0000] {dag.py:4138} INFO - Setting next_dagrun for example_task_group to 2024-08-20 00:00:00+00:00, run_after=2024-08-21 00:00:00+00:00
[2024-08-21T13:00:09.768+0000] {processor.py:208} INFO - Processing /home/airflow/.local/lib/python3.12/site-packages/airflow/example_dags/example_task_group.py took 0.066 seconds
[2024-08-21T13:00:39.962+0000] {processor.py:186} INFO - Started process (PID=1904) to work on /home/airflow/.local/lib/python3.12/site-packages/airflow/example_dags/example_task_group.py
[2024-08-21T13:00:39.962+0000] {processor.py:914} INFO - Processing file /home/airflow/.local/lib/python3.12/site-packages/airflow/example_dags/example_task_group.py for tasks to queue
[2024-08-21T13:00:39.965+0000] {logging_mixin.py:190} INFO - [2024-08-21T13:00:39.964+0000] {dagbag.py:587} INFO - Filling up the DagBag from /home/airflow/.local/lib/python3.12/site-packages/airflow/example_dags/example_task_group.py
[2024-08-21T13:00:39.972+0000] {processor.py:925} INFO - DAG(s) 'example_task_group' retrieved from /home/airflow/.local/lib/python3.12/site-packages/airflow/example_dags/example_task_group.py
[2024-08-21T13:00:39.994+0000] {logging_mixin.py:190} INFO - [2024-08-21T13:00:39.994+0000] {dag.py:3211} INFO - Sync 1 DAGs
[2024-08-21T13:00:40.013+0000] {logging_mixin.py:190} INFO - [2024-08-21T13:00:40.013+0000] {dag.py:4138} INFO - Setting next_dagrun for example_task_group to 2024-08-20 00:00:00+00:00, run_after=2024-08-21 00:00:00+00:00
[2024-08-21T13:00:40.029+0000] {processor.py:208} INFO - Processing /home/airflow/.local/lib/python3.12/site-packages/airflow/example_dags/example_task_group.py took 0.072 seconds
[2024-08-21T13:01:10.154+0000] {processor.py:186} INFO - Started process (PID=2190) to work on /home/airflow/.local/lib/python3.12/site-packages/airflow/example_dags/example_task_group.py
[2024-08-21T13:01:10.155+0000] {processor.py:914} INFO - Processing file /home/airflow/.local/lib/python3.12/site-packages/airflow/example_dags/example_task_group.py for tasks to queue
[2024-08-21T13:01:10.157+0000] {logging_mixin.py:190} INFO - [2024-08-21T13:01:10.157+0000] {dagbag.py:587} INFO - Filling up the DagBag from /home/airflow/.local/lib/python3.12/site-packages/airflow/example_dags/example_task_group.py
[2024-08-21T13:01:10.165+0000] {processor.py:925} INFO - DAG(s) 'example_task_group' retrieved from /home/airflow/.local/lib/python3.12/site-packages/airflow/example_dags/example_task_group.py
[2024-08-21T13:01:10.187+0000] {logging_mixin.py:190} INFO - [2024-08-21T13:01:10.187+0000] {dag.py:3211} INFO - Sync 1 DAGs
[2024-08-21T13:01:10.208+0000] {logging_mixin.py:190} INFO - [2024-08-21T13:01:10.207+0000] {dag.py:4138} INFO - Setting next_dagrun for example_task_group to 2024-08-20 00:00:00+00:00, run_after=2024-08-21 00:00:00+00:00
[2024-08-21T13:01:10.224+0000] {processor.py:208} INFO - Processing /home/airflow/.local/lib/python3.12/site-packages/airflow/example_dags/example_task_group.py took 0.075 seconds
