[2024-08-21T12:57:37.975+0000] {processor.py:186} INFO - Started process (PID=197) to work on /home/airflow/.local/lib/python3.12/site-packages/airflow/example_dags/example_dag_decorator.py
[2024-08-21T12:57:37.976+0000] {processor.py:914} INFO - Processing file /home/airflow/.local/lib/python3.12/site-packages/airflow/example_dags/example_dag_decorator.py for tasks to queue
[2024-08-21T12:57:37.979+0000] {logging_mixin.py:190} INFO - [2024-08-21T12:57:37.978+0000] {dagbag.py:587} INFO - Filling up the DagBag from /home/airflow/.local/lib/python3.12/site-packages/airflow/example_dags/example_dag_decorator.py
[2024-08-21T12:57:37.996+0000] {processor.py:925} INFO - DAG(s) 'example_dag_decorator' retrieved from /home/airflow/.local/lib/python3.12/site-packages/airflow/example_dags/example_dag_decorator.py
[2024-08-21T12:57:38.088+0000] {logging_mixin.py:190} INFO - [2024-08-21T12:57:38.088+0000] {override.py:1858} INFO - Created Permission View: can delete on DAG:example_dag_decorator
[2024-08-21T12:57:38.096+0000] {logging_mixin.py:190} INFO - [2024-08-21T12:57:38.096+0000] {override.py:1858} INFO - Created Permission View: can edit on DAG:example_dag_decorator
[2024-08-21T12:57:38.101+0000] {logging_mixin.py:190} INFO - [2024-08-21T12:57:38.101+0000] {override.py:1858} INFO - Created Permission View: can read on DAG:example_dag_decorator
[2024-08-21T12:57:38.102+0000] {logging_mixin.py:190} INFO - [2024-08-21T12:57:38.102+0000] {dag.py:3211} INFO - Sync 1 DAGs
[2024-08-21T12:57:38.113+0000] {logging_mixin.py:190} INFO - [2024-08-21T12:57:38.112+0000] {dag.py:3234} INFO - Creating ORM DAG for example_dag_decorator
[2024-08-21T12:57:38.113+0000] {logging_mixin.py:190} INFO - [2024-08-21T12:57:38.113+0000] {dag.py:4138} INFO - Setting next_dagrun for example_dag_decorator to None, run_after=None
[2024-08-21T12:57:38.127+0000] {processor.py:208} INFO - Processing /home/airflow/.local/lib/python3.12/site-packages/airflow/example_dags/example_dag_decorator.py took 0.157 seconds
[2024-08-21T12:58:09.097+0000] {processor.py:186} INFO - Started process (PID=483) to work on /home/airflow/.local/lib/python3.12/site-packages/airflow/example_dags/example_dag_decorator.py
[2024-08-21T12:58:09.098+0000] {processor.py:914} INFO - Processing file /home/airflow/.local/lib/python3.12/site-packages/airflow/example_dags/example_dag_decorator.py for tasks to queue
[2024-08-21T12:58:09.100+0000] {logging_mixin.py:190} INFO - [2024-08-21T12:58:09.100+0000] {dagbag.py:587} INFO - Filling up the DagBag from /home/airflow/.local/lib/python3.12/site-packages/airflow/example_dags/example_dag_decorator.py
[2024-08-21T12:58:09.109+0000] {processor.py:925} INFO - DAG(s) 'example_dag_decorator' retrieved from /home/airflow/.local/lib/python3.12/site-packages/airflow/example_dags/example_dag_decorator.py
[2024-08-21T12:58:09.180+0000] {logging_mixin.py:190} INFO - [2024-08-21T12:58:09.180+0000] {dag.py:3211} INFO - Sync 1 DAGs
[2024-08-21T12:58:09.191+0000] {logging_mixin.py:190} INFO - [2024-08-21T12:58:09.190+0000] {dag.py:4138} INFO - Setting next_dagrun for example_dag_decorator to None, run_after=None
[2024-08-21T12:58:09.211+0000] {processor.py:208} INFO - Processing /home/airflow/.local/lib/python3.12/site-packages/airflow/example_dags/example_dag_decorator.py took 0.119 seconds
[2024-08-21T12:58:40.152+0000] {processor.py:186} INFO - Started process (PID=775) to work on /home/airflow/.local/lib/python3.12/site-packages/airflow/example_dags/example_dag_decorator.py
[2024-08-21T12:58:40.153+0000] {processor.py:914} INFO - Processing file /home/airflow/.local/lib/python3.12/site-packages/airflow/example_dags/example_dag_decorator.py for tasks to queue
[2024-08-21T12:58:40.155+0000] {logging_mixin.py:190} INFO - [2024-08-21T12:58:40.155+0000] {dagbag.py:587} INFO - Filling up the DagBag from /home/airflow/.local/lib/python3.12/site-packages/airflow/example_dags/example_dag_decorator.py
[2024-08-21T12:58:40.168+0000] {processor.py:925} INFO - DAG(s) 'example_dag_decorator' retrieved from /home/airflow/.local/lib/python3.12/site-packages/airflow/example_dags/example_dag_decorator.py
[2024-08-21T12:58:40.250+0000] {logging_mixin.py:190} INFO - [2024-08-21T12:58:40.250+0000] {dag.py:3211} INFO - Sync 1 DAGs
[2024-08-21T12:58:40.260+0000] {logging_mixin.py:190} INFO - [2024-08-21T12:58:40.260+0000] {dag.py:4138} INFO - Setting next_dagrun for example_dag_decorator to None, run_after=None
[2024-08-21T12:58:40.282+0000] {processor.py:208} INFO - Processing /home/airflow/.local/lib/python3.12/site-packages/airflow/example_dags/example_dag_decorator.py took 0.137 seconds
[2024-08-21T12:59:10.321+0000] {processor.py:186} INFO - Started process (PID=1058) to work on /home/airflow/.local/lib/python3.12/site-packages/airflow/example_dags/example_dag_decorator.py
[2024-08-21T12:59:10.322+0000] {processor.py:914} INFO - Processing file /home/airflow/.local/lib/python3.12/site-packages/airflow/example_dags/example_dag_decorator.py for tasks to queue
[2024-08-21T12:59:10.324+0000] {logging_mixin.py:190} INFO - [2024-08-21T12:59:10.324+0000] {dagbag.py:587} INFO - Filling up the DagBag from /home/airflow/.local/lib/python3.12/site-packages/airflow/example_dags/example_dag_decorator.py
[2024-08-21T12:59:10.334+0000] {processor.py:925} INFO - DAG(s) 'example_dag_decorator' retrieved from /home/airflow/.local/lib/python3.12/site-packages/airflow/example_dags/example_dag_decorator.py
[2024-08-21T12:59:10.417+0000] {logging_mixin.py:190} INFO - [2024-08-21T12:59:10.417+0000] {dag.py:3211} INFO - Sync 1 DAGs
[2024-08-21T12:59:10.429+0000] {logging_mixin.py:190} INFO - [2024-08-21T12:59:10.429+0000] {dag.py:4138} INFO - Setting next_dagrun for example_dag_decorator to None, run_after=None
[2024-08-21T12:59:10.450+0000] {processor.py:208} INFO - Processing /home/airflow/.local/lib/python3.12/site-packages/airflow/example_dags/example_dag_decorator.py took 0.139 seconds
[2024-08-21T12:59:40.551+0000] {processor.py:186} INFO - Started process (PID=1344) to work on /home/airflow/.local/lib/python3.12/site-packages/airflow/example_dags/example_dag_decorator.py
[2024-08-21T12:59:40.552+0000] {processor.py:914} INFO - Processing file /home/airflow/.local/lib/python3.12/site-packages/airflow/example_dags/example_dag_decorator.py for tasks to queue
[2024-08-21T12:59:40.554+0000] {logging_mixin.py:190} INFO - [2024-08-21T12:59:40.554+0000] {dagbag.py:587} INFO - Filling up the DagBag from /home/airflow/.local/lib/python3.12/site-packages/airflow/example_dags/example_dag_decorator.py
[2024-08-21T12:59:40.565+0000] {processor.py:925} INFO - DAG(s) 'example_dag_decorator' retrieved from /home/airflow/.local/lib/python3.12/site-packages/airflow/example_dags/example_dag_decorator.py
[2024-08-21T12:59:40.652+0000] {logging_mixin.py:190} INFO - [2024-08-21T12:59:40.652+0000] {dag.py:3211} INFO - Sync 1 DAGs
[2024-08-21T12:59:40.667+0000] {logging_mixin.py:190} INFO - [2024-08-21T12:59:40.667+0000] {dag.py:4138} INFO - Setting next_dagrun for example_dag_decorator to None, run_after=None
[2024-08-21T12:59:40.698+0000] {processor.py:208} INFO - Processing /home/airflow/.local/lib/python3.12/site-packages/airflow/example_dags/example_dag_decorator.py took 0.153 seconds
[2024-08-21T13:00:10.812+0000] {processor.py:186} INFO - Started process (PID=1630) to work on /home/airflow/.local/lib/python3.12/site-packages/airflow/example_dags/example_dag_decorator.py
[2024-08-21T13:00:10.814+0000] {processor.py:914} INFO - Processing file /home/airflow/.local/lib/python3.12/site-packages/airflow/example_dags/example_dag_decorator.py for tasks to queue
[2024-08-21T13:00:10.816+0000] {logging_mixin.py:190} INFO - [2024-08-21T13:00:10.816+0000] {dagbag.py:587} INFO - Filling up the DagBag from /home/airflow/.local/lib/python3.12/site-packages/airflow/example_dags/example_dag_decorator.py
[2024-08-21T13:00:10.826+0000] {processor.py:925} INFO - DAG(s) 'example_dag_decorator' retrieved from /home/airflow/.local/lib/python3.12/site-packages/airflow/example_dags/example_dag_decorator.py
[2024-08-21T13:00:10.908+0000] {logging_mixin.py:190} INFO - [2024-08-21T13:00:10.907+0000] {dag.py:3211} INFO - Sync 1 DAGs
[2024-08-21T13:00:10.918+0000] {logging_mixin.py:190} INFO - [2024-08-21T13:00:10.917+0000] {dag.py:4138} INFO - Setting next_dagrun for example_dag_decorator to None, run_after=None
[2024-08-21T13:00:10.935+0000] {processor.py:208} INFO - Processing /home/airflow/.local/lib/python3.12/site-packages/airflow/example_dags/example_dag_decorator.py took 0.131 seconds
[2024-08-21T13:00:41.060+0000] {processor.py:186} INFO - Started process (PID=1916) to work on /home/airflow/.local/lib/python3.12/site-packages/airflow/example_dags/example_dag_decorator.py
[2024-08-21T13:00:41.061+0000] {processor.py:914} INFO - Processing file /home/airflow/.local/lib/python3.12/site-packages/airflow/example_dags/example_dag_decorator.py for tasks to queue
[2024-08-21T13:00:41.064+0000] {logging_mixin.py:190} INFO - [2024-08-21T13:00:41.063+0000] {dagbag.py:587} INFO - Filling up the DagBag from /home/airflow/.local/lib/python3.12/site-packages/airflow/example_dags/example_dag_decorator.py
[2024-08-21T13:00:41.075+0000] {processor.py:925} INFO - DAG(s) 'example_dag_decorator' retrieved from /home/airflow/.local/lib/python3.12/site-packages/airflow/example_dags/example_dag_decorator.py
[2024-08-21T13:00:41.098+0000] {logging_mixin.py:190} INFO - [2024-08-21T13:00:41.098+0000] {dag.py:3211} INFO - Sync 1 DAGs
[2024-08-21T13:00:41.117+0000] {logging_mixin.py:190} INFO - [2024-08-21T13:00:41.117+0000] {dag.py:4138} INFO - Setting next_dagrun for example_dag_decorator to None, run_after=None
[2024-08-21T13:00:41.135+0000] {processor.py:208} INFO - Processing /home/airflow/.local/lib/python3.12/site-packages/airflow/example_dags/example_dag_decorator.py took 0.082 seconds
[2024-08-21T13:01:11.267+0000] {processor.py:186} INFO - Started process (PID=2202) to work on /home/airflow/.local/lib/python3.12/site-packages/airflow/example_dags/example_dag_decorator.py
[2024-08-21T13:01:11.268+0000] {processor.py:914} INFO - Processing file /home/airflow/.local/lib/python3.12/site-packages/airflow/example_dags/example_dag_decorator.py for tasks to queue
[2024-08-21T13:01:11.270+0000] {logging_mixin.py:190} INFO - [2024-08-21T13:01:11.270+0000] {dagbag.py:587} INFO - Filling up the DagBag from /home/airflow/.local/lib/python3.12/site-packages/airflow/example_dags/example_dag_decorator.py
[2024-08-21T13:01:11.282+0000] {processor.py:925} INFO - DAG(s) 'example_dag_decorator' retrieved from /home/airflow/.local/lib/python3.12/site-packages/airflow/example_dags/example_dag_decorator.py
[2024-08-21T13:01:11.377+0000] {logging_mixin.py:190} INFO - [2024-08-21T13:01:11.376+0000] {dag.py:3211} INFO - Sync 1 DAGs
[2024-08-21T13:01:11.387+0000] {logging_mixin.py:190} INFO - [2024-08-21T13:01:11.387+0000] {dag.py:4138} INFO - Setting next_dagrun for example_dag_decorator to None, run_after=None
[2024-08-21T13:01:11.406+0000] {processor.py:208} INFO - Processing /home/airflow/.local/lib/python3.12/site-packages/airflow/example_dags/example_dag_decorator.py took 0.144 seconds
