[2024-08-21T12:57:38.154+0000] {processor.py:186} INFO - Started process (PID=202) to work on /home/airflow/.local/lib/python3.12/site-packages/airflow/example_dags/example_inlet_event_extra.py
[2024-08-21T12:57:38.155+0000] {processor.py:914} INFO - Processing file /home/airflow/.local/lib/python3.12/site-packages/airflow/example_dags/example_inlet_event_extra.py for tasks to queue
[2024-08-21T12:57:38.157+0000] {logging_mixin.py:190} INFO - [2024-08-21T12:57:38.157+0000] {dagbag.py:587} INFO - Filling up the DagBag from /home/airflow/.local/lib/python3.12/site-packages/airflow/example_dags/example_inlet_event_extra.py
[2024-08-21T12:57:38.268+0000] {processor.py:925} INFO - DAG(s) 'read_dataset_event_from_classic', 'read_dataset_event' retrieved from /home/airflow/.local/lib/python3.12/site-packages/airflow/example_dags/example_inlet_event_extra.py
[2024-08-21T12:57:38.377+0000] {logging_mixin.py:190} INFO - [2024-08-21T12:57:38.377+0000] {override.py:1858} INFO - Created Permission View: can delete on DAG:read_dataset_event_from_classic
[2024-08-21T12:57:38.389+0000] {logging_mixin.py:190} INFO - [2024-08-21T12:57:38.388+0000] {override.py:1858} INFO - Created Permission View: can edit on DAG:read_dataset_event_from_classic
[2024-08-21T12:57:38.396+0000] {logging_mixin.py:190} INFO - [2024-08-21T12:57:38.395+0000] {override.py:1858} INFO - Created Permission View: can read on DAG:read_dataset_event_from_classic
[2024-08-21T12:57:38.408+0000] {logging_mixin.py:190} INFO - [2024-08-21T12:57:38.408+0000] {override.py:1858} INFO - Created Permission View: can delete on DAG:read_dataset_event
[2024-08-21T12:57:38.415+0000] {logging_mixin.py:190} INFO - [2024-08-21T12:57:38.415+0000] {override.py:1858} INFO - Created Permission View: can edit on DAG:read_dataset_event
[2024-08-21T12:57:38.423+0000] {logging_mixin.py:190} INFO - [2024-08-21T12:57:38.423+0000] {override.py:1858} INFO - Created Permission View: can read on DAG:read_dataset_event
[2024-08-21T12:57:38.424+0000] {logging_mixin.py:190} INFO - [2024-08-21T12:57:38.423+0000] {dag.py:3211} INFO - Sync 2 DAGs
[2024-08-21T12:57:38.435+0000] {logging_mixin.py:190} INFO - [2024-08-21T12:57:38.435+0000] {dag.py:3234} INFO - Creating ORM DAG for read_dataset_event
[2024-08-21T12:57:38.436+0000] {logging_mixin.py:190} INFO - [2024-08-21T12:57:38.436+0000] {dag.py:3234} INFO - Creating ORM DAG for read_dataset_event_from_classic
[2024-08-21T12:57:38.448+0000] {logging_mixin.py:190} INFO - [2024-08-21T12:57:38.447+0000] {dag.py:4138} INFO - Setting next_dagrun for read_dataset_event to 2024-08-20 00:00:00+00:00, run_after=2024-08-21 00:00:00+00:00
[2024-08-21T12:57:38.450+0000] {logging_mixin.py:190} INFO - [2024-08-21T12:57:38.450+0000] {dag.py:4138} INFO - Setting next_dagrun for read_dataset_event_from_classic to 2024-08-20 00:00:00+00:00, run_after=2024-08-21 00:00:00+00:00
[2024-08-21T12:57:38.468+0000] {processor.py:208} INFO - Processing /home/airflow/.local/lib/python3.12/site-packages/airflow/example_dags/example_inlet_event_extra.py took 0.321 seconds
[2024-08-21T12:58:09.235+0000] {processor.py:186} INFO - Started process (PID=488) to work on /home/airflow/.local/lib/python3.12/site-packages/airflow/example_dags/example_inlet_event_extra.py
[2024-08-21T12:58:09.236+0000] {processor.py:914} INFO - Processing file /home/airflow/.local/lib/python3.12/site-packages/airflow/example_dags/example_inlet_event_extra.py for tasks to queue
[2024-08-21T12:58:09.238+0000] {logging_mixin.py:190} INFO - [2024-08-21T12:58:09.237+0000] {dagbag.py:587} INFO - Filling up the DagBag from /home/airflow/.local/lib/python3.12/site-packages/airflow/example_dags/example_inlet_event_extra.py
[2024-08-21T12:58:09.328+0000] {processor.py:925} INFO - DAG(s) 'read_dataset_event_from_classic', 'read_dataset_event' retrieved from /home/airflow/.local/lib/python3.12/site-packages/airflow/example_dags/example_inlet_event_extra.py
[2024-08-21T12:58:09.346+0000] {logging_mixin.py:190} INFO - [2024-08-21T12:58:09.346+0000] {dag.py:3211} INFO - Sync 2 DAGs
[2024-08-21T12:58:09.366+0000] {logging_mixin.py:190} INFO - [2024-08-21T12:58:09.366+0000] {dag.py:4138} INFO - Setting next_dagrun for read_dataset_event to 2024-08-20 00:00:00+00:00, run_after=2024-08-21 00:00:00+00:00
[2024-08-21T12:58:09.370+0000] {logging_mixin.py:190} INFO - [2024-08-21T12:58:09.370+0000] {dag.py:4138} INFO - Setting next_dagrun for read_dataset_event_from_classic to 2024-08-20 00:00:00+00:00, run_after=2024-08-21 00:00:00+00:00
[2024-08-21T12:58:09.382+0000] {processor.py:208} INFO - Processing /home/airflow/.local/lib/python3.12/site-packages/airflow/example_dags/example_inlet_event_extra.py took 0.152 seconds
[2024-08-21T12:58:40.309+0000] {processor.py:186} INFO - Started process (PID=780) to work on /home/airflow/.local/lib/python3.12/site-packages/airflow/example_dags/example_inlet_event_extra.py
[2024-08-21T12:58:40.310+0000] {processor.py:914} INFO - Processing file /home/airflow/.local/lib/python3.12/site-packages/airflow/example_dags/example_inlet_event_extra.py for tasks to queue
[2024-08-21T12:58:40.312+0000] {logging_mixin.py:190} INFO - [2024-08-21T12:58:40.312+0000] {dagbag.py:587} INFO - Filling up the DagBag from /home/airflow/.local/lib/python3.12/site-packages/airflow/example_dags/example_inlet_event_extra.py
[2024-08-21T12:58:40.404+0000] {processor.py:925} INFO - DAG(s) 'read_dataset_event', 'read_dataset_event_from_classic' retrieved from /home/airflow/.local/lib/python3.12/site-packages/airflow/example_dags/example_inlet_event_extra.py
[2024-08-21T12:58:40.420+0000] {logging_mixin.py:190} INFO - [2024-08-21T12:58:40.420+0000] {dag.py:3211} INFO - Sync 2 DAGs
[2024-08-21T12:58:40.443+0000] {logging_mixin.py:190} INFO - [2024-08-21T12:58:40.443+0000] {dag.py:4138} INFO - Setting next_dagrun for read_dataset_event to 2024-08-20 00:00:00+00:00, run_after=2024-08-21 00:00:00+00:00
[2024-08-21T12:58:40.448+0000] {logging_mixin.py:190} INFO - [2024-08-21T12:58:40.448+0000] {dag.py:4138} INFO - Setting next_dagrun for read_dataset_event_from_classic to 2024-08-20 00:00:00+00:00, run_after=2024-08-21 00:00:00+00:00
[2024-08-21T12:58:40.460+0000] {processor.py:208} INFO - Processing /home/airflow/.local/lib/python3.12/site-packages/airflow/example_dags/example_inlet_event_extra.py took 0.156 seconds
[2024-08-21T12:59:10.560+0000] {processor.py:186} INFO - Started process (PID=1073) to work on /home/airflow/.local/lib/python3.12/site-packages/airflow/example_dags/example_inlet_event_extra.py
[2024-08-21T12:59:10.561+0000] {processor.py:914} INFO - Processing file /home/airflow/.local/lib/python3.12/site-packages/airflow/example_dags/example_inlet_event_extra.py for tasks to queue
[2024-08-21T12:59:10.563+0000] {logging_mixin.py:190} INFO - [2024-08-21T12:59:10.563+0000] {dagbag.py:587} INFO - Filling up the DagBag from /home/airflow/.local/lib/python3.12/site-packages/airflow/example_dags/example_inlet_event_extra.py
[2024-08-21T12:59:10.663+0000] {processor.py:925} INFO - DAG(s) 'read_dataset_event', 'read_dataset_event_from_classic' retrieved from /home/airflow/.local/lib/python3.12/site-packages/airflow/example_dags/example_inlet_event_extra.py
[2024-08-21T12:59:10.684+0000] {logging_mixin.py:190} INFO - [2024-08-21T12:59:10.684+0000] {dag.py:3211} INFO - Sync 2 DAGs
[2024-08-21T12:59:10.709+0000] {logging_mixin.py:190} INFO - [2024-08-21T12:59:10.709+0000] {dag.py:4138} INFO - Setting next_dagrun for read_dataset_event to 2024-08-20 00:00:00+00:00, run_after=2024-08-21 00:00:00+00:00
[2024-08-21T12:59:10.715+0000] {logging_mixin.py:190} INFO - [2024-08-21T12:59:10.715+0000] {dag.py:4138} INFO - Setting next_dagrun for read_dataset_event_from_classic to 2024-08-20 00:00:00+00:00, run_after=2024-08-21 00:00:00+00:00
[2024-08-21T12:59:10.730+0000] {processor.py:208} INFO - Processing /home/airflow/.local/lib/python3.12/site-packages/airflow/example_dags/example_inlet_event_extra.py took 0.175 seconds
[2024-08-21T12:59:40.822+0000] {processor.py:186} INFO - Started process (PID=1357) to work on /home/airflow/.local/lib/python3.12/site-packages/airflow/example_dags/example_inlet_event_extra.py
[2024-08-21T12:59:40.823+0000] {processor.py:914} INFO - Processing file /home/airflow/.local/lib/python3.12/site-packages/airflow/example_dags/example_inlet_event_extra.py for tasks to queue
[2024-08-21T12:59:40.826+0000] {logging_mixin.py:190} INFO - [2024-08-21T12:59:40.826+0000] {dagbag.py:587} INFO - Filling up the DagBag from /home/airflow/.local/lib/python3.12/site-packages/airflow/example_dags/example_inlet_event_extra.py
[2024-08-21T12:59:40.958+0000] {processor.py:925} INFO - DAG(s) 'read_dataset_event', 'read_dataset_event_from_classic' retrieved from /home/airflow/.local/lib/python3.12/site-packages/airflow/example_dags/example_inlet_event_extra.py
[2024-08-21T12:59:40.984+0000] {logging_mixin.py:190} INFO - [2024-08-21T12:59:40.984+0000] {dag.py:3211} INFO - Sync 2 DAGs
[2024-08-21T12:59:41.011+0000] {logging_mixin.py:190} INFO - [2024-08-21T12:59:41.011+0000] {dag.py:4138} INFO - Setting next_dagrun for read_dataset_event to 2024-08-20 00:00:00+00:00, run_after=2024-08-21 00:00:00+00:00
[2024-08-21T12:59:41.017+0000] {logging_mixin.py:190} INFO - [2024-08-21T12:59:41.017+0000] {dag.py:4138} INFO - Setting next_dagrun for read_dataset_event_from_classic to 2024-08-20 00:00:00+00:00, run_after=2024-08-21 00:00:00+00:00
[2024-08-21T12:59:41.036+0000] {processor.py:208} INFO - Processing /home/airflow/.local/lib/python3.12/site-packages/airflow/example_dags/example_inlet_event_extra.py took 0.221 seconds
[2024-08-21T13:00:11.110+0000] {processor.py:186} INFO - Started process (PID=1645) to work on /home/airflow/.local/lib/python3.12/site-packages/airflow/example_dags/example_inlet_event_extra.py
[2024-08-21T13:00:11.111+0000] {processor.py:914} INFO - Processing file /home/airflow/.local/lib/python3.12/site-packages/airflow/example_dags/example_inlet_event_extra.py for tasks to queue
[2024-08-21T13:00:11.113+0000] {logging_mixin.py:190} INFO - [2024-08-21T13:00:11.113+0000] {dagbag.py:587} INFO - Filling up the DagBag from /home/airflow/.local/lib/python3.12/site-packages/airflow/example_dags/example_inlet_event_extra.py
[2024-08-21T13:00:11.218+0000] {processor.py:925} INFO - DAG(s) 'read_dataset_event', 'read_dataset_event_from_classic' retrieved from /home/airflow/.local/lib/python3.12/site-packages/airflow/example_dags/example_inlet_event_extra.py
[2024-08-21T13:00:11.235+0000] {logging_mixin.py:190} INFO - [2024-08-21T13:00:11.235+0000] {dag.py:3211} INFO - Sync 2 DAGs
[2024-08-21T13:00:11.255+0000] {logging_mixin.py:190} INFO - [2024-08-21T13:00:11.255+0000] {dag.py:4138} INFO - Setting next_dagrun for read_dataset_event to 2024-08-20 00:00:00+00:00, run_after=2024-08-21 00:00:00+00:00
[2024-08-21T13:00:11.259+0000] {logging_mixin.py:190} INFO - [2024-08-21T13:00:11.259+0000] {dag.py:4138} INFO - Setting next_dagrun for read_dataset_event_from_classic to 2024-08-20 00:00:00+00:00, run_after=2024-08-21 00:00:00+00:00
[2024-08-21T13:00:11.272+0000] {processor.py:208} INFO - Processing /home/airflow/.local/lib/python3.12/site-packages/airflow/example_dags/example_inlet_event_extra.py took 0.169 seconds
[2024-08-21T13:00:41.324+0000] {processor.py:186} INFO - Started process (PID=1931) to work on /home/airflow/.local/lib/python3.12/site-packages/airflow/example_dags/example_inlet_event_extra.py
[2024-08-21T13:00:41.325+0000] {processor.py:914} INFO - Processing file /home/airflow/.local/lib/python3.12/site-packages/airflow/example_dags/example_inlet_event_extra.py for tasks to queue
[2024-08-21T13:00:41.327+0000] {logging_mixin.py:190} INFO - [2024-08-21T13:00:41.326+0000] {dagbag.py:587} INFO - Filling up the DagBag from /home/airflow/.local/lib/python3.12/site-packages/airflow/example_dags/example_inlet_event_extra.py
[2024-08-21T13:00:41.417+0000] {processor.py:925} INFO - DAG(s) 'read_dataset_event_from_classic', 'read_dataset_event' retrieved from /home/airflow/.local/lib/python3.12/site-packages/airflow/example_dags/example_inlet_event_extra.py
[2024-08-21T13:00:41.439+0000] {logging_mixin.py:190} INFO - [2024-08-21T13:00:41.439+0000] {dag.py:3211} INFO - Sync 2 DAGs
[2024-08-21T13:00:41.458+0000] {logging_mixin.py:190} INFO - [2024-08-21T13:00:41.458+0000] {dag.py:4138} INFO - Setting next_dagrun for read_dataset_event to 2024-08-20 00:00:00+00:00, run_after=2024-08-21 00:00:00+00:00
[2024-08-21T13:00:41.462+0000] {logging_mixin.py:190} INFO - [2024-08-21T13:00:41.462+0000] {dag.py:4138} INFO - Setting next_dagrun for read_dataset_event_from_classic to 2024-08-20 00:00:00+00:00, run_after=2024-08-21 00:00:00+00:00
[2024-08-21T13:00:41.474+0000] {processor.py:208} INFO - Processing /home/airflow/.local/lib/python3.12/site-packages/airflow/example_dags/example_inlet_event_extra.py took 0.155 seconds
[2024-08-21T13:01:11.554+0000] {processor.py:186} INFO - Started process (PID=2222) to work on /home/airflow/.local/lib/python3.12/site-packages/airflow/example_dags/example_inlet_event_extra.py
[2024-08-21T13:01:11.555+0000] {processor.py:914} INFO - Processing file /home/airflow/.local/lib/python3.12/site-packages/airflow/example_dags/example_inlet_event_extra.py for tasks to queue
[2024-08-21T13:01:11.557+0000] {logging_mixin.py:190} INFO - [2024-08-21T13:01:11.557+0000] {dagbag.py:587} INFO - Filling up the DagBag from /home/airflow/.local/lib/python3.12/site-packages/airflow/example_dags/example_inlet_event_extra.py
[2024-08-21T13:01:11.645+0000] {processor.py:925} INFO - DAG(s) 'read_dataset_event', 'read_dataset_event_from_classic' retrieved from /home/airflow/.local/lib/python3.12/site-packages/airflow/example_dags/example_inlet_event_extra.py
[2024-08-21T13:01:11.663+0000] {logging_mixin.py:190} INFO - [2024-08-21T13:01:11.663+0000] {dag.py:3211} INFO - Sync 2 DAGs
[2024-08-21T13:01:11.683+0000] {logging_mixin.py:190} INFO - [2024-08-21T13:01:11.683+0000] {dag.py:4138} INFO - Setting next_dagrun for read_dataset_event to 2024-08-20 00:00:00+00:00, run_after=2024-08-21 00:00:00+00:00
[2024-08-21T13:01:11.686+0000] {logging_mixin.py:190} INFO - [2024-08-21T13:01:11.686+0000] {dag.py:4138} INFO - Setting next_dagrun for read_dataset_event_from_classic to 2024-08-20 00:00:00+00:00, run_after=2024-08-21 00:00:00+00:00
[2024-08-21T13:01:11.697+0000] {processor.py:208} INFO - Processing /home/airflow/.local/lib/python3.12/site-packages/airflow/example_dags/example_inlet_event_extra.py took 0.149 seconds
