[2024-08-21T12:57:41.388+0000] {processor.py:186} INFO - Started process (PID=333) to work on /home/airflow/.local/lib/python3.12/site-packages/airflow/example_dags/example_kubernetes_executor.py
[2024-08-21T12:57:41.389+0000] {processor.py:914} INFO - Processing file /home/airflow/.local/lib/python3.12/site-packages/airflow/example_dags/example_kubernetes_executor.py for tasks to queue
[2024-08-21T12:57:41.392+0000] {logging_mixin.py:190} INFO - [2024-08-21T12:57:41.391+0000] {dagbag.py:587} INFO - Filling up the DagBag from /home/airflow/.local/lib/python3.12/site-packages/airflow/example_dags/example_kubernetes_executor.py
[2024-08-21T12:57:41.405+0000] {processor.py:925} INFO - DAG(s) 'example_kubernetes_executor' retrieved from /home/airflow/.local/lib/python3.12/site-packages/airflow/example_dags/example_kubernetes_executor.py
[2024-08-21T12:57:41.521+0000] {logging_mixin.py:190} INFO - [2024-08-21T12:57:41.520+0000] {override.py:1858} INFO - Created Permission View: can delete on DAG:example_kubernetes_executor
[2024-08-21T12:57:41.530+0000] {logging_mixin.py:190} INFO - [2024-08-21T12:57:41.530+0000] {override.py:1858} INFO - Created Permission View: can edit on DAG:example_kubernetes_executor
[2024-08-21T12:57:41.537+0000] {logging_mixin.py:190} INFO - [2024-08-21T12:57:41.537+0000] {override.py:1858} INFO - Created Permission View: can read on DAG:example_kubernetes_executor
[2024-08-21T12:57:41.538+0000] {logging_mixin.py:190} INFO - [2024-08-21T12:57:41.537+0000] {dag.py:3211} INFO - Sync 1 DAGs
[2024-08-21T12:57:41.549+0000] {logging_mixin.py:190} INFO - [2024-08-21T12:57:41.549+0000] {dag.py:3234} INFO - Creating ORM DAG for example_kubernetes_executor
[2024-08-21T12:57:41.550+0000] {logging_mixin.py:190} INFO - [2024-08-21T12:57:41.550+0000] {dag.py:4138} INFO - Setting next_dagrun for example_kubernetes_executor to None, run_after=None
[2024-08-21T12:57:41.562+0000] {processor.py:208} INFO - Processing /home/airflow/.local/lib/python3.12/site-packages/airflow/example_dags/example_kubernetes_executor.py took 0.180 seconds
[2024-08-21T12:58:11.616+0000] {processor.py:186} INFO - Started process (PID=619) to work on /home/airflow/.local/lib/python3.12/site-packages/airflow/example_dags/example_kubernetes_executor.py
[2024-08-21T12:58:11.617+0000] {processor.py:914} INFO - Processing file /home/airflow/.local/lib/python3.12/site-packages/airflow/example_dags/example_kubernetes_executor.py for tasks to queue
[2024-08-21T12:58:11.620+0000] {logging_mixin.py:190} INFO - [2024-08-21T12:58:11.619+0000] {dagbag.py:587} INFO - Filling up the DagBag from /home/airflow/.local/lib/python3.12/site-packages/airflow/example_dags/example_kubernetes_executor.py
[2024-08-21T12:58:11.631+0000] {processor.py:925} INFO - DAG(s) 'example_kubernetes_executor' retrieved from /home/airflow/.local/lib/python3.12/site-packages/airflow/example_dags/example_kubernetes_executor.py
[2024-08-21T12:58:11.661+0000] {logging_mixin.py:190} INFO - [2024-08-21T12:58:11.661+0000] {dag.py:3211} INFO - Sync 1 DAGs
[2024-08-21T12:58:11.673+0000] {logging_mixin.py:190} INFO - [2024-08-21T12:58:11.673+0000] {dag.py:4138} INFO - Setting next_dagrun for example_kubernetes_executor to None, run_after=None
[2024-08-21T12:58:11.688+0000] {processor.py:208} INFO - Processing /home/airflow/.local/lib/python3.12/site-packages/airflow/example_dags/example_kubernetes_executor.py took 0.077 seconds
[2024-08-21T12:58:42.726+0000] {processor.py:186} INFO - Started process (PID=905) to work on /home/airflow/.local/lib/python3.12/site-packages/airflow/example_dags/example_kubernetes_executor.py
[2024-08-21T12:58:42.726+0000] {processor.py:914} INFO - Processing file /home/airflow/.local/lib/python3.12/site-packages/airflow/example_dags/example_kubernetes_executor.py for tasks to queue
[2024-08-21T12:58:42.729+0000] {logging_mixin.py:190} INFO - [2024-08-21T12:58:42.729+0000] {dagbag.py:587} INFO - Filling up the DagBag from /home/airflow/.local/lib/python3.12/site-packages/airflow/example_dags/example_kubernetes_executor.py
[2024-08-21T12:58:42.740+0000] {processor.py:925} INFO - DAG(s) 'example_kubernetes_executor' retrieved from /home/airflow/.local/lib/python3.12/site-packages/airflow/example_dags/example_kubernetes_executor.py
[2024-08-21T12:58:42.777+0000] {logging_mixin.py:190} INFO - [2024-08-21T12:58:42.777+0000] {dag.py:3211} INFO - Sync 1 DAGs
[2024-08-21T12:58:42.788+0000] {logging_mixin.py:190} INFO - [2024-08-21T12:58:42.788+0000] {dag.py:4138} INFO - Setting next_dagrun for example_kubernetes_executor to None, run_after=None
[2024-08-21T12:58:42.806+0000] {processor.py:208} INFO - Processing /home/airflow/.local/lib/python3.12/site-packages/airflow/example_dags/example_kubernetes_executor.py took 0.086 seconds
[2024-08-21T12:59:12.971+0000] {processor.py:186} INFO - Started process (PID=1191) to work on /home/airflow/.local/lib/python3.12/site-packages/airflow/example_dags/example_kubernetes_executor.py
[2024-08-21T12:59:12.972+0000] {processor.py:914} INFO - Processing file /home/airflow/.local/lib/python3.12/site-packages/airflow/example_dags/example_kubernetes_executor.py for tasks to queue
[2024-08-21T12:59:12.974+0000] {logging_mixin.py:190} INFO - [2024-08-21T12:59:12.974+0000] {dagbag.py:587} INFO - Filling up the DagBag from /home/airflow/.local/lib/python3.12/site-packages/airflow/example_dags/example_kubernetes_executor.py
[2024-08-21T12:59:12.985+0000] {processor.py:925} INFO - DAG(s) 'example_kubernetes_executor' retrieved from /home/airflow/.local/lib/python3.12/site-packages/airflow/example_dags/example_kubernetes_executor.py
[2024-08-21T12:59:13.019+0000] {logging_mixin.py:190} INFO - [2024-08-21T12:59:13.019+0000] {dag.py:3211} INFO - Sync 1 DAGs
[2024-08-21T12:59:13.031+0000] {logging_mixin.py:190} INFO - [2024-08-21T12:59:13.031+0000] {dag.py:4138} INFO - Setting next_dagrun for example_kubernetes_executor to None, run_after=None
[2024-08-21T12:59:13.046+0000] {processor.py:208} INFO - Processing /home/airflow/.local/lib/python3.12/site-packages/airflow/example_dags/example_kubernetes_executor.py took 0.080 seconds
[2024-08-21T12:59:43.287+0000] {processor.py:186} INFO - Started process (PID=1477) to work on /home/airflow/.local/lib/python3.12/site-packages/airflow/example_dags/example_kubernetes_executor.py
[2024-08-21T12:59:43.288+0000] {processor.py:914} INFO - Processing file /home/airflow/.local/lib/python3.12/site-packages/airflow/example_dags/example_kubernetes_executor.py for tasks to queue
[2024-08-21T12:59:43.290+0000] {logging_mixin.py:190} INFO - [2024-08-21T12:59:43.290+0000] {dagbag.py:587} INFO - Filling up the DagBag from /home/airflow/.local/lib/python3.12/site-packages/airflow/example_dags/example_kubernetes_executor.py
[2024-08-21T12:59:43.304+0000] {processor.py:925} INFO - DAG(s) 'example_kubernetes_executor' retrieved from /home/airflow/.local/lib/python3.12/site-packages/airflow/example_dags/example_kubernetes_executor.py
[2024-08-21T12:59:43.340+0000] {logging_mixin.py:190} INFO - [2024-08-21T12:59:43.339+0000] {dag.py:3211} INFO - Sync 1 DAGs
[2024-08-21T12:59:43.351+0000] {logging_mixin.py:190} INFO - [2024-08-21T12:59:43.351+0000] {dag.py:4138} INFO - Setting next_dagrun for example_kubernetes_executor to None, run_after=None
[2024-08-21T12:59:43.367+0000] {processor.py:208} INFO - Processing /home/airflow/.local/lib/python3.12/site-packages/airflow/example_dags/example_kubernetes_executor.py took 0.085 seconds
[2024-08-21T13:00:13.456+0000] {processor.py:186} INFO - Started process (PID=1763) to work on /home/airflow/.local/lib/python3.12/site-packages/airflow/example_dags/example_kubernetes_executor.py
[2024-08-21T13:00:13.457+0000] {processor.py:914} INFO - Processing file /home/airflow/.local/lib/python3.12/site-packages/airflow/example_dags/example_kubernetes_executor.py for tasks to queue
[2024-08-21T13:00:13.459+0000] {logging_mixin.py:190} INFO - [2024-08-21T13:00:13.459+0000] {dagbag.py:587} INFO - Filling up the DagBag from /home/airflow/.local/lib/python3.12/site-packages/airflow/example_dags/example_kubernetes_executor.py
[2024-08-21T13:00:13.470+0000] {processor.py:925} INFO - DAG(s) 'example_kubernetes_executor' retrieved from /home/airflow/.local/lib/python3.12/site-packages/airflow/example_dags/example_kubernetes_executor.py
[2024-08-21T13:00:13.498+0000] {logging_mixin.py:190} INFO - [2024-08-21T13:00:13.498+0000] {dag.py:3211} INFO - Sync 1 DAGs
[2024-08-21T13:00:13.510+0000] {logging_mixin.py:190} INFO - [2024-08-21T13:00:13.509+0000] {dag.py:4138} INFO - Setting next_dagrun for example_kubernetes_executor to None, run_after=None
[2024-08-21T13:00:13.528+0000] {processor.py:208} INFO - Processing /home/airflow/.local/lib/python3.12/site-packages/airflow/example_dags/example_kubernetes_executor.py took 0.076 seconds
[2024-08-21T13:00:43.708+0000] {processor.py:186} INFO - Started process (PID=2049) to work on /home/airflow/.local/lib/python3.12/site-packages/airflow/example_dags/example_kubernetes_executor.py
[2024-08-21T13:00:43.709+0000] {processor.py:914} INFO - Processing file /home/airflow/.local/lib/python3.12/site-packages/airflow/example_dags/example_kubernetes_executor.py for tasks to queue
[2024-08-21T13:00:43.711+0000] {logging_mixin.py:190} INFO - [2024-08-21T13:00:43.711+0000] {dagbag.py:587} INFO - Filling up the DagBag from /home/airflow/.local/lib/python3.12/site-packages/airflow/example_dags/example_kubernetes_executor.py
[2024-08-21T13:00:43.722+0000] {processor.py:925} INFO - DAG(s) 'example_kubernetes_executor' retrieved from /home/airflow/.local/lib/python3.12/site-packages/airflow/example_dags/example_kubernetes_executor.py
[2024-08-21T13:00:43.753+0000] {logging_mixin.py:190} INFO - [2024-08-21T13:00:43.753+0000] {dag.py:3211} INFO - Sync 1 DAGs
[2024-08-21T13:00:43.765+0000] {logging_mixin.py:190} INFO - [2024-08-21T13:00:43.765+0000] {dag.py:4138} INFO - Setting next_dagrun for example_kubernetes_executor to None, run_after=None
[2024-08-21T13:00:43.781+0000] {processor.py:208} INFO - Processing /home/airflow/.local/lib/python3.12/site-packages/airflow/example_dags/example_kubernetes_executor.py took 0.077 seconds
[2024-08-21T13:01:13.917+0000] {processor.py:186} INFO - Started process (PID=2335) to work on /home/airflow/.local/lib/python3.12/site-packages/airflow/example_dags/example_kubernetes_executor.py
[2024-08-21T13:01:13.918+0000] {processor.py:914} INFO - Processing file /home/airflow/.local/lib/python3.12/site-packages/airflow/example_dags/example_kubernetes_executor.py for tasks to queue
[2024-08-21T13:01:13.923+0000] {logging_mixin.py:190} INFO - [2024-08-21T13:01:13.923+0000] {dagbag.py:587} INFO - Filling up the DagBag from /home/airflow/.local/lib/python3.12/site-packages/airflow/example_dags/example_kubernetes_executor.py
[2024-08-21T13:01:13.937+0000] {processor.py:925} INFO - DAG(s) 'example_kubernetes_executor' retrieved from /home/airflow/.local/lib/python3.12/site-packages/airflow/example_dags/example_kubernetes_executor.py
[2024-08-21T13:01:13.974+0000] {logging_mixin.py:190} INFO - [2024-08-21T13:01:13.974+0000] {dag.py:3211} INFO - Sync 1 DAGs
[2024-08-21T13:01:13.987+0000] {logging_mixin.py:190} INFO - [2024-08-21T13:01:13.987+0000] {dag.py:4138} INFO - Setting next_dagrun for example_kubernetes_executor to None, run_after=None
[2024-08-21T13:01:14.002+0000] {processor.py:208} INFO - Processing /home/airflow/.local/lib/python3.12/site-packages/airflow/example_dags/example_kubernetes_executor.py took 0.091 seconds
