[2024-08-21T12:57:40.431+0000] {processor.py:186} INFO - Started process (PID=293) to work on /home/airflow/.local/lib/python3.12/site-packages/airflow/example_dags/example_latest_only_with_trigger.py
[2024-08-21T12:57:40.432+0000] {processor.py:914} INFO - Processing file /home/airflow/.local/lib/python3.12/site-packages/airflow/example_dags/example_latest_only_with_trigger.py for tasks to queue
[2024-08-21T12:57:40.434+0000] {logging_mixin.py:190} INFO - [2024-08-21T12:57:40.434+0000] {dagbag.py:587} INFO - Filling up the DagBag from /home/airflow/.local/lib/python3.12/site-packages/airflow/example_dags/example_latest_only_with_trigger.py
[2024-08-21T12:57:40.443+0000] {processor.py:925} INFO - DAG(s) 'latest_only_with_trigger' retrieved from /home/airflow/.local/lib/python3.12/site-packages/airflow/example_dags/example_latest_only_with_trigger.py
[2024-08-21T12:57:40.537+0000] {logging_mixin.py:190} INFO - [2024-08-21T12:57:40.536+0000] {override.py:1858} INFO - Created Permission View: can delete on DAG:latest_only_with_trigger
[2024-08-21T12:57:40.547+0000] {logging_mixin.py:190} INFO - [2024-08-21T12:57:40.546+0000] {override.py:1858} INFO - Created Permission View: can edit on DAG:latest_only_with_trigger
[2024-08-21T12:57:40.552+0000] {logging_mixin.py:190} INFO - [2024-08-21T12:57:40.552+0000] {override.py:1858} INFO - Created Permission View: can read on DAG:latest_only_with_trigger
[2024-08-21T12:57:40.553+0000] {logging_mixin.py:190} INFO - [2024-08-21T12:57:40.553+0000] {dag.py:3211} INFO - Sync 1 DAGs
[2024-08-21T12:57:40.567+0000] {logging_mixin.py:190} INFO - [2024-08-21T12:57:40.567+0000] {dag.py:3234} INFO - Creating ORM DAG for latest_only_with_trigger
[2024-08-21T12:57:40.578+0000] {logging_mixin.py:190} INFO - [2024-08-21T12:57:40.578+0000] {dag.py:4138} INFO - Setting next_dagrun for latest_only_with_trigger to 2024-08-21 08:00:00+00:00, run_after=2024-08-21 12:00:00+00:00
[2024-08-21T12:57:40.594+0000] {processor.py:208} INFO - Processing /home/airflow/.local/lib/python3.12/site-packages/airflow/example_dags/example_latest_only_with_trigger.py took 0.170 seconds
[2024-08-21T12:58:11.143+0000] {processor.py:186} INFO - Started process (PID=579) to work on /home/airflow/.local/lib/python3.12/site-packages/airflow/example_dags/example_latest_only_with_trigger.py
[2024-08-21T12:58:11.144+0000] {processor.py:914} INFO - Processing file /home/airflow/.local/lib/python3.12/site-packages/airflow/example_dags/example_latest_only_with_trigger.py for tasks to queue
[2024-08-21T12:58:11.146+0000] {logging_mixin.py:190} INFO - [2024-08-21T12:58:11.145+0000] {dagbag.py:587} INFO - Filling up the DagBag from /home/airflow/.local/lib/python3.12/site-packages/airflow/example_dags/example_latest_only_with_trigger.py
[2024-08-21T12:58:11.152+0000] {processor.py:925} INFO - DAG(s) 'latest_only_with_trigger' retrieved from /home/airflow/.local/lib/python3.12/site-packages/airflow/example_dags/example_latest_only_with_trigger.py
[2024-08-21T12:58:11.169+0000] {logging_mixin.py:190} INFO - [2024-08-21T12:58:11.169+0000] {dag.py:3211} INFO - Sync 1 DAGs
[2024-08-21T12:58:11.188+0000] {logging_mixin.py:190} INFO - [2024-08-21T12:58:11.188+0000] {dag.py:4138} INFO - Setting next_dagrun for latest_only_with_trigger to 2024-08-21 08:00:00+00:00, run_after=2024-08-21 12:00:00+00:00
[2024-08-21T12:58:11.202+0000] {processor.py:208} INFO - Processing /home/airflow/.local/lib/python3.12/site-packages/airflow/example_dags/example_latest_only_with_trigger.py took 0.064 seconds
[2024-08-21T12:58:42.183+0000] {processor.py:186} INFO - Started process (PID=865) to work on /home/airflow/.local/lib/python3.12/site-packages/airflow/example_dags/example_latest_only_with_trigger.py
[2024-08-21T12:58:42.184+0000] {processor.py:914} INFO - Processing file /home/airflow/.local/lib/python3.12/site-packages/airflow/example_dags/example_latest_only_with_trigger.py for tasks to queue
[2024-08-21T12:58:42.186+0000] {logging_mixin.py:190} INFO - [2024-08-21T12:58:42.186+0000] {dagbag.py:587} INFO - Filling up the DagBag from /home/airflow/.local/lib/python3.12/site-packages/airflow/example_dags/example_latest_only_with_trigger.py
[2024-08-21T12:58:42.192+0000] {processor.py:925} INFO - DAG(s) 'latest_only_with_trigger' retrieved from /home/airflow/.local/lib/python3.12/site-packages/airflow/example_dags/example_latest_only_with_trigger.py
[2024-08-21T12:58:42.208+0000] {logging_mixin.py:190} INFO - [2024-08-21T12:58:42.208+0000] {dag.py:3211} INFO - Sync 1 DAGs
[2024-08-21T12:58:42.230+0000] {logging_mixin.py:190} INFO - [2024-08-21T12:58:42.230+0000] {dag.py:4138} INFO - Setting next_dagrun for latest_only_with_trigger to 2024-08-21 08:00:00+00:00, run_after=2024-08-21 12:00:00+00:00
[2024-08-21T12:58:42.247+0000] {processor.py:208} INFO - Processing /home/airflow/.local/lib/python3.12/site-packages/airflow/example_dags/example_latest_only_with_trigger.py took 0.068 seconds
[2024-08-21T12:59:12.478+0000] {processor.py:186} INFO - Started process (PID=1146) to work on /home/airflow/.local/lib/python3.12/site-packages/airflow/example_dags/example_latest_only_with_trigger.py
[2024-08-21T12:59:12.479+0000] {processor.py:914} INFO - Processing file /home/airflow/.local/lib/python3.12/site-packages/airflow/example_dags/example_latest_only_with_trigger.py for tasks to queue
[2024-08-21T12:59:12.482+0000] {logging_mixin.py:190} INFO - [2024-08-21T12:59:12.482+0000] {dagbag.py:587} INFO - Filling up the DagBag from /home/airflow/.local/lib/python3.12/site-packages/airflow/example_dags/example_latest_only_with_trigger.py
[2024-08-21T12:59:12.489+0000] {processor.py:925} INFO - DAG(s) 'latest_only_with_trigger' retrieved from /home/airflow/.local/lib/python3.12/site-packages/airflow/example_dags/example_latest_only_with_trigger.py
[2024-08-21T12:59:12.506+0000] {logging_mixin.py:190} INFO - [2024-08-21T12:59:12.506+0000] {dag.py:3211} INFO - Sync 1 DAGs
[2024-08-21T12:59:12.528+0000] {logging_mixin.py:190} INFO - [2024-08-21T12:59:12.527+0000] {dag.py:4138} INFO - Setting next_dagrun for latest_only_with_trigger to 2024-08-21 08:00:00+00:00, run_after=2024-08-21 12:00:00+00:00
[2024-08-21T12:59:12.542+0000] {processor.py:208} INFO - Processing /home/airflow/.local/lib/python3.12/site-packages/airflow/example_dags/example_latest_only_with_trigger.py took 0.071 seconds
[2024-08-21T12:59:42.816+0000] {processor.py:186} INFO - Started process (PID=1432) to work on /home/airflow/.local/lib/python3.12/site-packages/airflow/example_dags/example_latest_only_with_trigger.py
[2024-08-21T12:59:42.816+0000] {processor.py:914} INFO - Processing file /home/airflow/.local/lib/python3.12/site-packages/airflow/example_dags/example_latest_only_with_trigger.py for tasks to queue
[2024-08-21T12:59:42.818+0000] {logging_mixin.py:190} INFO - [2024-08-21T12:59:42.818+0000] {dagbag.py:587} INFO - Filling up the DagBag from /home/airflow/.local/lib/python3.12/site-packages/airflow/example_dags/example_latest_only_with_trigger.py
[2024-08-21T12:59:42.826+0000] {processor.py:925} INFO - DAG(s) 'latest_only_with_trigger' retrieved from /home/airflow/.local/lib/python3.12/site-packages/airflow/example_dags/example_latest_only_with_trigger.py
[2024-08-21T12:59:42.842+0000] {logging_mixin.py:190} INFO - [2024-08-21T12:59:42.842+0000] {dag.py:3211} INFO - Sync 1 DAGs
[2024-08-21T12:59:42.861+0000] {logging_mixin.py:190} INFO - [2024-08-21T12:59:42.861+0000] {dag.py:4138} INFO - Setting next_dagrun for latest_only_with_trigger to 2024-08-21 08:00:00+00:00, run_after=2024-08-21 12:00:00+00:00
[2024-08-21T12:59:42.875+0000] {processor.py:208} INFO - Processing /home/airflow/.local/lib/python3.12/site-packages/airflow/example_dags/example_latest_only_with_trigger.py took 0.065 seconds
[2024-08-21T13:00:13.005+0000] {processor.py:186} INFO - Started process (PID=1718) to work on /home/airflow/.local/lib/python3.12/site-packages/airflow/example_dags/example_latest_only_with_trigger.py
[2024-08-21T13:00:13.006+0000] {processor.py:914} INFO - Processing file /home/airflow/.local/lib/python3.12/site-packages/airflow/example_dags/example_latest_only_with_trigger.py for tasks to queue
[2024-08-21T13:00:13.008+0000] {logging_mixin.py:190} INFO - [2024-08-21T13:00:13.008+0000] {dagbag.py:587} INFO - Filling up the DagBag from /home/airflow/.local/lib/python3.12/site-packages/airflow/example_dags/example_latest_only_with_trigger.py
[2024-08-21T13:00:13.015+0000] {processor.py:925} INFO - DAG(s) 'latest_only_with_trigger' retrieved from /home/airflow/.local/lib/python3.12/site-packages/airflow/example_dags/example_latest_only_with_trigger.py
[2024-08-21T13:00:13.032+0000] {logging_mixin.py:190} INFO - [2024-08-21T13:00:13.032+0000] {dag.py:3211} INFO - Sync 1 DAGs
[2024-08-21T13:00:13.052+0000] {logging_mixin.py:190} INFO - [2024-08-21T13:00:13.052+0000] {dag.py:4138} INFO - Setting next_dagrun for latest_only_with_trigger to 2024-08-21 08:00:00+00:00, run_after=2024-08-21 12:00:00+00:00
[2024-08-21T13:00:13.067+0000] {processor.py:208} INFO - Processing /home/airflow/.local/lib/python3.12/site-packages/airflow/example_dags/example_latest_only_with_trigger.py took 0.067 seconds
[2024-08-21T13:00:43.164+0000] {processor.py:186} INFO - Started process (PID=2004) to work on /home/airflow/.local/lib/python3.12/site-packages/airflow/example_dags/example_latest_only_with_trigger.py
[2024-08-21T13:00:43.165+0000] {processor.py:914} INFO - Processing file /home/airflow/.local/lib/python3.12/site-packages/airflow/example_dags/example_latest_only_with_trigger.py for tasks to queue
[2024-08-21T13:00:43.168+0000] {logging_mixin.py:190} INFO - [2024-08-21T13:00:43.167+0000] {dagbag.py:587} INFO - Filling up the DagBag from /home/airflow/.local/lib/python3.12/site-packages/airflow/example_dags/example_latest_only_with_trigger.py
[2024-08-21T13:00:43.174+0000] {processor.py:925} INFO - DAG(s) 'latest_only_with_trigger' retrieved from /home/airflow/.local/lib/python3.12/site-packages/airflow/example_dags/example_latest_only_with_trigger.py
[2024-08-21T13:00:43.197+0000] {logging_mixin.py:190} INFO - [2024-08-21T13:00:43.197+0000] {dag.py:3211} INFO - Sync 1 DAGs
[2024-08-21T13:00:43.216+0000] {logging_mixin.py:190} INFO - [2024-08-21T13:00:43.216+0000] {dag.py:4138} INFO - Setting next_dagrun for latest_only_with_trigger to 2024-08-21 08:00:00+00:00, run_after=2024-08-21 12:00:00+00:00
[2024-08-21T13:00:43.238+0000] {processor.py:208} INFO - Processing /home/airflow/.local/lib/python3.12/site-packages/airflow/example_dags/example_latest_only_with_trigger.py took 0.078 seconds
[2024-08-21T13:01:13.313+0000] {processor.py:186} INFO - Started process (PID=2285) to work on /home/airflow/.local/lib/python3.12/site-packages/airflow/example_dags/example_latest_only_with_trigger.py
[2024-08-21T13:01:13.314+0000] {processor.py:914} INFO - Processing file /home/airflow/.local/lib/python3.12/site-packages/airflow/example_dags/example_latest_only_with_trigger.py for tasks to queue
[2024-08-21T13:01:13.316+0000] {logging_mixin.py:190} INFO - [2024-08-21T13:01:13.316+0000] {dagbag.py:587} INFO - Filling up the DagBag from /home/airflow/.local/lib/python3.12/site-packages/airflow/example_dags/example_latest_only_with_trigger.py
[2024-08-21T13:01:13.322+0000] {processor.py:925} INFO - DAG(s) 'latest_only_with_trigger' retrieved from /home/airflow/.local/lib/python3.12/site-packages/airflow/example_dags/example_latest_only_with_trigger.py
[2024-08-21T13:01:13.340+0000] {logging_mixin.py:190} INFO - [2024-08-21T13:01:13.340+0000] {dag.py:3211} INFO - Sync 1 DAGs
[2024-08-21T13:01:13.359+0000] {logging_mixin.py:190} INFO - [2024-08-21T13:01:13.359+0000] {dag.py:4138} INFO - Setting next_dagrun for latest_only_with_trigger to 2024-08-21 08:00:00+00:00, run_after=2024-08-21 12:00:00+00:00
[2024-08-21T13:01:13.374+0000] {processor.py:208} INFO - Processing /home/airflow/.local/lib/python3.12/site-packages/airflow/example_dags/example_latest_only_with_trigger.py took 0.067 seconds
