[2024-08-21T12:57:38.786+0000] {processor.py:186} INFO - Started process (PID=222) to work on /home/airflow/.local/lib/python3.12/site-packages/airflow/example_dags/example_xcomargs.py
[2024-08-21T12:57:38.787+0000] {processor.py:914} INFO - Processing file /home/airflow/.local/lib/python3.12/site-packages/airflow/example_dags/example_xcomargs.py for tasks to queue
[2024-08-21T12:57:38.789+0000] {logging_mixin.py:190} INFO - [2024-08-21T12:57:38.789+0000] {dagbag.py:587} INFO - Filling up the DagBag from /home/airflow/.local/lib/python3.12/site-packages/airflow/example_dags/example_xcomargs.py
[2024-08-21T12:57:38.799+0000] {processor.py:925} INFO - DAG(s) 'example_xcom_args', 'example_xcom_args_with_operators' retrieved from /home/airflow/.local/lib/python3.12/site-packages/airflow/example_dags/example_xcomargs.py
[2024-08-21T12:57:38.906+0000] {logging_mixin.py:190} INFO - [2024-08-21T12:57:38.905+0000] {override.py:1858} INFO - Created Permission View: can delete on DAG:example_xcom_args
[2024-08-21T12:57:38.914+0000] {logging_mixin.py:190} INFO - [2024-08-21T12:57:38.914+0000] {override.py:1858} INFO - Created Permission View: can edit on DAG:example_xcom_args
[2024-08-21T12:57:38.919+0000] {logging_mixin.py:190} INFO - [2024-08-21T12:57:38.919+0000] {override.py:1858} INFO - Created Permission View: can read on DAG:example_xcom_args
[2024-08-21T12:57:38.929+0000] {logging_mixin.py:190} INFO - [2024-08-21T12:57:38.929+0000] {override.py:1858} INFO - Created Permission View: can delete on DAG:example_xcom_args_with_operators
[2024-08-21T12:57:38.934+0000] {logging_mixin.py:190} INFO - [2024-08-21T12:57:38.934+0000] {override.py:1858} INFO - Created Permission View: can edit on DAG:example_xcom_args_with_operators
[2024-08-21T12:57:38.939+0000] {logging_mixin.py:190} INFO - [2024-08-21T12:57:38.939+0000] {override.py:1858} INFO - Created Permission View: can read on DAG:example_xcom_args_with_operators
[2024-08-21T12:57:38.939+0000] {logging_mixin.py:190} INFO - [2024-08-21T12:57:38.939+0000] {dag.py:3211} INFO - Sync 2 DAGs
[2024-08-21T12:57:38.950+0000] {logging_mixin.py:190} INFO - [2024-08-21T12:57:38.950+0000] {dag.py:3234} INFO - Creating ORM DAG for example_xcom_args_with_operators
[2024-08-21T12:57:38.951+0000] {logging_mixin.py:190} INFO - [2024-08-21T12:57:38.951+0000] {dag.py:3234} INFO - Creating ORM DAG for example_xcom_args
[2024-08-21T12:57:38.952+0000] {logging_mixin.py:190} INFO - [2024-08-21T12:57:38.952+0000] {dag.py:4138} INFO - Setting next_dagrun for example_xcom_args to None, run_after=None
[2024-08-21T12:57:38.953+0000] {logging_mixin.py:190} INFO - [2024-08-21T12:57:38.952+0000] {dag.py:4138} INFO - Setting next_dagrun for example_xcom_args_with_operators to None, run_after=None
[2024-08-21T12:57:38.966+0000] {processor.py:208} INFO - Processing /home/airflow/.local/lib/python3.12/site-packages/airflow/example_dags/example_xcomargs.py took 0.186 seconds
[2024-08-21T12:58:09.467+0000] {processor.py:186} INFO - Started process (PID=508) to work on /home/airflow/.local/lib/python3.12/site-packages/airflow/example_dags/example_xcomargs.py
[2024-08-21T12:58:09.468+0000] {processor.py:914} INFO - Processing file /home/airflow/.local/lib/python3.12/site-packages/airflow/example_dags/example_xcomargs.py for tasks to queue
[2024-08-21T12:58:09.471+0000] {logging_mixin.py:190} INFO - [2024-08-21T12:58:09.470+0000] {dagbag.py:587} INFO - Filling up the DagBag from /home/airflow/.local/lib/python3.12/site-packages/airflow/example_dags/example_xcomargs.py
[2024-08-21T12:58:09.480+0000] {processor.py:925} INFO - DAG(s) 'example_xcom_args_with_operators', 'example_xcom_args' retrieved from /home/airflow/.local/lib/python3.12/site-packages/airflow/example_dags/example_xcomargs.py
[2024-08-21T12:58:09.501+0000] {logging_mixin.py:190} INFO - [2024-08-21T12:58:09.501+0000] {dag.py:3211} INFO - Sync 2 DAGs
[2024-08-21T12:58:09.517+0000] {logging_mixin.py:190} INFO - [2024-08-21T12:58:09.517+0000] {dag.py:4138} INFO - Setting next_dagrun for example_xcom_args to None, run_after=None
[2024-08-21T12:58:09.522+0000] {logging_mixin.py:190} INFO - [2024-08-21T12:58:09.521+0000] {dag.py:4138} INFO - Setting next_dagrun for example_xcom_args_with_operators to None, run_after=None
[2024-08-21T12:58:09.537+0000] {processor.py:208} INFO - Processing /home/airflow/.local/lib/python3.12/site-packages/airflow/example_dags/example_xcomargs.py took 0.075 seconds
[2024-08-21T12:58:40.535+0000] {processor.py:186} INFO - Started process (PID=800) to work on /home/airflow/.local/lib/python3.12/site-packages/airflow/example_dags/example_xcomargs.py
[2024-08-21T12:58:40.536+0000] {processor.py:914} INFO - Processing file /home/airflow/.local/lib/python3.12/site-packages/airflow/example_dags/example_xcomargs.py for tasks to queue
[2024-08-21T12:58:40.538+0000] {logging_mixin.py:190} INFO - [2024-08-21T12:58:40.538+0000] {dagbag.py:587} INFO - Filling up the DagBag from /home/airflow/.local/lib/python3.12/site-packages/airflow/example_dags/example_xcomargs.py
[2024-08-21T12:58:40.547+0000] {processor.py:925} INFO - DAG(s) 'example_xcom_args_with_operators', 'example_xcom_args' retrieved from /home/airflow/.local/lib/python3.12/site-packages/airflow/example_dags/example_xcomargs.py
[2024-08-21T12:58:40.566+0000] {logging_mixin.py:190} INFO - [2024-08-21T12:58:40.566+0000] {dag.py:3211} INFO - Sync 2 DAGs
[2024-08-21T12:58:40.578+0000] {logging_mixin.py:190} INFO - [2024-08-21T12:58:40.578+0000] {dag.py:4138} INFO - Setting next_dagrun for example_xcom_args to None, run_after=None
[2024-08-21T12:58:40.582+0000] {logging_mixin.py:190} INFO - [2024-08-21T12:58:40.582+0000] {dag.py:4138} INFO - Setting next_dagrun for example_xcom_args_with_operators to None, run_after=None
[2024-08-21T12:58:40.594+0000] {processor.py:208} INFO - Processing /home/airflow/.local/lib/python3.12/site-packages/airflow/example_dags/example_xcomargs.py took 0.064 seconds
[2024-08-21T12:59:10.754+0000] {processor.py:186} INFO - Started process (PID=1086) to work on /home/airflow/.local/lib/python3.12/site-packages/airflow/example_dags/example_xcomargs.py
[2024-08-21T12:59:10.755+0000] {processor.py:914} INFO - Processing file /home/airflow/.local/lib/python3.12/site-packages/airflow/example_dags/example_xcomargs.py for tasks to queue
[2024-08-21T12:59:10.758+0000] {logging_mixin.py:190} INFO - [2024-08-21T12:59:10.757+0000] {dagbag.py:587} INFO - Filling up the DagBag from /home/airflow/.local/lib/python3.12/site-packages/airflow/example_dags/example_xcomargs.py
[2024-08-21T12:59:10.766+0000] {processor.py:925} INFO - DAG(s) 'example_xcom_args_with_operators', 'example_xcom_args' retrieved from /home/airflow/.local/lib/python3.12/site-packages/airflow/example_dags/example_xcomargs.py
[2024-08-21T12:59:10.786+0000] {logging_mixin.py:190} INFO - [2024-08-21T12:59:10.786+0000] {dag.py:3211} INFO - Sync 2 DAGs
[2024-08-21T12:59:10.799+0000] {logging_mixin.py:190} INFO - [2024-08-21T12:59:10.799+0000] {dag.py:4138} INFO - Setting next_dagrun for example_xcom_args to None, run_after=None
[2024-08-21T12:59:10.802+0000] {logging_mixin.py:190} INFO - [2024-08-21T12:59:10.802+0000] {dag.py:4138} INFO - Setting next_dagrun for example_xcom_args_with_operators to None, run_after=None
[2024-08-21T12:59:10.817+0000] {processor.py:208} INFO - Processing /home/airflow/.local/lib/python3.12/site-packages/airflow/example_dags/example_xcomargs.py took 0.067 seconds
[2024-08-21T12:59:41.072+0000] {processor.py:186} INFO - Started process (PID=1372) to work on /home/airflow/.local/lib/python3.12/site-packages/airflow/example_dags/example_xcomargs.py
[2024-08-21T12:59:41.073+0000] {processor.py:914} INFO - Processing file /home/airflow/.local/lib/python3.12/site-packages/airflow/example_dags/example_xcomargs.py for tasks to queue
[2024-08-21T12:59:41.077+0000] {logging_mixin.py:190} INFO - [2024-08-21T12:59:41.076+0000] {dagbag.py:587} INFO - Filling up the DagBag from /home/airflow/.local/lib/python3.12/site-packages/airflow/example_dags/example_xcomargs.py
[2024-08-21T12:59:41.091+0000] {processor.py:925} INFO - DAG(s) 'example_xcom_args', 'example_xcom_args_with_operators' retrieved from /home/airflow/.local/lib/python3.12/site-packages/airflow/example_dags/example_xcomargs.py
[2024-08-21T12:59:41.137+0000] {logging_mixin.py:190} INFO - [2024-08-21T12:59:41.137+0000] {dag.py:3211} INFO - Sync 2 DAGs
[2024-08-21T12:59:41.155+0000] {logging_mixin.py:190} INFO - [2024-08-21T12:59:41.155+0000] {dag.py:4138} INFO - Setting next_dagrun for example_xcom_args to None, run_after=None
[2024-08-21T12:59:41.160+0000] {logging_mixin.py:190} INFO - [2024-08-21T12:59:41.160+0000] {dag.py:4138} INFO - Setting next_dagrun for example_xcom_args_with_operators to None, run_after=None
[2024-08-21T12:59:41.178+0000] {processor.py:208} INFO - Processing /home/airflow/.local/lib/python3.12/site-packages/airflow/example_dags/example_xcomargs.py took 0.112 seconds
[2024-08-21T13:00:11.298+0000] {processor.py:186} INFO - Started process (PID=1658) to work on /home/airflow/.local/lib/python3.12/site-packages/airflow/example_dags/example_xcomargs.py
[2024-08-21T13:00:11.299+0000] {processor.py:914} INFO - Processing file /home/airflow/.local/lib/python3.12/site-packages/airflow/example_dags/example_xcomargs.py for tasks to queue
[2024-08-21T13:00:11.302+0000] {logging_mixin.py:190} INFO - [2024-08-21T13:00:11.301+0000] {dagbag.py:587} INFO - Filling up the DagBag from /home/airflow/.local/lib/python3.12/site-packages/airflow/example_dags/example_xcomargs.py
[2024-08-21T13:00:11.312+0000] {processor.py:925} INFO - DAG(s) 'example_xcom_args_with_operators', 'example_xcom_args' retrieved from /home/airflow/.local/lib/python3.12/site-packages/airflow/example_dags/example_xcomargs.py
[2024-08-21T13:00:11.331+0000] {logging_mixin.py:190} INFO - [2024-08-21T13:00:11.331+0000] {dag.py:3211} INFO - Sync 2 DAGs
[2024-08-21T13:00:11.346+0000] {logging_mixin.py:190} INFO - [2024-08-21T13:00:11.346+0000] {dag.py:4138} INFO - Setting next_dagrun for example_xcom_args to None, run_after=None
[2024-08-21T13:00:11.350+0000] {logging_mixin.py:190} INFO - [2024-08-21T13:00:11.350+0000] {dag.py:4138} INFO - Setting next_dagrun for example_xcom_args_with_operators to None, run_after=None
[2024-08-21T13:00:11.363+0000] {processor.py:208} INFO - Processing /home/airflow/.local/lib/python3.12/site-packages/airflow/example_dags/example_xcomargs.py took 0.071 seconds
[2024-08-21T13:00:41.503+0000] {processor.py:186} INFO - Started process (PID=1944) to work on /home/airflow/.local/lib/python3.12/site-packages/airflow/example_dags/example_xcomargs.py
[2024-08-21T13:00:41.504+0000] {processor.py:914} INFO - Processing file /home/airflow/.local/lib/python3.12/site-packages/airflow/example_dags/example_xcomargs.py for tasks to queue
[2024-08-21T13:00:41.507+0000] {logging_mixin.py:190} INFO - [2024-08-21T13:00:41.506+0000] {dagbag.py:587} INFO - Filling up the DagBag from /home/airflow/.local/lib/python3.12/site-packages/airflow/example_dags/example_xcomargs.py
[2024-08-21T13:00:41.515+0000] {processor.py:925} INFO - DAG(s) 'example_xcom_args_with_operators', 'example_xcom_args' retrieved from /home/airflow/.local/lib/python3.12/site-packages/airflow/example_dags/example_xcomargs.py
[2024-08-21T13:00:41.536+0000] {logging_mixin.py:190} INFO - [2024-08-21T13:00:41.536+0000] {dag.py:3211} INFO - Sync 2 DAGs
[2024-08-21T13:00:41.550+0000] {logging_mixin.py:190} INFO - [2024-08-21T13:00:41.549+0000] {dag.py:4138} INFO - Setting next_dagrun for example_xcom_args to None, run_after=None
[2024-08-21T13:00:41.554+0000] {logging_mixin.py:190} INFO - [2024-08-21T13:00:41.554+0000] {dag.py:4138} INFO - Setting next_dagrun for example_xcom_args_with_operators to None, run_after=None
[2024-08-21T13:00:41.571+0000] {processor.py:208} INFO - Processing /home/airflow/.local/lib/python3.12/site-packages/airflow/example_dags/example_xcomargs.py took 0.075 seconds
[2024-08-21T13:01:11.796+0000] {processor.py:186} INFO - Started process (PID=2232) to work on /home/airflow/.local/lib/python3.12/site-packages/airflow/example_dags/example_xcomargs.py
[2024-08-21T13:01:11.797+0000] {processor.py:914} INFO - Processing file /home/airflow/.local/lib/python3.12/site-packages/airflow/example_dags/example_xcomargs.py for tasks to queue
[2024-08-21T13:01:11.800+0000] {logging_mixin.py:190} INFO - [2024-08-21T13:01:11.800+0000] {dagbag.py:587} INFO - Filling up the DagBag from /home/airflow/.local/lib/python3.12/site-packages/airflow/example_dags/example_xcomargs.py
[2024-08-21T13:01:11.808+0000] {processor.py:925} INFO - DAG(s) 'example_xcom_args_with_operators', 'example_xcom_args' retrieved from /home/airflow/.local/lib/python3.12/site-packages/airflow/example_dags/example_xcomargs.py
[2024-08-21T13:01:11.827+0000] {logging_mixin.py:190} INFO - [2024-08-21T13:01:11.827+0000] {dag.py:3211} INFO - Sync 2 DAGs
[2024-08-21T13:01:11.840+0000] {logging_mixin.py:190} INFO - [2024-08-21T13:01:11.840+0000] {dag.py:4138} INFO - Setting next_dagrun for example_xcom_args to None, run_after=None
[2024-08-21T13:01:11.844+0000] {logging_mixin.py:190} INFO - [2024-08-21T13:01:11.844+0000] {dag.py:4138} INFO - Setting next_dagrun for example_xcom_args_with_operators to None, run_after=None
[2024-08-21T13:01:11.859+0000] {processor.py:208} INFO - Processing /home/airflow/.local/lib/python3.12/site-packages/airflow/example_dags/example_xcomargs.py took 0.068 seconds
