[2024-08-21T12:57:38.537+0000] {processor.py:186} INFO - Started process (PID=212) to work on /home/airflow/.local/lib/python3.12/site-packages/airflow/example_dags/example_workday_timetable.py
[2024-08-21T12:57:38.538+0000] {processor.py:914} INFO - Processing file /home/airflow/.local/lib/python3.12/site-packages/airflow/example_dags/example_workday_timetable.py for tasks to queue
[2024-08-21T12:57:38.541+0000] {logging_mixin.py:190} INFO - [2024-08-21T12:57:38.541+0000] {dagbag.py:587} INFO - Filling up the DagBag from /home/airflow/.local/lib/python3.12/site-packages/airflow/example_dags/example_workday_timetable.py
[2024-08-21T12:57:38.547+0000] {processor.py:925} INFO - DAG(s) 'example_workday_timetable' retrieved from /home/airflow/.local/lib/python3.12/site-packages/airflow/example_dags/example_workday_timetable.py
[2024-08-21T12:57:38.655+0000] {logging_mixin.py:190} INFO - [2024-08-21T12:57:38.654+0000] {override.py:1858} INFO - Created Permission View: can delete on DAG:example_workday_timetable
[2024-08-21T12:57:38.668+0000] {logging_mixin.py:190} INFO - [2024-08-21T12:57:38.667+0000] {override.py:1858} INFO - Created Permission View: can edit on DAG:example_workday_timetable
[2024-08-21T12:57:38.674+0000] {logging_mixin.py:190} INFO - [2024-08-21T12:57:38.674+0000] {override.py:1858} INFO - Created Permission View: can read on DAG:example_workday_timetable
[2024-08-21T12:57:38.675+0000] {logging_mixin.py:190} INFO - [2024-08-21T12:57:38.675+0000] {dag.py:3211} INFO - Sync 1 DAGs
[2024-08-21T12:57:38.688+0000] {logging_mixin.py:190} INFO - [2024-08-21T12:57:38.687+0000] {dag.py:3234} INFO - Creating ORM DAG for example_workday_timetable
[2024-08-21T12:57:38.741+0000] {logging_mixin.py:190} INFO - [2024-08-21T12:57:38.741+0000] {dag.py:4138} INFO - Setting next_dagrun for example_workday_timetable to 2021-01-04 00:00:00+00:00, run_after=2021-01-05 00:00:00+00:00
[2024-08-21T12:57:38.755+0000] {processor.py:208} INFO - Processing /home/airflow/.local/lib/python3.12/site-packages/airflow/example_dags/example_workday_timetable.py took 0.225 seconds
[2024-08-21T12:58:09.344+0000] {processor.py:186} INFO - Started process (PID=498) to work on /home/airflow/.local/lib/python3.12/site-packages/airflow/example_dags/example_workday_timetable.py
[2024-08-21T12:58:09.345+0000] {processor.py:914} INFO - Processing file /home/airflow/.local/lib/python3.12/site-packages/airflow/example_dags/example_workday_timetable.py for tasks to queue
[2024-08-21T12:58:09.347+0000] {logging_mixin.py:190} INFO - [2024-08-21T12:58:09.347+0000] {dagbag.py:587} INFO - Filling up the DagBag from /home/airflow/.local/lib/python3.12/site-packages/airflow/example_dags/example_workday_timetable.py
[2024-08-21T12:58:09.352+0000] {processor.py:925} INFO - DAG(s) 'example_workday_timetable' retrieved from /home/airflow/.local/lib/python3.12/site-packages/airflow/example_dags/example_workday_timetable.py
[2024-08-21T12:58:09.370+0000] {logging_mixin.py:190} INFO - [2024-08-21T12:58:09.370+0000] {dag.py:3211} INFO - Sync 1 DAGs
[2024-08-21T12:58:09.428+0000] {logging_mixin.py:190} INFO - [2024-08-21T12:58:09.428+0000] {dag.py:4138} INFO - Setting next_dagrun for example_workday_timetable to 2021-01-04 00:00:00+00:00, run_after=2021-01-05 00:00:00+00:00
[2024-08-21T12:58:09.444+0000] {processor.py:208} INFO - Processing /home/airflow/.local/lib/python3.12/site-packages/airflow/example_dags/example_workday_timetable.py took 0.104 seconds
[2024-08-21T12:58:40.422+0000] {processor.py:186} INFO - Started process (PID=790) to work on /home/airflow/.local/lib/python3.12/site-packages/airflow/example_dags/example_workday_timetable.py
[2024-08-21T12:58:40.423+0000] {processor.py:914} INFO - Processing file /home/airflow/.local/lib/python3.12/site-packages/airflow/example_dags/example_workday_timetable.py for tasks to queue
[2024-08-21T12:58:40.426+0000] {logging_mixin.py:190} INFO - [2024-08-21T12:58:40.425+0000] {dagbag.py:587} INFO - Filling up the DagBag from /home/airflow/.local/lib/python3.12/site-packages/airflow/example_dags/example_workday_timetable.py
[2024-08-21T12:58:40.431+0000] {processor.py:925} INFO - DAG(s) 'example_workday_timetable' retrieved from /home/airflow/.local/lib/python3.12/site-packages/airflow/example_dags/example_workday_timetable.py
[2024-08-21T12:58:40.447+0000] {logging_mixin.py:190} INFO - [2024-08-21T12:58:40.446+0000] {dag.py:3211} INFO - Sync 1 DAGs
[2024-08-21T12:58:40.494+0000] {logging_mixin.py:190} INFO - [2024-08-21T12:58:40.494+0000] {dag.py:4138} INFO - Setting next_dagrun for example_workday_timetable to 2021-01-04 00:00:00+00:00, run_after=2021-01-05 00:00:00+00:00
[2024-08-21T12:58:40.509+0000] {processor.py:208} INFO - Processing /home/airflow/.local/lib/python3.12/site-packages/airflow/example_dags/example_workday_timetable.py took 0.091 seconds
[2024-08-21T12:59:10.573+0000] {processor.py:186} INFO - Started process (PID=1076) to work on /home/airflow/.local/lib/python3.12/site-packages/airflow/example_dags/example_workday_timetable.py
[2024-08-21T12:59:10.573+0000] {processor.py:914} INFO - Processing file /home/airflow/.local/lib/python3.12/site-packages/airflow/example_dags/example_workday_timetable.py for tasks to queue
[2024-08-21T12:59:10.576+0000] {logging_mixin.py:190} INFO - [2024-08-21T12:59:10.576+0000] {dagbag.py:587} INFO - Filling up the DagBag from /home/airflow/.local/lib/python3.12/site-packages/airflow/example_dags/example_workday_timetable.py
[2024-08-21T12:59:10.583+0000] {processor.py:925} INFO - DAG(s) 'example_workday_timetable' retrieved from /home/airflow/.local/lib/python3.12/site-packages/airflow/example_dags/example_workday_timetable.py
[2024-08-21T12:59:10.600+0000] {logging_mixin.py:190} INFO - [2024-08-21T12:59:10.600+0000] {dag.py:3211} INFO - Sync 1 DAGs
[2024-08-21T12:59:10.652+0000] {logging_mixin.py:190} INFO - [2024-08-21T12:59:10.652+0000] {dag.py:4138} INFO - Setting next_dagrun for example_workday_timetable to 2021-01-04 00:00:00+00:00, run_after=2021-01-05 00:00:00+00:00
[2024-08-21T12:59:10.671+0000] {processor.py:208} INFO - Processing /home/airflow/.local/lib/python3.12/site-packages/airflow/example_dags/example_workday_timetable.py took 0.103 seconds
[2024-08-21T12:59:40.877+0000] {processor.py:186} INFO - Started process (PID=1362) to work on /home/airflow/.local/lib/python3.12/site-packages/airflow/example_dags/example_workday_timetable.py
[2024-08-21T12:59:40.878+0000] {processor.py:914} INFO - Processing file /home/airflow/.local/lib/python3.12/site-packages/airflow/example_dags/example_workday_timetable.py for tasks to queue
[2024-08-21T12:59:40.881+0000] {logging_mixin.py:190} INFO - [2024-08-21T12:59:40.881+0000] {dagbag.py:587} INFO - Filling up the DagBag from /home/airflow/.local/lib/python3.12/site-packages/airflow/example_dags/example_workday_timetable.py
[2024-08-21T12:59:40.890+0000] {processor.py:925} INFO - DAG(s) 'example_workday_timetable' retrieved from /home/airflow/.local/lib/python3.12/site-packages/airflow/example_dags/example_workday_timetable.py
[2024-08-21T12:59:40.915+0000] {logging_mixin.py:190} INFO - [2024-08-21T12:59:40.915+0000] {dag.py:3211} INFO - Sync 1 DAGs
[2024-08-21T12:59:40.971+0000] {logging_mixin.py:190} INFO - [2024-08-21T12:59:40.971+0000] {dag.py:4138} INFO - Setting next_dagrun for example_workday_timetable to 2021-01-04 00:00:00+00:00, run_after=2021-01-05 00:00:00+00:00
[2024-08-21T12:59:40.989+0000] {processor.py:208} INFO - Processing /home/airflow/.local/lib/python3.12/site-packages/airflow/example_dags/example_workday_timetable.py took 0.120 seconds
[2024-08-21T13:00:11.116+0000] {processor.py:186} INFO - Started process (PID=1648) to work on /home/airflow/.local/lib/python3.12/site-packages/airflow/example_dags/example_workday_timetable.py
[2024-08-21T13:00:11.117+0000] {processor.py:914} INFO - Processing file /home/airflow/.local/lib/python3.12/site-packages/airflow/example_dags/example_workday_timetable.py for tasks to queue
[2024-08-21T13:00:11.120+0000] {logging_mixin.py:190} INFO - [2024-08-21T13:00:11.120+0000] {dagbag.py:587} INFO - Filling up the DagBag from /home/airflow/.local/lib/python3.12/site-packages/airflow/example_dags/example_workday_timetable.py
[2024-08-21T13:00:11.125+0000] {processor.py:925} INFO - DAG(s) 'example_workday_timetable' retrieved from /home/airflow/.local/lib/python3.12/site-packages/airflow/example_dags/example_workday_timetable.py
[2024-08-21T13:00:11.143+0000] {logging_mixin.py:190} INFO - [2024-08-21T13:00:11.142+0000] {dag.py:3211} INFO - Sync 1 DAGs
[2024-08-21T13:00:11.200+0000] {logging_mixin.py:190} INFO - [2024-08-21T13:00:11.200+0000] {dag.py:4138} INFO - Setting next_dagrun for example_workday_timetable to 2021-01-04 00:00:00+00:00, run_after=2021-01-05 00:00:00+00:00
[2024-08-21T13:00:11.215+0000] {processor.py:208} INFO - Processing /home/airflow/.local/lib/python3.12/site-packages/airflow/example_dags/example_workday_timetable.py took 0.105 seconds
[2024-08-21T13:00:41.328+0000] {processor.py:186} INFO - Started process (PID=1934) to work on /home/airflow/.local/lib/python3.12/site-packages/airflow/example_dags/example_workday_timetable.py
[2024-08-21T13:00:41.329+0000] {processor.py:914} INFO - Processing file /home/airflow/.local/lib/python3.12/site-packages/airflow/example_dags/example_workday_timetable.py for tasks to queue
[2024-08-21T13:00:41.331+0000] {logging_mixin.py:190} INFO - [2024-08-21T13:00:41.330+0000] {dagbag.py:587} INFO - Filling up the DagBag from /home/airflow/.local/lib/python3.12/site-packages/airflow/example_dags/example_workday_timetable.py
[2024-08-21T13:00:41.336+0000] {processor.py:925} INFO - DAG(s) 'example_workday_timetable' retrieved from /home/airflow/.local/lib/python3.12/site-packages/airflow/example_dags/example_workday_timetable.py
[2024-08-21T13:00:41.352+0000] {logging_mixin.py:190} INFO - [2024-08-21T13:00:41.352+0000] {dag.py:3211} INFO - Sync 1 DAGs
[2024-08-21T13:00:41.397+0000] {logging_mixin.py:190} INFO - [2024-08-21T13:00:41.397+0000] {dag.py:4138} INFO - Setting next_dagrun for example_workday_timetable to 2021-01-04 00:00:00+00:00, run_after=2021-01-05 00:00:00+00:00
[2024-08-21T13:00:41.411+0000] {processor.py:208} INFO - Processing /home/airflow/.local/lib/python3.12/site-packages/airflow/example_dags/example_workday_timetable.py took 0.088 seconds
[2024-08-21T13:01:11.434+0000] {processor.py:186} INFO - Started process (PID=2215) to work on /home/airflow/.local/lib/python3.12/site-packages/airflow/example_dags/example_workday_timetable.py
[2024-08-21T13:01:11.435+0000] {processor.py:914} INFO - Processing file /home/airflow/.local/lib/python3.12/site-packages/airflow/example_dags/example_workday_timetable.py for tasks to queue
[2024-08-21T13:01:11.437+0000] {logging_mixin.py:190} INFO - [2024-08-21T13:01:11.437+0000] {dagbag.py:587} INFO - Filling up the DagBag from /home/airflow/.local/lib/python3.12/site-packages/airflow/example_dags/example_workday_timetable.py
[2024-08-21T13:01:11.442+0000] {processor.py:925} INFO - DAG(s) 'example_workday_timetable' retrieved from /home/airflow/.local/lib/python3.12/site-packages/airflow/example_dags/example_workday_timetable.py
[2024-08-21T13:01:11.461+0000] {logging_mixin.py:190} INFO - [2024-08-21T13:01:11.461+0000] {dag.py:3211} INFO - Sync 1 DAGs
[2024-08-21T13:01:11.512+0000] {logging_mixin.py:190} INFO - [2024-08-21T13:01:11.512+0000] {dag.py:4138} INFO - Setting next_dagrun for example_workday_timetable to 2021-01-04 00:00:00+00:00, run_after=2021-01-05 00:00:00+00:00
[2024-08-21T13:01:11.528+0000] {processor.py:208} INFO - Processing /home/airflow/.local/lib/python3.12/site-packages/airflow/example_dags/example_workday_timetable.py took 0.100 seconds
