[2024-08-21T12:57:39.716+0000] {processor.py:186} INFO - Started process (PID=263) to work on /home/airflow/.local/lib/python3.12/site-packages/airflow/example_dags/example_task_group_decorator.py
[2024-08-21T12:57:39.717+0000] {processor.py:914} INFO - Processing file /home/airflow/.local/lib/python3.12/site-packages/airflow/example_dags/example_task_group_decorator.py for tasks to queue
[2024-08-21T12:57:39.720+0000] {logging_mixin.py:190} INFO - [2024-08-21T12:57:39.720+0000] {dagbag.py:587} INFO - Filling up the DagBag from /home/airflow/.local/lib/python3.12/site-packages/airflow/example_dags/example_task_group_decorator.py
[2024-08-21T12:57:39.740+0000] {processor.py:925} INFO - DAG(s) 'example_task_group_decorator' retrieved from /home/airflow/.local/lib/python3.12/site-packages/airflow/example_dags/example_task_group_decorator.py
[2024-08-21T12:57:39.870+0000] {logging_mixin.py:190} INFO - [2024-08-21T12:57:39.869+0000] {override.py:1858} INFO - Created Permission View: can delete on DAG:example_task_group_decorator
[2024-08-21T12:57:39.885+0000] {logging_mixin.py:190} INFO - [2024-08-21T12:57:39.884+0000] {override.py:1858} INFO - Created Permission View: can edit on DAG:example_task_group_decorator
[2024-08-21T12:57:39.893+0000] {logging_mixin.py:190} INFO - [2024-08-21T12:57:39.893+0000] {override.py:1858} INFO - Created Permission View: can read on DAG:example_task_group_decorator
[2024-08-21T12:57:39.894+0000] {logging_mixin.py:190} INFO - [2024-08-21T12:57:39.894+0000] {dag.py:3211} INFO - Sync 1 DAGs
[2024-08-21T12:57:39.909+0000] {logging_mixin.py:190} INFO - [2024-08-21T12:57:39.908+0000] {dag.py:3234} INFO - Creating ORM DAG for example_task_group_decorator
[2024-08-21T12:57:39.919+0000] {logging_mixin.py:190} INFO - [2024-08-21T12:57:39.919+0000] {dag.py:4138} INFO - Setting next_dagrun for example_task_group_decorator to 2024-08-20 00:00:00+00:00, run_after=2024-08-21 00:00:00+00:00
[2024-08-21T12:57:39.936+0000] {processor.py:208} INFO - Processing /home/airflow/.local/lib/python3.12/site-packages/airflow/example_dags/example_task_group_decorator.py took 0.226 seconds
[2024-08-21T12:58:10.753+0000] {processor.py:186} INFO - Started process (PID=549) to work on /home/airflow/.local/lib/python3.12/site-packages/airflow/example_dags/example_task_group_decorator.py
[2024-08-21T12:58:10.753+0000] {processor.py:914} INFO - Processing file /home/airflow/.local/lib/python3.12/site-packages/airflow/example_dags/example_task_group_decorator.py for tasks to queue
[2024-08-21T12:58:10.755+0000] {logging_mixin.py:190} INFO - [2024-08-21T12:58:10.755+0000] {dagbag.py:587} INFO - Filling up the DagBag from /home/airflow/.local/lib/python3.12/site-packages/airflow/example_dags/example_task_group_decorator.py
[2024-08-21T12:58:10.768+0000] {processor.py:925} INFO - DAG(s) 'example_task_group_decorator' retrieved from /home/airflow/.local/lib/python3.12/site-packages/airflow/example_dags/example_task_group_decorator.py
[2024-08-21T12:58:10.795+0000] {logging_mixin.py:190} INFO - [2024-08-21T12:58:10.795+0000] {dag.py:3211} INFO - Sync 1 DAGs
[2024-08-21T12:58:10.818+0000] {logging_mixin.py:190} INFO - [2024-08-21T12:58:10.817+0000] {dag.py:4138} INFO - Setting next_dagrun for example_task_group_decorator to 2024-08-20 00:00:00+00:00, run_after=2024-08-21 00:00:00+00:00
[2024-08-21T12:58:10.835+0000] {processor.py:208} INFO - Processing /home/airflow/.local/lib/python3.12/site-packages/airflow/example_dags/example_task_group_decorator.py took 0.087 seconds
[2024-08-21T12:58:41.830+0000] {processor.py:186} INFO - Started process (PID=835) to work on /home/airflow/.local/lib/python3.12/site-packages/airflow/example_dags/example_task_group_decorator.py
[2024-08-21T12:58:41.833+0000] {processor.py:914} INFO - Processing file /home/airflow/.local/lib/python3.12/site-packages/airflow/example_dags/example_task_group_decorator.py for tasks to queue
[2024-08-21T12:58:41.835+0000] {logging_mixin.py:190} INFO - [2024-08-21T12:58:41.835+0000] {dagbag.py:587} INFO - Filling up the DagBag from /home/airflow/.local/lib/python3.12/site-packages/airflow/example_dags/example_task_group_decorator.py
[2024-08-21T12:58:41.847+0000] {processor.py:925} INFO - DAG(s) 'example_task_group_decorator' retrieved from /home/airflow/.local/lib/python3.12/site-packages/airflow/example_dags/example_task_group_decorator.py
[2024-08-21T12:58:41.868+0000] {logging_mixin.py:190} INFO - [2024-08-21T12:58:41.868+0000] {dag.py:3211} INFO - Sync 1 DAGs
[2024-08-21T12:58:41.885+0000] {logging_mixin.py:190} INFO - [2024-08-21T12:58:41.885+0000] {dag.py:4138} INFO - Setting next_dagrun for example_task_group_decorator to 2024-08-20 00:00:00+00:00, run_after=2024-08-21 00:00:00+00:00
[2024-08-21T12:58:41.905+0000] {processor.py:208} INFO - Processing /home/airflow/.local/lib/python3.12/site-packages/airflow/example_dags/example_task_group_decorator.py took 0.081 seconds
[2024-08-21T12:59:12.055+0000] {processor.py:186} INFO - Started process (PID=1118) to work on /home/airflow/.local/lib/python3.12/site-packages/airflow/example_dags/example_task_group_decorator.py
[2024-08-21T12:59:12.056+0000] {processor.py:914} INFO - Processing file /home/airflow/.local/lib/python3.12/site-packages/airflow/example_dags/example_task_group_decorator.py for tasks to queue
[2024-08-21T12:59:12.059+0000] {logging_mixin.py:190} INFO - [2024-08-21T12:59:12.058+0000] {dagbag.py:587} INFO - Filling up the DagBag from /home/airflow/.local/lib/python3.12/site-packages/airflow/example_dags/example_task_group_decorator.py
[2024-08-21T12:59:12.073+0000] {processor.py:925} INFO - DAG(s) 'example_task_group_decorator' retrieved from /home/airflow/.local/lib/python3.12/site-packages/airflow/example_dags/example_task_group_decorator.py
[2024-08-21T12:59:12.098+0000] {logging_mixin.py:190} INFO - [2024-08-21T12:59:12.098+0000] {dag.py:3211} INFO - Sync 1 DAGs
[2024-08-21T12:59:12.119+0000] {logging_mixin.py:190} INFO - [2024-08-21T12:59:12.119+0000] {dag.py:4138} INFO - Setting next_dagrun for example_task_group_decorator to 2024-08-20 00:00:00+00:00, run_after=2024-08-21 00:00:00+00:00
[2024-08-21T12:59:12.135+0000] {processor.py:208} INFO - Processing /home/airflow/.local/lib/python3.12/site-packages/airflow/example_dags/example_task_group_decorator.py took 0.086 seconds
[2024-08-21T12:59:42.457+0000] {processor.py:186} INFO - Started process (PID=1407) to work on /home/airflow/.local/lib/python3.12/site-packages/airflow/example_dags/example_task_group_decorator.py
[2024-08-21T12:59:42.457+0000] {processor.py:914} INFO - Processing file /home/airflow/.local/lib/python3.12/site-packages/airflow/example_dags/example_task_group_decorator.py for tasks to queue
[2024-08-21T12:59:42.460+0000] {logging_mixin.py:190} INFO - [2024-08-21T12:59:42.459+0000] {dagbag.py:587} INFO - Filling up the DagBag from /home/airflow/.local/lib/python3.12/site-packages/airflow/example_dags/example_task_group_decorator.py
[2024-08-21T12:59:42.473+0000] {processor.py:925} INFO - DAG(s) 'example_task_group_decorator' retrieved from /home/airflow/.local/lib/python3.12/site-packages/airflow/example_dags/example_task_group_decorator.py
[2024-08-21T12:59:42.494+0000] {logging_mixin.py:190} INFO - [2024-08-21T12:59:42.494+0000] {dag.py:3211} INFO - Sync 1 DAGs
[2024-08-21T12:59:42.514+0000] {logging_mixin.py:190} INFO - [2024-08-21T12:59:42.513+0000] {dag.py:4138} INFO - Setting next_dagrun for example_task_group_decorator to 2024-08-20 00:00:00+00:00, run_after=2024-08-21 00:00:00+00:00
[2024-08-21T12:59:42.539+0000] {processor.py:208} INFO - Processing /home/airflow/.local/lib/python3.12/site-packages/airflow/example_dags/example_task_group_decorator.py took 0.090 seconds
[2024-08-21T13:00:12.597+0000] {processor.py:186} INFO - Started process (PID=1690) to work on /home/airflow/.local/lib/python3.12/site-packages/airflow/example_dags/example_task_group_decorator.py
[2024-08-21T13:00:12.598+0000] {processor.py:914} INFO - Processing file /home/airflow/.local/lib/python3.12/site-packages/airflow/example_dags/example_task_group_decorator.py for tasks to queue
[2024-08-21T13:00:12.600+0000] {logging_mixin.py:190} INFO - [2024-08-21T13:00:12.600+0000] {dagbag.py:587} INFO - Filling up the DagBag from /home/airflow/.local/lib/python3.12/site-packages/airflow/example_dags/example_task_group_decorator.py
[2024-08-21T13:00:12.612+0000] {processor.py:925} INFO - DAG(s) 'example_task_group_decorator' retrieved from /home/airflow/.local/lib/python3.12/site-packages/airflow/example_dags/example_task_group_decorator.py
[2024-08-21T13:00:12.629+0000] {logging_mixin.py:190} INFO - [2024-08-21T13:00:12.629+0000] {dag.py:3211} INFO - Sync 1 DAGs
[2024-08-21T13:00:12.646+0000] {logging_mixin.py:190} INFO - [2024-08-21T13:00:12.646+0000] {dag.py:4138} INFO - Setting next_dagrun for example_task_group_decorator to 2024-08-20 00:00:00+00:00, run_after=2024-08-21 00:00:00+00:00
[2024-08-21T13:00:12.665+0000] {processor.py:208} INFO - Processing /home/airflow/.local/lib/python3.12/site-packages/airflow/example_dags/example_task_group_decorator.py took 0.076 seconds
[2024-08-21T13:00:42.790+0000] {processor.py:186} INFO - Started process (PID=1976) to work on /home/airflow/.local/lib/python3.12/site-packages/airflow/example_dags/example_task_group_decorator.py
[2024-08-21T13:00:42.791+0000] {processor.py:914} INFO - Processing file /home/airflow/.local/lib/python3.12/site-packages/airflow/example_dags/example_task_group_decorator.py for tasks to queue
[2024-08-21T13:00:42.793+0000] {logging_mixin.py:190} INFO - [2024-08-21T13:00:42.792+0000] {dagbag.py:587} INFO - Filling up the DagBag from /home/airflow/.local/lib/python3.12/site-packages/airflow/example_dags/example_task_group_decorator.py
[2024-08-21T13:00:42.806+0000] {processor.py:925} INFO - DAG(s) 'example_task_group_decorator' retrieved from /home/airflow/.local/lib/python3.12/site-packages/airflow/example_dags/example_task_group_decorator.py
[2024-08-21T13:00:42.830+0000] {logging_mixin.py:190} INFO - [2024-08-21T13:00:42.830+0000] {dag.py:3211} INFO - Sync 1 DAGs
[2024-08-21T13:00:42.848+0000] {logging_mixin.py:190} INFO - [2024-08-21T13:00:42.847+0000] {dag.py:4138} INFO - Setting next_dagrun for example_task_group_decorator to 2024-08-20 00:00:00+00:00, run_after=2024-08-21 00:00:00+00:00
[2024-08-21T13:00:42.866+0000] {processor.py:208} INFO - Processing /home/airflow/.local/lib/python3.12/site-packages/airflow/example_dags/example_task_group_decorator.py took 0.082 seconds
[2024-08-21T13:01:13.092+0000] {processor.py:186} INFO - Started process (PID=2262) to work on /home/airflow/.local/lib/python3.12/site-packages/airflow/example_dags/example_task_group_decorator.py
[2024-08-21T13:01:13.093+0000] {processor.py:914} INFO - Processing file /home/airflow/.local/lib/python3.12/site-packages/airflow/example_dags/example_task_group_decorator.py for tasks to queue
[2024-08-21T13:01:13.095+0000] {logging_mixin.py:190} INFO - [2024-08-21T13:01:13.095+0000] {dagbag.py:587} INFO - Filling up the DagBag from /home/airflow/.local/lib/python3.12/site-packages/airflow/example_dags/example_task_group_decorator.py
[2024-08-21T13:01:13.111+0000] {processor.py:925} INFO - DAG(s) 'example_task_group_decorator' retrieved from /home/airflow/.local/lib/python3.12/site-packages/airflow/example_dags/example_task_group_decorator.py
[2024-08-21T13:01:13.134+0000] {logging_mixin.py:190} INFO - [2024-08-21T13:01:13.134+0000] {dag.py:3211} INFO - Sync 1 DAGs
[2024-08-21T13:01:13.155+0000] {logging_mixin.py:190} INFO - [2024-08-21T13:01:13.155+0000] {dag.py:4138} INFO - Setting next_dagrun for example_task_group_decorator to 2024-08-20 00:00:00+00:00, run_after=2024-08-21 00:00:00+00:00
[2024-08-21T13:01:13.176+0000] {processor.py:208} INFO - Processing /home/airflow/.local/lib/python3.12/site-packages/airflow/example_dags/example_task_group_decorator.py took 0.089 seconds
