[2024-08-21T12:57:37.797+0000] {processor.py:186} INFO - Started process (PID=189) to work on /home/airflow/.local/lib/python3.12/site-packages/airflow/example_dags/example_dataset_alias_with_no_taskflow.py
[2024-08-21T12:57:37.798+0000] {processor.py:914} INFO - Processing file /home/airflow/.local/lib/python3.12/site-packages/airflow/example_dags/example_dataset_alias_with_no_taskflow.py for tasks to queue
[2024-08-21T12:57:37.801+0000] {logging_mixin.py:190} INFO - [2024-08-21T12:57:37.801+0000] {dagbag.py:587} INFO - Filling up the DagBag from /home/airflow/.local/lib/python3.12/site-packages/airflow/example_dags/example_dataset_alias_with_no_taskflow.py
[2024-08-21T12:57:38.277+0000] {processor.py:925} INFO - DAG(s) 'dataset_alias_example_alias_consumer_with_no_taskflow', 'dataset_s3_bucket_producer_with_no_taskflow', 'dataset_alias_example_alias_producer_with_no_taskflow', 'dataset_s3_bucket_consumer_with_no_taskflow' retrieved from /home/airflow/.local/lib/python3.12/site-packages/airflow/example_dags/example_dataset_alias_with_no_taskflow.py
[2024-08-21T12:57:38.352+0000] {logging_mixin.py:190} INFO - [2024-08-21T12:57:38.351+0000] {override.py:1858} INFO - Created Permission View: can delete on DAG:dataset_alias_example_alias_consumer_with_no_taskflow
[2024-08-21T12:57:38.360+0000] {logging_mixin.py:190} INFO - [2024-08-21T12:57:38.360+0000] {override.py:1858} INFO - Created Permission View: can edit on DAG:dataset_alias_example_alias_consumer_with_no_taskflow
[2024-08-21T12:57:38.366+0000] {logging_mixin.py:190} INFO - [2024-08-21T12:57:38.366+0000] {override.py:1858} INFO - Created Permission View: can read on DAG:dataset_alias_example_alias_consumer_with_no_taskflow
[2024-08-21T12:57:38.379+0000] {logging_mixin.py:190} INFO - [2024-08-21T12:57:38.379+0000] {override.py:1858} INFO - Created Permission View: can delete on DAG:dataset_s3_bucket_producer_with_no_taskflow
[2024-08-21T12:57:38.386+0000] {logging_mixin.py:190} INFO - [2024-08-21T12:57:38.386+0000] {override.py:1858} INFO - Created Permission View: can edit on DAG:dataset_s3_bucket_producer_with_no_taskflow
[2024-08-21T12:57:38.394+0000] {logging_mixin.py:190} INFO - [2024-08-21T12:57:38.393+0000] {override.py:1858} INFO - Created Permission View: can read on DAG:dataset_s3_bucket_producer_with_no_taskflow
[2024-08-21T12:57:38.408+0000] {logging_mixin.py:190} INFO - [2024-08-21T12:57:38.407+0000] {override.py:1858} INFO - Created Permission View: can delete on DAG:dataset_alias_example_alias_producer_with_no_taskflow
[2024-08-21T12:57:38.414+0000] {logging_mixin.py:190} INFO - [2024-08-21T12:57:38.414+0000] {override.py:1858} INFO - Created Permission View: can edit on DAG:dataset_alias_example_alias_producer_with_no_taskflow
[2024-08-21T12:57:38.420+0000] {logging_mixin.py:190} INFO - [2024-08-21T12:57:38.420+0000] {override.py:1858} INFO - Created Permission View: can read on DAG:dataset_alias_example_alias_producer_with_no_taskflow
[2024-08-21T12:57:38.432+0000] {logging_mixin.py:190} INFO - [2024-08-21T12:57:38.431+0000] {override.py:1858} INFO - Created Permission View: can delete on DAG:dataset_s3_bucket_consumer_with_no_taskflow
[2024-08-21T12:57:38.438+0000] {logging_mixin.py:190} INFO - [2024-08-21T12:57:38.438+0000] {override.py:1858} INFO - Created Permission View: can edit on DAG:dataset_s3_bucket_consumer_with_no_taskflow
[2024-08-21T12:57:38.444+0000] {logging_mixin.py:190} INFO - [2024-08-21T12:57:38.444+0000] {override.py:1858} INFO - Created Permission View: can read on DAG:dataset_s3_bucket_consumer_with_no_taskflow
[2024-08-21T12:57:38.445+0000] {logging_mixin.py:190} INFO - [2024-08-21T12:57:38.445+0000] {dag.py:3211} INFO - Sync 4 DAGs
[2024-08-21T12:57:38.456+0000] {logging_mixin.py:190} INFO - [2024-08-21T12:57:38.456+0000] {dag.py:3234} INFO - Creating ORM DAG for dataset_alias_example_alias_consumer_with_no_taskflow
[2024-08-21T12:57:38.457+0000] {logging_mixin.py:190} INFO - [2024-08-21T12:57:38.457+0000] {dag.py:3234} INFO - Creating ORM DAG for dataset_s3_bucket_producer_with_no_taskflow
[2024-08-21T12:57:38.458+0000] {logging_mixin.py:190} INFO - [2024-08-21T12:57:38.458+0000] {dag.py:3234} INFO - Creating ORM DAG for dataset_alias_example_alias_producer_with_no_taskflow
[2024-08-21T12:57:38.459+0000] {logging_mixin.py:190} INFO - [2024-08-21T12:57:38.459+0000] {dag.py:3234} INFO - Creating ORM DAG for dataset_s3_bucket_consumer_with_no_taskflow
[2024-08-21T12:57:38.469+0000] {logging_mixin.py:190} INFO - [2024-08-21T12:57:38.469+0000] {dag.py:4138} INFO - Setting next_dagrun for dataset_alias_example_alias_consumer_with_no_taskflow to None, run_after=None
[2024-08-21T12:57:38.471+0000] {logging_mixin.py:190} INFO - [2024-08-21T12:57:38.471+0000] {dag.py:4138} INFO - Setting next_dagrun for dataset_alias_example_alias_producer_with_no_taskflow to None, run_after=None
[2024-08-21T12:57:38.472+0000] {logging_mixin.py:190} INFO - [2024-08-21T12:57:38.472+0000] {dag.py:4138} INFO - Setting next_dagrun for dataset_s3_bucket_consumer_with_no_taskflow to None, run_after=None
[2024-08-21T12:57:38.473+0000] {logging_mixin.py:190} INFO - [2024-08-21T12:57:38.473+0000] {dag.py:4138} INFO - Setting next_dagrun for dataset_s3_bucket_producer_with_no_taskflow to None, run_after=None
[2024-08-21T12:57:38.503+0000] {processor.py:208} INFO - Processing /home/airflow/.local/lib/python3.12/site-packages/airflow/example_dags/example_dataset_alias_with_no_taskflow.py took 0.713 seconds
[2024-08-21T12:58:09.090+0000] {processor.py:186} INFO - Started process (PID=480) to work on /home/airflow/.local/lib/python3.12/site-packages/airflow/example_dags/example_dataset_alias_with_no_taskflow.py
[2024-08-21T12:58:09.091+0000] {processor.py:914} INFO - Processing file /home/airflow/.local/lib/python3.12/site-packages/airflow/example_dags/example_dataset_alias_with_no_taskflow.py for tasks to queue
[2024-08-21T12:58:09.097+0000] {logging_mixin.py:190} INFO - [2024-08-21T12:58:09.097+0000] {dagbag.py:587} INFO - Filling up the DagBag from /home/airflow/.local/lib/python3.12/site-packages/airflow/example_dags/example_dataset_alias_with_no_taskflow.py
[2024-08-21T12:58:09.193+0000] {processor.py:925} INFO - DAG(s) 'dataset_s3_bucket_producer_with_no_taskflow', 'dataset_alias_example_alias_consumer_with_no_taskflow', 'dataset_alias_example_alias_producer_with_no_taskflow', 'dataset_s3_bucket_consumer_with_no_taskflow' retrieved from /home/airflow/.local/lib/python3.12/site-packages/airflow/example_dags/example_dataset_alias_with_no_taskflow.py
[2024-08-21T12:58:09.209+0000] {logging_mixin.py:190} INFO - [2024-08-21T12:58:09.209+0000] {dag.py:3211} INFO - Sync 4 DAGs
[2024-08-21T12:58:09.230+0000] {logging_mixin.py:190} INFO - [2024-08-21T12:58:09.230+0000] {dag.py:4138} INFO - Setting next_dagrun for dataset_alias_example_alias_consumer_with_no_taskflow to None, run_after=None
[2024-08-21T12:58:09.232+0000] {logging_mixin.py:190} INFO - [2024-08-21T12:58:09.232+0000] {dag.py:4138} INFO - Setting next_dagrun for dataset_alias_example_alias_producer_with_no_taskflow to None, run_after=None
[2024-08-21T12:58:09.233+0000] {logging_mixin.py:190} INFO - [2024-08-21T12:58:09.233+0000] {dag.py:4138} INFO - Setting next_dagrun for dataset_s3_bucket_consumer_with_no_taskflow to None, run_after=None
[2024-08-21T12:58:09.234+0000] {logging_mixin.py:190} INFO - [2024-08-21T12:58:09.234+0000] {dag.py:4138} INFO - Setting next_dagrun for dataset_s3_bucket_producer_with_no_taskflow to None, run_after=None
[2024-08-21T12:58:09.250+0000] {processor.py:208} INFO - Processing /home/airflow/.local/lib/python3.12/site-packages/airflow/example_dags/example_dataset_alias_with_no_taskflow.py took 0.164 seconds
[2024-08-21T12:58:40.149+0000] {processor.py:186} INFO - Started process (PID=772) to work on /home/airflow/.local/lib/python3.12/site-packages/airflow/example_dags/example_dataset_alias_with_no_taskflow.py
[2024-08-21T12:58:40.152+0000] {processor.py:914} INFO - Processing file /home/airflow/.local/lib/python3.12/site-packages/airflow/example_dags/example_dataset_alias_with_no_taskflow.py for tasks to queue
[2024-08-21T12:58:40.155+0000] {logging_mixin.py:190} INFO - [2024-08-21T12:58:40.155+0000] {dagbag.py:587} INFO - Filling up the DagBag from /home/airflow/.local/lib/python3.12/site-packages/airflow/example_dags/example_dataset_alias_with_no_taskflow.py
[2024-08-21T12:58:40.267+0000] {processor.py:925} INFO - DAG(s) 'dataset_alias_example_alias_consumer_with_no_taskflow', 'dataset_s3_bucket_producer_with_no_taskflow', 'dataset_s3_bucket_consumer_with_no_taskflow', 'dataset_alias_example_alias_producer_with_no_taskflow' retrieved from /home/airflow/.local/lib/python3.12/site-packages/airflow/example_dags/example_dataset_alias_with_no_taskflow.py
[2024-08-21T12:58:40.284+0000] {logging_mixin.py:190} INFO - [2024-08-21T12:58:40.284+0000] {dag.py:3211} INFO - Sync 4 DAGs
[2024-08-21T12:58:40.305+0000] {logging_mixin.py:190} INFO - [2024-08-21T12:58:40.305+0000] {dag.py:4138} INFO - Setting next_dagrun for dataset_alias_example_alias_consumer_with_no_taskflow to None, run_after=None
[2024-08-21T12:58:40.307+0000] {logging_mixin.py:190} INFO - [2024-08-21T12:58:40.307+0000] {dag.py:4138} INFO - Setting next_dagrun for dataset_alias_example_alias_producer_with_no_taskflow to None, run_after=None
[2024-08-21T12:58:40.309+0000] {logging_mixin.py:190} INFO - [2024-08-21T12:58:40.308+0000] {dag.py:4138} INFO - Setting next_dagrun for dataset_s3_bucket_consumer_with_no_taskflow to None, run_after=None
[2024-08-21T12:58:40.311+0000] {logging_mixin.py:190} INFO - [2024-08-21T12:58:40.310+0000] {dag.py:4138} INFO - Setting next_dagrun for dataset_s3_bucket_producer_with_no_taskflow to None, run_after=None
[2024-08-21T12:58:40.327+0000] {processor.py:208} INFO - Processing /home/airflow/.local/lib/python3.12/site-packages/airflow/example_dags/example_dataset_alias_with_no_taskflow.py took 0.185 seconds
[2024-08-21T12:59:10.369+0000] {processor.py:186} INFO - Started process (PID=1061) to work on /home/airflow/.local/lib/python3.12/site-packages/airflow/example_dags/example_dataset_alias_with_no_taskflow.py
[2024-08-21T12:59:10.370+0000] {processor.py:914} INFO - Processing file /home/airflow/.local/lib/python3.12/site-packages/airflow/example_dags/example_dataset_alias_with_no_taskflow.py for tasks to queue
[2024-08-21T12:59:10.372+0000] {logging_mixin.py:190} INFO - [2024-08-21T12:59:10.372+0000] {dagbag.py:587} INFO - Filling up the DagBag from /home/airflow/.local/lib/python3.12/site-packages/airflow/example_dags/example_dataset_alias_with_no_taskflow.py
[2024-08-21T12:59:10.483+0000] {processor.py:925} INFO - DAG(s) 'dataset_s3_bucket_consumer_with_no_taskflow', 'dataset_s3_bucket_producer_with_no_taskflow', 'dataset_alias_example_alias_consumer_with_no_taskflow', 'dataset_alias_example_alias_producer_with_no_taskflow' retrieved from /home/airflow/.local/lib/python3.12/site-packages/airflow/example_dags/example_dataset_alias_with_no_taskflow.py
[2024-08-21T12:59:10.502+0000] {logging_mixin.py:190} INFO - [2024-08-21T12:59:10.501+0000] {dag.py:3211} INFO - Sync 4 DAGs
[2024-08-21T12:59:10.524+0000] {logging_mixin.py:190} INFO - [2024-08-21T12:59:10.524+0000] {dag.py:4138} INFO - Setting next_dagrun for dataset_alias_example_alias_consumer_with_no_taskflow to None, run_after=None
[2024-08-21T12:59:10.527+0000] {logging_mixin.py:190} INFO - [2024-08-21T12:59:10.527+0000] {dag.py:4138} INFO - Setting next_dagrun for dataset_alias_example_alias_producer_with_no_taskflow to None, run_after=None
[2024-08-21T12:59:10.528+0000] {logging_mixin.py:190} INFO - [2024-08-21T12:59:10.528+0000] {dag.py:4138} INFO - Setting next_dagrun for dataset_s3_bucket_consumer_with_no_taskflow to None, run_after=None
[2024-08-21T12:59:10.529+0000] {logging_mixin.py:190} INFO - [2024-08-21T12:59:10.529+0000] {dag.py:4138} INFO - Setting next_dagrun for dataset_s3_bucket_producer_with_no_taskflow to None, run_after=None
[2024-08-21T12:59:10.547+0000] {processor.py:208} INFO - Processing /home/airflow/.local/lib/python3.12/site-packages/airflow/example_dags/example_dataset_alias_with_no_taskflow.py took 0.184 seconds
[2024-08-21T12:59:40.610+0000] {processor.py:186} INFO - Started process (PID=1347) to work on /home/airflow/.local/lib/python3.12/site-packages/airflow/example_dags/example_dataset_alias_with_no_taskflow.py
[2024-08-21T12:59:40.613+0000] {processor.py:914} INFO - Processing file /home/airflow/.local/lib/python3.12/site-packages/airflow/example_dags/example_dataset_alias_with_no_taskflow.py for tasks to queue
[2024-08-21T12:59:40.616+0000] {logging_mixin.py:190} INFO - [2024-08-21T12:59:40.616+0000] {dagbag.py:587} INFO - Filling up the DagBag from /home/airflow/.local/lib/python3.12/site-packages/airflow/example_dags/example_dataset_alias_with_no_taskflow.py
[2024-08-21T12:59:40.764+0000] {processor.py:925} INFO - DAG(s) 'dataset_alias_example_alias_producer_with_no_taskflow', 'dataset_s3_bucket_producer_with_no_taskflow', 'dataset_alias_example_alias_consumer_with_no_taskflow', 'dataset_s3_bucket_consumer_with_no_taskflow' retrieved from /home/airflow/.local/lib/python3.12/site-packages/airflow/example_dags/example_dataset_alias_with_no_taskflow.py
[2024-08-21T12:59:40.786+0000] {logging_mixin.py:190} INFO - [2024-08-21T12:59:40.785+0000] {dag.py:3211} INFO - Sync 4 DAGs
[2024-08-21T12:59:40.810+0000] {logging_mixin.py:190} INFO - [2024-08-21T12:59:40.810+0000] {dag.py:4138} INFO - Setting next_dagrun for dataset_alias_example_alias_consumer_with_no_taskflow to None, run_after=None
[2024-08-21T12:59:40.814+0000] {logging_mixin.py:190} INFO - [2024-08-21T12:59:40.814+0000] {dag.py:4138} INFO - Setting next_dagrun for dataset_alias_example_alias_producer_with_no_taskflow to None, run_after=None
[2024-08-21T12:59:40.816+0000] {logging_mixin.py:190} INFO - [2024-08-21T12:59:40.815+0000] {dag.py:4138} INFO - Setting next_dagrun for dataset_s3_bucket_consumer_with_no_taskflow to None, run_after=None
[2024-08-21T12:59:40.817+0000] {logging_mixin.py:190} INFO - [2024-08-21T12:59:40.817+0000] {dag.py:4138} INFO - Setting next_dagrun for dataset_s3_bucket_producer_with_no_taskflow to None, run_after=None
[2024-08-21T12:59:40.843+0000] {processor.py:208} INFO - Processing /home/airflow/.local/lib/python3.12/site-packages/airflow/example_dags/example_dataset_alias_with_no_taskflow.py took 0.240 seconds
[2024-08-21T13:00:10.944+0000] {processor.py:186} INFO - Started process (PID=1638) to work on /home/airflow/.local/lib/python3.12/site-packages/airflow/example_dags/example_dataset_alias_with_no_taskflow.py
[2024-08-21T13:00:10.945+0000] {processor.py:914} INFO - Processing file /home/airflow/.local/lib/python3.12/site-packages/airflow/example_dags/example_dataset_alias_with_no_taskflow.py for tasks to queue
[2024-08-21T13:00:10.947+0000] {logging_mixin.py:190} INFO - [2024-08-21T13:00:10.947+0000] {dagbag.py:587} INFO - Filling up the DagBag from /home/airflow/.local/lib/python3.12/site-packages/airflow/example_dags/example_dataset_alias_with_no_taskflow.py
[2024-08-21T13:00:11.036+0000] {processor.py:925} INFO - DAG(s) 'dataset_s3_bucket_consumer_with_no_taskflow', 'dataset_alias_example_alias_producer_with_no_taskflow', 'dataset_s3_bucket_producer_with_no_taskflow', 'dataset_alias_example_alias_consumer_with_no_taskflow' retrieved from /home/airflow/.local/lib/python3.12/site-packages/airflow/example_dags/example_dataset_alias_with_no_taskflow.py
[2024-08-21T13:00:11.050+0000] {logging_mixin.py:190} INFO - [2024-08-21T13:00:11.050+0000] {dag.py:3211} INFO - Sync 4 DAGs
[2024-08-21T13:00:11.065+0000] {logging_mixin.py:190} INFO - [2024-08-21T13:00:11.065+0000] {dag.py:4138} INFO - Setting next_dagrun for dataset_alias_example_alias_consumer_with_no_taskflow to None, run_after=None
[2024-08-21T13:00:11.067+0000] {logging_mixin.py:190} INFO - [2024-08-21T13:00:11.067+0000] {dag.py:4138} INFO - Setting next_dagrun for dataset_alias_example_alias_producer_with_no_taskflow to None, run_after=None
[2024-08-21T13:00:11.068+0000] {logging_mixin.py:190} INFO - [2024-08-21T13:00:11.068+0000] {dag.py:4138} INFO - Setting next_dagrun for dataset_s3_bucket_consumer_with_no_taskflow to None, run_after=None
[2024-08-21T13:00:11.069+0000] {logging_mixin.py:190} INFO - [2024-08-21T13:00:11.069+0000] {dag.py:4138} INFO - Setting next_dagrun for dataset_s3_bucket_producer_with_no_taskflow to None, run_after=None
[2024-08-21T13:00:11.083+0000] {processor.py:208} INFO - Processing /home/airflow/.local/lib/python3.12/site-packages/airflow/example_dags/example_dataset_alias_with_no_taskflow.py took 0.144 seconds
[2024-08-21T13:00:41.152+0000] {processor.py:186} INFO - Started process (PID=1926) to work on /home/airflow/.local/lib/python3.12/site-packages/airflow/example_dags/example_dataset_alias_with_no_taskflow.py
[2024-08-21T13:00:41.153+0000] {processor.py:914} INFO - Processing file /home/airflow/.local/lib/python3.12/site-packages/airflow/example_dags/example_dataset_alias_with_no_taskflow.py for tasks to queue
[2024-08-21T13:00:41.155+0000] {logging_mixin.py:190} INFO - [2024-08-21T13:00:41.154+0000] {dagbag.py:587} INFO - Filling up the DagBag from /home/airflow/.local/lib/python3.12/site-packages/airflow/example_dags/example_dataset_alias_with_no_taskflow.py
[2024-08-21T13:00:41.245+0000] {processor.py:925} INFO - DAG(s) 'dataset_s3_bucket_producer_with_no_taskflow', 'dataset_alias_example_alias_consumer_with_no_taskflow', 'dataset_s3_bucket_consumer_with_no_taskflow', 'dataset_alias_example_alias_producer_with_no_taskflow' retrieved from /home/airflow/.local/lib/python3.12/site-packages/airflow/example_dags/example_dataset_alias_with_no_taskflow.py
[2024-08-21T13:00:41.261+0000] {logging_mixin.py:190} INFO - [2024-08-21T13:00:41.261+0000] {dag.py:3211} INFO - Sync 4 DAGs
[2024-08-21T13:00:41.277+0000] {logging_mixin.py:190} INFO - [2024-08-21T13:00:41.277+0000] {dag.py:4138} INFO - Setting next_dagrun for dataset_alias_example_alias_consumer_with_no_taskflow to None, run_after=None
[2024-08-21T13:00:41.279+0000] {logging_mixin.py:190} INFO - [2024-08-21T13:00:41.279+0000] {dag.py:4138} INFO - Setting next_dagrun for dataset_alias_example_alias_producer_with_no_taskflow to None, run_after=None
[2024-08-21T13:00:41.280+0000] {logging_mixin.py:190} INFO - [2024-08-21T13:00:41.280+0000] {dag.py:4138} INFO - Setting next_dagrun for dataset_s3_bucket_consumer_with_no_taskflow to None, run_after=None
[2024-08-21T13:00:41.281+0000] {logging_mixin.py:190} INFO - [2024-08-21T13:00:41.281+0000] {dag.py:4138} INFO - Setting next_dagrun for dataset_s3_bucket_producer_with_no_taskflow to None, run_after=None
[2024-08-21T13:00:41.301+0000] {processor.py:208} INFO - Processing /home/airflow/.local/lib/python3.12/site-packages/airflow/example_dags/example_dataset_alias_with_no_taskflow.py took 0.154 seconds
[2024-08-21T13:01:11.354+0000] {processor.py:186} INFO - Started process (PID=2210) to work on /home/airflow/.local/lib/python3.12/site-packages/airflow/example_dags/example_dataset_alias_with_no_taskflow.py
[2024-08-21T13:01:11.354+0000] {processor.py:914} INFO - Processing file /home/airflow/.local/lib/python3.12/site-packages/airflow/example_dags/example_dataset_alias_with_no_taskflow.py for tasks to queue
[2024-08-21T13:01:11.356+0000] {logging_mixin.py:190} INFO - [2024-08-21T13:01:11.356+0000] {dagbag.py:587} INFO - Filling up the DagBag from /home/airflow/.local/lib/python3.12/site-packages/airflow/example_dags/example_dataset_alias_with_no_taskflow.py
[2024-08-21T13:01:11.467+0000] {processor.py:925} INFO - DAG(s) 'dataset_s3_bucket_producer_with_no_taskflow', 'dataset_s3_bucket_consumer_with_no_taskflow', 'dataset_alias_example_alias_producer_with_no_taskflow', 'dataset_alias_example_alias_consumer_with_no_taskflow' retrieved from /home/airflow/.local/lib/python3.12/site-packages/airflow/example_dags/example_dataset_alias_with_no_taskflow.py
[2024-08-21T13:01:11.489+0000] {logging_mixin.py:190} INFO - [2024-08-21T13:01:11.489+0000] {dag.py:3211} INFO - Sync 4 DAGs
[2024-08-21T13:01:11.507+0000] {logging_mixin.py:190} INFO - [2024-08-21T13:01:11.507+0000] {dag.py:4138} INFO - Setting next_dagrun for dataset_alias_example_alias_consumer_with_no_taskflow to None, run_after=None
[2024-08-21T13:01:11.509+0000] {logging_mixin.py:190} INFO - [2024-08-21T13:01:11.509+0000] {dag.py:4138} INFO - Setting next_dagrun for dataset_alias_example_alias_producer_with_no_taskflow to None, run_after=None
[2024-08-21T13:01:11.510+0000] {logging_mixin.py:190} INFO - [2024-08-21T13:01:11.510+0000] {dag.py:4138} INFO - Setting next_dagrun for dataset_s3_bucket_consumer_with_no_taskflow to None, run_after=None
[2024-08-21T13:01:11.511+0000] {logging_mixin.py:190} INFO - [2024-08-21T13:01:11.511+0000] {dag.py:4138} INFO - Setting next_dagrun for dataset_s3_bucket_producer_with_no_taskflow to None, run_after=None
[2024-08-21T13:01:11.529+0000] {processor.py:208} INFO - Processing /home/airflow/.local/lib/python3.12/site-packages/airflow/example_dags/example_dataset_alias_with_no_taskflow.py took 0.180 seconds
