[2024-08-21T12:57:40.945+0000] {processor.py:186} INFO - Started process (PID=313) to work on /home/airflow/.local/lib/python3.12/site-packages/airflow/example_dags/example_branch_python_dop_operator_3.py
[2024-08-21T12:57:40.946+0000] {processor.py:914} INFO - Processing file /home/airflow/.local/lib/python3.12/site-packages/airflow/example_dags/example_branch_python_dop_operator_3.py for tasks to queue
[2024-08-21T12:57:40.949+0000] {logging_mixin.py:190} INFO - [2024-08-21T12:57:40.948+0000] {dagbag.py:587} INFO - Filling up the DagBag from /home/airflow/.local/lib/python3.12/site-packages/airflow/example_dags/example_branch_python_dop_operator_3.py
[2024-08-21T12:57:40.959+0000] {processor.py:925} INFO - DAG(s) 'example_branch_dop_operator_v3' retrieved from /home/airflow/.local/lib/python3.12/site-packages/airflow/example_dags/example_branch_python_dop_operator_3.py
[2024-08-21T12:57:41.071+0000] {logging_mixin.py:190} INFO - [2024-08-21T12:57:41.070+0000] {override.py:1858} INFO - Created Permission View: can delete on DAG:example_branch_dop_operator_v3
[2024-08-21T12:57:41.083+0000] {logging_mixin.py:190} INFO - [2024-08-21T12:57:41.082+0000] {override.py:1858} INFO - Created Permission View: can edit on DAG:example_branch_dop_operator_v3
[2024-08-21T12:57:41.092+0000] {logging_mixin.py:190} INFO - [2024-08-21T12:57:41.091+0000] {override.py:1858} INFO - Created Permission View: can read on DAG:example_branch_dop_operator_v3
[2024-08-21T12:57:41.096+0000] {logging_mixin.py:190} INFO - [2024-08-21T12:57:41.095+0000] {dag.py:3211} INFO - Sync 1 DAGs
[2024-08-21T12:57:41.113+0000] {logging_mixin.py:190} INFO - [2024-08-21T12:57:41.113+0000] {dag.py:3234} INFO - Creating ORM DAG for example_branch_dop_operator_v3
[2024-08-21T12:57:41.126+0000] {logging_mixin.py:190} INFO - [2024-08-21T12:57:41.125+0000] {dag.py:4138} INFO - Setting next_dagrun for example_branch_dop_operator_v3 to 2024-08-21 12:56:00+00:00, run_after=2024-08-21 12:57:00+00:00
[2024-08-21T12:57:41.140+0000] {processor.py:208} INFO - Processing /home/airflow/.local/lib/python3.12/site-packages/airflow/example_dags/example_branch_python_dop_operator_3.py took 0.202 seconds
[2024-08-21T12:58:11.412+0000] {processor.py:186} INFO - Started process (PID=599) to work on /home/airflow/.local/lib/python3.12/site-packages/airflow/example_dags/example_branch_python_dop_operator_3.py
[2024-08-21T12:58:11.413+0000] {processor.py:914} INFO - Processing file /home/airflow/.local/lib/python3.12/site-packages/airflow/example_dags/example_branch_python_dop_operator_3.py for tasks to queue
[2024-08-21T12:58:11.415+0000] {logging_mixin.py:190} INFO - [2024-08-21T12:58:11.415+0000] {dagbag.py:587} INFO - Filling up the DagBag from /home/airflow/.local/lib/python3.12/site-packages/airflow/example_dags/example_branch_python_dop_operator_3.py
[2024-08-21T12:58:11.425+0000] {processor.py:925} INFO - DAG(s) 'example_branch_dop_operator_v3' retrieved from /home/airflow/.local/lib/python3.12/site-packages/airflow/example_dags/example_branch_python_dop_operator_3.py
[2024-08-21T12:58:11.450+0000] {logging_mixin.py:190} INFO - [2024-08-21T12:58:11.449+0000] {dag.py:3211} INFO - Sync 1 DAGs
[2024-08-21T12:58:11.476+0000] {logging_mixin.py:190} INFO - [2024-08-21T12:58:11.476+0000] {dag.py:4138} INFO - Setting next_dagrun for example_branch_dop_operator_v3 to 2024-08-21 12:57:00+00:00, run_after=2024-08-21 12:58:00+00:00
[2024-08-21T12:58:11.492+0000] {processor.py:208} INFO - Processing /home/airflow/.local/lib/python3.12/site-packages/airflow/example_dags/example_branch_python_dop_operator_3.py took 0.086 seconds
[2024-08-21T12:58:42.464+0000] {processor.py:186} INFO - Started process (PID=885) to work on /home/airflow/.local/lib/python3.12/site-packages/airflow/example_dags/example_branch_python_dop_operator_3.py
[2024-08-21T12:58:42.465+0000] {processor.py:914} INFO - Processing file /home/airflow/.local/lib/python3.12/site-packages/airflow/example_dags/example_branch_python_dop_operator_3.py for tasks to queue
[2024-08-21T12:58:42.467+0000] {logging_mixin.py:190} INFO - [2024-08-21T12:58:42.467+0000] {dagbag.py:587} INFO - Filling up the DagBag from /home/airflow/.local/lib/python3.12/site-packages/airflow/example_dags/example_branch_python_dop_operator_3.py
[2024-08-21T12:58:42.476+0000] {processor.py:925} INFO - DAG(s) 'example_branch_dop_operator_v3' retrieved from /home/airflow/.local/lib/python3.12/site-packages/airflow/example_dags/example_branch_python_dop_operator_3.py
[2024-08-21T12:58:42.497+0000] {logging_mixin.py:190} INFO - [2024-08-21T12:58:42.496+0000] {dag.py:3211} INFO - Sync 1 DAGs
[2024-08-21T12:58:42.516+0000] {logging_mixin.py:190} INFO - [2024-08-21T12:58:42.516+0000] {dag.py:4138} INFO - Setting next_dagrun for example_branch_dop_operator_v3 to 2024-08-21 12:57:00+00:00, run_after=2024-08-21 12:58:00+00:00
[2024-08-21T12:58:42.534+0000] {processor.py:208} INFO - Processing /home/airflow/.local/lib/python3.12/site-packages/airflow/example_dags/example_branch_python_dop_operator_3.py took 0.074 seconds
[2024-08-21T12:59:12.770+0000] {processor.py:186} INFO - Started process (PID=1171) to work on /home/airflow/.local/lib/python3.12/site-packages/airflow/example_dags/example_branch_python_dop_operator_3.py
[2024-08-21T12:59:12.771+0000] {processor.py:914} INFO - Processing file /home/airflow/.local/lib/python3.12/site-packages/airflow/example_dags/example_branch_python_dop_operator_3.py for tasks to queue
[2024-08-21T12:59:12.773+0000] {logging_mixin.py:190} INFO - [2024-08-21T12:59:12.773+0000] {dagbag.py:587} INFO - Filling up the DagBag from /home/airflow/.local/lib/python3.12/site-packages/airflow/example_dags/example_branch_python_dop_operator_3.py
[2024-08-21T12:59:12.784+0000] {processor.py:925} INFO - DAG(s) 'example_branch_dop_operator_v3' retrieved from /home/airflow/.local/lib/python3.12/site-packages/airflow/example_dags/example_branch_python_dop_operator_3.py
[2024-08-21T12:59:12.806+0000] {logging_mixin.py:190} INFO - [2024-08-21T12:59:12.806+0000] {dag.py:3211} INFO - Sync 1 DAGs
[2024-08-21T12:59:12.830+0000] {logging_mixin.py:190} INFO - [2024-08-21T12:59:12.830+0000] {dag.py:4138} INFO - Setting next_dagrun for example_branch_dop_operator_v3 to 2024-08-21 12:58:00+00:00, run_after=2024-08-21 12:59:00+00:00
[2024-08-21T12:59:12.847+0000] {processor.py:208} INFO - Processing /home/airflow/.local/lib/python3.12/site-packages/airflow/example_dags/example_branch_python_dop_operator_3.py took 0.083 seconds
[2024-08-21T12:59:43.110+0000] {processor.py:186} INFO - Started process (PID=1457) to work on /home/airflow/.local/lib/python3.12/site-packages/airflow/example_dags/example_branch_python_dop_operator_3.py
[2024-08-21T12:59:43.111+0000] {processor.py:914} INFO - Processing file /home/airflow/.local/lib/python3.12/site-packages/airflow/example_dags/example_branch_python_dop_operator_3.py for tasks to queue
[2024-08-21T12:59:43.113+0000] {logging_mixin.py:190} INFO - [2024-08-21T12:59:43.113+0000] {dagbag.py:587} INFO - Filling up the DagBag from /home/airflow/.local/lib/python3.12/site-packages/airflow/example_dags/example_branch_python_dop_operator_3.py
[2024-08-21T12:59:43.122+0000] {processor.py:925} INFO - DAG(s) 'example_branch_dop_operator_v3' retrieved from /home/airflow/.local/lib/python3.12/site-packages/airflow/example_dags/example_branch_python_dop_operator_3.py
[2024-08-21T12:59:43.139+0000] {logging_mixin.py:190} INFO - [2024-08-21T12:59:43.138+0000] {dag.py:3211} INFO - Sync 1 DAGs
[2024-08-21T12:59:43.161+0000] {logging_mixin.py:190} INFO - [2024-08-21T12:59:43.161+0000] {dag.py:4138} INFO - Setting next_dagrun for example_branch_dop_operator_v3 to 2024-08-21 12:58:00+00:00, run_after=2024-08-21 12:59:00+00:00
[2024-08-21T12:59:43.177+0000] {processor.py:208} INFO - Processing /home/airflow/.local/lib/python3.12/site-packages/airflow/example_dags/example_branch_python_dop_operator_3.py took 0.071 seconds
[2024-08-21T13:00:13.271+0000] {processor.py:186} INFO - Started process (PID=1743) to work on /home/airflow/.local/lib/python3.12/site-packages/airflow/example_dags/example_branch_python_dop_operator_3.py
[2024-08-21T13:00:13.271+0000] {processor.py:914} INFO - Processing file /home/airflow/.local/lib/python3.12/site-packages/airflow/example_dags/example_branch_python_dop_operator_3.py for tasks to queue
[2024-08-21T13:00:13.274+0000] {logging_mixin.py:190} INFO - [2024-08-21T13:00:13.273+0000] {dagbag.py:587} INFO - Filling up the DagBag from /home/airflow/.local/lib/python3.12/site-packages/airflow/example_dags/example_branch_python_dop_operator_3.py
[2024-08-21T13:00:13.282+0000] {processor.py:925} INFO - DAG(s) 'example_branch_dop_operator_v3' retrieved from /home/airflow/.local/lib/python3.12/site-packages/airflow/example_dags/example_branch_python_dop_operator_3.py
[2024-08-21T13:00:13.300+0000] {logging_mixin.py:190} INFO - [2024-08-21T13:00:13.299+0000] {dag.py:3211} INFO - Sync 1 DAGs
[2024-08-21T13:00:13.321+0000] {logging_mixin.py:190} INFO - [2024-08-21T13:00:13.321+0000] {dag.py:4138} INFO - Setting next_dagrun for example_branch_dop_operator_v3 to 2024-08-21 12:59:00+00:00, run_after=2024-08-21 13:00:00+00:00
[2024-08-21T13:00:13.339+0000] {processor.py:208} INFO - Processing /home/airflow/.local/lib/python3.12/site-packages/airflow/example_dags/example_branch_python_dop_operator_3.py took 0.074 seconds
[2024-08-21T13:00:43.440+0000] {processor.py:186} INFO - Started process (PID=2029) to work on /home/airflow/.local/lib/python3.12/site-packages/airflow/example_dags/example_branch_python_dop_operator_3.py
[2024-08-21T13:00:43.440+0000] {processor.py:914} INFO - Processing file /home/airflow/.local/lib/python3.12/site-packages/airflow/example_dags/example_branch_python_dop_operator_3.py for tasks to queue
[2024-08-21T13:00:43.443+0000] {logging_mixin.py:190} INFO - [2024-08-21T13:00:43.442+0000] {dagbag.py:587} INFO - Filling up the DagBag from /home/airflow/.local/lib/python3.12/site-packages/airflow/example_dags/example_branch_python_dop_operator_3.py
[2024-08-21T13:00:43.451+0000] {processor.py:925} INFO - DAG(s) 'example_branch_dop_operator_v3' retrieved from /home/airflow/.local/lib/python3.12/site-packages/airflow/example_dags/example_branch_python_dop_operator_3.py
[2024-08-21T13:00:43.467+0000] {logging_mixin.py:190} INFO - [2024-08-21T13:00:43.467+0000] {dag.py:3211} INFO - Sync 1 DAGs
[2024-08-21T13:00:43.489+0000] {logging_mixin.py:190} INFO - [2024-08-21T13:00:43.489+0000] {dag.py:4138} INFO - Setting next_dagrun for example_branch_dop_operator_v3 to 2024-08-21 12:59:00+00:00, run_after=2024-08-21 13:00:00+00:00
[2024-08-21T13:00:43.502+0000] {processor.py:208} INFO - Processing /home/airflow/.local/lib/python3.12/site-packages/airflow/example_dags/example_branch_python_dop_operator_3.py took 0.067 seconds
[2024-08-21T13:01:13.694+0000] {processor.py:186} INFO - Started process (PID=2315) to work on /home/airflow/.local/lib/python3.12/site-packages/airflow/example_dags/example_branch_python_dop_operator_3.py
[2024-08-21T13:01:13.695+0000] {processor.py:914} INFO - Processing file /home/airflow/.local/lib/python3.12/site-packages/airflow/example_dags/example_branch_python_dop_operator_3.py for tasks to queue
[2024-08-21T13:01:13.699+0000] {logging_mixin.py:190} INFO - [2024-08-21T13:01:13.698+0000] {dagbag.py:587} INFO - Filling up the DagBag from /home/airflow/.local/lib/python3.12/site-packages/airflow/example_dags/example_branch_python_dop_operator_3.py
[2024-08-21T13:01:13.711+0000] {processor.py:925} INFO - DAG(s) 'example_branch_dop_operator_v3' retrieved from /home/airflow/.local/lib/python3.12/site-packages/airflow/example_dags/example_branch_python_dop_operator_3.py
[2024-08-21T13:01:13.728+0000] {logging_mixin.py:190} INFO - [2024-08-21T13:01:13.728+0000] {dag.py:3211} INFO - Sync 1 DAGs
[2024-08-21T13:01:13.750+0000] {logging_mixin.py:190} INFO - [2024-08-21T13:01:13.750+0000] {dag.py:4138} INFO - Setting next_dagrun for example_branch_dop_operator_v3 to 2024-08-21 13:00:00+00:00, run_after=2024-08-21 13:01:00+00:00
[2024-08-21T13:01:13.773+0000] {processor.py:208} INFO - Processing /home/airflow/.local/lib/python3.12/site-packages/airflow/example_dags/example_branch_python_dop_operator_3.py took 0.086 seconds
