[2024-08-21T12:57:39.477+0000] {processor.py:186} INFO - Started process (PID=258) to work on /home/airflow/.local/lib/python3.12/site-packages/airflow/example_dags/example_complex.py
[2024-08-21T12:57:39.478+0000] {processor.py:914} INFO - Processing file /home/airflow/.local/lib/python3.12/site-packages/airflow/example_dags/example_complex.py for tasks to queue
[2024-08-21T12:57:39.480+0000] {logging_mixin.py:190} INFO - [2024-08-21T12:57:39.480+0000] {dagbag.py:587} INFO - Filling up the DagBag from /home/airflow/.local/lib/python3.12/site-packages/airflow/example_dags/example_complex.py
[2024-08-21T12:57:39.498+0000] {processor.py:925} INFO - DAG(s) 'example_complex' retrieved from /home/airflow/.local/lib/python3.12/site-packages/airflow/example_dags/example_complex.py
[2024-08-21T12:57:39.632+0000] {logging_mixin.py:190} INFO - [2024-08-21T12:57:39.631+0000] {override.py:1858} INFO - Created Permission View: can delete on DAG:example_complex
[2024-08-21T12:57:39.642+0000] {logging_mixin.py:190} INFO - [2024-08-21T12:57:39.642+0000] {override.py:1858} INFO - Created Permission View: can edit on DAG:example_complex
[2024-08-21T12:57:39.650+0000] {logging_mixin.py:190} INFO - [2024-08-21T12:57:39.649+0000] {override.py:1858} INFO - Created Permission View: can read on DAG:example_complex
[2024-08-21T12:57:39.651+0000] {logging_mixin.py:190} INFO - [2024-08-21T12:57:39.651+0000] {dag.py:3211} INFO - Sync 1 DAGs
[2024-08-21T12:57:39.664+0000] {logging_mixin.py:190} INFO - [2024-08-21T12:57:39.663+0000] {dag.py:3234} INFO - Creating ORM DAG for example_complex
[2024-08-21T12:57:39.665+0000] {logging_mixin.py:190} INFO - [2024-08-21T12:57:39.665+0000] {dag.py:4138} INFO - Setting next_dagrun for example_complex to None, run_after=None
[2024-08-21T12:57:39.685+0000] {processor.py:208} INFO - Processing /home/airflow/.local/lib/python3.12/site-packages/airflow/example_dags/example_complex.py took 0.213 seconds
[2024-08-21T12:58:09.738+0000] {processor.py:186} INFO - Started process (PID=541) to work on /home/airflow/.local/lib/python3.12/site-packages/airflow/example_dags/example_complex.py
[2024-08-21T12:58:09.739+0000] {processor.py:914} INFO - Processing file /home/airflow/.local/lib/python3.12/site-packages/airflow/example_dags/example_complex.py for tasks to queue
[2024-08-21T12:58:09.741+0000] {logging_mixin.py:190} INFO - [2024-08-21T12:58:09.741+0000] {dagbag.py:587} INFO - Filling up the DagBag from /home/airflow/.local/lib/python3.12/site-packages/airflow/example_dags/example_complex.py
[2024-08-21T12:58:09.750+0000] {processor.py:925} INFO - DAG(s) 'example_complex' retrieved from /home/airflow/.local/lib/python3.12/site-packages/airflow/example_dags/example_complex.py
[2024-08-21T12:58:09.771+0000] {logging_mixin.py:190} INFO - [2024-08-21T12:58:09.771+0000] {dag.py:3211} INFO - Sync 1 DAGs
[2024-08-21T12:58:09.783+0000] {logging_mixin.py:190} INFO - [2024-08-21T12:58:09.782+0000] {dag.py:4138} INFO - Setting next_dagrun for example_complex to None, run_after=None
[2024-08-21T12:58:09.795+0000] {processor.py:208} INFO - Processing /home/airflow/.local/lib/python3.12/site-packages/airflow/example_dags/example_complex.py took 0.061 seconds
[2024-08-21T12:58:40.750+0000] {processor.py:186} INFO - Started process (PID=825) to work on /home/airflow/.local/lib/python3.12/site-packages/airflow/example_dags/example_complex.py
[2024-08-21T12:58:40.751+0000] {processor.py:914} INFO - Processing file /home/airflow/.local/lib/python3.12/site-packages/airflow/example_dags/example_complex.py for tasks to queue
[2024-08-21T12:58:40.753+0000] {logging_mixin.py:190} INFO - [2024-08-21T12:58:40.753+0000] {dagbag.py:587} INFO - Filling up the DagBag from /home/airflow/.local/lib/python3.12/site-packages/airflow/example_dags/example_complex.py
[2024-08-21T12:58:40.764+0000] {processor.py:925} INFO - DAG(s) 'example_complex' retrieved from /home/airflow/.local/lib/python3.12/site-packages/airflow/example_dags/example_complex.py
[2024-08-21T12:58:40.791+0000] {logging_mixin.py:190} INFO - [2024-08-21T12:58:40.791+0000] {dag.py:3211} INFO - Sync 1 DAGs
[2024-08-21T12:58:40.803+0000] {logging_mixin.py:190} INFO - [2024-08-21T12:58:40.803+0000] {dag.py:4138} INFO - Setting next_dagrun for example_complex to None, run_after=None
[2024-08-21T12:58:40.816+0000] {processor.py:208} INFO - Processing /home/airflow/.local/lib/python3.12/site-packages/airflow/example_dags/example_complex.py took 0.072 seconds
[2024-08-21T12:59:10.981+0000] {processor.py:186} INFO - Started process (PID=1111) to work on /home/airflow/.local/lib/python3.12/site-packages/airflow/example_dags/example_complex.py
[2024-08-21T12:59:10.981+0000] {processor.py:914} INFO - Processing file /home/airflow/.local/lib/python3.12/site-packages/airflow/example_dags/example_complex.py for tasks to queue
[2024-08-21T12:59:10.983+0000] {logging_mixin.py:190} INFO - [2024-08-21T12:59:10.983+0000] {dagbag.py:587} INFO - Filling up the DagBag from /home/airflow/.local/lib/python3.12/site-packages/airflow/example_dags/example_complex.py
[2024-08-21T12:59:10.993+0000] {processor.py:925} INFO - DAG(s) 'example_complex' retrieved from /home/airflow/.local/lib/python3.12/site-packages/airflow/example_dags/example_complex.py
[2024-08-21T12:59:11.020+0000] {logging_mixin.py:190} INFO - [2024-08-21T12:59:11.020+0000] {dag.py:3211} INFO - Sync 1 DAGs
[2024-08-21T12:59:11.032+0000] {logging_mixin.py:190} INFO - [2024-08-21T12:59:11.031+0000] {dag.py:4138} INFO - Setting next_dagrun for example_complex to None, run_after=None
[2024-08-21T12:59:11.044+0000] {processor.py:208} INFO - Processing /home/airflow/.local/lib/python3.12/site-packages/airflow/example_dags/example_complex.py took 0.071 seconds
[2024-08-21T12:59:41.386+0000] {processor.py:186} INFO - Started process (PID=1397) to work on /home/airflow/.local/lib/python3.12/site-packages/airflow/example_dags/example_complex.py
[2024-08-21T12:59:41.387+0000] {processor.py:914} INFO - Processing file /home/airflow/.local/lib/python3.12/site-packages/airflow/example_dags/example_complex.py for tasks to queue
[2024-08-21T12:59:41.390+0000] {logging_mixin.py:190} INFO - [2024-08-21T12:59:41.390+0000] {dagbag.py:587} INFO - Filling up the DagBag from /home/airflow/.local/lib/python3.12/site-packages/airflow/example_dags/example_complex.py
[2024-08-21T12:59:41.402+0000] {processor.py:925} INFO - DAG(s) 'example_complex' retrieved from /home/airflow/.local/lib/python3.12/site-packages/airflow/example_dags/example_complex.py
[2024-08-21T12:59:41.431+0000] {logging_mixin.py:190} INFO - [2024-08-21T12:59:41.430+0000] {dag.py:3211} INFO - Sync 1 DAGs
[2024-08-21T12:59:41.443+0000] {logging_mixin.py:190} INFO - [2024-08-21T12:59:41.443+0000] {dag.py:4138} INFO - Setting next_dagrun for example_complex to None, run_after=None
[2024-08-21T12:59:41.458+0000] {processor.py:208} INFO - Processing /home/airflow/.local/lib/python3.12/site-packages/airflow/example_dags/example_complex.py took 0.077 seconds
[2024-08-21T13:00:11.528+0000] {processor.py:186} INFO - Started process (PID=1683) to work on /home/airflow/.local/lib/python3.12/site-packages/airflow/example_dags/example_complex.py
[2024-08-21T13:00:11.528+0000] {processor.py:914} INFO - Processing file /home/airflow/.local/lib/python3.12/site-packages/airflow/example_dags/example_complex.py for tasks to queue
[2024-08-21T13:00:11.532+0000] {logging_mixin.py:190} INFO - [2024-08-21T13:00:11.531+0000] {dagbag.py:587} INFO - Filling up the DagBag from /home/airflow/.local/lib/python3.12/site-packages/airflow/example_dags/example_complex.py
[2024-08-21T13:00:11.542+0000] {processor.py:925} INFO - DAG(s) 'example_complex' retrieved from /home/airflow/.local/lib/python3.12/site-packages/airflow/example_dags/example_complex.py
[2024-08-21T13:00:11.567+0000] {logging_mixin.py:190} INFO - [2024-08-21T13:00:11.567+0000] {dag.py:3211} INFO - Sync 1 DAGs
[2024-08-21T13:00:11.578+0000] {logging_mixin.py:190} INFO - [2024-08-21T13:00:11.578+0000] {dag.py:4138} INFO - Setting next_dagrun for example_complex to None, run_after=None
[2024-08-21T13:00:11.591+0000] {processor.py:208} INFO - Processing /home/airflow/.local/lib/python3.12/site-packages/airflow/example_dags/example_complex.py took 0.068 seconds
[2024-08-21T13:00:41.717+0000] {processor.py:186} INFO - Started process (PID=1969) to work on /home/airflow/.local/lib/python3.12/site-packages/airflow/example_dags/example_complex.py
[2024-08-21T13:00:41.717+0000] {processor.py:914} INFO - Processing file /home/airflow/.local/lib/python3.12/site-packages/airflow/example_dags/example_complex.py for tasks to queue
[2024-08-21T13:00:41.720+0000] {logging_mixin.py:190} INFO - [2024-08-21T13:00:41.719+0000] {dagbag.py:587} INFO - Filling up the DagBag from /home/airflow/.local/lib/python3.12/site-packages/airflow/example_dags/example_complex.py
[2024-08-21T13:00:41.729+0000] {processor.py:925} INFO - DAG(s) 'example_complex' retrieved from /home/airflow/.local/lib/python3.12/site-packages/airflow/example_dags/example_complex.py
[2024-08-21T13:00:41.760+0000] {logging_mixin.py:190} INFO - [2024-08-21T13:00:41.760+0000] {dag.py:3211} INFO - Sync 1 DAGs
[2024-08-21T13:00:41.773+0000] {logging_mixin.py:190} INFO - [2024-08-21T13:00:41.773+0000] {dag.py:4138} INFO - Setting next_dagrun for example_complex to None, run_after=None
[2024-08-21T13:00:41.786+0000] {processor.py:208} INFO - Processing /home/airflow/.local/lib/python3.12/site-packages/airflow/example_dags/example_complex.py took 0.074 seconds
[2024-08-21T13:01:12.071+0000] {processor.py:186} INFO - Started process (PID=2257) to work on /home/airflow/.local/lib/python3.12/site-packages/airflow/example_dags/example_complex.py
[2024-08-21T13:01:12.072+0000] {processor.py:914} INFO - Processing file /home/airflow/.local/lib/python3.12/site-packages/airflow/example_dags/example_complex.py for tasks to queue
[2024-08-21T13:01:12.074+0000] {logging_mixin.py:190} INFO - [2024-08-21T13:01:12.074+0000] {dagbag.py:587} INFO - Filling up the DagBag from /home/airflow/.local/lib/python3.12/site-packages/airflow/example_dags/example_complex.py
[2024-08-21T13:01:12.084+0000] {processor.py:925} INFO - DAG(s) 'example_complex' retrieved from /home/airflow/.local/lib/python3.12/site-packages/airflow/example_dags/example_complex.py
[2024-08-21T13:01:12.106+0000] {logging_mixin.py:190} INFO - [2024-08-21T13:01:12.106+0000] {dag.py:3211} INFO - Sync 1 DAGs
[2024-08-21T13:01:12.117+0000] {logging_mixin.py:190} INFO - [2024-08-21T13:01:12.117+0000] {dag.py:4138} INFO - Setting next_dagrun for example_complex to None, run_after=None
[2024-08-21T13:01:12.131+0000] {processor.py:208} INFO - Processing /home/airflow/.local/lib/python3.12/site-packages/airflow/example_dags/example_complex.py took 0.064 seconds
