[2024-08-21T12:57:42.411+0000] {processor.py:186} INFO - Started process (PID=383) to work on /home/airflow/.local/lib/python3.12/site-packages/airflow/example_dags/example_skip_dag.py
[2024-08-21T12:57:42.412+0000] {processor.py:914} INFO - Processing file /home/airflow/.local/lib/python3.12/site-packages/airflow/example_dags/example_skip_dag.py for tasks to queue
[2024-08-21T12:57:42.415+0000] {logging_mixin.py:190} INFO - [2024-08-21T12:57:42.415+0000] {dagbag.py:587} INFO - Filling up the DagBag from /home/airflow/.local/lib/python3.12/site-packages/airflow/example_dags/example_skip_dag.py
[2024-08-21T12:57:42.423+0000] {processor.py:925} INFO - DAG(s) 'example_skip_dag' retrieved from /home/airflow/.local/lib/python3.12/site-packages/airflow/example_dags/example_skip_dag.py
[2024-08-21T12:57:42.535+0000] {logging_mixin.py:190} INFO - [2024-08-21T12:57:42.534+0000] {override.py:1858} INFO - Created Permission View: can delete on DAG:example_skip_dag
[2024-08-21T12:57:42.544+0000] {logging_mixin.py:190} INFO - [2024-08-21T12:57:42.544+0000] {override.py:1858} INFO - Created Permission View: can edit on DAG:example_skip_dag
[2024-08-21T12:57:42.551+0000] {logging_mixin.py:190} INFO - [2024-08-21T12:57:42.551+0000] {override.py:1858} INFO - Created Permission View: can read on DAG:example_skip_dag
[2024-08-21T12:57:42.552+0000] {logging_mixin.py:190} INFO - [2024-08-21T12:57:42.552+0000] {dag.py:3211} INFO - Sync 1 DAGs
[2024-08-21T12:57:42.565+0000] {logging_mixin.py:190} INFO - [2024-08-21T12:57:42.565+0000] {dag.py:3234} INFO - Creating ORM DAG for example_skip_dag
[2024-08-21T12:57:42.574+0000] {logging_mixin.py:190} INFO - [2024-08-21T12:57:42.574+0000] {dag.py:4138} INFO - Setting next_dagrun for example_skip_dag to 2024-08-20 00:00:00+00:00, run_after=2024-08-21 00:00:00+00:00
[2024-08-21T12:57:42.593+0000] {processor.py:208} INFO - Processing /home/airflow/.local/lib/python3.12/site-packages/airflow/example_dags/example_skip_dag.py took 0.188 seconds
[2024-08-21T12:58:13.168+0000] {processor.py:186} INFO - Started process (PID=669) to work on /home/airflow/.local/lib/python3.12/site-packages/airflow/example_dags/example_skip_dag.py
[2024-08-21T12:58:13.169+0000] {processor.py:914} INFO - Processing file /home/airflow/.local/lib/python3.12/site-packages/airflow/example_dags/example_skip_dag.py for tasks to queue
[2024-08-21T12:58:13.171+0000] {logging_mixin.py:190} INFO - [2024-08-21T12:58:13.171+0000] {dagbag.py:587} INFO - Filling up the DagBag from /home/airflow/.local/lib/python3.12/site-packages/airflow/example_dags/example_skip_dag.py
[2024-08-21T12:58:13.177+0000] {processor.py:925} INFO - DAG(s) 'example_skip_dag' retrieved from /home/airflow/.local/lib/python3.12/site-packages/airflow/example_dags/example_skip_dag.py
[2024-08-21T12:58:13.195+0000] {logging_mixin.py:190} INFO - [2024-08-21T12:58:13.195+0000] {dag.py:3211} INFO - Sync 1 DAGs
[2024-08-21T12:58:13.214+0000] {logging_mixin.py:190} INFO - [2024-08-21T12:58:13.214+0000] {dag.py:4138} INFO - Setting next_dagrun for example_skip_dag to 2024-08-20 00:00:00+00:00, run_after=2024-08-21 00:00:00+00:00
[2024-08-21T12:58:13.231+0000] {processor.py:208} INFO - Processing /home/airflow/.local/lib/python3.12/site-packages/airflow/example_dags/example_skip_dag.py took 0.068 seconds
[2024-08-21T12:58:43.274+0000] {processor.py:186} INFO - Started process (PID=955) to work on /home/airflow/.local/lib/python3.12/site-packages/airflow/example_dags/example_skip_dag.py
[2024-08-21T12:58:43.275+0000] {processor.py:914} INFO - Processing file /home/airflow/.local/lib/python3.12/site-packages/airflow/example_dags/example_skip_dag.py for tasks to queue
[2024-08-21T12:58:43.278+0000] {logging_mixin.py:190} INFO - [2024-08-21T12:58:43.277+0000] {dagbag.py:587} INFO - Filling up the DagBag from /home/airflow/.local/lib/python3.12/site-packages/airflow/example_dags/example_skip_dag.py
[2024-08-21T12:58:43.286+0000] {processor.py:925} INFO - DAG(s) 'example_skip_dag' retrieved from /home/airflow/.local/lib/python3.12/site-packages/airflow/example_dags/example_skip_dag.py
[2024-08-21T12:58:43.305+0000] {logging_mixin.py:190} INFO - [2024-08-21T12:58:43.305+0000] {dag.py:3211} INFO - Sync 1 DAGs
[2024-08-21T12:58:43.328+0000] {logging_mixin.py:190} INFO - [2024-08-21T12:58:43.328+0000] {dag.py:4138} INFO - Setting next_dagrun for example_skip_dag to 2024-08-20 00:00:00+00:00, run_after=2024-08-21 00:00:00+00:00
[2024-08-21T12:58:43.345+0000] {processor.py:208} INFO - Processing /home/airflow/.local/lib/python3.12/site-packages/airflow/example_dags/example_skip_dag.py took 0.076 seconds
[2024-08-21T12:59:13.418+0000] {processor.py:186} INFO - Started process (PID=1236) to work on /home/airflow/.local/lib/python3.12/site-packages/airflow/example_dags/example_skip_dag.py
[2024-08-21T12:59:13.419+0000] {processor.py:914} INFO - Processing file /home/airflow/.local/lib/python3.12/site-packages/airflow/example_dags/example_skip_dag.py for tasks to queue
[2024-08-21T12:59:13.421+0000] {logging_mixin.py:190} INFO - [2024-08-21T12:59:13.421+0000] {dagbag.py:587} INFO - Filling up the DagBag from /home/airflow/.local/lib/python3.12/site-packages/airflow/example_dags/example_skip_dag.py
[2024-08-21T12:59:13.428+0000] {processor.py:925} INFO - DAG(s) 'example_skip_dag' retrieved from /home/airflow/.local/lib/python3.12/site-packages/airflow/example_dags/example_skip_dag.py
[2024-08-21T12:59:13.449+0000] {logging_mixin.py:190} INFO - [2024-08-21T12:59:13.449+0000] {dag.py:3211} INFO - Sync 1 DAGs
[2024-08-21T12:59:13.467+0000] {logging_mixin.py:190} INFO - [2024-08-21T12:59:13.467+0000] {dag.py:4138} INFO - Setting next_dagrun for example_skip_dag to 2024-08-20 00:00:00+00:00, run_after=2024-08-21 00:00:00+00:00
[2024-08-21T12:59:13.480+0000] {processor.py:208} INFO - Processing /home/airflow/.local/lib/python3.12/site-packages/airflow/example_dags/example_skip_dag.py took 0.067 seconds
[2024-08-21T12:59:43.773+0000] {processor.py:186} INFO - Started process (PID=1522) to work on /home/airflow/.local/lib/python3.12/site-packages/airflow/example_dags/example_skip_dag.py
[2024-08-21T12:59:43.774+0000] {processor.py:914} INFO - Processing file /home/airflow/.local/lib/python3.12/site-packages/airflow/example_dags/example_skip_dag.py for tasks to queue
[2024-08-21T12:59:43.776+0000] {logging_mixin.py:190} INFO - [2024-08-21T12:59:43.776+0000] {dagbag.py:587} INFO - Filling up the DagBag from /home/airflow/.local/lib/python3.12/site-packages/airflow/example_dags/example_skip_dag.py
[2024-08-21T12:59:43.784+0000] {processor.py:925} INFO - DAG(s) 'example_skip_dag' retrieved from /home/airflow/.local/lib/python3.12/site-packages/airflow/example_dags/example_skip_dag.py
[2024-08-21T12:59:43.802+0000] {logging_mixin.py:190} INFO - [2024-08-21T12:59:43.802+0000] {dag.py:3211} INFO - Sync 1 DAGs
[2024-08-21T12:59:43.821+0000] {logging_mixin.py:190} INFO - [2024-08-21T12:59:43.821+0000] {dag.py:4138} INFO - Setting next_dagrun for example_skip_dag to 2024-08-20 00:00:00+00:00, run_after=2024-08-21 00:00:00+00:00
[2024-08-21T12:59:43.836+0000] {processor.py:208} INFO - Processing /home/airflow/.local/lib/python3.12/site-packages/airflow/example_dags/example_skip_dag.py took 0.068 seconds
[2024-08-21T13:00:13.931+0000] {processor.py:186} INFO - Started process (PID=1810) to work on /home/airflow/.local/lib/python3.12/site-packages/airflow/example_dags/example_skip_dag.py
[2024-08-21T13:00:13.932+0000] {processor.py:914} INFO - Processing file /home/airflow/.local/lib/python3.12/site-packages/airflow/example_dags/example_skip_dag.py for tasks to queue
[2024-08-21T13:00:13.934+0000] {logging_mixin.py:190} INFO - [2024-08-21T13:00:13.934+0000] {dagbag.py:587} INFO - Filling up the DagBag from /home/airflow/.local/lib/python3.12/site-packages/airflow/example_dags/example_skip_dag.py
[2024-08-21T13:00:13.940+0000] {processor.py:925} INFO - DAG(s) 'example_skip_dag' retrieved from /home/airflow/.local/lib/python3.12/site-packages/airflow/example_dags/example_skip_dag.py
[2024-08-21T13:00:13.956+0000] {logging_mixin.py:190} INFO - [2024-08-21T13:00:13.956+0000] {dag.py:3211} INFO - Sync 1 DAGs
[2024-08-21T13:00:13.972+0000] {logging_mixin.py:190} INFO - [2024-08-21T13:00:13.972+0000] {dag.py:4138} INFO - Setting next_dagrun for example_skip_dag to 2024-08-20 00:00:00+00:00, run_after=2024-08-21 00:00:00+00:00
[2024-08-21T13:00:13.985+0000] {processor.py:208} INFO - Processing /home/airflow/.local/lib/python3.12/site-packages/airflow/example_dags/example_skip_dag.py took 0.058 seconds
[2024-08-21T13:00:44.166+0000] {processor.py:186} INFO - Started process (PID=2094) to work on /home/airflow/.local/lib/python3.12/site-packages/airflow/example_dags/example_skip_dag.py
[2024-08-21T13:00:44.167+0000] {processor.py:914} INFO - Processing file /home/airflow/.local/lib/python3.12/site-packages/airflow/example_dags/example_skip_dag.py for tasks to queue
[2024-08-21T13:00:44.169+0000] {logging_mixin.py:190} INFO - [2024-08-21T13:00:44.169+0000] {dagbag.py:587} INFO - Filling up the DagBag from /home/airflow/.local/lib/python3.12/site-packages/airflow/example_dags/example_skip_dag.py
[2024-08-21T13:00:44.176+0000] {processor.py:925} INFO - DAG(s) 'example_skip_dag' retrieved from /home/airflow/.local/lib/python3.12/site-packages/airflow/example_dags/example_skip_dag.py
[2024-08-21T13:00:44.198+0000] {logging_mixin.py:190} INFO - [2024-08-21T13:00:44.198+0000] {dag.py:3211} INFO - Sync 1 DAGs
[2024-08-21T13:00:44.219+0000] {logging_mixin.py:190} INFO - [2024-08-21T13:00:44.219+0000] {dag.py:4138} INFO - Setting next_dagrun for example_skip_dag to 2024-08-20 00:00:00+00:00, run_after=2024-08-21 00:00:00+00:00
[2024-08-21T13:00:44.233+0000] {processor.py:208} INFO - Processing /home/airflow/.local/lib/python3.12/site-packages/airflow/example_dags/example_skip_dag.py took 0.072 seconds
[2024-08-21T13:01:14.344+0000] {processor.py:186} INFO - Started process (PID=2380) to work on /home/airflow/.local/lib/python3.12/site-packages/airflow/example_dags/example_skip_dag.py
[2024-08-21T13:01:14.345+0000] {processor.py:914} INFO - Processing file /home/airflow/.local/lib/python3.12/site-packages/airflow/example_dags/example_skip_dag.py for tasks to queue
[2024-08-21T13:01:14.347+0000] {logging_mixin.py:190} INFO - [2024-08-21T13:01:14.347+0000] {dagbag.py:587} INFO - Filling up the DagBag from /home/airflow/.local/lib/python3.12/site-packages/airflow/example_dags/example_skip_dag.py
[2024-08-21T13:01:14.354+0000] {processor.py:925} INFO - DAG(s) 'example_skip_dag' retrieved from /home/airflow/.local/lib/python3.12/site-packages/airflow/example_dags/example_skip_dag.py
[2024-08-21T13:01:14.374+0000] {logging_mixin.py:190} INFO - [2024-08-21T13:01:14.374+0000] {dag.py:3211} INFO - Sync 1 DAGs
[2024-08-21T13:01:14.396+0000] {logging_mixin.py:190} INFO - [2024-08-21T13:01:14.395+0000] {dag.py:4138} INFO - Setting next_dagrun for example_skip_dag to 2024-08-20 00:00:00+00:00, run_after=2024-08-21 00:00:00+00:00
[2024-08-21T13:01:14.409+0000] {processor.py:208} INFO - Processing /home/airflow/.local/lib/python3.12/site-packages/airflow/example_dags/example_skip_dag.py took 0.070 seconds
