[2024-08-21T12:57:42.053+0000] {processor.py:186} INFO - Started process (PID=368) to work on /home/airflow/.local/lib/python3.12/site-packages/airflow/example_dags/example_latest_only.py
[2024-08-21T12:57:42.053+0000] {processor.py:914} INFO - Processing file /home/airflow/.local/lib/python3.12/site-packages/airflow/example_dags/example_latest_only.py for tasks to queue
[2024-08-21T12:57:42.055+0000] {logging_mixin.py:190} INFO - [2024-08-21T12:57:42.055+0000] {dagbag.py:587} INFO - Filling up the DagBag from /home/airflow/.local/lib/python3.12/site-packages/airflow/example_dags/example_latest_only.py
[2024-08-21T12:57:42.062+0000] {processor.py:925} INFO - DAG(s) 'latest_only' retrieved from /home/airflow/.local/lib/python3.12/site-packages/airflow/example_dags/example_latest_only.py
[2024-08-21T12:57:42.145+0000] {logging_mixin.py:190} INFO - [2024-08-21T12:57:42.145+0000] {override.py:1858} INFO - Created Permission View: can delete on DAG:latest_only
[2024-08-21T12:57:42.154+0000] {logging_mixin.py:190} INFO - [2024-08-21T12:57:42.154+0000] {override.py:1858} INFO - Created Permission View: can edit on DAG:latest_only
[2024-08-21T12:57:42.160+0000] {logging_mixin.py:190} INFO - [2024-08-21T12:57:42.159+0000] {override.py:1858} INFO - Created Permission View: can read on DAG:latest_only
[2024-08-21T12:57:42.160+0000] {logging_mixin.py:190} INFO - [2024-08-21T12:57:42.160+0000] {dag.py:3211} INFO - Sync 1 DAGs
[2024-08-21T12:57:42.175+0000] {logging_mixin.py:190} INFO - [2024-08-21T12:57:42.174+0000] {dag.py:3234} INFO - Creating ORM DAG for latest_only
[2024-08-21T12:57:42.189+0000] {logging_mixin.py:190} INFO - [2024-08-21T12:57:42.188+0000] {dag.py:4138} INFO - Setting next_dagrun for latest_only to 2024-08-21 08:00:00+00:00, run_after=2024-08-21 12:00:00+00:00
[2024-08-21T12:57:42.209+0000] {processor.py:208} INFO - Processing /home/airflow/.local/lib/python3.12/site-packages/airflow/example_dags/example_latest_only.py took 0.162 seconds
[2024-08-21T12:58:13.005+0000] {processor.py:186} INFO - Started process (PID=656) to work on /home/airflow/.local/lib/python3.12/site-packages/airflow/example_dags/example_latest_only.py
[2024-08-21T12:58:13.006+0000] {processor.py:914} INFO - Processing file /home/airflow/.local/lib/python3.12/site-packages/airflow/example_dags/example_latest_only.py for tasks to queue
[2024-08-21T12:58:13.008+0000] {logging_mixin.py:190} INFO - [2024-08-21T12:58:13.008+0000] {dagbag.py:587} INFO - Filling up the DagBag from /home/airflow/.local/lib/python3.12/site-packages/airflow/example_dags/example_latest_only.py
[2024-08-21T12:58:13.014+0000] {processor.py:925} INFO - DAG(s) 'latest_only' retrieved from /home/airflow/.local/lib/python3.12/site-packages/airflow/example_dags/example_latest_only.py
[2024-08-21T12:58:13.029+0000] {logging_mixin.py:190} INFO - [2024-08-21T12:58:13.029+0000] {dag.py:3211} INFO - Sync 1 DAGs
[2024-08-21T12:58:13.047+0000] {logging_mixin.py:190} INFO - [2024-08-21T12:58:13.047+0000] {dag.py:4138} INFO - Setting next_dagrun for latest_only to 2024-08-21 08:00:00+00:00, run_after=2024-08-21 12:00:00+00:00
[2024-08-21T12:58:13.063+0000] {processor.py:208} INFO - Processing /home/airflow/.local/lib/python3.12/site-packages/airflow/example_dags/example_latest_only.py took 0.063 seconds
[2024-08-21T12:58:43.116+0000] {processor.py:186} INFO - Started process (PID=942) to work on /home/airflow/.local/lib/python3.12/site-packages/airflow/example_dags/example_latest_only.py
[2024-08-21T12:58:43.117+0000] {processor.py:914} INFO - Processing file /home/airflow/.local/lib/python3.12/site-packages/airflow/example_dags/example_latest_only.py for tasks to queue
[2024-08-21T12:58:43.120+0000] {logging_mixin.py:190} INFO - [2024-08-21T12:58:43.119+0000] {dagbag.py:587} INFO - Filling up the DagBag from /home/airflow/.local/lib/python3.12/site-packages/airflow/example_dags/example_latest_only.py
[2024-08-21T12:58:43.127+0000] {processor.py:925} INFO - DAG(s) 'latest_only' retrieved from /home/airflow/.local/lib/python3.12/site-packages/airflow/example_dags/example_latest_only.py
[2024-08-21T12:58:43.142+0000] {logging_mixin.py:190} INFO - [2024-08-21T12:58:43.142+0000] {dag.py:3211} INFO - Sync 1 DAGs
[2024-08-21T12:58:43.159+0000] {logging_mixin.py:190} INFO - [2024-08-21T12:58:43.159+0000] {dag.py:4138} INFO - Setting next_dagrun for latest_only to 2024-08-21 08:00:00+00:00, run_after=2024-08-21 12:00:00+00:00
[2024-08-21T12:58:43.173+0000] {processor.py:208} INFO - Processing /home/airflow/.local/lib/python3.12/site-packages/airflow/example_dags/example_latest_only.py took 0.062 seconds
[2024-08-21T12:59:13.325+0000] {processor.py:186} INFO - Started process (PID=1226) to work on /home/airflow/.local/lib/python3.12/site-packages/airflow/example_dags/example_latest_only.py
[2024-08-21T12:59:13.326+0000] {processor.py:914} INFO - Processing file /home/airflow/.local/lib/python3.12/site-packages/airflow/example_dags/example_latest_only.py for tasks to queue
[2024-08-21T12:59:13.328+0000] {logging_mixin.py:190} INFO - [2024-08-21T12:59:13.328+0000] {dagbag.py:587} INFO - Filling up the DagBag from /home/airflow/.local/lib/python3.12/site-packages/airflow/example_dags/example_latest_only.py
[2024-08-21T12:59:13.335+0000] {processor.py:925} INFO - DAG(s) 'latest_only' retrieved from /home/airflow/.local/lib/python3.12/site-packages/airflow/example_dags/example_latest_only.py
[2024-08-21T12:59:13.354+0000] {logging_mixin.py:190} INFO - [2024-08-21T12:59:13.354+0000] {dag.py:3211} INFO - Sync 1 DAGs
[2024-08-21T12:59:13.376+0000] {logging_mixin.py:190} INFO - [2024-08-21T12:59:13.376+0000] {dag.py:4138} INFO - Setting next_dagrun for latest_only to 2024-08-21 08:00:00+00:00, run_after=2024-08-21 12:00:00+00:00
[2024-08-21T12:59:13.393+0000] {processor.py:208} INFO - Processing /home/airflow/.local/lib/python3.12/site-packages/airflow/example_dags/example_latest_only.py took 0.074 seconds
[2024-08-21T12:59:43.676+0000] {processor.py:186} INFO - Started process (PID=1514) to work on /home/airflow/.local/lib/python3.12/site-packages/airflow/example_dags/example_latest_only.py
[2024-08-21T12:59:43.681+0000] {processor.py:914} INFO - Processing file /home/airflow/.local/lib/python3.12/site-packages/airflow/example_dags/example_latest_only.py for tasks to queue
[2024-08-21T12:59:43.685+0000] {logging_mixin.py:190} INFO - [2024-08-21T12:59:43.685+0000] {dagbag.py:587} INFO - Filling up the DagBag from /home/airflow/.local/lib/python3.12/site-packages/airflow/example_dags/example_latest_only.py
[2024-08-21T12:59:43.692+0000] {processor.py:925} INFO - DAG(s) 'latest_only' retrieved from /home/airflow/.local/lib/python3.12/site-packages/airflow/example_dags/example_latest_only.py
[2024-08-21T12:59:43.712+0000] {logging_mixin.py:190} INFO - [2024-08-21T12:59:43.712+0000] {dag.py:3211} INFO - Sync 1 DAGs
[2024-08-21T12:59:43.733+0000] {logging_mixin.py:190} INFO - [2024-08-21T12:59:43.733+0000] {dag.py:4138} INFO - Setting next_dagrun for latest_only to 2024-08-21 08:00:00+00:00, run_after=2024-08-21 12:00:00+00:00
[2024-08-21T12:59:43.746+0000] {processor.py:208} INFO - Processing /home/airflow/.local/lib/python3.12/site-packages/airflow/example_dags/example_latest_only.py took 0.077 seconds
[2024-08-21T13:00:13.779+0000] {processor.py:186} INFO - Started process (PID=1798) to work on /home/airflow/.local/lib/python3.12/site-packages/airflow/example_dags/example_latest_only.py
[2024-08-21T13:00:13.780+0000] {processor.py:914} INFO - Processing file /home/airflow/.local/lib/python3.12/site-packages/airflow/example_dags/example_latest_only.py for tasks to queue
[2024-08-21T13:00:13.782+0000] {logging_mixin.py:190} INFO - [2024-08-21T13:00:13.782+0000] {dagbag.py:587} INFO - Filling up the DagBag from /home/airflow/.local/lib/python3.12/site-packages/airflow/example_dags/example_latest_only.py
[2024-08-21T13:00:13.790+0000] {processor.py:925} INFO - DAG(s) 'latest_only' retrieved from /home/airflow/.local/lib/python3.12/site-packages/airflow/example_dags/example_latest_only.py
[2024-08-21T13:00:13.808+0000] {logging_mixin.py:190} INFO - [2024-08-21T13:00:13.808+0000] {dag.py:3211} INFO - Sync 1 DAGs
[2024-08-21T13:00:13.828+0000] {logging_mixin.py:190} INFO - [2024-08-21T13:00:13.827+0000] {dag.py:4138} INFO - Setting next_dagrun for latest_only to 2024-08-21 08:00:00+00:00, run_after=2024-08-21 12:00:00+00:00
[2024-08-21T13:00:13.843+0000] {processor.py:208} INFO - Processing /home/airflow/.local/lib/python3.12/site-packages/airflow/example_dags/example_latest_only.py took 0.071 seconds
[2024-08-21T13:00:44.064+0000] {processor.py:186} INFO - Started process (PID=2084) to work on /home/airflow/.local/lib/python3.12/site-packages/airflow/example_dags/example_latest_only.py
[2024-08-21T13:00:44.065+0000] {processor.py:914} INFO - Processing file /home/airflow/.local/lib/python3.12/site-packages/airflow/example_dags/example_latest_only.py for tasks to queue
[2024-08-21T13:00:44.067+0000] {logging_mixin.py:190} INFO - [2024-08-21T13:00:44.067+0000] {dagbag.py:587} INFO - Filling up the DagBag from /home/airflow/.local/lib/python3.12/site-packages/airflow/example_dags/example_latest_only.py
[2024-08-21T13:00:44.073+0000] {processor.py:925} INFO - DAG(s) 'latest_only' retrieved from /home/airflow/.local/lib/python3.12/site-packages/airflow/example_dags/example_latest_only.py
[2024-08-21T13:00:44.092+0000] {logging_mixin.py:190} INFO - [2024-08-21T13:00:44.092+0000] {dag.py:3211} INFO - Sync 1 DAGs
[2024-08-21T13:00:44.111+0000] {logging_mixin.py:190} INFO - [2024-08-21T13:00:44.110+0000] {dag.py:4138} INFO - Setting next_dagrun for latest_only to 2024-08-21 08:00:00+00:00, run_after=2024-08-21 12:00:00+00:00
[2024-08-21T13:00:44.126+0000] {processor.py:208} INFO - Processing /home/airflow/.local/lib/python3.12/site-packages/airflow/example_dags/example_latest_only.py took 0.068 seconds
[2024-08-21T13:01:14.253+0000] {processor.py:186} INFO - Started process (PID=2370) to work on /home/airflow/.local/lib/python3.12/site-packages/airflow/example_dags/example_latest_only.py
[2024-08-21T13:01:14.254+0000] {processor.py:914} INFO - Processing file /home/airflow/.local/lib/python3.12/site-packages/airflow/example_dags/example_latest_only.py for tasks to queue
[2024-08-21T13:01:14.256+0000] {logging_mixin.py:190} INFO - [2024-08-21T13:01:14.256+0000] {dagbag.py:587} INFO - Filling up the DagBag from /home/airflow/.local/lib/python3.12/site-packages/airflow/example_dags/example_latest_only.py
[2024-08-21T13:01:14.263+0000] {processor.py:925} INFO - DAG(s) 'latest_only' retrieved from /home/airflow/.local/lib/python3.12/site-packages/airflow/example_dags/example_latest_only.py
[2024-08-21T13:01:14.280+0000] {logging_mixin.py:190} INFO - [2024-08-21T13:01:14.279+0000] {dag.py:3211} INFO - Sync 1 DAGs
[2024-08-21T13:01:14.301+0000] {logging_mixin.py:190} INFO - [2024-08-21T13:01:14.301+0000] {dag.py:4138} INFO - Setting next_dagrun for latest_only to 2024-08-21 08:00:00+00:00, run_after=2024-08-21 12:00:00+00:00
[2024-08-21T13:01:14.317+0000] {processor.py:208} INFO - Processing /home/airflow/.local/lib/python3.12/site-packages/airflow/example_dags/example_latest_only.py took 0.069 seconds
