[2024-08-21T12:57:42.622+0000] {processor.py:186} INFO - Started process (PID=393) to work on /home/airflow/.local/lib/python3.12/site-packages/airflow/example_dags/example_bash_decorator.py
[2024-08-21T12:57:42.623+0000] {processor.py:914} INFO - Processing file /home/airflow/.local/lib/python3.12/site-packages/airflow/example_dags/example_bash_decorator.py for tasks to queue
[2024-08-21T12:57:42.626+0000] {logging_mixin.py:190} INFO - [2024-08-21T12:57:42.625+0000] {dagbag.py:587} INFO - Filling up the DagBag from /home/airflow/.local/lib/python3.12/site-packages/airflow/example_dags/example_bash_decorator.py
[2024-08-21T12:57:42.640+0000] {processor.py:925} INFO - DAG(s) 'example_bash_decorator' retrieved from /home/airflow/.local/lib/python3.12/site-packages/airflow/example_dags/example_bash_decorator.py
[2024-08-21T12:57:42.745+0000] {logging_mixin.py:190} INFO - [2024-08-21T12:57:42.744+0000] {override.py:1858} INFO - Created Permission View: can delete on DAG:example_bash_decorator
[2024-08-21T12:57:42.754+0000] {logging_mixin.py:190} INFO - [2024-08-21T12:57:42.754+0000] {override.py:1858} INFO - Created Permission View: can edit on DAG:example_bash_decorator
[2024-08-21T12:57:42.762+0000] {logging_mixin.py:190} INFO - [2024-08-21T12:57:42.762+0000] {override.py:1858} INFO - Created Permission View: can read on DAG:example_bash_decorator
[2024-08-21T12:57:42.763+0000] {logging_mixin.py:190} INFO - [2024-08-21T12:57:42.762+0000] {dag.py:3211} INFO - Sync 1 DAGs
[2024-08-21T12:57:42.775+0000] {logging_mixin.py:190} INFO - [2024-08-21T12:57:42.775+0000] {dag.py:3234} INFO - Creating ORM DAG for example_bash_decorator
[2024-08-21T12:57:42.776+0000] {logging_mixin.py:190} INFO - [2024-08-21T12:57:42.775+0000] {dag.py:4138} INFO - Setting next_dagrun for example_bash_decorator to None, run_after=None
[2024-08-21T12:57:42.792+0000] {processor.py:208} INFO - Processing /home/airflow/.local/lib/python3.12/site-packages/airflow/example_dags/example_bash_decorator.py took 0.175 seconds
[2024-08-21T12:58:13.255+0000] {processor.py:186} INFO - Started process (PID=679) to work on /home/airflow/.local/lib/python3.12/site-packages/airflow/example_dags/example_bash_decorator.py
[2024-08-21T12:58:13.256+0000] {processor.py:914} INFO - Processing file /home/airflow/.local/lib/python3.12/site-packages/airflow/example_dags/example_bash_decorator.py for tasks to queue
[2024-08-21T12:58:13.258+0000] {logging_mixin.py:190} INFO - [2024-08-21T12:58:13.258+0000] {dagbag.py:587} INFO - Filling up the DagBag from /home/airflow/.local/lib/python3.12/site-packages/airflow/example_dags/example_bash_decorator.py
[2024-08-21T12:58:13.270+0000] {processor.py:925} INFO - DAG(s) 'example_bash_decorator' retrieved from /home/airflow/.local/lib/python3.12/site-packages/airflow/example_dags/example_bash_decorator.py
[2024-08-21T12:58:13.289+0000] {logging_mixin.py:190} INFO - [2024-08-21T12:58:13.289+0000] {dag.py:3211} INFO - Sync 1 DAGs
[2024-08-21T12:58:13.304+0000] {logging_mixin.py:190} INFO - [2024-08-21T12:58:13.304+0000] {dag.py:4138} INFO - Setting next_dagrun for example_bash_decorator to None, run_after=None
[2024-08-21T12:58:13.319+0000] {processor.py:208} INFO - Processing /home/airflow/.local/lib/python3.12/site-packages/airflow/example_dags/example_bash_decorator.py took 0.069 seconds
[2024-08-21T12:58:43.462+0000] {processor.py:186} INFO - Started process (PID=965) to work on /home/airflow/.local/lib/python3.12/site-packages/airflow/example_dags/example_bash_decorator.py
[2024-08-21T12:58:43.463+0000] {processor.py:914} INFO - Processing file /home/airflow/.local/lib/python3.12/site-packages/airflow/example_dags/example_bash_decorator.py for tasks to queue
[2024-08-21T12:58:43.465+0000] {logging_mixin.py:190} INFO - [2024-08-21T12:58:43.464+0000] {dagbag.py:587} INFO - Filling up the DagBag from /home/airflow/.local/lib/python3.12/site-packages/airflow/example_dags/example_bash_decorator.py
[2024-08-21T12:58:43.476+0000] {processor.py:925} INFO - DAG(s) 'example_bash_decorator' retrieved from /home/airflow/.local/lib/python3.12/site-packages/airflow/example_dags/example_bash_decorator.py
[2024-08-21T12:58:43.500+0000] {logging_mixin.py:190} INFO - [2024-08-21T12:58:43.500+0000] {dag.py:3211} INFO - Sync 1 DAGs
[2024-08-21T12:58:43.511+0000] {logging_mixin.py:190} INFO - [2024-08-21T12:58:43.511+0000] {dag.py:4138} INFO - Setting next_dagrun for example_bash_decorator to None, run_after=None
[2024-08-21T12:58:43.528+0000] {processor.py:208} INFO - Processing /home/airflow/.local/lib/python3.12/site-packages/airflow/example_dags/example_bash_decorator.py took 0.074 seconds
[2024-08-21T12:59:13.597+0000] {processor.py:186} INFO - Started process (PID=1251) to work on /home/airflow/.local/lib/python3.12/site-packages/airflow/example_dags/example_bash_decorator.py
[2024-08-21T12:59:13.598+0000] {processor.py:914} INFO - Processing file /home/airflow/.local/lib/python3.12/site-packages/airflow/example_dags/example_bash_decorator.py for tasks to queue
[2024-08-21T12:59:13.600+0000] {logging_mixin.py:190} INFO - [2024-08-21T12:59:13.600+0000] {dagbag.py:587} INFO - Filling up the DagBag from /home/airflow/.local/lib/python3.12/site-packages/airflow/example_dags/example_bash_decorator.py
[2024-08-21T12:59:13.613+0000] {processor.py:925} INFO - DAG(s) 'example_bash_decorator' retrieved from /home/airflow/.local/lib/python3.12/site-packages/airflow/example_dags/example_bash_decorator.py
[2024-08-21T12:59:13.639+0000] {logging_mixin.py:190} INFO - [2024-08-21T12:59:13.639+0000] {dag.py:3211} INFO - Sync 1 DAGs
[2024-08-21T12:59:13.654+0000] {logging_mixin.py:190} INFO - [2024-08-21T12:59:13.654+0000] {dag.py:4138} INFO - Setting next_dagrun for example_bash_decorator to None, run_after=None
[2024-08-21T12:59:13.674+0000] {processor.py:208} INFO - Processing /home/airflow/.local/lib/python3.12/site-packages/airflow/example_dags/example_bash_decorator.py took 0.082 seconds
[2024-08-21T12:59:43.935+0000] {processor.py:186} INFO - Started process (PID=1537) to work on /home/airflow/.local/lib/python3.12/site-packages/airflow/example_dags/example_bash_decorator.py
[2024-08-21T12:59:43.936+0000] {processor.py:914} INFO - Processing file /home/airflow/.local/lib/python3.12/site-packages/airflow/example_dags/example_bash_decorator.py for tasks to queue
[2024-08-21T12:59:43.938+0000] {logging_mixin.py:190} INFO - [2024-08-21T12:59:43.938+0000] {dagbag.py:587} INFO - Filling up the DagBag from /home/airflow/.local/lib/python3.12/site-packages/airflow/example_dags/example_bash_decorator.py
[2024-08-21T12:59:43.950+0000] {processor.py:925} INFO - DAG(s) 'example_bash_decorator' retrieved from /home/airflow/.local/lib/python3.12/site-packages/airflow/example_dags/example_bash_decorator.py
[2024-08-21T12:59:43.968+0000] {logging_mixin.py:190} INFO - [2024-08-21T12:59:43.968+0000] {dag.py:3211} INFO - Sync 1 DAGs
[2024-08-21T12:59:43.982+0000] {logging_mixin.py:190} INFO - [2024-08-21T12:59:43.982+0000] {dag.py:4138} INFO - Setting next_dagrun for example_bash_decorator to None, run_after=None
[2024-08-21T12:59:43.996+0000] {processor.py:208} INFO - Processing /home/airflow/.local/lib/python3.12/site-packages/airflow/example_dags/example_bash_decorator.py took 0.066 seconds
[2024-08-21T13:00:14.087+0000] {processor.py:186} INFO - Started process (PID=1823) to work on /home/airflow/.local/lib/python3.12/site-packages/airflow/example_dags/example_bash_decorator.py
[2024-08-21T13:00:14.088+0000] {processor.py:914} INFO - Processing file /home/airflow/.local/lib/python3.12/site-packages/airflow/example_dags/example_bash_decorator.py for tasks to queue
[2024-08-21T13:00:14.091+0000] {logging_mixin.py:190} INFO - [2024-08-21T13:00:14.090+0000] {dagbag.py:587} INFO - Filling up the DagBag from /home/airflow/.local/lib/python3.12/site-packages/airflow/example_dags/example_bash_decorator.py
[2024-08-21T13:00:14.102+0000] {processor.py:925} INFO - DAG(s) 'example_bash_decorator' retrieved from /home/airflow/.local/lib/python3.12/site-packages/airflow/example_dags/example_bash_decorator.py
[2024-08-21T13:00:14.127+0000] {logging_mixin.py:190} INFO - [2024-08-21T13:00:14.127+0000] {dag.py:3211} INFO - Sync 1 DAGs
[2024-08-21T13:00:14.143+0000] {logging_mixin.py:190} INFO - [2024-08-21T13:00:14.143+0000] {dag.py:4138} INFO - Setting next_dagrun for example_bash_decorator to None, run_after=None
[2024-08-21T13:00:14.159+0000] {processor.py:208} INFO - Processing /home/airflow/.local/lib/python3.12/site-packages/airflow/example_dags/example_bash_decorator.py took 0.078 seconds
[2024-08-21T13:00:44.259+0000] {processor.py:186} INFO - Started process (PID=2104) to work on /home/airflow/.local/lib/python3.12/site-packages/airflow/example_dags/example_bash_decorator.py
[2024-08-21T13:00:44.260+0000] {processor.py:914} INFO - Processing file /home/airflow/.local/lib/python3.12/site-packages/airflow/example_dags/example_bash_decorator.py for tasks to queue
[2024-08-21T13:00:44.262+0000] {logging_mixin.py:190} INFO - [2024-08-21T13:00:44.262+0000] {dagbag.py:587} INFO - Filling up the DagBag from /home/airflow/.local/lib/python3.12/site-packages/airflow/example_dags/example_bash_decorator.py
[2024-08-21T13:00:44.276+0000] {processor.py:925} INFO - DAG(s) 'example_bash_decorator' retrieved from /home/airflow/.local/lib/python3.12/site-packages/airflow/example_dags/example_bash_decorator.py
[2024-08-21T13:00:44.296+0000] {logging_mixin.py:190} INFO - [2024-08-21T13:00:44.296+0000] {dag.py:3211} INFO - Sync 1 DAGs
[2024-08-21T13:00:44.309+0000] {logging_mixin.py:190} INFO - [2024-08-21T13:00:44.309+0000] {dag.py:4138} INFO - Setting next_dagrun for example_bash_decorator to None, run_after=None
[2024-08-21T13:00:44.324+0000] {processor.py:208} INFO - Processing /home/airflow/.local/lib/python3.12/site-packages/airflow/example_dags/example_bash_decorator.py took 0.070 seconds
[2024-08-21T13:01:14.439+0000] {processor.py:186} INFO - Started process (PID=2390) to work on /home/airflow/.local/lib/python3.12/site-packages/airflow/example_dags/example_bash_decorator.py
[2024-08-21T13:01:14.440+0000] {processor.py:914} INFO - Processing file /home/airflow/.local/lib/python3.12/site-packages/airflow/example_dags/example_bash_decorator.py for tasks to queue
[2024-08-21T13:01:14.442+0000] {logging_mixin.py:190} INFO - [2024-08-21T13:01:14.442+0000] {dagbag.py:587} INFO - Filling up the DagBag from /home/airflow/.local/lib/python3.12/site-packages/airflow/example_dags/example_bash_decorator.py
[2024-08-21T13:01:14.454+0000] {processor.py:925} INFO - DAG(s) 'example_bash_decorator' retrieved from /home/airflow/.local/lib/python3.12/site-packages/airflow/example_dags/example_bash_decorator.py
[2024-08-21T13:01:14.473+0000] {logging_mixin.py:190} INFO - [2024-08-21T13:01:14.473+0000] {dag.py:3211} INFO - Sync 1 DAGs
[2024-08-21T13:01:14.486+0000] {logging_mixin.py:190} INFO - [2024-08-21T13:01:14.486+0000] {dag.py:4138} INFO - Setting next_dagrun for example_bash_decorator to None, run_after=None
[2024-08-21T13:01:14.500+0000] {processor.py:208} INFO - Processing /home/airflow/.local/lib/python3.12/site-packages/airflow/example_dags/example_bash_decorator.py took 0.066 seconds
