[2024-08-21T12:57:38.994+0000] {processor.py:186} INFO - Started process (PID=232) to work on /home/airflow/.local/lib/python3.12/site-packages/airflow/example_dags/example_bash_operator.py
[2024-08-21T12:57:38.995+0000] {processor.py:914} INFO - Processing file /home/airflow/.local/lib/python3.12/site-packages/airflow/example_dags/example_bash_operator.py for tasks to queue
[2024-08-21T12:57:38.997+0000] {logging_mixin.py:190} INFO - [2024-08-21T12:57:38.997+0000] {dagbag.py:587} INFO - Filling up the DagBag from /home/airflow/.local/lib/python3.12/site-packages/airflow/example_dags/example_bash_operator.py
[2024-08-21T12:57:39.012+0000] {processor.py:925} INFO - DAG(s) 'example_bash_operator' retrieved from /home/airflow/.local/lib/python3.12/site-packages/airflow/example_dags/example_bash_operator.py
[2024-08-21T12:57:39.130+0000] {logging_mixin.py:190} INFO - [2024-08-21T12:57:39.129+0000] {override.py:1858} INFO - Created Permission View: can delete on DAG:example_bash_operator
[2024-08-21T12:57:39.144+0000] {logging_mixin.py:190} INFO - [2024-08-21T12:57:39.144+0000] {override.py:1858} INFO - Created Permission View: can edit on DAG:example_bash_operator
[2024-08-21T12:57:39.151+0000] {logging_mixin.py:190} INFO - [2024-08-21T12:57:39.151+0000] {override.py:1858} INFO - Created Permission View: can read on DAG:example_bash_operator
[2024-08-21T12:57:39.151+0000] {logging_mixin.py:190} INFO - [2024-08-21T12:57:39.151+0000] {dag.py:3211} INFO - Sync 1 DAGs
[2024-08-21T12:57:39.161+0000] {logging_mixin.py:190} INFO - [2024-08-21T12:57:39.161+0000] {dag.py:3234} INFO - Creating ORM DAG for example_bash_operator
[2024-08-21T12:57:39.171+0000] {logging_mixin.py:190} INFO - [2024-08-21T12:57:39.171+0000] {dag.py:4138} INFO - Setting next_dagrun for example_bash_operator to 2024-08-20 00:00:00+00:00, run_after=2024-08-21 00:00:00+00:00
[2024-08-21T12:57:39.192+0000] {processor.py:208} INFO - Processing /home/airflow/.local/lib/python3.12/site-packages/airflow/example_dags/example_bash_operator.py took 0.205 seconds
[2024-08-21T12:58:09.562+0000] {processor.py:186} INFO - Started process (PID=524) to work on /home/airflow/.local/lib/python3.12/site-packages/airflow/example_dags/example_bash_operator.py
[2024-08-21T12:58:09.563+0000] {processor.py:914} INFO - Processing file /home/airflow/.local/lib/python3.12/site-packages/airflow/example_dags/example_bash_operator.py for tasks to queue
[2024-08-21T12:58:09.566+0000] {logging_mixin.py:190} INFO - [2024-08-21T12:58:09.566+0000] {dagbag.py:587} INFO - Filling up the DagBag from /home/airflow/.local/lib/python3.12/site-packages/airflow/example_dags/example_bash_operator.py
[2024-08-21T12:58:09.578+0000] {processor.py:925} INFO - DAG(s) 'example_bash_operator' retrieved from /home/airflow/.local/lib/python3.12/site-packages/airflow/example_dags/example_bash_operator.py
[2024-08-21T12:58:09.598+0000] {logging_mixin.py:190} INFO - [2024-08-21T12:58:09.597+0000] {dag.py:3211} INFO - Sync 1 DAGs
[2024-08-21T12:58:09.619+0000] {logging_mixin.py:190} INFO - [2024-08-21T12:58:09.619+0000] {dag.py:4138} INFO - Setting next_dagrun for example_bash_operator to 2024-08-20 00:00:00+00:00, run_after=2024-08-21 00:00:00+00:00
[2024-08-21T12:58:09.636+0000] {processor.py:208} INFO - Processing /home/airflow/.local/lib/python3.12/site-packages/airflow/example_dags/example_bash_operator.py took 0.079 seconds
[2024-08-21T12:58:40.617+0000] {processor.py:186} INFO - Started process (PID=810) to work on /home/airflow/.local/lib/python3.12/site-packages/airflow/example_dags/example_bash_operator.py
[2024-08-21T12:58:40.618+0000] {processor.py:914} INFO - Processing file /home/airflow/.local/lib/python3.12/site-packages/airflow/example_dags/example_bash_operator.py for tasks to queue
[2024-08-21T12:58:40.621+0000] {logging_mixin.py:190} INFO - [2024-08-21T12:58:40.620+0000] {dagbag.py:587} INFO - Filling up the DagBag from /home/airflow/.local/lib/python3.12/site-packages/airflow/example_dags/example_bash_operator.py
[2024-08-21T12:58:40.631+0000] {processor.py:925} INFO - DAG(s) 'example_bash_operator' retrieved from /home/airflow/.local/lib/python3.12/site-packages/airflow/example_dags/example_bash_operator.py
[2024-08-21T12:58:40.653+0000] {logging_mixin.py:190} INFO - [2024-08-21T12:58:40.653+0000] {dag.py:3211} INFO - Sync 1 DAGs
[2024-08-21T12:58:40.673+0000] {logging_mixin.py:190} INFO - [2024-08-21T12:58:40.673+0000] {dag.py:4138} INFO - Setting next_dagrun for example_bash_operator to 2024-08-20 00:00:00+00:00, run_after=2024-08-21 00:00:00+00:00
[2024-08-21T12:58:40.692+0000] {processor.py:208} INFO - Processing /home/airflow/.local/lib/python3.12/site-packages/airflow/example_dags/example_bash_operator.py took 0.079 seconds
[2024-08-21T12:59:10.842+0000] {processor.py:186} INFO - Started process (PID=1096) to work on /home/airflow/.local/lib/python3.12/site-packages/airflow/example_dags/example_bash_operator.py
[2024-08-21T12:59:10.843+0000] {processor.py:914} INFO - Processing file /home/airflow/.local/lib/python3.12/site-packages/airflow/example_dags/example_bash_operator.py for tasks to queue
[2024-08-21T12:59:10.845+0000] {logging_mixin.py:190} INFO - [2024-08-21T12:59:10.845+0000] {dagbag.py:587} INFO - Filling up the DagBag from /home/airflow/.local/lib/python3.12/site-packages/airflow/example_dags/example_bash_operator.py
[2024-08-21T12:59:10.856+0000] {processor.py:925} INFO - DAG(s) 'example_bash_operator' retrieved from /home/airflow/.local/lib/python3.12/site-packages/airflow/example_dags/example_bash_operator.py
[2024-08-21T12:59:10.880+0000] {logging_mixin.py:190} INFO - [2024-08-21T12:59:10.880+0000] {dag.py:3211} INFO - Sync 1 DAGs
[2024-08-21T12:59:10.902+0000] {logging_mixin.py:190} INFO - [2024-08-21T12:59:10.902+0000] {dag.py:4138} INFO - Setting next_dagrun for example_bash_operator to 2024-08-20 00:00:00+00:00, run_after=2024-08-21 00:00:00+00:00
[2024-08-21T12:59:10.916+0000] {processor.py:208} INFO - Processing /home/airflow/.local/lib/python3.12/site-packages/airflow/example_dags/example_bash_operator.py took 0.079 seconds
[2024-08-21T12:59:41.211+0000] {processor.py:186} INFO - Started process (PID=1382) to work on /home/airflow/.local/lib/python3.12/site-packages/airflow/example_dags/example_bash_operator.py
[2024-08-21T12:59:41.212+0000] {processor.py:914} INFO - Processing file /home/airflow/.local/lib/python3.12/site-packages/airflow/example_dags/example_bash_operator.py for tasks to queue
[2024-08-21T12:59:41.215+0000] {logging_mixin.py:190} INFO - [2024-08-21T12:59:41.214+0000] {dagbag.py:587} INFO - Filling up the DagBag from /home/airflow/.local/lib/python3.12/site-packages/airflow/example_dags/example_bash_operator.py
[2024-08-21T12:59:41.229+0000] {processor.py:925} INFO - DAG(s) 'example_bash_operator' retrieved from /home/airflow/.local/lib/python3.12/site-packages/airflow/example_dags/example_bash_operator.py
[2024-08-21T12:59:41.256+0000] {logging_mixin.py:190} INFO - [2024-08-21T12:59:41.255+0000] {dag.py:3211} INFO - Sync 1 DAGs
[2024-08-21T12:59:41.282+0000] {logging_mixin.py:190} INFO - [2024-08-21T12:59:41.282+0000] {dag.py:4138} INFO - Setting next_dagrun for example_bash_operator to 2024-08-20 00:00:00+00:00, run_after=2024-08-21 00:00:00+00:00
[2024-08-21T12:59:41.302+0000] {processor.py:208} INFO - Processing /home/airflow/.local/lib/python3.12/site-packages/airflow/example_dags/example_bash_operator.py took 0.098 seconds
[2024-08-21T13:00:11.387+0000] {processor.py:186} INFO - Started process (PID=1668) to work on /home/airflow/.local/lib/python3.12/site-packages/airflow/example_dags/example_bash_operator.py
[2024-08-21T13:00:11.388+0000] {processor.py:914} INFO - Processing file /home/airflow/.local/lib/python3.12/site-packages/airflow/example_dags/example_bash_operator.py for tasks to queue
[2024-08-21T13:00:11.391+0000] {logging_mixin.py:190} INFO - [2024-08-21T13:00:11.391+0000] {dagbag.py:587} INFO - Filling up the DagBag from /home/airflow/.local/lib/python3.12/site-packages/airflow/example_dags/example_bash_operator.py
[2024-08-21T13:00:11.405+0000] {processor.py:925} INFO - DAG(s) 'example_bash_operator' retrieved from /home/airflow/.local/lib/python3.12/site-packages/airflow/example_dags/example_bash_operator.py
[2024-08-21T13:00:11.427+0000] {logging_mixin.py:190} INFO - [2024-08-21T13:00:11.427+0000] {dag.py:3211} INFO - Sync 1 DAGs
[2024-08-21T13:00:11.448+0000] {logging_mixin.py:190} INFO - [2024-08-21T13:00:11.448+0000] {dag.py:4138} INFO - Setting next_dagrun for example_bash_operator to 2024-08-20 00:00:00+00:00, run_after=2024-08-21 00:00:00+00:00
[2024-08-21T13:00:11.464+0000] {processor.py:208} INFO - Processing /home/airflow/.local/lib/python3.12/site-packages/airflow/example_dags/example_bash_operator.py took 0.081 seconds
[2024-08-21T13:00:41.596+0000] {processor.py:186} INFO - Started process (PID=1954) to work on /home/airflow/.local/lib/python3.12/site-packages/airflow/example_dags/example_bash_operator.py
[2024-08-21T13:00:41.596+0000] {processor.py:914} INFO - Processing file /home/airflow/.local/lib/python3.12/site-packages/airflow/example_dags/example_bash_operator.py for tasks to queue
[2024-08-21T13:00:41.599+0000] {logging_mixin.py:190} INFO - [2024-08-21T13:00:41.599+0000] {dagbag.py:587} INFO - Filling up the DagBag from /home/airflow/.local/lib/python3.12/site-packages/airflow/example_dags/example_bash_operator.py
[2024-08-21T13:00:41.610+0000] {processor.py:925} INFO - DAG(s) 'example_bash_operator' retrieved from /home/airflow/.local/lib/python3.12/site-packages/airflow/example_dags/example_bash_operator.py
[2024-08-21T13:00:41.632+0000] {logging_mixin.py:190} INFO - [2024-08-21T13:00:41.632+0000] {dag.py:3211} INFO - Sync 1 DAGs
[2024-08-21T13:00:41.650+0000] {logging_mixin.py:190} INFO - [2024-08-21T13:00:41.649+0000] {dag.py:4138} INFO - Setting next_dagrun for example_bash_operator to 2024-08-20 00:00:00+00:00, run_after=2024-08-21 00:00:00+00:00
[2024-08-21T13:00:41.667+0000] {processor.py:208} INFO - Processing /home/airflow/.local/lib/python3.12/site-packages/airflow/example_dags/example_bash_operator.py took 0.076 seconds
[2024-08-21T13:01:11.884+0000] {processor.py:186} INFO - Started process (PID=2242) to work on /home/airflow/.local/lib/python3.12/site-packages/airflow/example_dags/example_bash_operator.py
[2024-08-21T13:01:11.885+0000] {processor.py:914} INFO - Processing file /home/airflow/.local/lib/python3.12/site-packages/airflow/example_dags/example_bash_operator.py for tasks to queue
[2024-08-21T13:01:11.888+0000] {logging_mixin.py:190} INFO - [2024-08-21T13:01:11.887+0000] {dagbag.py:587} INFO - Filling up the DagBag from /home/airflow/.local/lib/python3.12/site-packages/airflow/example_dags/example_bash_operator.py
[2024-08-21T13:01:11.897+0000] {processor.py:925} INFO - DAG(s) 'example_bash_operator' retrieved from /home/airflow/.local/lib/python3.12/site-packages/airflow/example_dags/example_bash_operator.py
[2024-08-21T13:01:11.920+0000] {logging_mixin.py:190} INFO - [2024-08-21T13:01:11.920+0000] {dag.py:3211} INFO - Sync 1 DAGs
[2024-08-21T13:01:11.939+0000] {logging_mixin.py:190} INFO - [2024-08-21T13:01:11.938+0000] {dag.py:4138} INFO - Setting next_dagrun for example_bash_operator to 2024-08-20 00:00:00+00:00, run_after=2024-08-21 00:00:00+00:00
[2024-08-21T13:01:11.951+0000] {processor.py:208} INFO - Processing /home/airflow/.local/lib/python3.12/site-packages/airflow/example_dags/example_bash_operator.py took 0.073 seconds
