[2024-08-21T12:57:41.852+0000] {processor.py:186} INFO - Started process (PID=358) to work on /home/airflow/.local/lib/python3.12/site-packages/airflow/example_dags/example_subdag_operator.py
[2024-08-21T12:57:41.853+0000] {processor.py:914} INFO - Processing file /home/airflow/.local/lib/python3.12/site-packages/airflow/example_dags/example_subdag_operator.py for tasks to queue
[2024-08-21T12:57:41.856+0000] {logging_mixin.py:190} INFO - [2024-08-21T12:57:41.855+0000] {dagbag.py:587} INFO - Filling up the DagBag from /home/airflow/.local/lib/python3.12/site-packages/airflow/example_dags/example_subdag_operator.py
[2024-08-21T12:57:41.878+0000] {processor.py:925} INFO - DAG(s) 'example_subdag_operator.section-1', 'example_subdag_operator.section-2', 'example_subdag_operator' retrieved from /home/airflow/.local/lib/python3.12/site-packages/airflow/example_dags/example_subdag_operator.py
[2024-08-21T12:57:41.966+0000] {logging_mixin.py:190} INFO - [2024-08-21T12:57:41.965+0000] {override.py:1858} INFO - Created Permission View: can delete on DAG:example_subdag_operator
[2024-08-21T12:57:41.975+0000] {logging_mixin.py:190} INFO - [2024-08-21T12:57:41.975+0000] {override.py:1858} INFO - Created Permission View: can edit on DAG:example_subdag_operator
[2024-08-21T12:57:41.981+0000] {logging_mixin.py:190} INFO - [2024-08-21T12:57:41.981+0000] {override.py:1858} INFO - Created Permission View: can read on DAG:example_subdag_operator
[2024-08-21T12:57:41.981+0000] {logging_mixin.py:190} INFO - [2024-08-21T12:57:41.981+0000] {dag.py:3211} INFO - Sync 3 DAGs
[2024-08-21T12:57:41.994+0000] {logging_mixin.py:190} INFO - [2024-08-21T12:57:41.993+0000] {dag.py:3234} INFO - Creating ORM DAG for example_subdag_operator.section-2
[2024-08-21T12:57:41.995+0000] {logging_mixin.py:190} INFO - [2024-08-21T12:57:41.995+0000] {dag.py:3234} INFO - Creating ORM DAG for example_subdag_operator.section-1
[2024-08-21T12:57:41.995+0000] {logging_mixin.py:190} INFO - [2024-08-21T12:57:41.995+0000] {dag.py:3234} INFO - Creating ORM DAG for example_subdag_operator
[2024-08-21T12:57:42.003+0000] {logging_mixin.py:190} INFO - [2024-08-21T12:57:42.002+0000] {dag.py:4138} INFO - Setting next_dagrun for example_subdag_operator to 2022-01-01 00:00:00+00:00, run_after=2022-01-01 00:00:00+00:00
[2024-08-21T12:57:42.003+0000] {logging_mixin.py:190} INFO - [2024-08-21T12:57:42.003+0000] {dag.py:4138} INFO - Setting next_dagrun for example_subdag_operator.section-1 to None, run_after=None
[2024-08-21T12:57:42.004+0000] {logging_mixin.py:190} INFO - [2024-08-21T12:57:42.004+0000] {dag.py:4138} INFO - Setting next_dagrun for example_subdag_operator.section-2 to None, run_after=None
[2024-08-21T12:57:42.010+0000] {logging_mixin.py:190} INFO - [2024-08-21T12:57:42.010+0000] {dag.py:3211} INFO - Sync 2 DAGs
[2024-08-21T12:57:42.017+0000] {logging_mixin.py:190} INFO - [2024-08-21T12:57:42.017+0000] {dag.py:4138} INFO - Setting next_dagrun for example_subdag_operator.section-1 to None, run_after=None
[2024-08-21T12:57:42.020+0000] {logging_mixin.py:190} INFO - [2024-08-21T12:57:42.020+0000] {dag.py:4138} INFO - Setting next_dagrun for example_subdag_operator.section-2 to None, run_after=None
[2024-08-21T12:57:42.028+0000] {processor.py:208} INFO - Processing /home/airflow/.local/lib/python3.12/site-packages/airflow/example_dags/example_subdag_operator.py took 0.183 seconds
[2024-08-21T12:58:12.908+0000] {processor.py:186} INFO - Started process (PID=646) to work on /home/airflow/.local/lib/python3.12/site-packages/airflow/example_dags/example_subdag_operator.py
[2024-08-21T12:58:12.908+0000] {processor.py:914} INFO - Processing file /home/airflow/.local/lib/python3.12/site-packages/airflow/example_dags/example_subdag_operator.py for tasks to queue
[2024-08-21T12:58:12.910+0000] {logging_mixin.py:190} INFO - [2024-08-21T12:58:12.910+0000] {dagbag.py:587} INFO - Filling up the DagBag from /home/airflow/.local/lib/python3.12/site-packages/airflow/example_dags/example_subdag_operator.py
[2024-08-21T12:58:12.931+0000] {processor.py:925} INFO - DAG(s) 'example_subdag_operator.section-1', 'example_subdag_operator.section-2', 'example_subdag_operator' retrieved from /home/airflow/.local/lib/python3.12/site-packages/airflow/example_dags/example_subdag_operator.py
[2024-08-21T12:58:12.945+0000] {logging_mixin.py:190} INFO - [2024-08-21T12:58:12.945+0000] {dag.py:3211} INFO - Sync 3 DAGs
[2024-08-21T12:58:12.963+0000] {logging_mixin.py:190} INFO - [2024-08-21T12:58:12.963+0000] {dag.py:4138} INFO - Setting next_dagrun for example_subdag_operator to 2022-01-01 00:00:00+00:00, run_after=2022-01-01 00:00:00+00:00
[2024-08-21T12:58:12.967+0000] {logging_mixin.py:190} INFO - [2024-08-21T12:58:12.967+0000] {dag.py:4138} INFO - Setting next_dagrun for example_subdag_operator.section-1 to None, run_after=None
[2024-08-21T12:58:12.968+0000] {logging_mixin.py:190} INFO - [2024-08-21T12:58:12.968+0000] {dag.py:4138} INFO - Setting next_dagrun for example_subdag_operator.section-2 to None, run_after=None
[2024-08-21T12:58:12.976+0000] {logging_mixin.py:190} INFO - [2024-08-21T12:58:12.976+0000] {dag.py:3211} INFO - Sync 2 DAGs
[2024-08-21T12:58:12.981+0000] {logging_mixin.py:190} INFO - [2024-08-21T12:58:12.980+0000] {dag.py:4138} INFO - Setting next_dagrun for example_subdag_operator.section-1 to None, run_after=None
[2024-08-21T12:58:12.981+0000] {logging_mixin.py:190} INFO - [2024-08-21T12:58:12.981+0000] {dag.py:4138} INFO - Setting next_dagrun for example_subdag_operator.section-2 to None, run_after=None
[2024-08-21T12:58:12.990+0000] {processor.py:208} INFO - Processing /home/airflow/.local/lib/python3.12/site-packages/airflow/example_dags/example_subdag_operator.py took 0.087 seconds
[2024-08-21T12:58:43.016+0000] {processor.py:186} INFO - Started process (PID=932) to work on /home/airflow/.local/lib/python3.12/site-packages/airflow/example_dags/example_subdag_operator.py
[2024-08-21T12:58:43.017+0000] {processor.py:914} INFO - Processing file /home/airflow/.local/lib/python3.12/site-packages/airflow/example_dags/example_subdag_operator.py for tasks to queue
[2024-08-21T12:58:43.019+0000] {logging_mixin.py:190} INFO - [2024-08-21T12:58:43.019+0000] {dagbag.py:587} INFO - Filling up the DagBag from /home/airflow/.local/lib/python3.12/site-packages/airflow/example_dags/example_subdag_operator.py
[2024-08-21T12:58:43.040+0000] {processor.py:925} INFO - DAG(s) 'example_subdag_operator.section-1', 'example_subdag_operator.section-2', 'example_subdag_operator' retrieved from /home/airflow/.local/lib/python3.12/site-packages/airflow/example_dags/example_subdag_operator.py
[2024-08-21T12:58:43.053+0000] {logging_mixin.py:190} INFO - [2024-08-21T12:58:43.053+0000] {dag.py:3211} INFO - Sync 3 DAGs
[2024-08-21T12:58:43.071+0000] {logging_mixin.py:190} INFO - [2024-08-21T12:58:43.071+0000] {dag.py:4138} INFO - Setting next_dagrun for example_subdag_operator to 2022-01-01 00:00:00+00:00, run_after=2022-01-01 00:00:00+00:00
[2024-08-21T12:58:43.076+0000] {logging_mixin.py:190} INFO - [2024-08-21T12:58:43.076+0000] {dag.py:4138} INFO - Setting next_dagrun for example_subdag_operator.section-1 to None, run_after=None
[2024-08-21T12:58:43.077+0000] {logging_mixin.py:190} INFO - [2024-08-21T12:58:43.077+0000] {dag.py:4138} INFO - Setting next_dagrun for example_subdag_operator.section-2 to None, run_after=None
[2024-08-21T12:58:43.083+0000] {logging_mixin.py:190} INFO - [2024-08-21T12:58:43.083+0000] {dag.py:3211} INFO - Sync 2 DAGs
[2024-08-21T12:58:43.089+0000] {logging_mixin.py:190} INFO - [2024-08-21T12:58:43.089+0000] {dag.py:4138} INFO - Setting next_dagrun for example_subdag_operator.section-1 to None, run_after=None
[2024-08-21T12:58:43.090+0000] {logging_mixin.py:190} INFO - [2024-08-21T12:58:43.090+0000] {dag.py:4138} INFO - Setting next_dagrun for example_subdag_operator.section-2 to None, run_after=None
[2024-08-21T12:58:43.100+0000] {processor.py:208} INFO - Processing /home/airflow/.local/lib/python3.12/site-packages/airflow/example_dags/example_subdag_operator.py took 0.089 seconds
[2024-08-21T12:59:13.213+0000] {processor.py:186} INFO - Started process (PID=1216) to work on /home/airflow/.local/lib/python3.12/site-packages/airflow/example_dags/example_subdag_operator.py
[2024-08-21T12:59:13.214+0000] {processor.py:914} INFO - Processing file /home/airflow/.local/lib/python3.12/site-packages/airflow/example_dags/example_subdag_operator.py for tasks to queue
[2024-08-21T12:59:13.216+0000] {logging_mixin.py:190} INFO - [2024-08-21T12:59:13.216+0000] {dagbag.py:587} INFO - Filling up the DagBag from /home/airflow/.local/lib/python3.12/site-packages/airflow/example_dags/example_subdag_operator.py
[2024-08-21T12:59:13.238+0000] {processor.py:925} INFO - DAG(s) 'example_subdag_operator.section-1', 'example_subdag_operator.section-2', 'example_subdag_operator' retrieved from /home/airflow/.local/lib/python3.12/site-packages/airflow/example_dags/example_subdag_operator.py
[2024-08-21T12:59:13.251+0000] {logging_mixin.py:190} INFO - [2024-08-21T12:59:13.251+0000] {dag.py:3211} INFO - Sync 3 DAGs
[2024-08-21T12:59:13.270+0000] {logging_mixin.py:190} INFO - [2024-08-21T12:59:13.270+0000] {dag.py:4138} INFO - Setting next_dagrun for example_subdag_operator to 2022-01-01 00:00:00+00:00, run_after=2022-01-01 00:00:00+00:00
[2024-08-21T12:59:13.275+0000] {logging_mixin.py:190} INFO - [2024-08-21T12:59:13.275+0000] {dag.py:4138} INFO - Setting next_dagrun for example_subdag_operator.section-1 to None, run_after=None
[2024-08-21T12:59:13.276+0000] {logging_mixin.py:190} INFO - [2024-08-21T12:59:13.276+0000] {dag.py:4138} INFO - Setting next_dagrun for example_subdag_operator.section-2 to None, run_after=None
[2024-08-21T12:59:13.282+0000] {logging_mixin.py:190} INFO - [2024-08-21T12:59:13.282+0000] {dag.py:3211} INFO - Sync 2 DAGs
[2024-08-21T12:59:13.288+0000] {logging_mixin.py:190} INFO - [2024-08-21T12:59:13.288+0000] {dag.py:4138} INFO - Setting next_dagrun for example_subdag_operator.section-1 to None, run_after=None
[2024-08-21T12:59:13.289+0000] {logging_mixin.py:190} INFO - [2024-08-21T12:59:13.288+0000] {dag.py:4138} INFO - Setting next_dagrun for example_subdag_operator.section-2 to None, run_after=None
[2024-08-21T12:59:13.298+0000] {processor.py:208} INFO - Processing /home/airflow/.local/lib/python3.12/site-packages/airflow/example_dags/example_subdag_operator.py took 0.093 seconds
[2024-08-21T12:59:43.572+0000] {processor.py:186} INFO - Started process (PID=1504) to work on /home/airflow/.local/lib/python3.12/site-packages/airflow/example_dags/example_subdag_operator.py
[2024-08-21T12:59:43.573+0000] {processor.py:914} INFO - Processing file /home/airflow/.local/lib/python3.12/site-packages/airflow/example_dags/example_subdag_operator.py for tasks to queue
[2024-08-21T12:59:43.575+0000] {logging_mixin.py:190} INFO - [2024-08-21T12:59:43.575+0000] {dagbag.py:587} INFO - Filling up the DagBag from /home/airflow/.local/lib/python3.12/site-packages/airflow/example_dags/example_subdag_operator.py
[2024-08-21T12:59:43.597+0000] {processor.py:925} INFO - DAG(s) 'example_subdag_operator.section-1', 'example_subdag_operator.section-2', 'example_subdag_operator' retrieved from /home/airflow/.local/lib/python3.12/site-packages/airflow/example_dags/example_subdag_operator.py
[2024-08-21T12:59:43.612+0000] {logging_mixin.py:190} INFO - [2024-08-21T12:59:43.611+0000] {dag.py:3211} INFO - Sync 3 DAGs
[2024-08-21T12:59:43.629+0000] {logging_mixin.py:190} INFO - [2024-08-21T12:59:43.628+0000] {dag.py:4138} INFO - Setting next_dagrun for example_subdag_operator to 2022-01-01 00:00:00+00:00, run_after=2022-01-01 00:00:00+00:00
[2024-08-21T12:59:43.632+0000] {logging_mixin.py:190} INFO - [2024-08-21T12:59:43.632+0000] {dag.py:4138} INFO - Setting next_dagrun for example_subdag_operator.section-1 to None, run_after=None
[2024-08-21T12:59:43.633+0000] {logging_mixin.py:190} INFO - [2024-08-21T12:59:43.633+0000] {dag.py:4138} INFO - Setting next_dagrun for example_subdag_operator.section-2 to None, run_after=None
[2024-08-21T12:59:43.640+0000] {logging_mixin.py:190} INFO - [2024-08-21T12:59:43.639+0000] {dag.py:3211} INFO - Sync 2 DAGs
[2024-08-21T12:59:43.644+0000] {logging_mixin.py:190} INFO - [2024-08-21T12:59:43.644+0000] {dag.py:4138} INFO - Setting next_dagrun for example_subdag_operator.section-1 to None, run_after=None
[2024-08-21T12:59:43.646+0000] {logging_mixin.py:190} INFO - [2024-08-21T12:59:43.645+0000] {dag.py:4138} INFO - Setting next_dagrun for example_subdag_operator.section-2 to None, run_after=None
[2024-08-21T12:59:43.659+0000] {processor.py:208} INFO - Processing /home/airflow/.local/lib/python3.12/site-packages/airflow/example_dags/example_subdag_operator.py took 0.092 seconds
[2024-08-21T13:00:13.758+0000] {processor.py:186} INFO - Started process (PID=1793) to work on /home/airflow/.local/lib/python3.12/site-packages/airflow/example_dags/example_subdag_operator.py
[2024-08-21T13:00:13.759+0000] {processor.py:914} INFO - Processing file /home/airflow/.local/lib/python3.12/site-packages/airflow/example_dags/example_subdag_operator.py for tasks to queue
[2024-08-21T13:00:13.761+0000] {logging_mixin.py:190} INFO - [2024-08-21T13:00:13.761+0000] {dagbag.py:587} INFO - Filling up the DagBag from /home/airflow/.local/lib/python3.12/site-packages/airflow/example_dags/example_subdag_operator.py
[2024-08-21T13:00:13.783+0000] {processor.py:925} INFO - DAG(s) 'example_subdag_operator.section-1', 'example_subdag_operator.section-2', 'example_subdag_operator' retrieved from /home/airflow/.local/lib/python3.12/site-packages/airflow/example_dags/example_subdag_operator.py
[2024-08-21T13:00:13.797+0000] {logging_mixin.py:190} INFO - [2024-08-21T13:00:13.796+0000] {dag.py:3211} INFO - Sync 3 DAGs
[2024-08-21T13:00:13.814+0000] {logging_mixin.py:190} INFO - [2024-08-21T13:00:13.814+0000] {dag.py:4138} INFO - Setting next_dagrun for example_subdag_operator to 2022-01-01 00:00:00+00:00, run_after=2022-01-01 00:00:00+00:00
[2024-08-21T13:00:13.818+0000] {logging_mixin.py:190} INFO - [2024-08-21T13:00:13.817+0000] {dag.py:4138} INFO - Setting next_dagrun for example_subdag_operator.section-1 to None, run_after=None
[2024-08-21T13:00:13.819+0000] {logging_mixin.py:190} INFO - [2024-08-21T13:00:13.819+0000] {dag.py:4138} INFO - Setting next_dagrun for example_subdag_operator.section-2 to None, run_after=None
[2024-08-21T13:00:13.824+0000] {logging_mixin.py:190} INFO - [2024-08-21T13:00:13.824+0000] {dag.py:3211} INFO - Sync 2 DAGs
[2024-08-21T13:00:13.829+0000] {logging_mixin.py:190} INFO - [2024-08-21T13:00:13.829+0000] {dag.py:4138} INFO - Setting next_dagrun for example_subdag_operator.section-1 to None, run_after=None
[2024-08-21T13:00:13.829+0000] {logging_mixin.py:190} INFO - [2024-08-21T13:00:13.829+0000] {dag.py:4138} INFO - Setting next_dagrun for example_subdag_operator.section-2 to None, run_after=None
[2024-08-21T13:00:13.838+0000] {processor.py:208} INFO - Processing /home/airflow/.local/lib/python3.12/site-packages/airflow/example_dags/example_subdag_operator.py took 0.086 seconds
[2024-08-21T13:00:44.062+0000] {processor.py:186} INFO - Started process (PID=2081) to work on /home/airflow/.local/lib/python3.12/site-packages/airflow/example_dags/example_subdag_operator.py
[2024-08-21T13:00:44.063+0000] {processor.py:914} INFO - Processing file /home/airflow/.local/lib/python3.12/site-packages/airflow/example_dags/example_subdag_operator.py for tasks to queue
[2024-08-21T13:00:44.065+0000] {logging_mixin.py:190} INFO - [2024-08-21T13:00:44.065+0000] {dagbag.py:587} INFO - Filling up the DagBag from /home/airflow/.local/lib/python3.12/site-packages/airflow/example_dags/example_subdag_operator.py
[2024-08-21T13:00:44.088+0000] {processor.py:925} INFO - DAG(s) 'example_subdag_operator.section-1', 'example_subdag_operator.section-2', 'example_subdag_operator' retrieved from /home/airflow/.local/lib/python3.12/site-packages/airflow/example_dags/example_subdag_operator.py
[2024-08-21T13:00:44.100+0000] {logging_mixin.py:190} INFO - [2024-08-21T13:00:44.100+0000] {dag.py:3211} INFO - Sync 3 DAGs
[2024-08-21T13:00:44.118+0000] {logging_mixin.py:190} INFO - [2024-08-21T13:00:44.118+0000] {dag.py:4138} INFO - Setting next_dagrun for example_subdag_operator to 2022-01-01 00:00:00+00:00, run_after=2022-01-01 00:00:00+00:00
[2024-08-21T13:00:44.122+0000] {logging_mixin.py:190} INFO - [2024-08-21T13:00:44.121+0000] {dag.py:4138} INFO - Setting next_dagrun for example_subdag_operator.section-1 to None, run_after=None
[2024-08-21T13:00:44.123+0000] {logging_mixin.py:190} INFO - [2024-08-21T13:00:44.123+0000] {dag.py:4138} INFO - Setting next_dagrun for example_subdag_operator.section-2 to None, run_after=None
[2024-08-21T13:00:44.128+0000] {logging_mixin.py:190} INFO - [2024-08-21T13:00:44.128+0000] {dag.py:3211} INFO - Sync 2 DAGs
[2024-08-21T13:00:44.134+0000] {logging_mixin.py:190} INFO - [2024-08-21T13:00:44.134+0000] {dag.py:4138} INFO - Setting next_dagrun for example_subdag_operator.section-1 to None, run_after=None
[2024-08-21T13:00:44.134+0000] {logging_mixin.py:190} INFO - [2024-08-21T13:00:44.134+0000] {dag.py:4138} INFO - Setting next_dagrun for example_subdag_operator.section-2 to None, run_after=None
[2024-08-21T13:00:44.142+0000] {processor.py:208} INFO - Processing /home/airflow/.local/lib/python3.12/site-packages/airflow/example_dags/example_subdag_operator.py took 0.087 seconds
[2024-08-21T13:01:14.219+0000] {processor.py:186} INFO - Started process (PID=2365) to work on /home/airflow/.local/lib/python3.12/site-packages/airflow/example_dags/example_subdag_operator.py
[2024-08-21T13:01:14.220+0000] {processor.py:914} INFO - Processing file /home/airflow/.local/lib/python3.12/site-packages/airflow/example_dags/example_subdag_operator.py for tasks to queue
[2024-08-21T13:01:14.222+0000] {logging_mixin.py:190} INFO - [2024-08-21T13:01:14.222+0000] {dagbag.py:587} INFO - Filling up the DagBag from /home/airflow/.local/lib/python3.12/site-packages/airflow/example_dags/example_subdag_operator.py
[2024-08-21T13:01:14.245+0000] {processor.py:925} INFO - DAG(s) 'example_subdag_operator.section-1', 'example_subdag_operator.section-2', 'example_subdag_operator' retrieved from /home/airflow/.local/lib/python3.12/site-packages/airflow/example_dags/example_subdag_operator.py
[2024-08-21T13:01:14.258+0000] {logging_mixin.py:190} INFO - [2024-08-21T13:01:14.257+0000] {dag.py:3211} INFO - Sync 3 DAGs
[2024-08-21T13:01:14.281+0000] {logging_mixin.py:190} INFO - [2024-08-21T13:01:14.281+0000] {dag.py:4138} INFO - Setting next_dagrun for example_subdag_operator to 2022-01-01 00:00:00+00:00, run_after=2022-01-01 00:00:00+00:00
[2024-08-21T13:01:14.284+0000] {logging_mixin.py:190} INFO - [2024-08-21T13:01:14.284+0000] {dag.py:4138} INFO - Setting next_dagrun for example_subdag_operator.section-1 to None, run_after=None
[2024-08-21T13:01:14.285+0000] {logging_mixin.py:190} INFO - [2024-08-21T13:01:14.285+0000] {dag.py:4138} INFO - Setting next_dagrun for example_subdag_operator.section-2 to None, run_after=None
[2024-08-21T13:01:14.291+0000] {logging_mixin.py:190} INFO - [2024-08-21T13:01:14.291+0000] {dag.py:3211} INFO - Sync 2 DAGs
[2024-08-21T13:01:14.297+0000] {logging_mixin.py:190} INFO - [2024-08-21T13:01:14.297+0000] {dag.py:4138} INFO - Setting next_dagrun for example_subdag_operator.section-1 to None, run_after=None
[2024-08-21T13:01:14.297+0000] {logging_mixin.py:190} INFO - [2024-08-21T13:01:14.297+0000] {dag.py:4138} INFO - Setting next_dagrun for example_subdag_operator.section-2 to None, run_after=None
[2024-08-21T13:01:14.306+0000] {processor.py:208} INFO - Processing /home/airflow/.local/lib/python3.12/site-packages/airflow/example_dags/example_subdag_operator.py took 0.092 seconds
