[2024-08-21T12:57:39.973+0000] {processor.py:186} INFO - Started process (PID=268) to work on /home/airflow/.local/lib/python3.12/site-packages/airflow/example_dags/example_setup_teardown.py
[2024-08-21T12:57:39.974+0000] {processor.py:914} INFO - Processing file /home/airflow/.local/lib/python3.12/site-packages/airflow/example_dags/example_setup_teardown.py for tasks to queue
[2024-08-21T12:57:39.976+0000] {logging_mixin.py:190} INFO - [2024-08-21T12:57:39.976+0000] {dagbag.py:587} INFO - Filling up the DagBag from /home/airflow/.local/lib/python3.12/site-packages/airflow/example_dags/example_setup_teardown.py
[2024-08-21T12:57:39.991+0000] {processor.py:925} INFO - DAG(s) 'example_setup_teardown' retrieved from /home/airflow/.local/lib/python3.12/site-packages/airflow/example_dags/example_setup_teardown.py
[2024-08-21T12:57:40.089+0000] {logging_mixin.py:190} INFO - [2024-08-21T12:57:40.088+0000] {override.py:1858} INFO - Created Permission View: can delete on DAG:example_setup_teardown
[2024-08-21T12:57:40.101+0000] {logging_mixin.py:190} INFO - [2024-08-21T12:57:40.101+0000] {override.py:1858} INFO - Created Permission View: can edit on DAG:example_setup_teardown
[2024-08-21T12:57:40.108+0000] {logging_mixin.py:190} INFO - [2024-08-21T12:57:40.108+0000] {override.py:1858} INFO - Created Permission View: can read on DAG:example_setup_teardown
[2024-08-21T12:57:40.108+0000] {logging_mixin.py:190} INFO - [2024-08-21T12:57:40.108+0000] {dag.py:3211} INFO - Sync 1 DAGs
[2024-08-21T12:57:40.118+0000] {logging_mixin.py:190} INFO - [2024-08-21T12:57:40.118+0000] {dag.py:3234} INFO - Creating ORM DAG for example_setup_teardown
[2024-08-21T12:57:40.126+0000] {logging_mixin.py:190} INFO - [2024-08-21T12:57:40.126+0000] {dag.py:4138} INFO - Setting next_dagrun for example_setup_teardown to 2024-08-20 00:00:00+00:00, run_after=2024-08-21 00:00:00+00:00
[2024-08-21T12:57:40.146+0000] {processor.py:208} INFO - Processing /home/airflow/.local/lib/python3.12/site-packages/airflow/example_dags/example_setup_teardown.py took 0.178 seconds
[2024-08-21T12:58:10.861+0000] {processor.py:186} INFO - Started process (PID=554) to work on /home/airflow/.local/lib/python3.12/site-packages/airflow/example_dags/example_setup_teardown.py
[2024-08-21T12:58:10.862+0000] {processor.py:914} INFO - Processing file /home/airflow/.local/lib/python3.12/site-packages/airflow/example_dags/example_setup_teardown.py for tasks to queue
[2024-08-21T12:58:10.866+0000] {logging_mixin.py:190} INFO - [2024-08-21T12:58:10.866+0000] {dagbag.py:587} INFO - Filling up the DagBag from /home/airflow/.local/lib/python3.12/site-packages/airflow/example_dags/example_setup_teardown.py
[2024-08-21T12:58:10.874+0000] {processor.py:925} INFO - DAG(s) 'example_setup_teardown' retrieved from /home/airflow/.local/lib/python3.12/site-packages/airflow/example_dags/example_setup_teardown.py
[2024-08-21T12:58:10.894+0000] {logging_mixin.py:190} INFO - [2024-08-21T12:58:10.894+0000] {dag.py:3211} INFO - Sync 1 DAGs
[2024-08-21T12:58:10.914+0000] {logging_mixin.py:190} INFO - [2024-08-21T12:58:10.914+0000] {dag.py:4138} INFO - Setting next_dagrun for example_setup_teardown to 2024-08-20 00:00:00+00:00, run_after=2024-08-21 00:00:00+00:00
[2024-08-21T12:58:10.930+0000] {processor.py:208} INFO - Processing /home/airflow/.local/lib/python3.12/site-packages/airflow/example_dags/example_setup_teardown.py took 0.074 seconds
[2024-08-21T12:58:41.927+0000] {processor.py:186} INFO - Started process (PID=840) to work on /home/airflow/.local/lib/python3.12/site-packages/airflow/example_dags/example_setup_teardown.py
[2024-08-21T12:58:41.928+0000] {processor.py:914} INFO - Processing file /home/airflow/.local/lib/python3.12/site-packages/airflow/example_dags/example_setup_teardown.py for tasks to queue
[2024-08-21T12:58:41.930+0000] {logging_mixin.py:190} INFO - [2024-08-21T12:58:41.930+0000] {dagbag.py:587} INFO - Filling up the DagBag from /home/airflow/.local/lib/python3.12/site-packages/airflow/example_dags/example_setup_teardown.py
[2024-08-21T12:58:41.939+0000] {processor.py:925} INFO - DAG(s) 'example_setup_teardown' retrieved from /home/airflow/.local/lib/python3.12/site-packages/airflow/example_dags/example_setup_teardown.py
[2024-08-21T12:58:41.956+0000] {logging_mixin.py:190} INFO - [2024-08-21T12:58:41.956+0000] {dag.py:3211} INFO - Sync 1 DAGs
[2024-08-21T12:58:41.980+0000] {logging_mixin.py:190} INFO - [2024-08-21T12:58:41.979+0000] {dag.py:4138} INFO - Setting next_dagrun for example_setup_teardown to 2024-08-20 00:00:00+00:00, run_after=2024-08-21 00:00:00+00:00
[2024-08-21T12:58:41.995+0000] {processor.py:208} INFO - Processing /home/airflow/.local/lib/python3.12/site-packages/airflow/example_dags/example_setup_teardown.py took 0.072 seconds
[2024-08-21T12:59:12.060+0000] {processor.py:186} INFO - Started process (PID=1121) to work on /home/airflow/.local/lib/python3.12/site-packages/airflow/example_dags/example_setup_teardown.py
[2024-08-21T12:59:12.063+0000] {processor.py:914} INFO - Processing file /home/airflow/.local/lib/python3.12/site-packages/airflow/example_dags/example_setup_teardown.py for tasks to queue
[2024-08-21T12:59:12.065+0000] {logging_mixin.py:190} INFO - [2024-08-21T12:59:12.065+0000] {dagbag.py:587} INFO - Filling up the DagBag from /home/airflow/.local/lib/python3.12/site-packages/airflow/example_dags/example_setup_teardown.py
[2024-08-21T12:59:12.072+0000] {processor.py:925} INFO - DAG(s) 'example_setup_teardown' retrieved from /home/airflow/.local/lib/python3.12/site-packages/airflow/example_dags/example_setup_teardown.py
[2024-08-21T12:59:12.092+0000] {logging_mixin.py:190} INFO - [2024-08-21T12:59:12.091+0000] {dag.py:3211} INFO - Sync 1 DAGs
[2024-08-21T12:59:12.113+0000] {logging_mixin.py:190} INFO - [2024-08-21T12:59:12.113+0000] {dag.py:4138} INFO - Setting next_dagrun for example_setup_teardown to 2024-08-20 00:00:00+00:00, run_after=2024-08-21 00:00:00+00:00
[2024-08-21T12:59:12.135+0000] {processor.py:208} INFO - Processing /home/airflow/.local/lib/python3.12/site-packages/airflow/example_dags/example_setup_teardown.py took 0.081 seconds
[2024-08-21T12:59:42.566+0000] {processor.py:186} INFO - Started process (PID=1412) to work on /home/airflow/.local/lib/python3.12/site-packages/airflow/example_dags/example_setup_teardown.py
[2024-08-21T12:59:42.567+0000] {processor.py:914} INFO - Processing file /home/airflow/.local/lib/python3.12/site-packages/airflow/example_dags/example_setup_teardown.py for tasks to queue
[2024-08-21T12:59:42.570+0000] {logging_mixin.py:190} INFO - [2024-08-21T12:59:42.569+0000] {dagbag.py:587} INFO - Filling up the DagBag from /home/airflow/.local/lib/python3.12/site-packages/airflow/example_dags/example_setup_teardown.py
[2024-08-21T12:59:42.578+0000] {processor.py:925} INFO - DAG(s) 'example_setup_teardown' retrieved from /home/airflow/.local/lib/python3.12/site-packages/airflow/example_dags/example_setup_teardown.py
[2024-08-21T12:59:42.599+0000] {logging_mixin.py:190} INFO - [2024-08-21T12:59:42.598+0000] {dag.py:3211} INFO - Sync 1 DAGs
[2024-08-21T12:59:42.622+0000] {logging_mixin.py:190} INFO - [2024-08-21T12:59:42.622+0000] {dag.py:4138} INFO - Setting next_dagrun for example_setup_teardown to 2024-08-20 00:00:00+00:00, run_after=2024-08-21 00:00:00+00:00
[2024-08-21T12:59:42.638+0000] {processor.py:208} INFO - Processing /home/airflow/.local/lib/python3.12/site-packages/airflow/example_dags/example_setup_teardown.py took 0.077 seconds
[2024-08-21T13:00:12.686+0000] {processor.py:186} INFO - Started process (PID=1695) to work on /home/airflow/.local/lib/python3.12/site-packages/airflow/example_dags/example_setup_teardown.py
[2024-08-21T13:00:12.687+0000] {processor.py:914} INFO - Processing file /home/airflow/.local/lib/python3.12/site-packages/airflow/example_dags/example_setup_teardown.py for tasks to queue
[2024-08-21T13:00:12.689+0000] {logging_mixin.py:190} INFO - [2024-08-21T13:00:12.689+0000] {dagbag.py:587} INFO - Filling up the DagBag from /home/airflow/.local/lib/python3.12/site-packages/airflow/example_dags/example_setup_teardown.py
[2024-08-21T13:00:12.696+0000] {processor.py:925} INFO - DAG(s) 'example_setup_teardown' retrieved from /home/airflow/.local/lib/python3.12/site-packages/airflow/example_dags/example_setup_teardown.py
[2024-08-21T13:00:12.712+0000] {logging_mixin.py:190} INFO - [2024-08-21T13:00:12.712+0000] {dag.py:3211} INFO - Sync 1 DAGs
[2024-08-21T13:00:12.729+0000] {logging_mixin.py:190} INFO - [2024-08-21T13:00:12.729+0000] {dag.py:4138} INFO - Setting next_dagrun for example_setup_teardown to 2024-08-20 00:00:00+00:00, run_after=2024-08-21 00:00:00+00:00
[2024-08-21T13:00:12.742+0000] {processor.py:208} INFO - Processing /home/airflow/.local/lib/python3.12/site-packages/airflow/example_dags/example_setup_teardown.py took 0.061 seconds
[2024-08-21T13:00:42.795+0000] {processor.py:186} INFO - Started process (PID=1979) to work on /home/airflow/.local/lib/python3.12/site-packages/airflow/example_dags/example_setup_teardown.py
[2024-08-21T13:00:42.796+0000] {processor.py:914} INFO - Processing file /home/airflow/.local/lib/python3.12/site-packages/airflow/example_dags/example_setup_teardown.py for tasks to queue
[2024-08-21T13:00:42.798+0000] {logging_mixin.py:190} INFO - [2024-08-21T13:00:42.798+0000] {dagbag.py:587} INFO - Filling up the DagBag from /home/airflow/.local/lib/python3.12/site-packages/airflow/example_dags/example_setup_teardown.py
[2024-08-21T13:00:42.805+0000] {processor.py:925} INFO - DAG(s) 'example_setup_teardown' retrieved from /home/airflow/.local/lib/python3.12/site-packages/airflow/example_dags/example_setup_teardown.py
[2024-08-21T13:00:42.824+0000] {logging_mixin.py:190} INFO - [2024-08-21T13:00:42.824+0000] {dag.py:3211} INFO - Sync 1 DAGs
[2024-08-21T13:00:42.842+0000] {logging_mixin.py:190} INFO - [2024-08-21T13:00:42.842+0000] {dag.py:4138} INFO - Setting next_dagrun for example_setup_teardown to 2024-08-20 00:00:00+00:00, run_after=2024-08-21 00:00:00+00:00
[2024-08-21T13:00:42.867+0000] {processor.py:208} INFO - Processing /home/airflow/.local/lib/python3.12/site-packages/airflow/example_dags/example_setup_teardown.py took 0.078 seconds
[2024-08-21T13:01:13.101+0000] {processor.py:186} INFO - Started process (PID=2265) to work on /home/airflow/.local/lib/python3.12/site-packages/airflow/example_dags/example_setup_teardown.py
[2024-08-21T13:01:13.102+0000] {processor.py:914} INFO - Processing file /home/airflow/.local/lib/python3.12/site-packages/airflow/example_dags/example_setup_teardown.py for tasks to queue
[2024-08-21T13:01:13.104+0000] {logging_mixin.py:190} INFO - [2024-08-21T13:01:13.104+0000] {dagbag.py:587} INFO - Filling up the DagBag from /home/airflow/.local/lib/python3.12/site-packages/airflow/example_dags/example_setup_teardown.py
[2024-08-21T13:01:13.114+0000] {processor.py:925} INFO - DAG(s) 'example_setup_teardown' retrieved from /home/airflow/.local/lib/python3.12/site-packages/airflow/example_dags/example_setup_teardown.py
[2024-08-21T13:01:13.136+0000] {logging_mixin.py:190} INFO - [2024-08-21T13:01:13.136+0000] {dag.py:3211} INFO - Sync 1 DAGs
[2024-08-21T13:01:13.156+0000] {logging_mixin.py:190} INFO - [2024-08-21T13:01:13.156+0000] {dag.py:4138} INFO - Setting next_dagrun for example_setup_teardown to 2024-08-20 00:00:00+00:00, run_after=2024-08-21 00:00:00+00:00
[2024-08-21T13:01:13.177+0000] {processor.py:208} INFO - Processing /home/airflow/.local/lib/python3.12/site-packages/airflow/example_dags/example_setup_teardown.py took 0.081 seconds
