[2024-08-21T12:57:42.241+0000] {processor.py:186} INFO - Started process (PID=378) to work on /home/airflow/.local/lib/python3.12/site-packages/airflow/example_dags/example_sensor_decorator.py
[2024-08-21T12:57:42.242+0000] {processor.py:914} INFO - Processing file /home/airflow/.local/lib/python3.12/site-packages/airflow/example_dags/example_sensor_decorator.py for tasks to queue
[2024-08-21T12:57:42.244+0000] {logging_mixin.py:190} INFO - [2024-08-21T12:57:42.244+0000] {dagbag.py:587} INFO - Filling up the DagBag from /home/airflow/.local/lib/python3.12/site-packages/airflow/example_dags/example_sensor_decorator.py
[2024-08-21T12:57:42.252+0000] {processor.py:925} INFO - DAG(s) 'example_sensor_decorator' retrieved from /home/airflow/.local/lib/python3.12/site-packages/airflow/example_dags/example_sensor_decorator.py
[2024-08-21T12:57:42.339+0000] {logging_mixin.py:190} INFO - [2024-08-21T12:57:42.338+0000] {override.py:1858} INFO - Created Permission View: can delete on DAG:example_sensor_decorator
[2024-08-21T12:57:42.347+0000] {logging_mixin.py:190} INFO - [2024-08-21T12:57:42.346+0000] {override.py:1858} INFO - Created Permission View: can edit on DAG:example_sensor_decorator
[2024-08-21T12:57:42.352+0000] {logging_mixin.py:190} INFO - [2024-08-21T12:57:42.352+0000] {override.py:1858} INFO - Created Permission View: can read on DAG:example_sensor_decorator
[2024-08-21T12:57:42.355+0000] {logging_mixin.py:190} INFO - [2024-08-21T12:57:42.354+0000] {dag.py:3211} INFO - Sync 1 DAGs
[2024-08-21T12:57:42.368+0000] {logging_mixin.py:190} INFO - [2024-08-21T12:57:42.367+0000] {dag.py:3234} INFO - Creating ORM DAG for example_sensor_decorator
[2024-08-21T12:57:42.368+0000] {logging_mixin.py:190} INFO - [2024-08-21T12:57:42.368+0000] {dag.py:4138} INFO - Setting next_dagrun for example_sensor_decorator to None, run_after=None
[2024-08-21T12:57:42.383+0000] {processor.py:208} INFO - Processing /home/airflow/.local/lib/python3.12/site-packages/airflow/example_dags/example_sensor_decorator.py took 0.148 seconds
[2024-08-21T12:58:13.088+0000] {processor.py:186} INFO - Started process (PID=664) to work on /home/airflow/.local/lib/python3.12/site-packages/airflow/example_dags/example_sensor_decorator.py
[2024-08-21T12:58:13.088+0000] {processor.py:914} INFO - Processing file /home/airflow/.local/lib/python3.12/site-packages/airflow/example_dags/example_sensor_decorator.py for tasks to queue
[2024-08-21T12:58:13.091+0000] {logging_mixin.py:190} INFO - [2024-08-21T12:58:13.090+0000] {dagbag.py:587} INFO - Filling up the DagBag from /home/airflow/.local/lib/python3.12/site-packages/airflow/example_dags/example_sensor_decorator.py
[2024-08-21T12:58:13.097+0000] {processor.py:925} INFO - DAG(s) 'example_sensor_decorator' retrieved from /home/airflow/.local/lib/python3.12/site-packages/airflow/example_dags/example_sensor_decorator.py
[2024-08-21T12:58:13.116+0000] {logging_mixin.py:190} INFO - [2024-08-21T12:58:13.116+0000] {dag.py:3211} INFO - Sync 1 DAGs
[2024-08-21T12:58:13.127+0000] {logging_mixin.py:190} INFO - [2024-08-21T12:58:13.127+0000] {dag.py:4138} INFO - Setting next_dagrun for example_sensor_decorator to None, run_after=None
[2024-08-21T12:58:13.141+0000] {processor.py:208} INFO - Processing /home/airflow/.local/lib/python3.12/site-packages/airflow/example_dags/example_sensor_decorator.py took 0.058 seconds
[2024-08-21T12:58:43.195+0000] {processor.py:186} INFO - Started process (PID=947) to work on /home/airflow/.local/lib/python3.12/site-packages/airflow/example_dags/example_sensor_decorator.py
[2024-08-21T12:58:43.196+0000] {processor.py:914} INFO - Processing file /home/airflow/.local/lib/python3.12/site-packages/airflow/example_dags/example_sensor_decorator.py for tasks to queue
[2024-08-21T12:58:43.198+0000] {logging_mixin.py:190} INFO - [2024-08-21T12:58:43.198+0000] {dagbag.py:587} INFO - Filling up the DagBag from /home/airflow/.local/lib/python3.12/site-packages/airflow/example_dags/example_sensor_decorator.py
[2024-08-21T12:58:43.205+0000] {processor.py:925} INFO - DAG(s) 'example_sensor_decorator' retrieved from /home/airflow/.local/lib/python3.12/site-packages/airflow/example_dags/example_sensor_decorator.py
[2024-08-21T12:58:43.220+0000] {logging_mixin.py:190} INFO - [2024-08-21T12:58:43.220+0000] {dag.py:3211} INFO - Sync 1 DAGs
[2024-08-21T12:58:43.231+0000] {logging_mixin.py:190} INFO - [2024-08-21T12:58:43.231+0000] {dag.py:4138} INFO - Setting next_dagrun for example_sensor_decorator to None, run_after=None
[2024-08-21T12:58:43.245+0000] {processor.py:208} INFO - Processing /home/airflow/.local/lib/python3.12/site-packages/airflow/example_dags/example_sensor_decorator.py took 0.055 seconds
[2024-08-21T12:59:13.373+0000] {processor.py:186} INFO - Started process (PID=1231) to work on /home/airflow/.local/lib/python3.12/site-packages/airflow/example_dags/example_sensor_decorator.py
[2024-08-21T12:59:13.374+0000] {processor.py:914} INFO - Processing file /home/airflow/.local/lib/python3.12/site-packages/airflow/example_dags/example_sensor_decorator.py for tasks to queue
[2024-08-21T12:59:13.377+0000] {logging_mixin.py:190} INFO - [2024-08-21T12:59:13.376+0000] {dagbag.py:587} INFO - Filling up the DagBag from /home/airflow/.local/lib/python3.12/site-packages/airflow/example_dags/example_sensor_decorator.py
[2024-08-21T12:59:13.385+0000] {processor.py:925} INFO - DAG(s) 'example_sensor_decorator' retrieved from /home/airflow/.local/lib/python3.12/site-packages/airflow/example_dags/example_sensor_decorator.py
[2024-08-21T12:59:13.404+0000] {logging_mixin.py:190} INFO - [2024-08-21T12:59:13.403+0000] {dag.py:3211} INFO - Sync 1 DAGs
[2024-08-21T12:59:13.416+0000] {logging_mixin.py:190} INFO - [2024-08-21T12:59:13.415+0000] {dag.py:4138} INFO - Setting next_dagrun for example_sensor_decorator to None, run_after=None
[2024-08-21T12:59:13.431+0000] {processor.py:208} INFO - Processing /home/airflow/.local/lib/python3.12/site-packages/airflow/example_dags/example_sensor_decorator.py took 0.063 seconds
[2024-08-21T12:59:43.768+0000] {processor.py:186} INFO - Started process (PID=1519) to work on /home/airflow/.local/lib/python3.12/site-packages/airflow/example_dags/example_sensor_decorator.py
[2024-08-21T12:59:43.769+0000] {processor.py:914} INFO - Processing file /home/airflow/.local/lib/python3.12/site-packages/airflow/example_dags/example_sensor_decorator.py for tasks to queue
[2024-08-21T12:59:43.771+0000] {logging_mixin.py:190} INFO - [2024-08-21T12:59:43.771+0000] {dagbag.py:587} INFO - Filling up the DagBag from /home/airflow/.local/lib/python3.12/site-packages/airflow/example_dags/example_sensor_decorator.py
[2024-08-21T12:59:43.779+0000] {processor.py:925} INFO - DAG(s) 'example_sensor_decorator' retrieved from /home/airflow/.local/lib/python3.12/site-packages/airflow/example_dags/example_sensor_decorator.py
[2024-08-21T12:59:43.796+0000] {logging_mixin.py:190} INFO - [2024-08-21T12:59:43.796+0000] {dag.py:3211} INFO - Sync 1 DAGs
[2024-08-21T12:59:43.808+0000] {logging_mixin.py:190} INFO - [2024-08-21T12:59:43.808+0000] {dag.py:4138} INFO - Setting next_dagrun for example_sensor_decorator to None, run_after=None
[2024-08-21T12:59:43.823+0000] {processor.py:208} INFO - Processing /home/airflow/.local/lib/python3.12/site-packages/airflow/example_dags/example_sensor_decorator.py took 0.060 seconds
[2024-08-21T13:00:13.863+0000] {processor.py:186} INFO - Started process (PID=1805) to work on /home/airflow/.local/lib/python3.12/site-packages/airflow/example_dags/example_sensor_decorator.py
[2024-08-21T13:00:13.864+0000] {processor.py:914} INFO - Processing file /home/airflow/.local/lib/python3.12/site-packages/airflow/example_dags/example_sensor_decorator.py for tasks to queue
[2024-08-21T13:00:13.866+0000] {logging_mixin.py:190} INFO - [2024-08-21T13:00:13.866+0000] {dagbag.py:587} INFO - Filling up the DagBag from /home/airflow/.local/lib/python3.12/site-packages/airflow/example_dags/example_sensor_decorator.py
[2024-08-21T13:00:13.872+0000] {processor.py:925} INFO - DAG(s) 'example_sensor_decorator' retrieved from /home/airflow/.local/lib/python3.12/site-packages/airflow/example_dags/example_sensor_decorator.py
[2024-08-21T13:00:13.887+0000] {logging_mixin.py:190} INFO - [2024-08-21T13:00:13.887+0000] {dag.py:3211} INFO - Sync 1 DAGs
[2024-08-21T13:00:13.898+0000] {logging_mixin.py:190} INFO - [2024-08-21T13:00:13.897+0000] {dag.py:4138} INFO - Setting next_dagrun for example_sensor_decorator to None, run_after=None
[2024-08-21T13:00:13.910+0000] {processor.py:208} INFO - Processing /home/airflow/.local/lib/python3.12/site-packages/airflow/example_dags/example_sensor_decorator.py took 0.051 seconds
[2024-08-21T13:00:44.149+0000] {processor.py:186} INFO - Started process (PID=2089) to work on /home/airflow/.local/lib/python3.12/site-packages/airflow/example_dags/example_sensor_decorator.py
[2024-08-21T13:00:44.150+0000] {processor.py:914} INFO - Processing file /home/airflow/.local/lib/python3.12/site-packages/airflow/example_dags/example_sensor_decorator.py for tasks to queue
[2024-08-21T13:00:44.152+0000] {logging_mixin.py:190} INFO - [2024-08-21T13:00:44.152+0000] {dagbag.py:587} INFO - Filling up the DagBag from /home/airflow/.local/lib/python3.12/site-packages/airflow/example_dags/example_sensor_decorator.py
[2024-08-21T13:00:44.159+0000] {processor.py:925} INFO - DAG(s) 'example_sensor_decorator' retrieved from /home/airflow/.local/lib/python3.12/site-packages/airflow/example_dags/example_sensor_decorator.py
[2024-08-21T13:00:44.174+0000] {logging_mixin.py:190} INFO - [2024-08-21T13:00:44.174+0000] {dag.py:3211} INFO - Sync 1 DAGs
[2024-08-21T13:00:44.187+0000] {logging_mixin.py:190} INFO - [2024-08-21T13:00:44.187+0000] {dag.py:4138} INFO - Setting next_dagrun for example_sensor_decorator to None, run_after=None
[2024-08-21T13:00:44.202+0000] {processor.py:208} INFO - Processing /home/airflow/.local/lib/python3.12/site-packages/airflow/example_dags/example_sensor_decorator.py took 0.058 seconds
[2024-08-21T13:01:14.332+0000] {processor.py:186} INFO - Started process (PID=2377) to work on /home/airflow/.local/lib/python3.12/site-packages/airflow/example_dags/example_sensor_decorator.py
[2024-08-21T13:01:14.333+0000] {processor.py:914} INFO - Processing file /home/airflow/.local/lib/python3.12/site-packages/airflow/example_dags/example_sensor_decorator.py for tasks to queue
[2024-08-21T13:01:14.335+0000] {logging_mixin.py:190} INFO - [2024-08-21T13:01:14.334+0000] {dagbag.py:587} INFO - Filling up the DagBag from /home/airflow/.local/lib/python3.12/site-packages/airflow/example_dags/example_sensor_decorator.py
[2024-08-21T13:01:14.341+0000] {processor.py:925} INFO - DAG(s) 'example_sensor_decorator' retrieved from /home/airflow/.local/lib/python3.12/site-packages/airflow/example_dags/example_sensor_decorator.py
[2024-08-21T13:01:14.357+0000] {logging_mixin.py:190} INFO - [2024-08-21T13:01:14.357+0000] {dag.py:3211} INFO - Sync 1 DAGs
[2024-08-21T13:01:14.373+0000] {logging_mixin.py:190} INFO - [2024-08-21T13:01:14.373+0000] {dag.py:4138} INFO - Setting next_dagrun for example_sensor_decorator to None, run_after=None
[2024-08-21T13:01:14.388+0000] {processor.py:208} INFO - Processing /home/airflow/.local/lib/python3.12/site-packages/airflow/example_dags/example_sensor_decorator.py took 0.064 seconds
