[2024-08-21T12:57:41.788+0000] {processor.py:186} INFO - Started process (PID=353) to work on /home/airflow/.local/lib/python3.12/site-packages/airflow/example_dags/example_short_circuit_operator.py
[2024-08-21T12:57:41.789+0000] {processor.py:914} INFO - Processing file /home/airflow/.local/lib/python3.12/site-packages/airflow/example_dags/example_short_circuit_operator.py for tasks to queue
[2024-08-21T12:57:41.791+0000] {logging_mixin.py:190} INFO - [2024-08-21T12:57:41.791+0000] {dagbag.py:587} INFO - Filling up the DagBag from /home/airflow/.local/lib/python3.12/site-packages/airflow/example_dags/example_short_circuit_operator.py
[2024-08-21T12:57:41.801+0000] {processor.py:925} INFO - DAG(s) 'example_short_circuit_operator' retrieved from /home/airflow/.local/lib/python3.12/site-packages/airflow/example_dags/example_short_circuit_operator.py
[2024-08-21T12:57:41.894+0000] {logging_mixin.py:190} INFO - [2024-08-21T12:57:41.893+0000] {override.py:1858} INFO - Created Permission View: can delete on DAG:example_short_circuit_operator
[2024-08-21T12:57:41.902+0000] {logging_mixin.py:190} INFO - [2024-08-21T12:57:41.902+0000] {override.py:1858} INFO - Created Permission View: can edit on DAG:example_short_circuit_operator
[2024-08-21T12:57:41.908+0000] {logging_mixin.py:190} INFO - [2024-08-21T12:57:41.908+0000] {override.py:1858} INFO - Created Permission View: can read on DAG:example_short_circuit_operator
[2024-08-21T12:57:41.908+0000] {logging_mixin.py:190} INFO - [2024-08-21T12:57:41.908+0000] {dag.py:3211} INFO - Sync 1 DAGs
[2024-08-21T12:57:41.919+0000] {logging_mixin.py:190} INFO - [2024-08-21T12:57:41.919+0000] {dag.py:3234} INFO - Creating ORM DAG for example_short_circuit_operator
[2024-08-21T12:57:41.927+0000] {logging_mixin.py:190} INFO - [2024-08-21T12:57:41.927+0000] {dag.py:4138} INFO - Setting next_dagrun for example_short_circuit_operator to 2024-08-20 00:00:00+00:00, run_after=2024-08-21 00:00:00+00:00
[2024-08-21T12:57:41.940+0000] {processor.py:208} INFO - Processing /home/airflow/.local/lib/python3.12/site-packages/airflow/example_dags/example_short_circuit_operator.py took 0.158 seconds
[2024-08-21T12:58:12.830+0000] {processor.py:186} INFO - Started process (PID=641) to work on /home/airflow/.local/lib/python3.12/site-packages/airflow/example_dags/example_short_circuit_operator.py
[2024-08-21T12:58:12.831+0000] {processor.py:914} INFO - Processing file /home/airflow/.local/lib/python3.12/site-packages/airflow/example_dags/example_short_circuit_operator.py for tasks to queue
[2024-08-21T12:58:12.833+0000] {logging_mixin.py:190} INFO - [2024-08-21T12:58:12.833+0000] {dagbag.py:587} INFO - Filling up the DagBag from /home/airflow/.local/lib/python3.12/site-packages/airflow/example_dags/example_short_circuit_operator.py
[2024-08-21T12:58:12.841+0000] {processor.py:925} INFO - DAG(s) 'example_short_circuit_operator' retrieved from /home/airflow/.local/lib/python3.12/site-packages/airflow/example_dags/example_short_circuit_operator.py
[2024-08-21T12:58:12.857+0000] {logging_mixin.py:190} INFO - [2024-08-21T12:58:12.857+0000] {dag.py:3211} INFO - Sync 1 DAGs
[2024-08-21T12:58:12.874+0000] {logging_mixin.py:190} INFO - [2024-08-21T12:58:12.874+0000] {dag.py:4138} INFO - Setting next_dagrun for example_short_circuit_operator to 2024-08-20 00:00:00+00:00, run_after=2024-08-21 00:00:00+00:00
[2024-08-21T12:58:12.887+0000] {processor.py:208} INFO - Processing /home/airflow/.local/lib/python3.12/site-packages/airflow/example_dags/example_short_circuit_operator.py took 0.061 seconds
[2024-08-21T12:58:42.936+0000] {processor.py:186} INFO - Started process (PID=927) to work on /home/airflow/.local/lib/python3.12/site-packages/airflow/example_dags/example_short_circuit_operator.py
[2024-08-21T12:58:42.937+0000] {processor.py:914} INFO - Processing file /home/airflow/.local/lib/python3.12/site-packages/airflow/example_dags/example_short_circuit_operator.py for tasks to queue
[2024-08-21T12:58:42.939+0000] {logging_mixin.py:190} INFO - [2024-08-21T12:58:42.938+0000] {dagbag.py:587} INFO - Filling up the DagBag from /home/airflow/.local/lib/python3.12/site-packages/airflow/example_dags/example_short_circuit_operator.py
[2024-08-21T12:58:42.946+0000] {processor.py:925} INFO - DAG(s) 'example_short_circuit_operator' retrieved from /home/airflow/.local/lib/python3.12/site-packages/airflow/example_dags/example_short_circuit_operator.py
[2024-08-21T12:58:42.963+0000] {logging_mixin.py:190} INFO - [2024-08-21T12:58:42.963+0000] {dag.py:3211} INFO - Sync 1 DAGs
[2024-08-21T12:58:42.981+0000] {logging_mixin.py:190} INFO - [2024-08-21T12:58:42.980+0000] {dag.py:4138} INFO - Setting next_dagrun for example_short_circuit_operator to 2024-08-20 00:00:00+00:00, run_after=2024-08-21 00:00:00+00:00
[2024-08-21T12:58:42.993+0000] {processor.py:208} INFO - Processing /home/airflow/.local/lib/python3.12/site-packages/airflow/example_dags/example_short_circuit_operator.py took 0.062 seconds
[2024-08-21T12:59:13.175+0000] {processor.py:186} INFO - Started process (PID=1211) to work on /home/airflow/.local/lib/python3.12/site-packages/airflow/example_dags/example_short_circuit_operator.py
[2024-08-21T12:59:13.176+0000] {processor.py:914} INFO - Processing file /home/airflow/.local/lib/python3.12/site-packages/airflow/example_dags/example_short_circuit_operator.py for tasks to queue
[2024-08-21T12:59:13.178+0000] {logging_mixin.py:190} INFO - [2024-08-21T12:59:13.178+0000] {dagbag.py:587} INFO - Filling up the DagBag from /home/airflow/.local/lib/python3.12/site-packages/airflow/example_dags/example_short_circuit_operator.py
[2024-08-21T12:59:13.186+0000] {processor.py:925} INFO - DAG(s) 'example_short_circuit_operator' retrieved from /home/airflow/.local/lib/python3.12/site-packages/airflow/example_dags/example_short_circuit_operator.py
[2024-08-21T12:59:13.205+0000] {logging_mixin.py:190} INFO - [2024-08-21T12:59:13.204+0000] {dag.py:3211} INFO - Sync 1 DAGs
[2024-08-21T12:59:13.227+0000] {logging_mixin.py:190} INFO - [2024-08-21T12:59:13.227+0000] {dag.py:4138} INFO - Setting next_dagrun for example_short_circuit_operator to 2024-08-20 00:00:00+00:00, run_after=2024-08-21 00:00:00+00:00
[2024-08-21T12:59:13.243+0000] {processor.py:208} INFO - Processing /home/airflow/.local/lib/python3.12/site-packages/airflow/example_dags/example_short_circuit_operator.py took 0.073 seconds
[2024-08-21T12:59:43.494+0000] {processor.py:186} INFO - Started process (PID=1499) to work on /home/airflow/.local/lib/python3.12/site-packages/airflow/example_dags/example_short_circuit_operator.py
[2024-08-21T12:59:43.495+0000] {processor.py:914} INFO - Processing file /home/airflow/.local/lib/python3.12/site-packages/airflow/example_dags/example_short_circuit_operator.py for tasks to queue
[2024-08-21T12:59:43.497+0000] {logging_mixin.py:190} INFO - [2024-08-21T12:59:43.496+0000] {dagbag.py:587} INFO - Filling up the DagBag from /home/airflow/.local/lib/python3.12/site-packages/airflow/example_dags/example_short_circuit_operator.py
[2024-08-21T12:59:43.504+0000] {processor.py:925} INFO - DAG(s) 'example_short_circuit_operator' retrieved from /home/airflow/.local/lib/python3.12/site-packages/airflow/example_dags/example_short_circuit_operator.py
[2024-08-21T12:59:43.521+0000] {logging_mixin.py:190} INFO - [2024-08-21T12:59:43.521+0000] {dag.py:3211} INFO - Sync 1 DAGs
[2024-08-21T12:59:43.538+0000] {logging_mixin.py:190} INFO - [2024-08-21T12:59:43.538+0000] {dag.py:4138} INFO - Setting next_dagrun for example_short_circuit_operator to 2024-08-20 00:00:00+00:00, run_after=2024-08-21 00:00:00+00:00
[2024-08-21T12:59:43.550+0000] {processor.py:208} INFO - Processing /home/airflow/.local/lib/python3.12/site-packages/airflow/example_dags/example_short_circuit_operator.py took 0.061 seconds
[2024-08-21T13:00:13.656+0000] {processor.py:186} INFO - Started process (PID=1783) to work on /home/airflow/.local/lib/python3.12/site-packages/airflow/example_dags/example_short_circuit_operator.py
[2024-08-21T13:00:13.657+0000] {processor.py:914} INFO - Processing file /home/airflow/.local/lib/python3.12/site-packages/airflow/example_dags/example_short_circuit_operator.py for tasks to queue
[2024-08-21T13:00:13.660+0000] {logging_mixin.py:190} INFO - [2024-08-21T13:00:13.660+0000] {dagbag.py:587} INFO - Filling up the DagBag from /home/airflow/.local/lib/python3.12/site-packages/airflow/example_dags/example_short_circuit_operator.py
[2024-08-21T13:00:13.670+0000] {processor.py:925} INFO - DAG(s) 'example_short_circuit_operator' retrieved from /home/airflow/.local/lib/python3.12/site-packages/airflow/example_dags/example_short_circuit_operator.py
[2024-08-21T13:00:13.691+0000] {logging_mixin.py:190} INFO - [2024-08-21T13:00:13.691+0000] {dag.py:3211} INFO - Sync 1 DAGs
[2024-08-21T13:00:13.717+0000] {logging_mixin.py:190} INFO - [2024-08-21T13:00:13.717+0000] {dag.py:4138} INFO - Setting next_dagrun for example_short_circuit_operator to 2024-08-20 00:00:00+00:00, run_after=2024-08-21 00:00:00+00:00
[2024-08-21T13:00:13.733+0000] {processor.py:208} INFO - Processing /home/airflow/.local/lib/python3.12/site-packages/airflow/example_dags/example_short_circuit_operator.py took 0.083 seconds
[2024-08-21T13:00:43.899+0000] {processor.py:186} INFO - Started process (PID=2071) to work on /home/airflow/.local/lib/python3.12/site-packages/airflow/example_dags/example_short_circuit_operator.py
[2024-08-21T13:00:43.900+0000] {processor.py:914} INFO - Processing file /home/airflow/.local/lib/python3.12/site-packages/airflow/example_dags/example_short_circuit_operator.py for tasks to queue
[2024-08-21T13:00:43.902+0000] {logging_mixin.py:190} INFO - [2024-08-21T13:00:43.902+0000] {dagbag.py:587} INFO - Filling up the DagBag from /home/airflow/.local/lib/python3.12/site-packages/airflow/example_dags/example_short_circuit_operator.py
[2024-08-21T13:00:43.909+0000] {processor.py:925} INFO - DAG(s) 'example_short_circuit_operator' retrieved from /home/airflow/.local/lib/python3.12/site-packages/airflow/example_dags/example_short_circuit_operator.py
[2024-08-21T13:00:43.925+0000] {logging_mixin.py:190} INFO - [2024-08-21T13:00:43.925+0000] {dag.py:3211} INFO - Sync 1 DAGs
[2024-08-21T13:00:43.942+0000] {logging_mixin.py:190} INFO - [2024-08-21T13:00:43.942+0000] {dag.py:4138} INFO - Setting next_dagrun for example_short_circuit_operator to 2024-08-20 00:00:00+00:00, run_after=2024-08-21 00:00:00+00:00
[2024-08-21T13:00:43.955+0000] {processor.py:208} INFO - Processing /home/airflow/.local/lib/python3.12/site-packages/airflow/example_dags/example_short_circuit_operator.py took 0.060 seconds
[2024-08-21T13:01:14.127+0000] {processor.py:186} INFO - Started process (PID=2355) to work on /home/airflow/.local/lib/python3.12/site-packages/airflow/example_dags/example_short_circuit_operator.py
[2024-08-21T13:01:14.128+0000] {processor.py:914} INFO - Processing file /home/airflow/.local/lib/python3.12/site-packages/airflow/example_dags/example_short_circuit_operator.py for tasks to queue
[2024-08-21T13:01:14.131+0000] {logging_mixin.py:190} INFO - [2024-08-21T13:01:14.131+0000] {dagbag.py:587} INFO - Filling up the DagBag from /home/airflow/.local/lib/python3.12/site-packages/airflow/example_dags/example_short_circuit_operator.py
[2024-08-21T13:01:14.139+0000] {processor.py:925} INFO - DAG(s) 'example_short_circuit_operator' retrieved from /home/airflow/.local/lib/python3.12/site-packages/airflow/example_dags/example_short_circuit_operator.py
[2024-08-21T13:01:14.158+0000] {logging_mixin.py:190} INFO - [2024-08-21T13:01:14.158+0000] {dag.py:3211} INFO - Sync 1 DAGs
[2024-08-21T13:01:14.178+0000] {logging_mixin.py:190} INFO - [2024-08-21T13:01:14.178+0000] {dag.py:4138} INFO - Setting next_dagrun for example_short_circuit_operator to 2024-08-20 00:00:00+00:00, run_after=2024-08-21 00:00:00+00:00
[2024-08-21T13:01:14.193+0000] {processor.py:208} INFO - Processing /home/airflow/.local/lib/python3.12/site-packages/airflow/example_dags/example_short_circuit_operator.py took 0.070 seconds
