[2024-08-21T12:57:41.169+0000] {processor.py:186} INFO - Started process (PID=323) to work on /home/airflow/.local/lib/python3.12/site-packages/airflow/example_dags/example_branch_labels.py
[2024-08-21T12:57:41.170+0000] {processor.py:914} INFO - Processing file /home/airflow/.local/lib/python3.12/site-packages/airflow/example_dags/example_branch_labels.py for tasks to queue
[2024-08-21T12:57:41.174+0000] {logging_mixin.py:190} INFO - [2024-08-21T12:57:41.173+0000] {dagbag.py:587} INFO - Filling up the DagBag from /home/airflow/.local/lib/python3.12/site-packages/airflow/example_dags/example_branch_labels.py
[2024-08-21T12:57:41.189+0000] {processor.py:925} INFO - DAG(s) 'example_branch_labels' retrieved from /home/airflow/.local/lib/python3.12/site-packages/airflow/example_dags/example_branch_labels.py
[2024-08-21T12:57:41.302+0000] {logging_mixin.py:190} INFO - [2024-08-21T12:57:41.301+0000] {override.py:1858} INFO - Created Permission View: can delete on DAG:example_branch_labels
[2024-08-21T12:57:41.311+0000] {logging_mixin.py:190} INFO - [2024-08-21T12:57:41.310+0000] {override.py:1858} INFO - Created Permission View: can edit on DAG:example_branch_labels
[2024-08-21T12:57:41.317+0000] {logging_mixin.py:190} INFO - [2024-08-21T12:57:41.316+0000] {override.py:1858} INFO - Created Permission View: can read on DAG:example_branch_labels
[2024-08-21T12:57:41.318+0000] {logging_mixin.py:190} INFO - [2024-08-21T12:57:41.317+0000] {dag.py:3211} INFO - Sync 1 DAGs
[2024-08-21T12:57:41.332+0000] {logging_mixin.py:190} INFO - [2024-08-21T12:57:41.332+0000] {dag.py:3234} INFO - Creating ORM DAG for example_branch_labels
[2024-08-21T12:57:41.342+0000] {logging_mixin.py:190} INFO - [2024-08-21T12:57:41.342+0000] {dag.py:4138} INFO - Setting next_dagrun for example_branch_labels to 2024-08-20 00:00:00+00:00, run_after=2024-08-21 00:00:00+00:00
[2024-08-21T12:57:41.357+0000] {processor.py:208} INFO - Processing /home/airflow/.local/lib/python3.12/site-packages/airflow/example_dags/example_branch_labels.py took 0.196 seconds
[2024-08-21T12:58:11.525+0000] {processor.py:186} INFO - Started process (PID=609) to work on /home/airflow/.local/lib/python3.12/site-packages/airflow/example_dags/example_branch_labels.py
[2024-08-21T12:58:11.525+0000] {processor.py:914} INFO - Processing file /home/airflow/.local/lib/python3.12/site-packages/airflow/example_dags/example_branch_labels.py for tasks to queue
[2024-08-21T12:58:11.527+0000] {logging_mixin.py:190} INFO - [2024-08-21T12:58:11.527+0000] {dagbag.py:587} INFO - Filling up the DagBag from /home/airflow/.local/lib/python3.12/site-packages/airflow/example_dags/example_branch_labels.py
[2024-08-21T12:58:11.539+0000] {processor.py:925} INFO - DAG(s) 'example_branch_labels' retrieved from /home/airflow/.local/lib/python3.12/site-packages/airflow/example_dags/example_branch_labels.py
[2024-08-21T12:58:11.556+0000] {logging_mixin.py:190} INFO - [2024-08-21T12:58:11.556+0000] {dag.py:3211} INFO - Sync 1 DAGs
[2024-08-21T12:58:11.576+0000] {logging_mixin.py:190} INFO - [2024-08-21T12:58:11.576+0000] {dag.py:4138} INFO - Setting next_dagrun for example_branch_labels to 2024-08-20 00:00:00+00:00, run_after=2024-08-21 00:00:00+00:00
[2024-08-21T12:58:11.590+0000] {processor.py:208} INFO - Processing /home/airflow/.local/lib/python3.12/site-packages/airflow/example_dags/example_branch_labels.py took 0.072 seconds
[2024-08-21T12:58:42.633+0000] {processor.py:186} INFO - Started process (PID=897) to work on /home/airflow/.local/lib/python3.12/site-packages/airflow/example_dags/example_branch_labels.py
[2024-08-21T12:58:42.634+0000] {processor.py:914} INFO - Processing file /home/airflow/.local/lib/python3.12/site-packages/airflow/example_dags/example_branch_labels.py for tasks to queue
[2024-08-21T12:58:42.636+0000] {logging_mixin.py:190} INFO - [2024-08-21T12:58:42.636+0000] {dagbag.py:587} INFO - Filling up the DagBag from /home/airflow/.local/lib/python3.12/site-packages/airflow/example_dags/example_branch_labels.py
[2024-08-21T12:58:42.644+0000] {processor.py:925} INFO - DAG(s) 'example_branch_labels' retrieved from /home/airflow/.local/lib/python3.12/site-packages/airflow/example_dags/example_branch_labels.py
[2024-08-21T12:58:42.665+0000] {logging_mixin.py:190} INFO - [2024-08-21T12:58:42.665+0000] {dag.py:3211} INFO - Sync 1 DAGs
[2024-08-21T12:58:42.685+0000] {logging_mixin.py:190} INFO - [2024-08-21T12:58:42.684+0000] {dag.py:4138} INFO - Setting next_dagrun for example_branch_labels to 2024-08-20 00:00:00+00:00, run_after=2024-08-21 00:00:00+00:00
[2024-08-21T12:58:42.698+0000] {processor.py:208} INFO - Processing /home/airflow/.local/lib/python3.12/site-packages/airflow/example_dags/example_branch_labels.py took 0.070 seconds
[2024-08-21T12:59:12.872+0000] {processor.py:186} INFO - Started process (PID=1181) to work on /home/airflow/.local/lib/python3.12/site-packages/airflow/example_dags/example_branch_labels.py
[2024-08-21T12:59:12.873+0000] {processor.py:914} INFO - Processing file /home/airflow/.local/lib/python3.12/site-packages/airflow/example_dags/example_branch_labels.py for tasks to queue
[2024-08-21T12:59:12.877+0000] {logging_mixin.py:190} INFO - [2024-08-21T12:59:12.876+0000] {dagbag.py:587} INFO - Filling up the DagBag from /home/airflow/.local/lib/python3.12/site-packages/airflow/example_dags/example_branch_labels.py
[2024-08-21T12:59:12.888+0000] {processor.py:925} INFO - DAG(s) 'example_branch_labels' retrieved from /home/airflow/.local/lib/python3.12/site-packages/airflow/example_dags/example_branch_labels.py
[2024-08-21T12:59:12.910+0000] {logging_mixin.py:190} INFO - [2024-08-21T12:59:12.909+0000] {dag.py:3211} INFO - Sync 1 DAGs
[2024-08-21T12:59:12.930+0000] {logging_mixin.py:190} INFO - [2024-08-21T12:59:12.930+0000] {dag.py:4138} INFO - Setting next_dagrun for example_branch_labels to 2024-08-20 00:00:00+00:00, run_after=2024-08-21 00:00:00+00:00
[2024-08-21T12:59:12.945+0000] {processor.py:208} INFO - Processing /home/airflow/.local/lib/python3.12/site-packages/airflow/example_dags/example_branch_labels.py took 0.078 seconds
[2024-08-21T12:59:43.199+0000] {processor.py:186} INFO - Started process (PID=1467) to work on /home/airflow/.local/lib/python3.12/site-packages/airflow/example_dags/example_branch_labels.py
[2024-08-21T12:59:43.200+0000] {processor.py:914} INFO - Processing file /home/airflow/.local/lib/python3.12/site-packages/airflow/example_dags/example_branch_labels.py for tasks to queue
[2024-08-21T12:59:43.202+0000] {logging_mixin.py:190} INFO - [2024-08-21T12:59:43.202+0000] {dagbag.py:587} INFO - Filling up the DagBag from /home/airflow/.local/lib/python3.12/site-packages/airflow/example_dags/example_branch_labels.py
[2024-08-21T12:59:43.210+0000] {processor.py:925} INFO - DAG(s) 'example_branch_labels' retrieved from /home/airflow/.local/lib/python3.12/site-packages/airflow/example_dags/example_branch_labels.py
[2024-08-21T12:59:43.227+0000] {logging_mixin.py:190} INFO - [2024-08-21T12:59:43.226+0000] {dag.py:3211} INFO - Sync 1 DAGs
[2024-08-21T12:59:43.247+0000] {logging_mixin.py:190} INFO - [2024-08-21T12:59:43.247+0000] {dag.py:4138} INFO - Setting next_dagrun for example_branch_labels to 2024-08-20 00:00:00+00:00, run_after=2024-08-21 00:00:00+00:00
[2024-08-21T12:59:43.261+0000] {processor.py:208} INFO - Processing /home/airflow/.local/lib/python3.12/site-packages/airflow/example_dags/example_branch_labels.py took 0.067 seconds
[2024-08-21T13:00:13.363+0000] {processor.py:186} INFO - Started process (PID=1753) to work on /home/airflow/.local/lib/python3.12/site-packages/airflow/example_dags/example_branch_labels.py
[2024-08-21T13:00:13.364+0000] {processor.py:914} INFO - Processing file /home/airflow/.local/lib/python3.12/site-packages/airflow/example_dags/example_branch_labels.py for tasks to queue
[2024-08-21T13:00:13.366+0000] {logging_mixin.py:190} INFO - [2024-08-21T13:00:13.366+0000] {dagbag.py:587} INFO - Filling up the DagBag from /home/airflow/.local/lib/python3.12/site-packages/airflow/example_dags/example_branch_labels.py
[2024-08-21T13:00:13.376+0000] {processor.py:925} INFO - DAG(s) 'example_branch_labels' retrieved from /home/airflow/.local/lib/python3.12/site-packages/airflow/example_dags/example_branch_labels.py
[2024-08-21T13:00:13.396+0000] {logging_mixin.py:190} INFO - [2024-08-21T13:00:13.395+0000] {dag.py:3211} INFO - Sync 1 DAGs
[2024-08-21T13:00:13.416+0000] {logging_mixin.py:190} INFO - [2024-08-21T13:00:13.416+0000] {dag.py:4138} INFO - Setting next_dagrun for example_branch_labels to 2024-08-20 00:00:00+00:00, run_after=2024-08-21 00:00:00+00:00
[2024-08-21T13:00:13.431+0000] {processor.py:208} INFO - Processing /home/airflow/.local/lib/python3.12/site-packages/airflow/example_dags/example_branch_labels.py took 0.073 seconds
[2024-08-21T13:00:43.608+0000] {processor.py:186} INFO - Started process (PID=2041) to work on /home/airflow/.local/lib/python3.12/site-packages/airflow/example_dags/example_branch_labels.py
[2024-08-21T13:00:43.610+0000] {processor.py:914} INFO - Processing file /home/airflow/.local/lib/python3.12/site-packages/airflow/example_dags/example_branch_labels.py for tasks to queue
[2024-08-21T13:00:43.612+0000] {logging_mixin.py:190} INFO - [2024-08-21T13:00:43.612+0000] {dagbag.py:587} INFO - Filling up the DagBag from /home/airflow/.local/lib/python3.12/site-packages/airflow/example_dags/example_branch_labels.py
[2024-08-21T13:00:43.620+0000] {processor.py:925} INFO - DAG(s) 'example_branch_labels' retrieved from /home/airflow/.local/lib/python3.12/site-packages/airflow/example_dags/example_branch_labels.py
[2024-08-21T13:00:43.640+0000] {logging_mixin.py:190} INFO - [2024-08-21T13:00:43.639+0000] {dag.py:3211} INFO - Sync 1 DAGs
[2024-08-21T13:00:43.664+0000] {logging_mixin.py:190} INFO - [2024-08-21T13:00:43.664+0000] {dag.py:4138} INFO - Setting next_dagrun for example_branch_labels to 2024-08-20 00:00:00+00:00, run_after=2024-08-21 00:00:00+00:00
[2024-08-21T13:00:43.680+0000] {processor.py:208} INFO - Processing /home/airflow/.local/lib/python3.12/site-packages/airflow/example_dags/example_branch_labels.py took 0.077 seconds
[2024-08-21T13:01:13.825+0000] {processor.py:186} INFO - Started process (PID=2325) to work on /home/airflow/.local/lib/python3.12/site-packages/airflow/example_dags/example_branch_labels.py
[2024-08-21T13:01:13.826+0000] {processor.py:914} INFO - Processing file /home/airflow/.local/lib/python3.12/site-packages/airflow/example_dags/example_branch_labels.py for tasks to queue
[2024-08-21T13:01:13.828+0000] {logging_mixin.py:190} INFO - [2024-08-21T13:01:13.828+0000] {dagbag.py:587} INFO - Filling up the DagBag from /home/airflow/.local/lib/python3.12/site-packages/airflow/example_dags/example_branch_labels.py
[2024-08-21T13:01:13.836+0000] {processor.py:925} INFO - DAG(s) 'example_branch_labels' retrieved from /home/airflow/.local/lib/python3.12/site-packages/airflow/example_dags/example_branch_labels.py
[2024-08-21T13:01:13.854+0000] {logging_mixin.py:190} INFO - [2024-08-21T13:01:13.854+0000] {dag.py:3211} INFO - Sync 1 DAGs
[2024-08-21T13:01:13.875+0000] {logging_mixin.py:190} INFO - [2024-08-21T13:01:13.875+0000] {dag.py:4138} INFO - Setting next_dagrun for example_branch_labels to 2024-08-20 00:00:00+00:00, run_after=2024-08-21 00:00:00+00:00
[2024-08-21T13:01:13.892+0000] {processor.py:208} INFO - Processing /home/airflow/.local/lib/python3.12/site-packages/airflow/example_dags/example_branch_labels.py took 0.072 seconds
