[2024-08-21T12:57:38.496+0000] {processor.py:186} INFO - Started process (PID=207) to work on /home/airflow/.local/lib/python3.12/site-packages/airflow/example_dags/tutorial_dag.py
[2024-08-21T12:57:38.497+0000] {processor.py:914} INFO - Processing file /home/airflow/.local/lib/python3.12/site-packages/airflow/example_dags/tutorial_dag.py for tasks to queue
[2024-08-21T12:57:38.500+0000] {logging_mixin.py:190} INFO - [2024-08-21T12:57:38.500+0000] {dagbag.py:587} INFO - Filling up the DagBag from /home/airflow/.local/lib/python3.12/site-packages/airflow/example_dags/tutorial_dag.py
[2024-08-21T12:57:38.510+0000] {processor.py:925} INFO - DAG(s) 'tutorial_dag' retrieved from /home/airflow/.local/lib/python3.12/site-packages/airflow/example_dags/tutorial_dag.py
[2024-08-21T12:57:38.611+0000] {logging_mixin.py:190} INFO - [2024-08-21T12:57:38.609+0000] {override.py:1858} INFO - Created Permission View: can delete on DAG:tutorial_dag
[2024-08-21T12:57:38.620+0000] {logging_mixin.py:190} INFO - [2024-08-21T12:57:38.620+0000] {override.py:1858} INFO - Created Permission View: can edit on DAG:tutorial_dag
[2024-08-21T12:57:38.626+0000] {logging_mixin.py:190} INFO - [2024-08-21T12:57:38.625+0000] {override.py:1858} INFO - Created Permission View: can read on DAG:tutorial_dag
[2024-08-21T12:57:38.626+0000] {logging_mixin.py:190} INFO - [2024-08-21T12:57:38.626+0000] {dag.py:3211} INFO - Sync 1 DAGs
[2024-08-21T12:57:38.637+0000] {logging_mixin.py:190} INFO - [2024-08-21T12:57:38.637+0000] {dag.py:3234} INFO - Creating ORM DAG for tutorial_dag
[2024-08-21T12:57:38.638+0000] {logging_mixin.py:190} INFO - [2024-08-21T12:57:38.638+0000] {dag.py:4138} INFO - Setting next_dagrun for tutorial_dag to None, run_after=None
[2024-08-21T12:57:38.650+0000] {processor.py:208} INFO - Processing /home/airflow/.local/lib/python3.12/site-packages/airflow/example_dags/tutorial_dag.py took 0.160 seconds
[2024-08-21T12:58:09.274+0000] {processor.py:186} INFO - Started process (PID=493) to work on /home/airflow/.local/lib/python3.12/site-packages/airflow/example_dags/tutorial_dag.py
[2024-08-21T12:58:09.274+0000] {processor.py:914} INFO - Processing file /home/airflow/.local/lib/python3.12/site-packages/airflow/example_dags/tutorial_dag.py for tasks to queue
[2024-08-21T12:58:09.276+0000] {logging_mixin.py:190} INFO - [2024-08-21T12:58:09.276+0000] {dagbag.py:587} INFO - Filling up the DagBag from /home/airflow/.local/lib/python3.12/site-packages/airflow/example_dags/tutorial_dag.py
[2024-08-21T12:58:09.282+0000] {processor.py:925} INFO - DAG(s) 'tutorial_dag' retrieved from /home/airflow/.local/lib/python3.12/site-packages/airflow/example_dags/tutorial_dag.py
[2024-08-21T12:58:09.297+0000] {logging_mixin.py:190} INFO - [2024-08-21T12:58:09.297+0000] {dag.py:3211} INFO - Sync 1 DAGs
[2024-08-21T12:58:09.308+0000] {logging_mixin.py:190} INFO - [2024-08-21T12:58:09.308+0000] {dag.py:4138} INFO - Setting next_dagrun for tutorial_dag to None, run_after=None
[2024-08-21T12:58:09.322+0000] {processor.py:208} INFO - Processing /home/airflow/.local/lib/python3.12/site-packages/airflow/example_dags/tutorial_dag.py took 0.052 seconds
[2024-08-21T12:58:40.351+0000] {processor.py:186} INFO - Started process (PID=785) to work on /home/airflow/.local/lib/python3.12/site-packages/airflow/example_dags/tutorial_dag.py
[2024-08-21T12:58:40.352+0000] {processor.py:914} INFO - Processing file /home/airflow/.local/lib/python3.12/site-packages/airflow/example_dags/tutorial_dag.py for tasks to queue
[2024-08-21T12:58:40.354+0000] {logging_mixin.py:190} INFO - [2024-08-21T12:58:40.354+0000] {dagbag.py:587} INFO - Filling up the DagBag from /home/airflow/.local/lib/python3.12/site-packages/airflow/example_dags/tutorial_dag.py
[2024-08-21T12:58:40.360+0000] {processor.py:925} INFO - DAG(s) 'tutorial_dag' retrieved from /home/airflow/.local/lib/python3.12/site-packages/airflow/example_dags/tutorial_dag.py
[2024-08-21T12:58:40.376+0000] {logging_mixin.py:190} INFO - [2024-08-21T12:58:40.376+0000] {dag.py:3211} INFO - Sync 1 DAGs
[2024-08-21T12:58:40.387+0000] {logging_mixin.py:190} INFO - [2024-08-21T12:58:40.387+0000] {dag.py:4138} INFO - Setting next_dagrun for tutorial_dag to None, run_after=None
[2024-08-21T12:58:40.401+0000] {processor.py:208} INFO - Processing /home/airflow/.local/lib/python3.12/site-packages/airflow/example_dags/tutorial_dag.py took 0.054 seconds
[2024-08-21T12:59:10.480+0000] {processor.py:186} INFO - Started process (PID=1066) to work on /home/airflow/.local/lib/python3.12/site-packages/airflow/example_dags/tutorial_dag.py
[2024-08-21T12:59:10.481+0000] {processor.py:914} INFO - Processing file /home/airflow/.local/lib/python3.12/site-packages/airflow/example_dags/tutorial_dag.py for tasks to queue
[2024-08-21T12:59:10.483+0000] {logging_mixin.py:190} INFO - [2024-08-21T12:59:10.482+0000] {dagbag.py:587} INFO - Filling up the DagBag from /home/airflow/.local/lib/python3.12/site-packages/airflow/example_dags/tutorial_dag.py
[2024-08-21T12:59:10.489+0000] {processor.py:925} INFO - DAG(s) 'tutorial_dag' retrieved from /home/airflow/.local/lib/python3.12/site-packages/airflow/example_dags/tutorial_dag.py
[2024-08-21T12:59:10.506+0000] {logging_mixin.py:190} INFO - [2024-08-21T12:59:10.506+0000] {dag.py:3211} INFO - Sync 1 DAGs
[2024-08-21T12:59:10.520+0000] {logging_mixin.py:190} INFO - [2024-08-21T12:59:10.519+0000] {dag.py:4138} INFO - Setting next_dagrun for tutorial_dag to None, run_after=None
[2024-08-21T12:59:10.535+0000] {processor.py:208} INFO - Processing /home/airflow/.local/lib/python3.12/site-packages/airflow/example_dags/tutorial_dag.py took 0.062 seconds
[2024-08-21T12:59:40.725+0000] {processor.py:186} INFO - Started process (PID=1352) to work on /home/airflow/.local/lib/python3.12/site-packages/airflow/example_dags/tutorial_dag.py
[2024-08-21T12:59:40.726+0000] {processor.py:914} INFO - Processing file /home/airflow/.local/lib/python3.12/site-packages/airflow/example_dags/tutorial_dag.py for tasks to queue
[2024-08-21T12:59:40.728+0000] {logging_mixin.py:190} INFO - [2024-08-21T12:59:40.728+0000] {dagbag.py:587} INFO - Filling up the DagBag from /home/airflow/.local/lib/python3.12/site-packages/airflow/example_dags/tutorial_dag.py
[2024-08-21T12:59:40.734+0000] {processor.py:925} INFO - DAG(s) 'tutorial_dag' retrieved from /home/airflow/.local/lib/python3.12/site-packages/airflow/example_dags/tutorial_dag.py
[2024-08-21T12:59:40.752+0000] {logging_mixin.py:190} INFO - [2024-08-21T12:59:40.752+0000] {dag.py:3211} INFO - Sync 1 DAGs
[2024-08-21T12:59:40.766+0000] {logging_mixin.py:190} INFO - [2024-08-21T12:59:40.765+0000] {dag.py:4138} INFO - Setting next_dagrun for tutorial_dag to None, run_after=None
[2024-08-21T12:59:40.791+0000] {processor.py:208} INFO - Processing /home/airflow/.local/lib/python3.12/site-packages/airflow/example_dags/tutorial_dag.py took 0.072 seconds
[2024-08-21T13:00:10.858+0000] {processor.py:186} INFO - Started process (PID=1633) to work on /home/airflow/.local/lib/python3.12/site-packages/airflow/example_dags/tutorial_dag.py
[2024-08-21T13:00:10.859+0000] {processor.py:914} INFO - Processing file /home/airflow/.local/lib/python3.12/site-packages/airflow/example_dags/tutorial_dag.py for tasks to queue
[2024-08-21T13:00:10.862+0000] {logging_mixin.py:190} INFO - [2024-08-21T13:00:10.861+0000] {dagbag.py:587} INFO - Filling up the DagBag from /home/airflow/.local/lib/python3.12/site-packages/airflow/example_dags/tutorial_dag.py
[2024-08-21T13:00:10.868+0000] {processor.py:925} INFO - DAG(s) 'tutorial_dag' retrieved from /home/airflow/.local/lib/python3.12/site-packages/airflow/example_dags/tutorial_dag.py
[2024-08-21T13:00:10.885+0000] {logging_mixin.py:190} INFO - [2024-08-21T13:00:10.885+0000] {dag.py:3211} INFO - Sync 1 DAGs
[2024-08-21T13:00:10.897+0000] {logging_mixin.py:190} INFO - [2024-08-21T13:00:10.896+0000] {dag.py:4138} INFO - Setting next_dagrun for tutorial_dag to None, run_after=None
[2024-08-21T13:00:10.919+0000] {processor.py:208} INFO - Processing /home/airflow/.local/lib/python3.12/site-packages/airflow/example_dags/tutorial_dag.py took 0.067 seconds
[2024-08-21T13:00:41.066+0000] {processor.py:186} INFO - Started process (PID=1919) to work on /home/airflow/.local/lib/python3.12/site-packages/airflow/example_dags/tutorial_dag.py
[2024-08-21T13:00:41.067+0000] {processor.py:914} INFO - Processing file /home/airflow/.local/lib/python3.12/site-packages/airflow/example_dags/tutorial_dag.py for tasks to queue
[2024-08-21T13:00:41.069+0000] {logging_mixin.py:190} INFO - [2024-08-21T13:00:41.069+0000] {dagbag.py:587} INFO - Filling up the DagBag from /home/airflow/.local/lib/python3.12/site-packages/airflow/example_dags/tutorial_dag.py
[2024-08-21T13:00:41.075+0000] {processor.py:925} INFO - DAG(s) 'tutorial_dag' retrieved from /home/airflow/.local/lib/python3.12/site-packages/airflow/example_dags/tutorial_dag.py
[2024-08-21T13:00:41.093+0000] {logging_mixin.py:190} INFO - [2024-08-21T13:00:41.093+0000] {dag.py:3211} INFO - Sync 1 DAGs
[2024-08-21T13:00:41.111+0000] {logging_mixin.py:190} INFO - [2024-08-21T13:00:41.111+0000] {dag.py:4138} INFO - Setting next_dagrun for tutorial_dag to None, run_after=None
[2024-08-21T13:00:41.130+0000] {processor.py:208} INFO - Processing /home/airflow/.local/lib/python3.12/site-packages/airflow/example_dags/tutorial_dag.py took 0.070 seconds
[2024-08-21T13:01:11.274+0000] {processor.py:186} INFO - Started process (PID=2205) to work on /home/airflow/.local/lib/python3.12/site-packages/airflow/example_dags/tutorial_dag.py
[2024-08-21T13:01:11.274+0000] {processor.py:914} INFO - Processing file /home/airflow/.local/lib/python3.12/site-packages/airflow/example_dags/tutorial_dag.py for tasks to queue
[2024-08-21T13:01:11.276+0000] {logging_mixin.py:190} INFO - [2024-08-21T13:01:11.276+0000] {dagbag.py:587} INFO - Filling up the DagBag from /home/airflow/.local/lib/python3.12/site-packages/airflow/example_dags/tutorial_dag.py
[2024-08-21T13:01:11.283+0000] {processor.py:925} INFO - DAG(s) 'tutorial_dag' retrieved from /home/airflow/.local/lib/python3.12/site-packages/airflow/example_dags/tutorial_dag.py
[2024-08-21T13:01:11.302+0000] {logging_mixin.py:190} INFO - [2024-08-21T13:01:11.302+0000] {dag.py:3211} INFO - Sync 1 DAGs
[2024-08-21T13:01:11.316+0000] {logging_mixin.py:190} INFO - [2024-08-21T13:01:11.316+0000] {dag.py:4138} INFO - Setting next_dagrun for tutorial_dag to None, run_after=None
[2024-08-21T13:01:11.331+0000] {processor.py:208} INFO - Processing /home/airflow/.local/lib/python3.12/site-packages/airflow/example_dags/tutorial_dag.py took 0.062 seconds
