[2024-08-21T12:57:41.011+0000] {processor.py:186} INFO - Started process (PID=318) to work on /home/airflow/.local/lib/python3.12/site-packages/airflow/example_dags/tutorial.py
[2024-08-21T12:57:41.012+0000] {processor.py:914} INFO - Processing file /home/airflow/.local/lib/python3.12/site-packages/airflow/example_dags/tutorial.py for tasks to queue
[2024-08-21T12:57:41.015+0000] {logging_mixin.py:190} INFO - [2024-08-21T12:57:41.014+0000] {dagbag.py:587} INFO - Filling up the DagBag from /home/airflow/.local/lib/python3.12/site-packages/airflow/example_dags/tutorial.py
[2024-08-21T12:57:41.025+0000] {processor.py:925} INFO - DAG(s) 'tutorial' retrieved from /home/airflow/.local/lib/python3.12/site-packages/airflow/example_dags/tutorial.py
[2024-08-21T12:57:41.136+0000] {logging_mixin.py:190} INFO - [2024-08-21T12:57:41.136+0000] {override.py:1858} INFO - Created Permission View: can delete on DAG:tutorial
[2024-08-21T12:57:41.146+0000] {logging_mixin.py:190} INFO - [2024-08-21T12:57:41.146+0000] {override.py:1858} INFO - Created Permission View: can edit on DAG:tutorial
[2024-08-21T12:57:41.152+0000] {logging_mixin.py:190} INFO - [2024-08-21T12:57:41.152+0000] {override.py:1858} INFO - Created Permission View: can read on DAG:tutorial
[2024-08-21T12:57:41.152+0000] {logging_mixin.py:190} INFO - [2024-08-21T12:57:41.152+0000] {dag.py:3211} INFO - Sync 1 DAGs
[2024-08-21T12:57:41.167+0000] {logging_mixin.py:190} INFO - [2024-08-21T12:57:41.166+0000] {dag.py:3234} INFO - Creating ORM DAG for tutorial
[2024-08-21T12:57:41.180+0000] {logging_mixin.py:190} INFO - [2024-08-21T12:57:41.180+0000] {dag.py:4138} INFO - Setting next_dagrun for tutorial to 2024-08-20 00:00:00+00:00, run_after=2024-08-21 00:00:00+00:00
[2024-08-21T12:57:41.203+0000] {processor.py:208} INFO - Processing /home/airflow/.local/lib/python3.12/site-packages/airflow/example_dags/tutorial.py took 0.199 seconds
[2024-08-21T12:58:11.496+0000] {processor.py:186} INFO - Started process (PID=604) to work on /home/airflow/.local/lib/python3.12/site-packages/airflow/example_dags/tutorial.py
[2024-08-21T12:58:11.497+0000] {processor.py:914} INFO - Processing file /home/airflow/.local/lib/python3.12/site-packages/airflow/example_dags/tutorial.py for tasks to queue
[2024-08-21T12:58:11.500+0000] {logging_mixin.py:190} INFO - [2024-08-21T12:58:11.499+0000] {dagbag.py:587} INFO - Filling up the DagBag from /home/airflow/.local/lib/python3.12/site-packages/airflow/example_dags/tutorial.py
[2024-08-21T12:58:11.507+0000] {processor.py:925} INFO - DAG(s) 'tutorial' retrieved from /home/airflow/.local/lib/python3.12/site-packages/airflow/example_dags/tutorial.py
[2024-08-21T12:58:11.523+0000] {logging_mixin.py:190} INFO - [2024-08-21T12:58:11.523+0000] {dag.py:3211} INFO - Sync 1 DAGs
[2024-08-21T12:58:11.543+0000] {logging_mixin.py:190} INFO - [2024-08-21T12:58:11.543+0000] {dag.py:4138} INFO - Setting next_dagrun for tutorial to 2024-08-20 00:00:00+00:00, run_after=2024-08-21 00:00:00+00:00
[2024-08-21T12:58:11.557+0000] {processor.py:208} INFO - Processing /home/airflow/.local/lib/python3.12/site-packages/airflow/example_dags/tutorial.py took 0.066 seconds
[2024-08-21T12:58:42.554+0000] {processor.py:186} INFO - Started process (PID=892) to work on /home/airflow/.local/lib/python3.12/site-packages/airflow/example_dags/tutorial.py
[2024-08-21T12:58:42.555+0000] {processor.py:914} INFO - Processing file /home/airflow/.local/lib/python3.12/site-packages/airflow/example_dags/tutorial.py for tasks to queue
[2024-08-21T12:58:42.557+0000] {logging_mixin.py:190} INFO - [2024-08-21T12:58:42.557+0000] {dagbag.py:587} INFO - Filling up the DagBag from /home/airflow/.local/lib/python3.12/site-packages/airflow/example_dags/tutorial.py
[2024-08-21T12:58:42.564+0000] {processor.py:925} INFO - DAG(s) 'tutorial' retrieved from /home/airflow/.local/lib/python3.12/site-packages/airflow/example_dags/tutorial.py
[2024-08-21T12:58:42.580+0000] {logging_mixin.py:190} INFO - [2024-08-21T12:58:42.579+0000] {dag.py:3211} INFO - Sync 1 DAGs
[2024-08-21T12:58:42.597+0000] {logging_mixin.py:190} INFO - [2024-08-21T12:58:42.597+0000] {dag.py:4138} INFO - Setting next_dagrun for tutorial to 2024-08-20 00:00:00+00:00, run_after=2024-08-21 00:00:00+00:00
[2024-08-21T12:58:42.612+0000] {processor.py:208} INFO - Processing /home/airflow/.local/lib/python3.12/site-packages/airflow/example_dags/tutorial.py took 0.062 seconds
[2024-08-21T12:59:12.830+0000] {processor.py:186} INFO - Started process (PID=1176) to work on /home/airflow/.local/lib/python3.12/site-packages/airflow/example_dags/tutorial.py
[2024-08-21T12:59:12.831+0000] {processor.py:914} INFO - Processing file /home/airflow/.local/lib/python3.12/site-packages/airflow/example_dags/tutorial.py for tasks to queue
[2024-08-21T12:59:12.833+0000] {logging_mixin.py:190} INFO - [2024-08-21T12:59:12.833+0000] {dagbag.py:587} INFO - Filling up the DagBag from /home/airflow/.local/lib/python3.12/site-packages/airflow/example_dags/tutorial.py
[2024-08-21T12:59:12.842+0000] {processor.py:925} INFO - DAG(s) 'tutorial' retrieved from /home/airflow/.local/lib/python3.12/site-packages/airflow/example_dags/tutorial.py
[2024-08-21T12:59:12.861+0000] {logging_mixin.py:190} INFO - [2024-08-21T12:59:12.860+0000] {dag.py:3211} INFO - Sync 1 DAGs
[2024-08-21T12:59:12.883+0000] {logging_mixin.py:190} INFO - [2024-08-21T12:59:12.882+0000] {dag.py:4138} INFO - Setting next_dagrun for tutorial to 2024-08-20 00:00:00+00:00, run_after=2024-08-21 00:00:00+00:00
[2024-08-21T12:59:12.901+0000] {processor.py:208} INFO - Processing /home/airflow/.local/lib/python3.12/site-packages/airflow/example_dags/tutorial.py took 0.076 seconds
[2024-08-21T12:59:43.127+0000] {processor.py:186} INFO - Started process (PID=1462) to work on /home/airflow/.local/lib/python3.12/site-packages/airflow/example_dags/tutorial.py
[2024-08-21T12:59:43.128+0000] {processor.py:914} INFO - Processing file /home/airflow/.local/lib/python3.12/site-packages/airflow/example_dags/tutorial.py for tasks to queue
[2024-08-21T12:59:43.130+0000] {logging_mixin.py:190} INFO - [2024-08-21T12:59:43.130+0000] {dagbag.py:587} INFO - Filling up the DagBag from /home/airflow/.local/lib/python3.12/site-packages/airflow/example_dags/tutorial.py
[2024-08-21T12:59:43.137+0000] {processor.py:925} INFO - DAG(s) 'tutorial' retrieved from /home/airflow/.local/lib/python3.12/site-packages/airflow/example_dags/tutorial.py
[2024-08-21T12:59:43.156+0000] {logging_mixin.py:190} INFO - [2024-08-21T12:59:43.156+0000] {dag.py:3211} INFO - Sync 1 DAGs
[2024-08-21T12:59:43.177+0000] {logging_mixin.py:190} INFO - [2024-08-21T12:59:43.177+0000] {dag.py:4138} INFO - Setting next_dagrun for tutorial to 2024-08-20 00:00:00+00:00, run_after=2024-08-21 00:00:00+00:00
[2024-08-21T12:59:43.192+0000] {processor.py:208} INFO - Processing /home/airflow/.local/lib/python3.12/site-packages/airflow/example_dags/tutorial.py took 0.070 seconds
[2024-08-21T13:00:13.316+0000] {processor.py:186} INFO - Started process (PID=1748) to work on /home/airflow/.local/lib/python3.12/site-packages/airflow/example_dags/tutorial.py
[2024-08-21T13:00:13.317+0000] {processor.py:914} INFO - Processing file /home/airflow/.local/lib/python3.12/site-packages/airflow/example_dags/tutorial.py for tasks to queue
[2024-08-21T13:00:13.319+0000] {logging_mixin.py:190} INFO - [2024-08-21T13:00:13.319+0000] {dagbag.py:587} INFO - Filling up the DagBag from /home/airflow/.local/lib/python3.12/site-packages/airflow/example_dags/tutorial.py
[2024-08-21T13:00:13.327+0000] {processor.py:925} INFO - DAG(s) 'tutorial' retrieved from /home/airflow/.local/lib/python3.12/site-packages/airflow/example_dags/tutorial.py
[2024-08-21T13:00:13.347+0000] {logging_mixin.py:190} INFO - [2024-08-21T13:00:13.346+0000] {dag.py:3211} INFO - Sync 1 DAGs
[2024-08-21T13:00:13.365+0000] {logging_mixin.py:190} INFO - [2024-08-21T13:00:13.365+0000] {dag.py:4138} INFO - Setting next_dagrun for tutorial to 2024-08-20 00:00:00+00:00, run_after=2024-08-21 00:00:00+00:00
[2024-08-21T13:00:13.383+0000] {processor.py:208} INFO - Processing /home/airflow/.local/lib/python3.12/site-packages/airflow/example_dags/tutorial.py took 0.072 seconds
[2024-08-21T13:00:43.526+0000] {processor.py:186} INFO - Started process (PID=2034) to work on /home/airflow/.local/lib/python3.12/site-packages/airflow/example_dags/tutorial.py
[2024-08-21T13:00:43.527+0000] {processor.py:914} INFO - Processing file /home/airflow/.local/lib/python3.12/site-packages/airflow/example_dags/tutorial.py for tasks to queue
[2024-08-21T13:00:43.530+0000] {logging_mixin.py:190} INFO - [2024-08-21T13:00:43.529+0000] {dagbag.py:587} INFO - Filling up the DagBag from /home/airflow/.local/lib/python3.12/site-packages/airflow/example_dags/tutorial.py
[2024-08-21T13:00:43.539+0000] {processor.py:925} INFO - DAG(s) 'tutorial' retrieved from /home/airflow/.local/lib/python3.12/site-packages/airflow/example_dags/tutorial.py
[2024-08-21T13:00:43.555+0000] {logging_mixin.py:190} INFO - [2024-08-21T13:00:43.554+0000] {dag.py:3211} INFO - Sync 1 DAGs
[2024-08-21T13:00:43.576+0000] {logging_mixin.py:190} INFO - [2024-08-21T13:00:43.576+0000] {dag.py:4138} INFO - Setting next_dagrun for tutorial to 2024-08-20 00:00:00+00:00, run_after=2024-08-21 00:00:00+00:00
[2024-08-21T13:00:43.593+0000] {processor.py:208} INFO - Processing /home/airflow/.local/lib/python3.12/site-packages/airflow/example_dags/tutorial.py took 0.072 seconds
[2024-08-21T13:01:13.797+0000] {processor.py:186} INFO - Started process (PID=2320) to work on /home/airflow/.local/lib/python3.12/site-packages/airflow/example_dags/tutorial.py
[2024-08-21T13:01:13.798+0000] {processor.py:914} INFO - Processing file /home/airflow/.local/lib/python3.12/site-packages/airflow/example_dags/tutorial.py for tasks to queue
[2024-08-21T13:01:13.800+0000] {logging_mixin.py:190} INFO - [2024-08-21T13:01:13.800+0000] {dagbag.py:587} INFO - Filling up the DagBag from /home/airflow/.local/lib/python3.12/site-packages/airflow/example_dags/tutorial.py
[2024-08-21T13:01:13.807+0000] {processor.py:925} INFO - DAG(s) 'tutorial' retrieved from /home/airflow/.local/lib/python3.12/site-packages/airflow/example_dags/tutorial.py
[2024-08-21T13:01:13.824+0000] {logging_mixin.py:190} INFO - [2024-08-21T13:01:13.823+0000] {dag.py:3211} INFO - Sync 1 DAGs
[2024-08-21T13:01:13.844+0000] {logging_mixin.py:190} INFO - [2024-08-21T13:01:13.844+0000] {dag.py:4138} INFO - Setting next_dagrun for tutorial to 2024-08-20 00:00:00+00:00, run_after=2024-08-21 00:00:00+00:00
[2024-08-21T13:01:13.859+0000] {processor.py:208} INFO - Processing /home/airflow/.local/lib/python3.12/site-packages/airflow/example_dags/tutorial.py took 0.067 seconds
