[2024-08-21T12:57:37.466+0000] {processor.py:186} INFO - Started process (PID=179) to work on /home/airflow/.local/lib/python3.12/site-packages/airflow/example_dags/tutorial_objectstorage.py
[2024-08-21T12:57:37.467+0000] {processor.py:914} INFO - Processing file /home/airflow/.local/lib/python3.12/site-packages/airflow/example_dags/tutorial_objectstorage.py for tasks to queue
[2024-08-21T12:57:37.470+0000] {logging_mixin.py:190} INFO - [2024-08-21T12:57:37.470+0000] {dagbag.py:587} INFO - Filling up the DagBag from /home/airflow/.local/lib/python3.12/site-packages/airflow/example_dags/tutorial_objectstorage.py
[2024-08-21T12:57:37.487+0000] {processor.py:925} INFO - DAG(s) 'tutorial_objectstorage' retrieved from /home/airflow/.local/lib/python3.12/site-packages/airflow/example_dags/tutorial_objectstorage.py
[2024-08-21T12:57:37.710+0000] {logging_mixin.py:190} INFO - [2024-08-21T12:57:37.709+0000] {override.py:1858} INFO - Created Permission View: can delete on DAG:tutorial_objectstorage
[2024-08-21T12:57:37.719+0000] {logging_mixin.py:190} INFO - [2024-08-21T12:57:37.719+0000] {override.py:1858} INFO - Created Permission View: can edit on DAG:tutorial_objectstorage
[2024-08-21T12:57:37.728+0000] {logging_mixin.py:190} INFO - [2024-08-21T12:57:37.728+0000] {override.py:1858} INFO - Created Permission View: can read on DAG:tutorial_objectstorage
[2024-08-21T12:57:37.729+0000] {logging_mixin.py:190} INFO - [2024-08-21T12:57:37.728+0000] {dag.py:3211} INFO - Sync 1 DAGs
[2024-08-21T12:57:37.740+0000] {logging_mixin.py:190} INFO - [2024-08-21T12:57:37.740+0000] {dag.py:3234} INFO - Creating ORM DAG for tutorial_objectstorage
[2024-08-21T12:57:37.741+0000] {logging_mixin.py:190} INFO - [2024-08-21T12:57:37.741+0000] {dag.py:4138} INFO - Setting next_dagrun for tutorial_objectstorage to None, run_after=None
[2024-08-21T12:57:37.762+0000] {processor.py:208} INFO - Processing /home/airflow/.local/lib/python3.12/site-packages/airflow/example_dags/tutorial_objectstorage.py took 0.302 seconds
[2024-08-21T12:58:07.988+0000] {processor.py:186} INFO - Started process (PID=465) to work on /home/airflow/.local/lib/python3.12/site-packages/airflow/example_dags/tutorial_objectstorage.py
[2024-08-21T12:58:07.989+0000] {processor.py:914} INFO - Processing file /home/airflow/.local/lib/python3.12/site-packages/airflow/example_dags/tutorial_objectstorage.py for tasks to queue
[2024-08-21T12:58:07.991+0000] {logging_mixin.py:190} INFO - [2024-08-21T12:58:07.991+0000] {dagbag.py:587} INFO - Filling up the DagBag from /home/airflow/.local/lib/python3.12/site-packages/airflow/example_dags/tutorial_objectstorage.py
[2024-08-21T12:58:07.999+0000] {processor.py:925} INFO - DAG(s) 'tutorial_objectstorage' retrieved from /home/airflow/.local/lib/python3.12/site-packages/airflow/example_dags/tutorial_objectstorage.py
[2024-08-21T12:58:08.014+0000] {logging_mixin.py:190} INFO - [2024-08-21T12:58:08.014+0000] {dag.py:3211} INFO - Sync 1 DAGs
[2024-08-21T12:58:08.027+0000] {logging_mixin.py:190} INFO - [2024-08-21T12:58:08.026+0000] {dag.py:4138} INFO - Setting next_dagrun for tutorial_objectstorage to None, run_after=None
[2024-08-21T12:58:08.050+0000] {processor.py:208} INFO - Processing /home/airflow/.local/lib/python3.12/site-packages/airflow/example_dags/tutorial_objectstorage.py took 0.069 seconds
[2024-08-21T12:58:39.030+0000] {processor.py:186} INFO - Started process (PID=751) to work on /home/airflow/.local/lib/python3.12/site-packages/airflow/example_dags/tutorial_objectstorage.py
[2024-08-21T12:58:39.031+0000] {processor.py:914} INFO - Processing file /home/airflow/.local/lib/python3.12/site-packages/airflow/example_dags/tutorial_objectstorage.py for tasks to queue
[2024-08-21T12:58:39.033+0000] {logging_mixin.py:190} INFO - [2024-08-21T12:58:39.033+0000] {dagbag.py:587} INFO - Filling up the DagBag from /home/airflow/.local/lib/python3.12/site-packages/airflow/example_dags/tutorial_objectstorage.py
[2024-08-21T12:58:39.043+0000] {processor.py:925} INFO - DAG(s) 'tutorial_objectstorage' retrieved from /home/airflow/.local/lib/python3.12/site-packages/airflow/example_dags/tutorial_objectstorage.py
[2024-08-21T12:58:39.062+0000] {logging_mixin.py:190} INFO - [2024-08-21T12:58:39.061+0000] {dag.py:3211} INFO - Sync 1 DAGs
[2024-08-21T12:58:39.079+0000] {logging_mixin.py:190} INFO - [2024-08-21T12:58:39.079+0000] {dag.py:4138} INFO - Setting next_dagrun for tutorial_objectstorage to None, run_after=None
[2024-08-21T12:58:39.101+0000] {processor.py:208} INFO - Processing /home/airflow/.local/lib/python3.12/site-packages/airflow/example_dags/tutorial_objectstorage.py took 0.076 seconds
[2024-08-21T12:59:09.205+0000] {processor.py:186} INFO - Started process (PID=1037) to work on /home/airflow/.local/lib/python3.12/site-packages/airflow/example_dags/tutorial_objectstorage.py
[2024-08-21T12:59:09.206+0000] {processor.py:914} INFO - Processing file /home/airflow/.local/lib/python3.12/site-packages/airflow/example_dags/tutorial_objectstorage.py for tasks to queue
[2024-08-21T12:59:09.209+0000] {logging_mixin.py:190} INFO - [2024-08-21T12:59:09.209+0000] {dagbag.py:587} INFO - Filling up the DagBag from /home/airflow/.local/lib/python3.12/site-packages/airflow/example_dags/tutorial_objectstorage.py
[2024-08-21T12:59:09.218+0000] {processor.py:925} INFO - DAG(s) 'tutorial_objectstorage' retrieved from /home/airflow/.local/lib/python3.12/site-packages/airflow/example_dags/tutorial_objectstorage.py
[2024-08-21T12:59:09.235+0000] {logging_mixin.py:190} INFO - [2024-08-21T12:59:09.235+0000] {dag.py:3211} INFO - Sync 1 DAGs
[2024-08-21T12:59:09.247+0000] {logging_mixin.py:190} INFO - [2024-08-21T12:59:09.247+0000] {dag.py:4138} INFO - Setting next_dagrun for tutorial_objectstorage to None, run_after=None
[2024-08-21T12:59:09.263+0000] {processor.py:208} INFO - Processing /home/airflow/.local/lib/python3.12/site-packages/airflow/example_dags/tutorial_objectstorage.py took 0.063 seconds
[2024-08-21T12:59:39.445+0000] {processor.py:186} INFO - Started process (PID=1323) to work on /home/airflow/.local/lib/python3.12/site-packages/airflow/example_dags/tutorial_objectstorage.py
[2024-08-21T12:59:39.446+0000] {processor.py:914} INFO - Processing file /home/airflow/.local/lib/python3.12/site-packages/airflow/example_dags/tutorial_objectstorage.py for tasks to queue
[2024-08-21T12:59:39.448+0000] {logging_mixin.py:190} INFO - [2024-08-21T12:59:39.448+0000] {dagbag.py:587} INFO - Filling up the DagBag from /home/airflow/.local/lib/python3.12/site-packages/airflow/example_dags/tutorial_objectstorage.py
[2024-08-21T12:59:39.458+0000] {processor.py:925} INFO - DAG(s) 'tutorial_objectstorage' retrieved from /home/airflow/.local/lib/python3.12/site-packages/airflow/example_dags/tutorial_objectstorage.py
[2024-08-21T12:59:39.478+0000] {logging_mixin.py:190} INFO - [2024-08-21T12:59:39.478+0000] {dag.py:3211} INFO - Sync 1 DAGs
[2024-08-21T12:59:39.489+0000] {logging_mixin.py:190} INFO - [2024-08-21T12:59:39.489+0000] {dag.py:4138} INFO - Setting next_dagrun for tutorial_objectstorage to None, run_after=None
[2024-08-21T12:59:39.504+0000] {processor.py:208} INFO - Processing /home/airflow/.local/lib/python3.12/site-packages/airflow/example_dags/tutorial_objectstorage.py took 0.065 seconds
[2024-08-21T13:00:09.705+0000] {processor.py:186} INFO - Started process (PID=1615) to work on /home/airflow/.local/lib/python3.12/site-packages/airflow/example_dags/tutorial_objectstorage.py
[2024-08-21T13:00:09.706+0000] {processor.py:914} INFO - Processing file /home/airflow/.local/lib/python3.12/site-packages/airflow/example_dags/tutorial_objectstorage.py for tasks to queue
[2024-08-21T13:00:09.708+0000] {logging_mixin.py:190} INFO - [2024-08-21T13:00:09.708+0000] {dagbag.py:587} INFO - Filling up the DagBag from /home/airflow/.local/lib/python3.12/site-packages/airflow/example_dags/tutorial_objectstorage.py
[2024-08-21T13:00:09.718+0000] {processor.py:925} INFO - DAG(s) 'tutorial_objectstorage' retrieved from /home/airflow/.local/lib/python3.12/site-packages/airflow/example_dags/tutorial_objectstorage.py
[2024-08-21T13:00:09.734+0000] {logging_mixin.py:190} INFO - [2024-08-21T13:00:09.734+0000] {dag.py:3211} INFO - Sync 1 DAGs
[2024-08-21T13:00:09.745+0000] {logging_mixin.py:190} INFO - [2024-08-21T13:00:09.745+0000] {dag.py:4138} INFO - Setting next_dagrun for tutorial_objectstorage to None, run_after=None
[2024-08-21T13:00:09.761+0000] {processor.py:208} INFO - Processing /home/airflow/.local/lib/python3.12/site-packages/airflow/example_dags/tutorial_objectstorage.py took 0.063 seconds
[2024-08-21T13:00:39.958+0000] {processor.py:186} INFO - Started process (PID=1901) to work on /home/airflow/.local/lib/python3.12/site-packages/airflow/example_dags/tutorial_objectstorage.py
[2024-08-21T13:00:39.959+0000] {processor.py:914} INFO - Processing file /home/airflow/.local/lib/python3.12/site-packages/airflow/example_dags/tutorial_objectstorage.py for tasks to queue
[2024-08-21T13:00:39.962+0000] {logging_mixin.py:190} INFO - [2024-08-21T13:00:39.961+0000] {dagbag.py:587} INFO - Filling up the DagBag from /home/airflow/.local/lib/python3.12/site-packages/airflow/example_dags/tutorial_objectstorage.py
[2024-08-21T13:00:39.971+0000] {processor.py:925} INFO - DAG(s) 'tutorial_objectstorage' retrieved from /home/airflow/.local/lib/python3.12/site-packages/airflow/example_dags/tutorial_objectstorage.py
[2024-08-21T13:00:39.991+0000] {logging_mixin.py:190} INFO - [2024-08-21T13:00:39.991+0000] {dag.py:3211} INFO - Sync 1 DAGs
[2024-08-21T13:00:40.003+0000] {logging_mixin.py:190} INFO - [2024-08-21T13:00:40.003+0000] {dag.py:4138} INFO - Setting next_dagrun for tutorial_objectstorage to None, run_after=None
[2024-08-21T13:00:40.018+0000] {processor.py:208} INFO - Processing /home/airflow/.local/lib/python3.12/site-packages/airflow/example_dags/tutorial_objectstorage.py took 0.067 seconds
[2024-08-21T13:01:10.148+0000] {processor.py:186} INFO - Started process (PID=2187) to work on /home/airflow/.local/lib/python3.12/site-packages/airflow/example_dags/tutorial_objectstorage.py
[2024-08-21T13:01:10.149+0000] {processor.py:914} INFO - Processing file /home/airflow/.local/lib/python3.12/site-packages/airflow/example_dags/tutorial_objectstorage.py for tasks to queue
[2024-08-21T13:01:10.152+0000] {logging_mixin.py:190} INFO - [2024-08-21T13:01:10.151+0000] {dagbag.py:587} INFO - Filling up the DagBag from /home/airflow/.local/lib/python3.12/site-packages/airflow/example_dags/tutorial_objectstorage.py
[2024-08-21T13:01:10.160+0000] {processor.py:925} INFO - DAG(s) 'tutorial_objectstorage' retrieved from /home/airflow/.local/lib/python3.12/site-packages/airflow/example_dags/tutorial_objectstorage.py
[2024-08-21T13:01:10.178+0000] {logging_mixin.py:190} INFO - [2024-08-21T13:01:10.178+0000] {dag.py:3211} INFO - Sync 1 DAGs
[2024-08-21T13:01:10.190+0000] {logging_mixin.py:190} INFO - [2024-08-21T13:01:10.190+0000] {dag.py:4138} INFO - Setting next_dagrun for tutorial_objectstorage to None, run_after=None
[2024-08-21T13:01:10.212+0000] {processor.py:208} INFO - Processing /home/airflow/.local/lib/python3.12/site-packages/airflow/example_dags/tutorial_objectstorage.py took 0.071 seconds
