[2024-08-21T12:57:43.418+0000] {processor.py:186} INFO - Started process (PID=430) to work on /home/airflow/.local/lib/python3.12/site-packages/airflow/example_dags/tutorial_taskflow_api.py
[2024-08-21T12:57:43.419+0000] {processor.py:914} INFO - Processing file /home/airflow/.local/lib/python3.12/site-packages/airflow/example_dags/tutorial_taskflow_api.py for tasks to queue
[2024-08-21T12:57:43.421+0000] {logging_mixin.py:190} INFO - [2024-08-21T12:57:43.421+0000] {dagbag.py:587} INFO - Filling up the DagBag from /home/airflow/.local/lib/python3.12/site-packages/airflow/example_dags/tutorial_taskflow_api.py
[2024-08-21T12:57:43.428+0000] {processor.py:925} INFO - DAG(s) 'tutorial_taskflow_api' retrieved from /home/airflow/.local/lib/python3.12/site-packages/airflow/example_dags/tutorial_taskflow_api.py
[2024-08-21T12:57:43.520+0000] {logging_mixin.py:190} INFO - [2024-08-21T12:57:43.519+0000] {override.py:1858} INFO - Created Permission View: can delete on DAG:tutorial_taskflow_api
[2024-08-21T12:57:43.528+0000] {logging_mixin.py:190} INFO - [2024-08-21T12:57:43.528+0000] {override.py:1858} INFO - Created Permission View: can edit on DAG:tutorial_taskflow_api
[2024-08-21T12:57:43.533+0000] {logging_mixin.py:190} INFO - [2024-08-21T12:57:43.533+0000] {override.py:1858} INFO - Created Permission View: can read on DAG:tutorial_taskflow_api
[2024-08-21T12:57:43.533+0000] {logging_mixin.py:190} INFO - [2024-08-21T12:57:43.533+0000] {dag.py:3211} INFO - Sync 1 DAGs
[2024-08-21T12:57:43.544+0000] {logging_mixin.py:190} INFO - [2024-08-21T12:57:43.543+0000] {dag.py:3234} INFO - Creating ORM DAG for tutorial_taskflow_api
[2024-08-21T12:57:43.544+0000] {logging_mixin.py:190} INFO - [2024-08-21T12:57:43.544+0000] {dag.py:4138} INFO - Setting next_dagrun for tutorial_taskflow_api to None, run_after=None
[2024-08-21T12:57:43.555+0000] {processor.py:208} INFO - Processing /home/airflow/.local/lib/python3.12/site-packages/airflow/example_dags/tutorial_taskflow_api.py took 0.143 seconds
[2024-08-21T12:58:13.583+0000] {processor.py:186} INFO - Started process (PID=714) to work on /home/airflow/.local/lib/python3.12/site-packages/airflow/example_dags/tutorial_taskflow_api.py
[2024-08-21T12:58:13.584+0000] {processor.py:914} INFO - Processing file /home/airflow/.local/lib/python3.12/site-packages/airflow/example_dags/tutorial_taskflow_api.py for tasks to queue
[2024-08-21T12:58:13.586+0000] {logging_mixin.py:190} INFO - [2024-08-21T12:58:13.586+0000] {dagbag.py:587} INFO - Filling up the DagBag from /home/airflow/.local/lib/python3.12/site-packages/airflow/example_dags/tutorial_taskflow_api.py
[2024-08-21T12:58:13.594+0000] {processor.py:925} INFO - DAG(s) 'tutorial_taskflow_api' retrieved from /home/airflow/.local/lib/python3.12/site-packages/airflow/example_dags/tutorial_taskflow_api.py
[2024-08-21T12:58:13.612+0000] {logging_mixin.py:190} INFO - [2024-08-21T12:58:13.612+0000] {dag.py:3211} INFO - Sync 1 DAGs
[2024-08-21T12:58:13.628+0000] {logging_mixin.py:190} INFO - [2024-08-21T12:58:13.627+0000] {dag.py:4138} INFO - Setting next_dagrun for tutorial_taskflow_api to None, run_after=None
[2024-08-21T12:58:13.655+0000] {processor.py:208} INFO - Processing /home/airflow/.local/lib/python3.12/site-packages/airflow/example_dags/tutorial_taskflow_api.py took 0.078 seconds
[2024-08-21T12:58:43.798+0000] {processor.py:186} INFO - Started process (PID=1000) to work on /home/airflow/.local/lib/python3.12/site-packages/airflow/example_dags/tutorial_taskflow_api.py
[2024-08-21T12:58:43.799+0000] {processor.py:914} INFO - Processing file /home/airflow/.local/lib/python3.12/site-packages/airflow/example_dags/tutorial_taskflow_api.py for tasks to queue
[2024-08-21T12:58:43.801+0000] {logging_mixin.py:190} INFO - [2024-08-21T12:58:43.801+0000] {dagbag.py:587} INFO - Filling up the DagBag from /home/airflow/.local/lib/python3.12/site-packages/airflow/example_dags/tutorial_taskflow_api.py
[2024-08-21T12:58:43.810+0000] {processor.py:925} INFO - DAG(s) 'tutorial_taskflow_api' retrieved from /home/airflow/.local/lib/python3.12/site-packages/airflow/example_dags/tutorial_taskflow_api.py
[2024-08-21T12:58:43.829+0000] {logging_mixin.py:190} INFO - [2024-08-21T12:58:43.829+0000] {dag.py:3211} INFO - Sync 1 DAGs
[2024-08-21T12:58:43.841+0000] {logging_mixin.py:190} INFO - [2024-08-21T12:58:43.841+0000] {dag.py:4138} INFO - Setting next_dagrun for tutorial_taskflow_api to None, run_after=None
[2024-08-21T12:58:43.859+0000] {processor.py:208} INFO - Processing /home/airflow/.local/lib/python3.12/site-packages/airflow/example_dags/tutorial_taskflow_api.py took 0.065 seconds
[2024-08-21T12:59:14.063+0000] {processor.py:186} INFO - Started process (PID=1288) to work on /home/airflow/.local/lib/python3.12/site-packages/airflow/example_dags/tutorial_taskflow_api.py
[2024-08-21T12:59:14.064+0000] {processor.py:914} INFO - Processing file /home/airflow/.local/lib/python3.12/site-packages/airflow/example_dags/tutorial_taskflow_api.py for tasks to queue
[2024-08-21T12:59:14.066+0000] {logging_mixin.py:190} INFO - [2024-08-21T12:59:14.066+0000] {dagbag.py:587} INFO - Filling up the DagBag from /home/airflow/.local/lib/python3.12/site-packages/airflow/example_dags/tutorial_taskflow_api.py
[2024-08-21T12:59:14.073+0000] {processor.py:925} INFO - DAG(s) 'tutorial_taskflow_api' retrieved from /home/airflow/.local/lib/python3.12/site-packages/airflow/example_dags/tutorial_taskflow_api.py
[2024-08-21T12:59:14.089+0000] {logging_mixin.py:190} INFO - [2024-08-21T12:59:14.089+0000] {dag.py:3211} INFO - Sync 1 DAGs
[2024-08-21T12:59:14.101+0000] {logging_mixin.py:190} INFO - [2024-08-21T12:59:14.101+0000] {dag.py:4138} INFO - Setting next_dagrun for tutorial_taskflow_api to None, run_after=None
[2024-08-21T12:59:14.116+0000] {processor.py:208} INFO - Processing /home/airflow/.local/lib/python3.12/site-packages/airflow/example_dags/tutorial_taskflow_api.py took 0.058 seconds
[2024-08-21T12:59:44.307+0000] {processor.py:186} INFO - Started process (PID=1572) to work on /home/airflow/.local/lib/python3.12/site-packages/airflow/example_dags/tutorial_taskflow_api.py
[2024-08-21T12:59:44.309+0000] {processor.py:914} INFO - Processing file /home/airflow/.local/lib/python3.12/site-packages/airflow/example_dags/tutorial_taskflow_api.py for tasks to queue
[2024-08-21T12:59:44.311+0000] {logging_mixin.py:190} INFO - [2024-08-21T12:59:44.311+0000] {dagbag.py:587} INFO - Filling up the DagBag from /home/airflow/.local/lib/python3.12/site-packages/airflow/example_dags/tutorial_taskflow_api.py
[2024-08-21T12:59:44.320+0000] {processor.py:925} INFO - DAG(s) 'tutorial_taskflow_api' retrieved from /home/airflow/.local/lib/python3.12/site-packages/airflow/example_dags/tutorial_taskflow_api.py
[2024-08-21T12:59:44.337+0000] {logging_mixin.py:190} INFO - [2024-08-21T12:59:44.337+0000] {dag.py:3211} INFO - Sync 1 DAGs
[2024-08-21T12:59:44.350+0000] {logging_mixin.py:190} INFO - [2024-08-21T12:59:44.350+0000] {dag.py:4138} INFO - Setting next_dagrun for tutorial_taskflow_api to None, run_after=None
[2024-08-21T12:59:44.366+0000] {processor.py:208} INFO - Processing /home/airflow/.local/lib/python3.12/site-packages/airflow/example_dags/tutorial_taskflow_api.py took 0.063 seconds
[2024-08-21T13:00:14.538+0000] {processor.py:186} INFO - Started process (PID=1858) to work on /home/airflow/.local/lib/python3.12/site-packages/airflow/example_dags/tutorial_taskflow_api.py
[2024-08-21T13:00:14.539+0000] {processor.py:914} INFO - Processing file /home/airflow/.local/lib/python3.12/site-packages/airflow/example_dags/tutorial_taskflow_api.py for tasks to queue
[2024-08-21T13:00:14.541+0000] {logging_mixin.py:190} INFO - [2024-08-21T13:00:14.540+0000] {dagbag.py:587} INFO - Filling up the DagBag from /home/airflow/.local/lib/python3.12/site-packages/airflow/example_dags/tutorial_taskflow_api.py
[2024-08-21T13:00:14.547+0000] {processor.py:925} INFO - DAG(s) 'tutorial_taskflow_api' retrieved from /home/airflow/.local/lib/python3.12/site-packages/airflow/example_dags/tutorial_taskflow_api.py
[2024-08-21T13:00:14.563+0000] {logging_mixin.py:190} INFO - [2024-08-21T13:00:14.563+0000] {dag.py:3211} INFO - Sync 1 DAGs
[2024-08-21T13:00:14.575+0000] {logging_mixin.py:190} INFO - [2024-08-21T13:00:14.574+0000] {dag.py:4138} INFO - Setting next_dagrun for tutorial_taskflow_api to None, run_after=None
[2024-08-21T13:00:14.590+0000] {processor.py:208} INFO - Processing /home/airflow/.local/lib/python3.12/site-packages/airflow/example_dags/tutorial_taskflow_api.py took 0.058 seconds
[2024-08-21T13:00:44.706+0000] {processor.py:186} INFO - Started process (PID=2144) to work on /home/airflow/.local/lib/python3.12/site-packages/airflow/example_dags/tutorial_taskflow_api.py
[2024-08-21T13:00:44.709+0000] {processor.py:914} INFO - Processing file /home/airflow/.local/lib/python3.12/site-packages/airflow/example_dags/tutorial_taskflow_api.py for tasks to queue
[2024-08-21T13:00:44.711+0000] {logging_mixin.py:190} INFO - [2024-08-21T13:00:44.711+0000] {dagbag.py:587} INFO - Filling up the DagBag from /home/airflow/.local/lib/python3.12/site-packages/airflow/example_dags/tutorial_taskflow_api.py
[2024-08-21T13:00:44.719+0000] {processor.py:925} INFO - DAG(s) 'tutorial_taskflow_api' retrieved from /home/airflow/.local/lib/python3.12/site-packages/airflow/example_dags/tutorial_taskflow_api.py
[2024-08-21T13:00:44.740+0000] {logging_mixin.py:190} INFO - [2024-08-21T13:00:44.739+0000] {dag.py:3211} INFO - Sync 1 DAGs
[2024-08-21T13:00:44.754+0000] {logging_mixin.py:190} INFO - [2024-08-21T13:00:44.753+0000] {dag.py:4138} INFO - Setting next_dagrun for tutorial_taskflow_api to None, run_after=None
[2024-08-21T13:00:44.773+0000] {processor.py:208} INFO - Processing /home/airflow/.local/lib/python3.12/site-packages/airflow/example_dags/tutorial_taskflow_api.py took 0.072 seconds
[2024-08-21T13:01:14.891+0000] {processor.py:186} INFO - Started process (PID=2430) to work on /home/airflow/.local/lib/python3.12/site-packages/airflow/example_dags/tutorial_taskflow_api.py
[2024-08-21T13:01:14.892+0000] {processor.py:914} INFO - Processing file /home/airflow/.local/lib/python3.12/site-packages/airflow/example_dags/tutorial_taskflow_api.py for tasks to queue
[2024-08-21T13:01:14.894+0000] {logging_mixin.py:190} INFO - [2024-08-21T13:01:14.893+0000] {dagbag.py:587} INFO - Filling up the DagBag from /home/airflow/.local/lib/python3.12/site-packages/airflow/example_dags/tutorial_taskflow_api.py
[2024-08-21T13:01:14.902+0000] {processor.py:925} INFO - DAG(s) 'tutorial_taskflow_api' retrieved from /home/airflow/.local/lib/python3.12/site-packages/airflow/example_dags/tutorial_taskflow_api.py
[2024-08-21T13:01:14.922+0000] {logging_mixin.py:190} INFO - [2024-08-21T13:01:14.921+0000] {dag.py:3211} INFO - Sync 1 DAGs
[2024-08-21T13:01:14.934+0000] {logging_mixin.py:190} INFO - [2024-08-21T13:01:14.934+0000] {dag.py:4138} INFO - Setting next_dagrun for tutorial_taskflow_api to None, run_after=None
[2024-08-21T13:01:14.955+0000] {processor.py:208} INFO - Processing /home/airflow/.local/lib/python3.12/site-packages/airflow/example_dags/tutorial_taskflow_api.py took 0.069 seconds
