[2024-08-22T13:40:56.295+0000] {local_task_job_runner.py:123} INFO - ::group::Pre task execution logs
[2024-08-22T13:40:56.312+0000] {taskinstance.py:2603} INFO - Dependencies all met for dep_context=non-requeueable deps ti=<TaskInstance: dag_diplomski_v2.get_soup manual__2024-08-22T13:40:53.137552+00:00 [queued]>
[2024-08-22T13:40:56.323+0000] {taskinstance.py:2603} INFO - Dependencies all met for dep_context=requeueable deps ti=<TaskInstance: dag_diplomski_v2.get_soup manual__2024-08-22T13:40:53.137552+00:00 [queued]>
[2024-08-22T13:40:56.324+0000] {taskinstance.py:2856} INFO - Starting attempt 1 of 6
[2024-08-22T13:40:56.336+0000] {taskinstance.py:2879} INFO - Executing <Task(_PythonDecoratedOperator): get_soup> on 2024-08-22 13:40:53.137552+00:00
[2024-08-22T13:40:56.344+0000] {logging_mixin.py:190} WARNING - /home/***/.local/lib/python3.12/site-packages/***/task/task_runner/standard_task_runner.py:70 DeprecationWarning: This process (pid=829) is multi-threaded, use of fork() may lead to deadlocks in the child.
[2024-08-22T13:40:56.346+0000] {standard_task_runner.py:72} INFO - Started process 830 to run task
[2024-08-22T13:40:56.345+0000] {standard_task_runner.py:104} INFO - Running: ['***', 'tasks', 'run', 'dag_diplomski_v2', 'get_soup', 'manual__2024-08-22T13:40:53.137552+00:00', '--job-id', '105', '--raw', '--subdir', 'DAGS_FOLDER/dag_news_scrape.py', '--cfg-path', '/tmp/tmp9q_vodxi']
[2024-08-22T13:40:56.348+0000] {standard_task_runner.py:105} INFO - Job 105: Subtask get_soup
[2024-08-22T13:40:56.395+0000] {task_command.py:467} INFO - Running <TaskInstance: dag_diplomski_v2.get_soup manual__2024-08-22T13:40:53.137552+00:00 [running]> on host faca7a856e25
[2024-08-22T13:40:56.487+0000] {taskinstance.py:3122} INFO - Exporting env vars: AIRFLOW_CTX_DAG_OWNER='matea' AIRFLOW_CTX_DAG_ID='dag_diplomski_v2' AIRFLOW_CTX_TASK_ID='get_soup' AIRFLOW_CTX_EXECUTION_DATE='2024-08-22T13:40:53.137552+00:00' AIRFLOW_CTX_TRY_NUMBER='1' AIRFLOW_CTX_DAG_RUN_ID='manual__2024-08-22T13:40:53.137552+00:00'
[2024-08-22T13:40:56.488+0000] {taskinstance.py:731} INFO - ::endgroup::
[2024-08-22T13:40:56.698+0000] {python.py:240} INFO - Done. Returned value was: <?xml version="1.0" encoding="utf-8"?>
<rss version="2.0" xmlns:atom="http://www.w3.org/2005/Atom" xmlns:content="http://purl.org/rss/1.0/modules/content/" xmlns:dc="http://purl.org/dc/elements/1.1/" xmlns:media="http://search.yahoo.com/mrss/">
<channel>
<title>BBC News</title>
<description>BBC News - News Front Page</description>
<link>https://www.bbc.co.uk/news</link>
<image>
<url>https://news.bbcimg.co.uk/nol/shared/img/bbc_news_120x60.gif</url>
<title>BBC News</title>
<link>https://www.bbc.co.uk/news</link>
</image>
<generator>RSS for Node</generator>
<lastBuildDate>Thu, 22 Aug 2024 13:40:48 GMT</lastBuildDate>
<atom:link href="https://feeds.bbci.co.uk/news/rss.xml" rel="self" type="application/rss+xml"/>
<copyright>Copyright: (C) British Broadcasting Corporation, see https://www.bbc.co.uk/usingthebbc/terms-of-use/#15metadataandrssfeeds for terms and conditions of reuse.</copyright>
<language>en-gb</language>
<ttl>15</ttl>
<item>
<title>Storm Lilian: 80mph winds forecast for parts of the UK</title>
<description>Strong winds and heavy rain set to hit the UK on Friday morning which could cause some disruption</description>
<link>https://www.bbc.com/weather/articles/cje2yelp227o</link>
<guid isPermaLink="false">https://www.bbc.com/weather/articles/cje2yelp227o#0</guid>
<pubDate>Thu, 22 Aug 2024 10:35:31 GMT</pubDate>
<media:thumbnail height="135" url="https://ichef.bbci.co.uk/ace/standard/240/cpsprodpb/c925/live/232654d0-608b-11ef-8c32-f3c2bc7494c6.jpg" width="240"/>
</item>
<item>
<title>Andrew Tate back in Romanian court as new charges emerge</title>
<description>Prosecutors seek to hold the controversial influencer longer as they investigate new allegations.</description>
<link>https://www.bbc.com/news/articles/clyglgy8j3eo</link>
<guid isPermaLink="false">https://www.bbc.com/news/articles/clyglgy8j3eo#0</guid>
<pubDate>Thu, 22 Aug 2024 12:59:18 GMT</pubDate>
<media:thumbnail height="135" url="https://ichef.bbci.co.uk/ace/standard/240/cpsprodpb/a4a6/live/0c3aa680-6082-11ef-8c32-f3c2bc7494c6.jpg" width="240"/>
</item>
<item>
<title>How worried should we be about mpox?</title>
<description>As a global emergency is declared over mpox, our health and science correspondent assesses the threat.</description>
<link>https://www.bbc.com/news/articles/c4glqzerw3no</link>
<guid isPermaLink="false">https://www.bbc.com/news/articles/c4glqzerw3no#0</guid>
<pubDate>Thu, 22 Aug 2024 01:23:31 GMT</pubDate>
<media:thumbnail height="135" url="https://ichef.bbci.co.uk/ace/standard/240/cpsprodpb/3db8/live/1b1c4660-6076-11ef-b43e-6916dcba5cbf.jpg" width="240"/>
</item>
<item>
<title>Hunt for two dogs suspected of killing man</title>
<description>Two dogs have been seized but two more American bulldog types are being sought by police.</description>
<link>https://www.bbc.com/news/articles/c80egr50vmmo</link>
<guid isPermaLink="false">https://www.bbc.com/news/articles/c80egr50vmmo#0</guid>
<pubDate>Thu, 22 Aug 2024 13:39:27 GMT</pubDate>
<media:thumbnail height="135" url="https://ichef.bbci.co.uk/ace/standard/240/cpsprodpb/f59a/live/8ede39a0-6085-11ef-a25b-91637a4fecda.png" width="240"/>
</item>
<item>
<title>First drug to slow Alzheimer’s too costly for NHS</title>
<description>Health assessment body NICE says the benefits “are too small to justify the costs”.</description>
<link>https://www.bbc.com/news/articles/c75nry66y52o</link>
<guid isPermaLink="false">https://www.bbc.com/news/articles/c75nry66y52o#0</guid>
<pubDate>Thu, 22 Aug 2024 11:32:13 GMT</pubDate>
<media:thumbnail height="134" url="https://ichef.bbci.co.uk/ace/standard/240/cpsprodpb/41dd/live/b8a27050-5fd9-11ef-8b3a-855e585a4dd6.jpg" width="240"/>
</item>
<item>
<title>World's second-largest diamond found in Botswana</title>
<description>A 2,492-carat stone has been unearthed, in the biggest find since the Cullinan diamond in 1905. </description>
<link>https://www.bbc.com/news/articles/c1w78rwlqvxo</link>
<guid isPermaLink="false">https://www.bbc.com/news/articles/c1w78rwlqvxo#0</guid>
<pubDate>Thu, 22 Aug 2024 11:11:00 GMT</pubDate>
<media:thumbnail height="134" url="https://ichef.bbci.co.uk/ace/standard/240/cpsprodpb/3c8b/live/1afcf830-606e-11ef-aea1-e764981585c4.jpg" width="240"/>
</item>
<item>
<title>Starbucks boss under fire for 1,000-mile commute by corporate jet</title>
<description>Job offer which allows new CEO to commute to and from work on corporate jet sparked criticism.</description>
<link>https://www.bbc.com/news/articles/c5y3e0ljnllo</link>
<guid isPermaLink="false">https://www.bbc.com/news/articles/c5y3e0ljnllo#0</guid>
<pubDate>Thu, 22 Aug 2024 12:05:57 GMT</pubDate>
<media:thumbnail height="135" url="https://ichef.bbci.co.uk/ace/standard/240/cpsprodpb/9743/live/49f502b0-6062-11ef-b3ab-d92ed8dd7357.jpg" width="240"/>
</item>
<item>
<title>Dad hacks database to fake death and avoid child support pay</title>
<description>The man, from Kentucky, has been jailed for what a judge in the US called his "cynical" actions.</description>
<link>https://www.bbc.com/news/articles/cgrj9r5qpego</link>
<guid isPermaLink="false">https://www.bbc.com/news/articles/cgrj9r5qpego#0</guid>
<pubDate>Thu, 22 Aug 2024 09:22:58 GMT</pubDate>
<media:thumbnail height="135" url="https://ichef.bbci.co.uk/ace/standard/240/cpsprodpb/596a/live/eb9d4ce0-6066-11ef-89d9-cf0afdbdfcb1.png" width="240"/>
</item>
<item>
<title>Conspiracy theorist grandad jailed over disorder</title>
<description>Grandfather Peter Lynch is sent to prison after taking placard to protest and shouting abuse.</description>
<link>https://www.bbc.com/news/articles/cy8x5x51l3vo</link>
<guid isPermaLink="false">https://www.bbc.com/news/articles/cy8x5x51l3vo#0</guid>
<pubDate>Thu, 22 Aug 2024 12:47:26 GMT</pubDate>
<media:thumbnail height="135" url="https://ichef.bbci.co.uk/ace/standard/240/cpsprodpb/17c7/live/9f8c0270-6083-11ef-a25b-91637a4fecda.jpg" width="240"/>
</item>
<item>
<title>One half of world-famous gay penguin couple dies</title>
<description>Sphen and his partner Magic shot to global stardom in 2018 when they fell in love at a Sydney aquarium.</description>
<link>https://www.bbc.com/news/articles/c1w78ylrq8jo</link>
<guid isPermaLink="false">https://www.bbc.com/news/articles/c1w78ylrq8jo#0</guid>
<pubDate>Thu, 22 Aug 2024 02:51:19 GMT</pubDate>
<media:thumbnail height="135" url="https://ichef.bbci.co.uk/ace/standard/240/cpsprodpb/cd32/live/91e2ae90-605a-11ef-b43e-6916dcba5cbf.jpg" width="240"/>
</item>
<item>
<title>As the GCSE pass rate falls, how to appeal or resit?</title>
<description>The GCSE pass rate is down for the third year running across England, Wales and Northern Ireland.</description>
<link>https://www.bbc.co.uk/news/education-53682466</link>
<guid isPermaLink="false">https://www.bbc.co.uk/news/education-53682466#1</guid>
<pubDate>Thu, 22 Aug 2024 09:56:33 GMT</pubDate>
<media:thumbnail height="135" url="https://ichef.bbci.co.uk/ace/standard/240/cpsprodpb/14B3A/production/_129649748_gcseresults.jpg" width="240"/>
</item>
<item>
<title>Great-grandad, 73, passes his English GCSE exam</title>
<description>Danny Davey, a retired roofer from Ipswich, says it is never too late to surprise yourself.</description>
<link>https://www.bbc.com/news/articles/c935153pwpvo</link>
<guid isPermaLink="false">https://www.bbc.com/news/articles/c935153pwpvo#1</guid>
<pubDate>Thu, 22 Aug 2024 13:24:39 GMT</pubDate>
<media:thumbnail height="135" url="https://ichef.bbci.co.uk/ace/standard/240/cpsprodpb/4f81/live/9f999b30-607c-11ef-b43e-6916dcba5cbf.jpg" width="240"/>
</item>
<item>
<title>Ukrainian who spoke no English celebrates GCSEs </title>
<description>Roman's mum says she is proud of his achievements after they were displaced by war two years ago.</description>
<link>https://www.bbc.com/news/articles/c80ed02jy8eo</link>
<guid isPermaLink="false">https://www.bbc.com/news/articles/c80ed02jy8eo#1</guid>
<pubDate>Thu, 22 Aug 2024 12:45:16 GMT</pubDate>
<media:thumbnail height="135" url="https://ichef.bbci.co.uk/ace/standard/240/cpsprodpb/13df/live/e8a0c700-606c-11ef-aea1-e764981585c4.jpg" width="240"/>
</item>
<item>
<title>'Don't panic': What to do if you don't get the GCSE grades you want</title>
<description>BBC journalist Terel Edmunds goes through the options available if your GCSEs didn't go as planned.</description>
<link>https://www.bbc.com/news/videos/c39kdrw3m9no</link>
<guid isPermaLink="false">https://www.bbc.com/news/videos/c39kdrw3m9no#1</guid>
<pubDate>Thu, 22 Aug 2024 05:07:29 GMT</pubDate>
<media:thumbnail height="135" url="https://ichef.bbci.co.uk/ace/standard/240/cpsprodpb/e027/live/0db94320-6075-11ef-b43e-6916dcba5cbf.jpg" width="240"/>
</item>
<item>
<title>What is an apprenticeship and how do you get one?</title>
<description>Going to school, college or university five days a week is not the only way to get a qualification. </description>
<link>https://www.bbc.com/news/articles/c51xenx7pvqo</link>
<guid isPermaLink="false">https://www.bbc.com/news/articles/c51xenx7pvqo#1</guid>
<pubDate>Thu, 22 Aug 2024 07:27:36 GMT</pubDate>
<media:thumbnail height="134" url="https://ichef.bbci.co.uk/ace/standard/240/cpsprodpb/760b/live/33e93600-177c-11ef-80aa-699d54c46324.jpg" width="240"/>
</item>
<item>
<title>‘I never worked for the Russians’ - punished by Kyiv for being a collaborator</title>
<description>Almost 2,000 people have been convicted of collaborating with Russia under a new Ukrainian law.</description>
<link>https://www.bbc.com/news/articles/c0473y0p0ego</link>
<guid isPermaLink="false">https://www.bbc.com/news/articles/c0473y0p0ego#2</guid>
<pubDate>Thu, 22 Aug 2024 04:31:37 GMT</pubDate>
<media:thumbnail height="135" url="https://ichef.bbci.co.uk/ace/standard/240/cpsprodpb/1844/live/4c5d7830-6057-11ef-b43e-6916dcba5cbf.jpg" width="240"/>
</item>
<item>
<title>'Coach Walz' rallies Democrats with personal pitch to middle America</title>
<description>The running mate of Kamala Harris told the Democratic convention that voters should back "the right team" and "turn the page on Donald Trump".</description>
<link>https://www.bbc.com/news/articles/cd9dj4vdx2jo</link>
<guid isPermaLink="false">https://www.bbc.com/news/articles/cd9dj4vdx2jo#2</guid>
<pubDate>Thu, 22 Aug 2024 05:02:08 GMT</pubDate>
<media:thumbnail height="135" url="https://ichef.bbci.co.uk/ace/standard/240/cpsprodpb/6668/live/3c1d8b60-6064-11ef-8c32-f3c2bc7494c6.jpg" width="240"/>
</item>
<item>
<title>‘That little devil is filming’: Director’s time with the Taliban</title>
<description>Ibrahim Nash’at succeeded in getting permission to film with the Taliban for a year. 
</description>
<link>https://www.bbc.com/news/articles/c0l81rykd55o</link>
<guid isPermaLink="false">https://www.bbc.com/news/articles/c0l81rykd55o#2</guid>
<pubDate>Thu, 22 Aug 2024 01:15:23 GMT</pubDate>
<media:thumbnail height="135" url="https://ichef.bbci.co.uk/ace/standard/240/cpsprodpb/9e3b/live/7953e2c0-5b1b-11ef-b2d2-cdb23d5d7c5b.jpg" width="240"/>
</item>
<item>
<title>GB athletes to follow in Paris Paralympics</title>
<description>Learn more about some of the British athletes hoping to impress at the Paris Paralympic Games.</description>
<link>https://www.bbc.com/sport/articles/cj62588x1dwo</link>
<guid isPermaLink="false">https://www.bbc.com/sport/articles/cj62588x1dwo#2</guid>
<pubDate>Thu, 22 Aug 2024 06:29:29 GMT</pubDate>
<media:thumbnail height="135" url="https://ichef.bbci.co.uk/ace/standard/240/cpsprodpb/ebbb/live/7aa5e4f0-604f-11ef-8c32-f3c2bc7494c6.jpg" width="240"/>
</item>
<item>
<title>Who benefits from Lesotho’s ‘white gold’?</title>
<description>While Lesotho sells water to South Africa some near a huge dam have to use an unreliable spring. </description>
<link>https://www.bbc.com/news/articles/c51yl79m0gzo</link>
<guid isPermaLink="false">https://www.bbc.com/news/articles/c51yl79m0gzo#2</guid>
<pubDate>Thu, 22 Aug 2024 01:27:33 GMT</pubDate>
<media:thumbnail height="135" url="https://ichef.bbci.co.uk/ace/standard/240/cpsprodpb/500c/live/1b8be500-605e-11ef-b970-9f202720b57a.jpg" width="240"/>
</item>
<item>
<title>Night three at the DNC: Oprah, 'cat ladies' and coach Walz</title>
<description>The Democratic National Convention's third night in Chicago featured a folksy 'coach' Tim Walz, Oprah Winfrey and a host of other big names.</description>
<link>https://www.bbc.com/news/articles/cj4xwkl2lewo</link>
<guid isPermaLink="false">https://www.bbc.com/news/articles/cj4xwkl2lewo#3</guid>
<pubDate>Thu, 22 Aug 2024 11:28:45 GMT</pubDate>
<media:thumbnail height="134" url="https://ichef.bbci.co.uk/ace/standard/240/cpsprodpb/ccae/live/b563a880-6067-11ef-b43e-6916dcba5cbf.jpg" width="240"/>
</item>
<item>
<title>'That’s my dad': Gus Walz gives tearful reaction to father's speech</title>
<description>Tim Walz said it was the honour of his life to be selected as Kamala Harris's running mate, as he addressed crowds at the DNC.</description>
<link>https://www.bbc.com/news/videos/clyw7rwl7l2o</link>
<guid isPermaLink="false">https://www.bbc.com/news/videos/clyw7rwl7l2o#3</guid>
<pubDate>Thu, 22 Aug 2024 04:32:44 GMT</pubDate>
<media:thumbnail height="135" url="https://ichef.bbci.co.uk/ace/standard/240/cpsprodpb/0815/live/732987d0-604b-11ef-b970-9f202720b57a.jpg" width="240"/>
</item>
<item>
<title>Tim Walz: The ex-football coach and teacher who became Harris's VP pick</title>
<description>The Minnesota governor is a former public school teacher, National Guardsman and member of Congress.</description>
<link>https://www.bbc.com/news/articles/cleyjp5qldno</link>
<guid isPermaLink="false">https://www.bbc.com/news/articles/cleyjp5qldno#3</guid>
<pubDate>Thu, 22 Aug 2024 11:38:55 GMT</pubDate>
<media:thumbnail height="135" url="https://ichef.bbci.co.uk/ace/standard/240/cpsprodpb/65af/live/55287640-5332-11ef-8f0f-0577398c3339.png" width="240"/>
</item>
<item>
<title>Democrats try to turn tables on one of their biggest weaknesses</title>
<description>Democrats used the convention to try to flip the script on Republican criticism of their immigration policies.</description>
<link>https://www.bbc.com/news/articles/cn4738kvyvmo</link>
<guid isPermaLink="false">https://www.bbc.com/news/articles/cn4738kvyvmo#3</guid>
<pubDate>Thu, 22 Aug 2024 02:58:44 GMT</pubDate>
<media:thumbnail height="135" url="https://ichef.bbci.co.uk/ace/standard/240/cpsprodpb/95ee/live/4c4634c0-6059-11ef-b970-9f202720b57a.jpg" width="240"/>
</item>
<item>
<title>Drop in people coming to UK to work in NHS and social care</title>
<description>The decline comes after the former Conservative government introduced restrictions on foreign workers and their families in an effort to slash overall immigration.</description>
<link>https://www.bbc.com/news/articles/cn7l272pz0zo</link>
<guid isPermaLink="false">https://www.bbc.com/news/articles/cn7l272pz0zo#5</guid>
<pubDate>Thu, 22 Aug 2024 11:47:42 GMT</pubDate>
<media:thumbnail height="134" url="https://ichef.bbci.co.uk/ace/standard/240/cpsprodpb/648b/live/0d121890-6073-11ef-aea1-e764981585c4.jpg" width="240"/>
</item>
<item>
<title>Former footballer left toddler with brain damage</title>
<description>The two-year-old girl needs 24-hour care following the attack and has severe brain injuries.</description>
<link>https://www.bbc.com/news/articles/c7v5l0vdpnyo</link>
<guid isPermaLink="false">https://www.bbc.com/news/articles/c7v5l0vdpnyo#5</guid>
<pubDate>Thu, 22 Aug 2024 10:56:22 GMT</pubDate>
<media:thumbnail height="134" url="https://ichef.bbci.co.uk/ace/standard/240/cpsprodpb/0e2a/live/1bde7140-5fef-11ef-bc6c-3b9b357c3e28.jpg" width="240"/>
</item>
<item>
<title>Haunting Titanic newspaper article found in wardrobe</title>
<description>The 1912 newspaper shows two women in Southampton waiting for a list of survivors to be posted.</description>
<link>https://www.bbc.com/news/articles/cz9w31jdejxo</link>
<guid isPermaLink="false">https://www.bbc.com/news/articles/cz9w31jdejxo#5</guid>
<pubDate>Thu, 22 Aug 2024 05:14:59 GMT</pubDate>
<media:thumbnail height="135" url="https://ichef.bbci.co.uk/ace/standard/240/cpsprodpb/70cb/live/094fa480-5fd2-11ef-b07e-6f457908c890.jpg" width="240"/>
</item>
<item>
<title>Fake watermelons full of drugs fail to fool US agents</title>
<description>Two tonnes of methamphetamine disguised as fake fruit was found by officers on the US-Mexico border.</description>
<link>https://www.bbc.com/news/articles/c5ydjdzl74po</link>
<guid isPermaLink="false">https://www.bbc.com/news/articles/c5ydjdzl74po#5</guid>
<pubDate>Thu, 22 Aug 2024 12:21:02 GMT</pubDate>
<media:thumbnail height="134" url="https://ichef.bbci.co.uk/ace/standard/240/cpsprodpb/1000/live/f3f1d500-607f-11ef-9dfc-25a1efaeeef8.png" width="240"/>
</item>
<item>
<title>Idris Elba: I know what heartbreak feels like</title>
<description>New play Shifters tells the story of two young black people who meet again after years apart.</description>
<link>https://www.bbc.com/news/articles/crrl2gpy5rxo</link>
<guid isPermaLink="false">https://www.bbc.com/news/articles/crrl2gpy5rxo#5</guid>
<pubDate>Thu, 22 Aug 2024 09:08:12 GMT</pubDate>
<media:thumbnail height="134" url="https://ichef.bbci.co.uk/ace/standard/240/cpsprodpb/2deb/live/ad6bc4b0-6061-11ef-b3ab-d92ed8dd7357.jpg" width="240"/>
</item>
<item>
<title>Edinburgh backs introduction of new 'tourist tax' </title>
<description>Visitors would be charged an additional levy on top of their hotel bill to stay in the city if plans are approved. </description>
<link>https://www.bbc.com/news/articles/c7v5l29q2dvo</link>
<guid isPermaLink="false">https://www.bbc.com/news/articles/c7v5l29q2dvo#5</guid>
<pubDate>Thu, 22 Aug 2024 12:14:36 GMT</pubDate>
<media:thumbnail height="135" url="https://ichef.bbci.co.uk/ace/standard/240/cpsprodpb/1d3b/live/5647e060-6061-11ef-b3ab-d92ed8dd7357.jpg" width="240"/>
</item>
<item>
<title>Ancient oaks compete for Tree of the Year</title>
<description>The public will vote for which of the trees will become the UK's favourite.</description>
<link>https://www.bbc.com/news/articles/ckgjy97kz2zo</link>
<guid isPermaLink="false">https://www.bbc.com/news/articles/ckgjy97kz2zo#5</guid>
<pubDate>Thu, 22 Aug 2024 05:12:20 GMT</pubDate>
<media:thumbnail height="135" url="https://ichef.bbci.co.uk/ace/standard/240/cpsprodpb/e71e/live/91b56060-6083-11ef-b711-11143104254e.jpg" width="240"/>
</item>
<item>
<title>Download now</title>
<description>Top stories, breaking news, live reporting, and follow news topics that match your interests</description>
<link>https://www.bbc.co.uk/news/10628994</link>
<guid isPermaLink="false">https://www.bbc.co.uk/news/10628994#6</guid>
<pubDate>Tue, 20 Aug 2024 11:35:33 GMT</pubDate>
<media:thumbnail height="135" url="https://ichef.bbci.co.uk/ace/standard/240/cpsprodpb/2cf6/live/d1e71250-9509-11ee-8df3-1d2983d8814f.png" width="240"/>
</item>
<item>
<title>Americast on how Democrats will use Hollywood stars in election</title>
<description>…and VP pick Tim Walz makes his pitch to America.</description>
<link>https://www.bbc.co.uk/sounds/play/p0jkxf4j</link>
<guid isPermaLink="false">https://www.bbc.co.uk/sounds/play/p0jkxf4j#7</guid>
<pubDate>Thu, 22 Aug 2024 06:57:00 GMT</pubDate>
<media:thumbnail height="135" url="https://ichef.bbci.co.uk/images/ic/240x135/p0jkxf53.jpg" width="240"/>
</item>
<item>
<title>Is life getting easier for renters?</title>
<description>Rents across the UK have soared in recent years. But new data shows that's changing.</description>
<link>https://www.bbc.co.uk/sounds/play/p0jkkb4z</link>
<guid isPermaLink="false">https://www.bbc.co.uk/sounds/play/p0jkkb4z#7</guid>
<pubDate>Wed, 21 Aug 2024 03:58:00 GMT</pubDate>
<media:thumbnail height="135" url="https://ichef.bbci.co.uk/images/ic/240x135/p0jkkb6n.jpg" width="240"/>
</item>
<item>
<title>Father's tough love made me player I am - Walker</title>
<description>England and Manchester City defender Kyle Walker says the tough love of his father made him an elite player.</description>
<link>https://www.bbc.com/sport/football/articles/c33n6ljy63zo</link>
<guid isPermaLink="false">https://www.bbc.com/sport/football/articles/c33n6ljy63zo#9</guid>
<pubDate>Thu, 22 Aug 2024 07:59:18 GMT</pubDate>
<media:thumbnail height="135" url="https://ichef.bbci.co.uk/ace/standard/240/cpsprodpb/f28e/live/de8b31c0-6002-11ef-91f3-df10ec137c5b.jpg" width="240"/>
</item>
<item>
<title>BBC Sport to show 2025 Women's Rugby World Cup</title>
<description>BBC Sport will have exclusive rights to broadcast every game of the 2025 Women’s Rugby World Cup in England.</description>
<link>https://www.bbc.com/sport/rugby-union/articles/cy0rq18889po</link>
<guid isPermaLink="false">https://www.bbc.com/sport/rugby-union/articles/cy0rq18889po#9</guid>
<pubDate>Thu, 22 Aug 2024 09:00:12 GMT</pubDate>
<media:thumbnail height="134" url="https://ichef.bbci.co.uk/ace/standard/240/cpsprodpb/216c/live/f633bde0-5fff-11ef-b910-d9e853c76653.jpg" width="240"/>
</item>
<item>
<title>England lose Duckett for 18</title>
<description>Watch as England opener Ben Duckett is trapped lbw for 18 by Sri Lanka's Asitha Fernando following a rain delay on day two of the first Test at Old Trafford.  </description>
<link>https://www.bbc.com/sport/cricket/videos/cvg5938y919o</link>
<guid isPermaLink="false">https://www.bbc.com/sport/cricket/videos/cvg5938y919o#9</guid>
<pubDate>Thu, 22 Aug 2024 12:56:45 GMT</pubDate>
<media:thumbnail height="135" url="https://ichef.bbci.co.uk/ace/standard/240/cpsprodpb/215b/live/5150e3e0-6084-11ef-b43e-6916dcba5cbf.jpg" width="240"/>
</item>
<item>
<title>Second arrest over delivery driver murder</title>
<description>A 24-year-old man is arrested on suspicion of murdering Claudiu-Carol Kondor in Leeds.</description>
<link>https://www.bbc.com/news/articles/cn5reg7vvkqo</link>
<guid isPermaLink="false">https://www.bbc.com/news/articles/cn5reg7vvkqo#10</guid>
<pubDate>Thu, 22 Aug 2024 11:20:12 GMT</pubDate>
<media:thumbnail height="135" url="https://ichef.bbci.co.uk/ace/standard/240/cpsprodpb/b81b/live/76305c30-606c-11ef-89d9-cf0afdbdfcb1.jpg" width="240"/>
</item>
<item>
<title>Fall in top NI GCSE grades compared to last year</title>
<description>As with A-level, the percentage of people receiving top GCSE grades in Northern Ireland in 2024 has fallen.</description>
<link>https://www.bbc.com/news/articles/c4gl870g74go</link>
<guid isPermaLink="false">https://www.bbc.com/news/articles/c4gl870g74go#10</guid>
<pubDate>Thu, 22 Aug 2024 11:06:43 GMT</pubDate>
<media:thumbnail height="134" url="https://ichef.bbci.co.uk/ace/standard/240/cpsprodpb/4b22/live/d1b69e50-606e-11ef-80e5-4fac1132bca6.jpg" width="240"/>
</item>
<item>
<title>Edinburgh backs introduction of new 'tourist tax' </title>
<description>Visitors would be charged an additional levy on top of their hotel bill to stay in the city if plans are approved. </description>
<link>https://www.bbc.com/news/articles/c7v5l29q2dvo</link>
<guid isPermaLink="false">https://www.bbc.com/news/articles/c7v5l29q2dvo#10</guid>
<pubDate>Thu, 22 Aug 2024 12:14:36 GMT</pubDate>
<media:thumbnail height="135" url="https://ichef.bbci.co.uk/ace/standard/240/cpsprodpb/1d3b/live/5647e060-6061-11ef-b3ab-d92ed8dd7357.jpg" width="240"/>
</item>
<item>
<title>Woman, 70, in court over baby's crash death</title>
<description>Mabli Cariad Hall died in hospital four days after the crash outside Withybush Hospital.</description>
<link>https://www.bbc.com/news/articles/cm2nvm5jlleo</link>
<guid isPermaLink="false">https://www.bbc.com/news/articles/cm2nvm5jlleo#10</guid>
<pubDate>Thu, 22 Aug 2024 09:53:42 GMT</pubDate>
<media:thumbnail height="135" url="https://ichef.bbci.co.uk/ace/standard/240/cpsprodpb/84c7/live/21f99240-6057-11ef-b3ab-d92ed8dd7357.jpg" width="240"/>
</item>
</channel>
</rss>
[2024-08-22T13:40:56.736+0000] {taskinstance.py:340} INFO - ::group::Post task execution logs
[2024-08-22T13:40:56.737+0000] {taskinstance.py:352} INFO - Marking task as SUCCESS. dag_id=dag_diplomski_v2, task_id=get_soup, run_id=manual__2024-08-22T13:40:53.137552+00:00, execution_date=20240822T134053, start_date=20240822T134056, end_date=20240822T134056
[2024-08-22T13:40:56.773+0000] {local_task_job_runner.py:261} INFO - Task exited with return code 0
[2024-08-22T13:40:56.797+0000] {taskinstance.py:3891} INFO - 1 downstream tasks scheduled from follow-on schedule check
[2024-08-22T13:40:56.799+0000] {local_task_job_runner.py:240} INFO - ::endgroup::
